[  3%] Built target custome_messge__cpp
[ 12%] Built target custome_messge__rosidl_generator_c
[ 12%] Built target ament_cmake_python_copy_custome_messge
[ 15%] [32mBuilding CXX object CMakeFiles/talker.dir/src/pub.cpp.o[0m
[ 24%] Built target custome_messge__rosidl_typesupport_cpp
[ 33%] Built target custome_messge__rosidl_typesupport_introspection_c
[ 42%] Built target custome_messge__rosidl_typesupport_fastrtps_cpp
[ 51%] Built target custome_messge__rosidl_typesupport_c
[ 60%] Built target custome_messge__rosidl_typesupport_introspection_cpp
[ 69%] Built target custome_messge__rosidl_typesupport_fastrtps_c
[ 69%] Built target custome_messge
[ 72%] Built target custome_messge__py
[ 78%] Built target custome_messge__rosidl_generator_py
[ 84%] Built target custome_messge__rosidl_typesupport_fastrtps_c__pyext
[ 90%] Built target custome_messge__rosidl_typesupport_introspection_c__pyext
[ 96%] Built target custome_messge__rosidl_typesupport_c__pyext
running egg_info
writing custome_messge.egg-info/PKG-INFO
writing dependency_links to custome_messge.egg-info/dependency_links.txt
writing top-level names to custome_messge.egg-info/top_level.txt
reading manifest file 'custome_messge.egg-info/SOURCES.txt'
writing manifest file 'custome_messge.egg-info/SOURCES.txt'
[ 96%] Built target ament_cmake_python_build_custome_messge_egg
