[0.113s] Invoking command in '/home/mazenbelal/Desktop/ROS2_Projects/ros2_ws/build/interface': CMAKE_PREFIX_PATH=/opt/ros/humble /usr/bin/cmake /home/mazenbelal/Desktop/ROS2_Projects/ros2_ws/src/interface -DCMAKE_INSTALL_PREFIX=/home/mazenbelal/Desktop/ROS2_Projects/ros2_ws/install/interface
[0.986s] -- The C compiler identification is GNU 11.4.0
[1.807s] -- The CXX compiler identification is GNU 11.4.0
[1.896s] -- Detecting C compiler ABI info
[2.379s] -- Detecting C compiler ABI info - done
[2.391s] -- Check for working C compiler: /usr/bin/cc - skipped
[2.400s] -- Detecting C compile features
[2.462s] -- Detecting C compile features - done
[2.520s] -- Detecting CXX compiler ABI info
[2.781s] -- Detecting CXX compiler ABI info - done
[2.795s] -- Check for working CXX compiler: /usr/bin/c++ - skipped
[2.796s] -- Detecting CXX compile features
[2.796s] -- Detecting CXX compile features - done
[3.013s] -- Found ament_cmake: 1.3.12 (/opt/ros/humble/share/ament_cmake/cmake)
[3.569s] -- Found Python3: /usr/bin/python3 (found version "3.10.12") found components: Interpreter 
[4.064s] -- Found rosidl_default_generators: 1.2.0 (/opt/ros/humble/share/rosidl_default_generators/cmake)
[4.102s] -- Using all available rosidl_typesupport_c: rosidl_typesupport_fastrtps_c;rosidl_typesupport_introspection_c
[4.133s] -- Found rosidl_adapter: 3.1.7 (/opt/ros/humble/share/rosidl_adapter/cmake)
[4.604s] -- Using all available rosidl_typesupport_cpp: rosidl_typesupport_fastrtps_cpp;rosidl_typesupport_introspection_cpp
[5.442s] -- Found ament_cmake_ros: 0.10.0 (/opt/ros/humble/share/ament_cmake_ros/cmake)
[6.173s] -- Using all available rosidl_typesupport_c: rosidl_typesupport_fastrtps_c;rosidl_typesupport_introspection_c
[6.828s] -- Using all available rosidl_typesupport_cpp: rosidl_typesupport_fastrtps_cpp;rosidl_typesupport_introspection_cpp
[6.934s] -- Found PythonInterp: /usr/bin/python3 (found suitable version "3.10.12", minimum required is "3.6") 
[6.957s] -- Found python_cmake_module: 0.10.0 (/opt/ros/humble/share/python_cmake_module/cmake)
[7.051s] -- Found PythonLibs: /usr/lib/x86_64-linux-gnu/libpython3.10.so (found suitable version "3.10.12", minimum required is "3.5") 
[7.051s] -- Using PYTHON_EXECUTABLE: /usr/bin/python3
[7.051s] -- Using PYTHON_INCLUDE_DIRS: /usr/include/python3.10
[7.052s] -- Using PYTHON_LIBRARIES: /usr/lib/x86_64-linux-gnu/libpython3.10.so
[7.086s] -- Found PythonExtra: .so  
[7.561s] -- Configuring done
[7.665s] -- Generating done
[7.696s] -- Build files have been written to: /home/mazenbelal/Desktop/ROS2_Projects/ros2_ws/build/interface
[7.719s] Invoked command in '/home/mazenbelal/Desktop/ROS2_Projects/ros2_ws/build/interface' returned '0': CMAKE_PREFIX_PATH=/opt/ros/humble /usr/bin/cmake /home/mazenbelal/Desktop/ROS2_Projects/ros2_ws/src/interface -DCMAKE_INSTALL_PREFIX=/home/mazenbelal/Desktop/ROS2_Projects/ros2_ws/install/interface
[7.723s] Invoking command in '/home/mazenbelal/Desktop/ROS2_Projects/ros2_ws/build/interface': CMAKE_PREFIX_PATH=/opt/ros/humble /usr/bin/cmake --build /home/mazenbelal/Desktop/ROS2_Projects/ros2_ws/build/interface -- -j4 -l4
[7.798s] [  3%] [34m[1mGenerating C code for ROS interfaces[0m
[7.831s] [  6%] [34m[1mGenerating C++ code for ROS interfaces[0m
[7.855s] [  6%] Built target ament_cmake_python_copy_interface
[8.906s] [  9%] [32mBuilding C object CMakeFiles/interface__rosidl_generator_c.dir/rosidl_generator_c/interface/srv/detail/add_two_ints__functions.c.o[0m
[8.983s] running egg_info
[8.985s] creating interface.egg-info
[8.987s] writing interface.egg-info/PKG-INFO
[8.989s] writing dependency_links to interface.egg-info/dependency_links.txt
[8.989s] writing top-level names to interface.egg-info/top_level.txt
[8.990s] writing manifest file 'interface.egg-info/SOURCES.txt'
[9.056s] reading manifest file 'interface.egg-info/SOURCES.txt'
[9.057s] writing manifest file 'interface.egg-info/SOURCES.txt'
[9.071s] [  9%] Built target interface__cpp
[9.103s] [ 12%] [34m[1mGenerating C++ type support dispatch for ROS interfaces[0m
[9.112s] [ 16%] [34m[1mGenerating C++ introspection for ROS interfaces[0m
[9.151s] [ 16%] Built target ament_cmake_python_build_interface_egg
[9.186s] [ 19%] [34m[1mGenerating C++ type support for eProsima Fast-RTPS[0m
[9.546s] [ 22%] [32m[1mLinking C shared library libinterface__rosidl_generator_c.so[0m
[9.734s] [ 22%] Built target interface__rosidl_generator_c
[9.766s] [ 25%] [34m[1mGenerating C type support for eProsima Fast-RTPS[0m
[10.160s] [ 29%] [32mBuilding CXX object CMakeFiles/interface__rosidl_typesupport_cpp.dir/rosidl_typesupport_cpp/interface/srv/add_two_ints__type_support.cpp.o[0m
[10.730s] [ 32%] [32mBuilding CXX object CMakeFiles/interface__rosidl_typesupport_introspection_cpp.dir/rosidl_typesupport_introspection_cpp/interface/srv/detail/add_two_ints__type_support.cpp.o[0m
[10.770s] [ 35%] [32mBuilding CXX object CMakeFiles/interface__rosidl_typesupport_fastrtps_cpp.dir/rosidl_typesupport_fastrtps_cpp/interface/srv/detail/dds_fastrtps/add_two_ints__type_support.cpp.o[0m
[10.899s] [ 38%] [32mBuilding CXX object CMakeFiles/interface__rosidl_typesupport_fastrtps_c.dir/rosidl_typesupport_fastrtps_c/interface/srv/detail/add_two_ints__type_support_c.cpp.o[0m
[11.889s] [ 41%] [32m[1mLinking CXX shared library libinterface__rosidl_typesupport_cpp.so[0m
[12.060s] [ 41%] Built target interface__rosidl_typesupport_cpp
[12.113s] [ 45%] [34m[1mGenerating C introspection for ROS interfaces[0m
[12.201s] [ 48%] [32m[1mLinking CXX shared library libinterface__rosidl_typesupport_introspection_cpp.so[0m
[12.391s] [ 48%] Built target interface__rosidl_typesupport_introspection_cpp
[12.437s] [ 51%] [34m[1mGenerating C type support dispatch for ROS interfaces[0m
[13.110s] [ 54%] [32m[1mLinking CXX shared library libinterface__rosidl_typesupport_fastrtps_c.so[0m
[13.126s] [ 58%] [32m[1mLinking CXX shared library libinterface__rosidl_typesupport_fastrtps_cpp.so[0m
[13.185s] [ 61%] [32mBuilding CXX object CMakeFiles/interface__rosidl_typesupport_c.dir/rosidl_typesupport_c/interface/srv/add_two_ints__type_support.cpp.o[0m
[13.406s] [ 64%] [32mBuilding C object CMakeFiles/interface__rosidl_typesupport_introspection_c.dir/rosidl_typesupport_introspection_c/interface/srv/detail/add_two_ints__type_support.c.o[0m
[13.406s] [ 67%] [32m[1mLinking CXX shared library libinterface__rosidl_typesupport_c.so[0m
[13.441s] [ 67%] Built target interface__rosidl_typesupport_fastrtps_c
[13.467s] [ 67%] Built target interface__rosidl_typesupport_fastrtps_cpp
[13.498s] [ 67%] Built target interface__rosidl_typesupport_c
[13.628s] [ 70%] [32m[1mLinking C shared library libinterface__rosidl_typesupport_introspection_c.so[0m
[13.713s] [ 70%] Built target interface__rosidl_typesupport_introspection_c
[13.746s] [ 70%] Built target interface
[13.781s] [ 74%] [34m[1mGenerating Python code for ROS interfaces[0m
[14.642s] [ 74%] Built target interface__py
[14.680s] [ 77%] [32mBuilding C object CMakeFiles/interface__rosidl_generator_py.dir/rosidl_generator_py/interface/srv/_add_two_ints_s.c.o[0m
[15.536s] [ 80%] [32m[1mLinking C shared library rosidl_generator_py/interface/libinterface__rosidl_generator_py.so[0m
[15.628s] [ 80%] Built target interface__rosidl_generator_py
[15.681s] [ 83%] [32mBuilding C object CMakeFiles/interface__rosidl_typesupport_introspection_c__pyext.dir/rosidl_generator_py/interface/_interface_s.ep.rosidl_typesupport_introspection_c.c.o[0m
[15.682s] [ 87%] [32mBuilding C object CMakeFiles/interface__rosidl_typesupport_fastrtps_c__pyext.dir/rosidl_generator_py/interface/_interface_s.ep.rosidl_typesupport_fastrtps_c.c.o[0m
[15.695s] [ 90%] [32mBuilding C object CMakeFiles/interface__rosidl_typesupport_c__pyext.dir/rosidl_generator_py/interface/_interface_s.ep.rosidl_typesupport_c.c.o[0m
[16.008s] [ 93%] [32m[1mLinking C shared library rosidl_generator_py/interface/interface_s__rosidl_typesupport_introspection_c.cpython-310-x86_64-linux-gnu.so[0m
[16.009s] [ 96%] [32m[1mLinking C shared library rosidl_generator_py/interface/interface_s__rosidl_typesupport_c.cpython-310-x86_64-linux-gnu.so[0m
[16.037s] [100%] [32m[1mLinking C shared library rosidl_generator_py/interface/interface_s__rosidl_typesupport_fastrtps_c.cpython-310-x86_64-linux-gnu.so[0m
[16.099s] [100%] Built target interface__rosidl_typesupport_c__pyext
[16.105s] [100%] Built target interface__rosidl_typesupport_introspection_c__pyext
[16.133s] [100%] Built target interface__rosidl_typesupport_fastrtps_c__pyext
[16.167s] Invoked command in '/home/mazenbelal/Desktop/ROS2_Projects/ros2_ws/build/interface' returned '0': CMAKE_PREFIX_PATH=/opt/ros/humble /usr/bin/cmake --build /home/mazenbelal/Desktop/ROS2_Projects/ros2_ws/build/interface -- -j4 -l4
[16.187s] Invoking command in '/home/mazenbelal/Desktop/ROS2_Projects/ros2_ws/build/interface': CMAKE_PREFIX_PATH=/opt/ros/humble /usr/bin/cmake --install /home/mazenbelal/Desktop/ROS2_Projects/ros2_ws/build/interface
[16.202s] -- Install configuration: ""
[16.203s] -- Installing: /home/mazenbelal/Desktop/ROS2_Projects/ros2_ws/install/interface/share/ament_index/resource_index/rosidl_interfaces/interface
[16.203s] -- Installing: /home/mazenbelal/Desktop/ROS2_Projects/ros2_ws/install/interface/include/interface/interface
[16.203s] -- Installing: /home/mazenbelal/Desktop/ROS2_Projects/ros2_ws/install/interface/include/interface/interface/msg
[16.204s] -- Installing: /home/mazenbelal/Desktop/ROS2_Projects/ros2_ws/install/interface/include/interface/interface/msg/rosidl_generator_c__visibility_control.h
[16.204s] -- Installing: /home/mazenbelal/Desktop/ROS2_Projects/ros2_ws/install/interface/include/interface/interface/srv
[16.204s] -- Installing: /home/mazenbelal/Desktop/ROS2_Projects/ros2_ws/install/interface/include/interface/interface/srv/detail
[16.204s] -- Installing: /home/mazenbelal/Desktop/ROS2_Projects/ros2_ws/install/interface/include/interface/interface/srv/detail/add_two_ints__struct.h
[16.205s] -- Installing: /home/mazenbelal/Desktop/ROS2_Projects/ros2_ws/install/interface/include/interface/interface/srv/detail/add_two_ints__type_support.h
[16.205s] -- Installing: /home/mazenbelal/Desktop/ROS2_Projects/ros2_ws/install/interface/include/interface/interface/srv/detail/add_two_ints__functions.h
[16.205s] -- Installing: /home/mazenbelal/Desktop/ROS2_Projects/ros2_ws/install/interface/include/interface/interface/srv/detail/add_two_ints__functions.c
[16.205s] -- Installing: /home/mazenbelal/Desktop/ROS2_Projects/ros2_ws/install/interface/include/interface/interface/srv/add_two_ints.h
[16.205s] -- Installing: /home/mazenbelal/Desktop/ROS2_Projects/ros2_ws/install/interface/share/interface/environment/library_path.sh
[16.206s] -- Installing: /home/mazenbelal/Desktop/ROS2_Projects/ros2_ws/install/interface/share/interface/environment/library_path.dsv
[16.206s] -- Installing: /home/mazenbelal/Desktop/ROS2_Projects/ros2_ws/install/interface/lib/libinterface__rosidl_generator_c.so
[16.207s] -- Set runtime path of "/home/mazenbelal/Desktop/ROS2_Projects/ros2_ws/install/interface/lib/libinterface__rosidl_generator_c.so" to ""
[16.207s] -- Up-to-date: /home/mazenbelal/Desktop/ROS2_Projects/ros2_ws/install/interface/include/interface/interface
[16.208s] -- Up-to-date: /home/mazenbelal/Desktop/ROS2_Projects/ros2_ws/install/interface/include/interface/interface/msg
[16.208s] -- Installing: /home/mazenbelal/Desktop/ROS2_Projects/ros2_ws/install/interface/include/interface/interface/msg/rosidl_typesupport_fastrtps_c__visibility_control.h
[16.208s] -- Up-to-date: /home/mazenbelal/Desktop/ROS2_Projects/ros2_ws/install/interface/include/interface/interface/srv
[16.208s] -- Up-to-date: /home/mazenbelal/Desktop/ROS2_Projects/ros2_ws/install/interface/include/interface/interface/srv/detail
[16.208s] -- Installing: /home/mazenbelal/Desktop/ROS2_Projects/ros2_ws/install/interface/include/interface/interface/srv/detail/add_two_ints__rosidl_typesupport_fastrtps_c.h
[16.209s] -- Installing: /home/mazenbelal/Desktop/ROS2_Projects/ros2_ws/install/interface/lib/libinterface__rosidl_typesupport_fastrtps_c.so
[16.209s] -- Set runtime path of "/home/mazenbelal/Desktop/ROS2_Projects/ros2_ws/install/interface/lib/libinterface__rosidl_typesupport_fastrtps_c.so" to ""
[16.209s] -- Up-to-date: /home/mazenbelal/Desktop/ROS2_Projects/ros2_ws/install/interface/include/interface/interface
[16.209s] -- Up-to-date: /home/mazenbelal/Desktop/ROS2_Projects/ros2_ws/install/interface/include/interface/interface/msg
[16.209s] -- Installing: /home/mazenbelal/Desktop/ROS2_Projects/ros2_ws/install/interface/include/interface/interface/msg/rosidl_typesupport_introspection_c__visibility_control.h
[16.209s] -- Up-to-date: /home/mazenbelal/Desktop/ROS2_Projects/ros2_ws/install/interface/include/interface/interface/srv
[16.210s] -- Up-to-date: /home/mazenbelal/Desktop/ROS2_Projects/ros2_ws/install/interface/include/interface/interface/srv/detail
[16.210s] -- Installing: /home/mazenbelal/Desktop/ROS2_Projects/ros2_ws/install/interface/include/interface/interface/srv/detail/add_two_ints__rosidl_typesupport_introspection_c.h
[16.210s] -- Installing: /home/mazenbelal/Desktop/ROS2_Projects/ros2_ws/install/interface/include/interface/interface/srv/detail/add_two_ints__type_support.c
[16.211s] -- Installing: /home/mazenbelal/Desktop/ROS2_Projects/ros2_ws/install/interface/lib/libinterface__rosidl_typesupport_introspection_c.so
[16.211s] -- Set runtime path of "/home/mazenbelal/Desktop/ROS2_Projects/ros2_ws/install/interface/lib/libinterface__rosidl_typesupport_introspection_c.so" to ""
[16.211s] -- Installing: /home/mazenbelal/Desktop/ROS2_Projects/ros2_ws/install/interface/lib/libinterface__rosidl_typesupport_c.so
[16.211s] -- Set runtime path of "/home/mazenbelal/Desktop/ROS2_Projects/ros2_ws/install/interface/lib/libinterface__rosidl_typesupport_c.so" to ""
[16.212s] -- Up-to-date: /home/mazenbelal/Desktop/ROS2_Projects/ros2_ws/install/interface/include/interface/interface
[16.212s] -- Up-to-date: /home/mazenbelal/Desktop/ROS2_Projects/ros2_ws/install/interface/include/interface/interface/msg
[16.212s] -- Installing: /home/mazenbelal/Desktop/ROS2_Projects/ros2_ws/install/interface/include/interface/interface/msg/rosidl_generator_cpp__visibility_control.hpp
[16.213s] -- Up-to-date: /home/mazenbelal/Desktop/ROS2_Projects/ros2_ws/install/interface/include/interface/interface/srv
[16.214s] -- Up-to-date: /home/mazenbelal/Desktop/ROS2_Projects/ros2_ws/install/interface/include/interface/interface/srv/detail
[16.215s] -- Installing: /home/mazenbelal/Desktop/ROS2_Projects/ros2_ws/install/interface/include/interface/interface/srv/detail/add_two_ints__type_support.hpp
[16.215s] -- Installing: /home/mazenbelal/Desktop/ROS2_Projects/ros2_ws/install/interface/include/interface/interface/srv/detail/add_two_ints__struct.hpp
[16.215s] -- Installing: /home/mazenbelal/Desktop/ROS2_Projects/ros2_ws/install/interface/include/interface/interface/srv/detail/add_two_ints__builder.hpp
[16.215s] -- Installing: /home/mazenbelal/Desktop/ROS2_Projects/ros2_ws/install/interface/include/interface/interface/srv/detail/add_two_ints__traits.hpp
[16.215s] -- Installing: /home/mazenbelal/Desktop/ROS2_Projects/ros2_ws/install/interface/include/interface/interface/srv/add_two_ints.hpp
[16.216s] -- Up-to-date: /home/mazenbelal/Desktop/ROS2_Projects/ros2_ws/install/interface/include/interface/interface
[16.216s] -- Up-to-date: /home/mazenbelal/Desktop/ROS2_Projects/ros2_ws/install/interface/include/interface/interface/msg
[16.216s] -- Installing: /home/mazenbelal/Desktop/ROS2_Projects/ros2_ws/install/interface/include/interface/interface/msg/rosidl_typesupport_fastrtps_cpp__visibility_control.h
[16.216s] -- Up-to-date: /home/mazenbelal/Desktop/ROS2_Projects/ros2_ws/install/interface/include/interface/interface/srv
[16.216s] -- Up-to-date: /home/mazenbelal/Desktop/ROS2_Projects/ros2_ws/install/interface/include/interface/interface/srv/detail
[16.216s] -- Installing: /home/mazenbelal/Desktop/ROS2_Projects/ros2_ws/install/interface/include/interface/interface/srv/detail/dds_fastrtps
[16.217s] -- Installing: /home/mazenbelal/Desktop/ROS2_Projects/ros2_ws/install/interface/include/interface/interface/srv/detail/add_two_ints__rosidl_typesupport_fastrtps_cpp.hpp
[16.217s] -- Installing: /home/mazenbelal/Desktop/ROS2_Projects/ros2_ws/install/interface/lib/libinterface__rosidl_typesupport_fastrtps_cpp.so
[16.217s] -- Set runtime path of "/home/mazenbelal/Desktop/ROS2_Projects/ros2_ws/install/interface/lib/libinterface__rosidl_typesupport_fastrtps_cpp.so" to ""
[16.217s] -- Up-to-date: /home/mazenbelal/Desktop/ROS2_Projects/ros2_ws/install/interface/include/interface/interface
[16.217s] -- Up-to-date: /home/mazenbelal/Desktop/ROS2_Projects/ros2_ws/install/interface/include/interface/interface/srv
[16.217s] -- Up-to-date: /home/mazenbelal/Desktop/ROS2_Projects/ros2_ws/install/interface/include/interface/interface/srv/detail
[16.218s] -- Installing: /home/mazenbelal/Desktop/ROS2_Projects/ros2_ws/install/interface/include/interface/interface/srv/detail/add_two_ints__type_support.cpp
[16.218s] -- Installing: /home/mazenbelal/Desktop/ROS2_Projects/ros2_ws/install/interface/include/interface/interface/srv/detail/add_two_ints__rosidl_typesupport_introspection_cpp.hpp
[16.218s] -- Installing: /home/mazenbelal/Desktop/ROS2_Projects/ros2_ws/install/interface/lib/libinterface__rosidl_typesupport_introspection_cpp.so
[16.218s] -- Set runtime path of "/home/mazenbelal/Desktop/ROS2_Projects/ros2_ws/install/interface/lib/libinterface__rosidl_typesupport_introspection_cpp.so" to ""
[16.218s] -- Installing: /home/mazenbelal/Desktop/ROS2_Projects/ros2_ws/install/interface/lib/libinterface__rosidl_typesupport_cpp.so
[16.218s] -- Set runtime path of "/home/mazenbelal/Desktop/ROS2_Projects/ros2_ws/install/interface/lib/libinterface__rosidl_typesupport_cpp.so" to ""
[16.219s] -- Installing: /home/mazenbelal/Desktop/ROS2_Projects/ros2_ws/install/interface/share/interface/environment/pythonpath.sh
[16.219s] -- Installing: /home/mazenbelal/Desktop/ROS2_Projects/ros2_ws/install/interface/share/interface/environment/pythonpath.dsv
[16.219s] -- Installing: /home/mazenbelal/Desktop/ROS2_Projects/ros2_ws/install/interface/local/lib/python3.10/dist-packages/interface-0.0.0-py3.10.egg-info
[16.219s] -- Installing: /home/mazenbelal/Desktop/ROS2_Projects/ros2_ws/install/interface/local/lib/python3.10/dist-packages/interface-0.0.0-py3.10.egg-info/SOURCES.txt
[16.233s] -- Installing: /home/mazenbelal/Desktop/ROS2_Projects/ros2_ws/install/interface/local/lib/python3.10/dist-packages/interface-0.0.0-py3.10.egg-info/top_level.txt
[16.233s] -- Installing: /home/mazenbelal/Desktop/ROS2_Projects/ros2_ws/install/interface/local/lib/python3.10/dist-packages/interface-0.0.0-py3.10.egg-info/dependency_links.txt
[16.233s] -- Installing: /home/mazenbelal/Desktop/ROS2_Projects/ros2_ws/install/interface/local/lib/python3.10/dist-packages/interface-0.0.0-py3.10.egg-info/PKG-INFO
[16.233s] -- Installing: /home/mazenbelal/Desktop/ROS2_Projects/ros2_ws/install/interface/local/lib/python3.10/dist-packages/interface
[16.234s] -- Installing: /home/mazenbelal/Desktop/ROS2_Projects/ros2_ws/install/interface/local/lib/python3.10/dist-packages/interface/interface_s__rosidl_typesupport_c.cpython-310-x86_64-linux-gnu.so
[16.234s] -- Installing: /home/mazenbelal/Desktop/ROS2_Projects/ros2_ws/install/interface/local/lib/python3.10/dist-packages/interface/interface_s__rosidl_typesupport_introspection_c.cpython-310-x86_64-linux-gnu.so
[16.234s] -- Installing: /home/mazenbelal/Desktop/ROS2_Projects/ros2_ws/install/interface/local/lib/python3.10/dist-packages/interface/__init__.py
[16.235s] -- Installing: /home/mazenbelal/Desktop/ROS2_Projects/ros2_ws/install/interface/local/lib/python3.10/dist-packages/interface/srv
[16.235s] -- Installing: /home/mazenbelal/Desktop/ROS2_Projects/ros2_ws/install/interface/local/lib/python3.10/dist-packages/interface/srv/_add_two_ints.py
[16.235s] -- Installing: /home/mazenbelal/Desktop/ROS2_Projects/ros2_ws/install/interface/local/lib/python3.10/dist-packages/interface/srv/__init__.py
[16.235s] -- Installing: /home/mazenbelal/Desktop/ROS2_Projects/ros2_ws/install/interface/local/lib/python3.10/dist-packages/interface/srv/_add_two_ints_s.c
[16.236s] -- Installing: /home/mazenbelal/Desktop/ROS2_Projects/ros2_ws/install/interface/local/lib/python3.10/dist-packages/interface/interface_s__rosidl_typesupport_fastrtps_c.cpython-310-x86_64-linux-gnu.so
[16.236s] -- Installing: /home/mazenbelal/Desktop/ROS2_Projects/ros2_ws/install/interface/local/lib/python3.10/dist-packages/interface/libinterface__rosidl_generator_py.so
[16.236s] -- Installing: /home/mazenbelal/Desktop/ROS2_Projects/ros2_ws/install/interface/local/lib/python3.10/dist-packages/interface/_interface_s.ep.rosidl_typesupport_introspection_c.c
[16.236s] -- Installing: /home/mazenbelal/Desktop/ROS2_Projects/ros2_ws/install/interface/local/lib/python3.10/dist-packages/interface/_interface_s.ep.rosidl_typesupport_fastrtps_c.c
[16.236s] -- Installing: /home/mazenbelal/Desktop/ROS2_Projects/ros2_ws/install/interface/local/lib/python3.10/dist-packages/interface/_interface_s.ep.rosidl_typesupport_c.c
[16.340s] Listing '/home/mazenbelal/Desktop/ROS2_Projects/ros2_ws/install/interface/local/lib/python3.10/dist-packages/interface'...
[16.340s] Compiling '/home/mazenbelal/Desktop/ROS2_Projects/ros2_ws/install/interface/local/lib/python3.10/dist-packages/interface/__init__.py'...
[16.341s] Listing '/home/mazenbelal/Desktop/ROS2_Projects/ros2_ws/install/interface/local/lib/python3.10/dist-packages/interface/srv'...
[16.341s] Compiling '/home/mazenbelal/Desktop/ROS2_Projects/ros2_ws/install/interface/local/lib/python3.10/dist-packages/interface/srv/__init__.py'...
[16.341s] Compiling '/home/mazenbelal/Desktop/ROS2_Projects/ros2_ws/install/interface/local/lib/python3.10/dist-packages/interface/srv/_add_two_ints.py'...
[16.354s] -- Installing: /home/mazenbelal/Desktop/ROS2_Projects/ros2_ws/install/interface/local/lib/python3.10/dist-packages/interface/interface_s__rosidl_typesupport_fastrtps_c.cpython-310-x86_64-linux-gnu.so
[16.355s] -- Set runtime path of "/home/mazenbelal/Desktop/ROS2_Projects/ros2_ws/install/interface/local/lib/python3.10/dist-packages/interface/interface_s__rosidl_typesupport_fastrtps_c.cpython-310-x86_64-linux-gnu.so" to ""
[16.355s] -- Installing: /home/mazenbelal/Desktop/ROS2_Projects/ros2_ws/install/interface/local/lib/python3.10/dist-packages/interface/interface_s__rosidl_typesupport_introspection_c.cpython-310-x86_64-linux-gnu.so
[16.356s] -- Set runtime path of "/home/mazenbelal/Desktop/ROS2_Projects/ros2_ws/install/interface/local/lib/python3.10/dist-packages/interface/interface_s__rosidl_typesupport_introspection_c.cpython-310-x86_64-linux-gnu.so" to ""
[16.356s] -- Installing: /home/mazenbelal/Desktop/ROS2_Projects/ros2_ws/install/interface/local/lib/python3.10/dist-packages/interface/interface_s__rosidl_typesupport_c.cpython-310-x86_64-linux-gnu.so
[16.362s] -- Set runtime path of "/home/mazenbelal/Desktop/ROS2_Projects/ros2_ws/install/interface/local/lib/python3.10/dist-packages/interface/interface_s__rosidl_typesupport_c.cpython-310-x86_64-linux-gnu.so" to ""
[16.363s] -- Installing: /home/mazenbelal/Desktop/ROS2_Projects/ros2_ws/install/interface/lib/libinterface__rosidl_generator_py.so
[16.364s] -- Set runtime path of "/home/mazenbelal/Desktop/ROS2_Projects/ros2_ws/install/interface/lib/libinterface__rosidl_generator_py.so" to ""
[16.364s] -- Installing: /home/mazenbelal/Desktop/ROS2_Projects/ros2_ws/install/interface/share/interface/srv/AddTwoInts.idl
[16.364s] -- Installing: /home/mazenbelal/Desktop/ROS2_Projects/ros2_ws/install/interface/share/interface/srv/AddTwoInts.srv
[16.364s] -- Installing: /home/mazenbelal/Desktop/ROS2_Projects/ros2_ws/install/interface/share/interface/srv/AddTwoInts_Request.msg
[16.364s] -- Installing: /home/mazenbelal/Desktop/ROS2_Projects/ros2_ws/install/interface/share/interface/srv/AddTwoInts_Response.msg
[16.365s] -- Installing: /home/mazenbelal/Desktop/ROS2_Projects/ros2_ws/install/interface/share/ament_index/resource_index/package_run_dependencies/interface
[16.365s] -- Installing: /home/mazenbelal/Desktop/ROS2_Projects/ros2_ws/install/interface/share/ament_index/resource_index/parent_prefix_path/interface
[16.365s] -- Installing: /home/mazenbelal/Desktop/ROS2_Projects/ros2_ws/install/interface/share/interface/environment/ament_prefix_path.sh
[16.366s] -- Installing: /home/mazenbelal/Desktop/ROS2_Projects/ros2_ws/install/interface/share/interface/environment/ament_prefix_path.dsv
[16.366s] -- Installing: /home/mazenbelal/Desktop/ROS2_Projects/ros2_ws/install/interface/share/interface/environment/path.sh
[16.366s] -- Installing: /home/mazenbelal/Desktop/ROS2_Projects/ros2_ws/install/interface/share/interface/environment/path.dsv
[16.367s] -- Installing: /home/mazenbelal/Desktop/ROS2_Projects/ros2_ws/install/interface/share/interface/local_setup.bash
[16.370s] -- Installing: /home/mazenbelal/Desktop/ROS2_Projects/ros2_ws/install/interface/share/interface/local_setup.sh
[16.372s] -- Installing: /home/mazenbelal/Desktop/ROS2_Projects/ros2_ws/install/interface/share/interface/local_setup.zsh
[16.375s] -- Installing: /home/mazenbelal/Desktop/ROS2_Projects/ros2_ws/install/interface/share/interface/local_setup.dsv
[16.375s] -- Installing: /home/mazenbelal/Desktop/ROS2_Projects/ros2_ws/install/interface/share/interface/package.dsv
[16.376s] -- Installing: /home/mazenbelal/Desktop/ROS2_Projects/ros2_ws/install/interface/share/ament_index/resource_index/packages/interface
[16.376s] -- Installing: /home/mazenbelal/Desktop/ROS2_Projects/ros2_ws/install/interface/share/interface/cmake/export_interface__rosidl_generator_cExport.cmake
[16.376s] -- Installing: /home/mazenbelal/Desktop/ROS2_Projects/ros2_ws/install/interface/share/interface/cmake/export_interface__rosidl_generator_cExport-noconfig.cmake
[16.376s] -- Installing: /home/mazenbelal/Desktop/ROS2_Projects/ros2_ws/install/interface/share/interface/cmake/export_interface__rosidl_typesupport_fastrtps_cExport.cmake
[16.377s] -- Installing: /home/mazenbelal/Desktop/ROS2_Projects/ros2_ws/install/interface/share/interface/cmake/export_interface__rosidl_typesupport_fastrtps_cExport-noconfig.cmake
[16.377s] -- Installing: /home/mazenbelal/Desktop/ROS2_Projects/ros2_ws/install/interface/share/interface/cmake/interface__rosidl_typesupport_introspection_cExport.cmake
[16.378s] -- Installing: /home/mazenbelal/Desktop/ROS2_Projects/ros2_ws/install/interface/share/interface/cmake/interface__rosidl_typesupport_introspection_cExport-noconfig.cmake
[16.378s] -- Installing: /home/mazenbelal/Desktop/ROS2_Projects/ros2_ws/install/interface/share/interface/cmake/interface__rosidl_typesupport_cExport.cmake
[16.378s] -- Installing: /home/mazenbelal/Desktop/ROS2_Projects/ros2_ws/install/interface/share/interface/cmake/interface__rosidl_typesupport_cExport-noconfig.cmake
[16.379s] -- Installing: /home/mazenbelal/Desktop/ROS2_Projects/ros2_ws/install/interface/share/interface/cmake/export_interface__rosidl_generator_cppExport.cmake
[16.379s] -- Installing: /home/mazenbelal/Desktop/ROS2_Projects/ros2_ws/install/interface/share/interface/cmake/export_interface__rosidl_typesupport_fastrtps_cppExport.cmake
[16.379s] -- Installing: /home/mazenbelal/Desktop/ROS2_Projects/ros2_ws/install/interface/share/interface/cmake/export_interface__rosidl_typesupport_fastrtps_cppExport-noconfig.cmake
[16.379s] -- Installing: /home/mazenbelal/Desktop/ROS2_Projects/ros2_ws/install/interface/share/interface/cmake/interface__rosidl_typesupport_introspection_cppExport.cmake
[16.380s] -- Installing: /home/mazenbelal/Desktop/ROS2_Projects/ros2_ws/install/interface/share/interface/cmake/interface__rosidl_typesupport_introspection_cppExport-noconfig.cmake
[16.380s] -- Installing: /home/mazenbelal/Desktop/ROS2_Projects/ros2_ws/install/interface/share/interface/cmake/interface__rosidl_typesupport_cppExport.cmake
[16.380s] -- Installing: /home/mazenbelal/Desktop/ROS2_Projects/ros2_ws/install/interface/share/interface/cmake/interface__rosidl_typesupport_cppExport-noconfig.cmake
[16.380s] -- Installing: /home/mazenbelal/Desktop/ROS2_Projects/ros2_ws/install/interface/share/interface/cmake/export_interface__rosidl_generator_pyExport.cmake
[16.380s] -- Installing: /home/mazenbelal/Desktop/ROS2_Projects/ros2_ws/install/interface/share/interface/cmake/export_interface__rosidl_generator_pyExport-noconfig.cmake
[16.380s] -- Installing: /home/mazenbelal/Desktop/ROS2_Projects/ros2_ws/install/interface/share/interface/cmake/rosidl_cmake-extras.cmake
[16.381s] -- Installing: /home/mazenbelal/Desktop/ROS2_Projects/ros2_ws/install/interface/share/interface/cmake/ament_cmake_export_include_directories-extras.cmake
[16.381s] -- Installing: /home/mazenbelal/Desktop/ROS2_Projects/ros2_ws/install/interface/share/interface/cmake/ament_cmake_export_libraries-extras.cmake
[16.381s] -- Installing: /home/mazenbelal/Desktop/ROS2_Projects/ros2_ws/install/interface/share/interface/cmake/ament_cmake_export_targets-extras.cmake
[16.381s] -- Installing: /home/mazenbelal/Desktop/ROS2_Projects/ros2_ws/install/interface/share/interface/cmake/rosidl_cmake_export_typesupport_targets-extras.cmake
[16.381s] -- Installing: /home/mazenbelal/Desktop/ROS2_Projects/ros2_ws/install/interface/share/interface/cmake/ament_cmake_export_dependencies-extras.cmake
[16.382s] -- Installing: /home/mazenbelal/Desktop/ROS2_Projects/ros2_ws/install/interface/share/interface/cmake/rosidl_cmake_export_typesupport_libraries-extras.cmake
[16.382s] -- Installing: /home/mazenbelal/Desktop/ROS2_Projects/ros2_ws/install/interface/share/interface/cmake/interfaceConfig.cmake
[16.383s] -- Installing: /home/mazenbelal/Desktop/ROS2_Projects/ros2_ws/install/interface/share/interface/cmake/interfaceConfig-version.cmake
[16.384s] -- Installing: /home/mazenbelal/Desktop/ROS2_Projects/ros2_ws/install/interface/share/interface/package.xml
[16.387s] Invoked command in '/home/mazenbelal/Desktop/ROS2_Projects/ros2_ws/build/interface' returned '0': CMAKE_PREFIX_PATH=/opt/ros/humble /usr/bin/cmake --install /home/mazenbelal/Desktop/ROS2_Projects/ros2_ws/build/interface
