[0.101s] Invoking command in '/home/mazenbelal/Desktop/ROS2_Projects/ros2_ws/build/custome_messge': CMAKE_PREFIX_PATH=${CMAKE_PREFIX_PATH}:/opt/ros/humble /usr/bin/cmake --build /home/mazenbelal/Desktop/ROS2_Projects/ros2_ws/build/custome_messge -- -j4 -l4
[0.505s] [  9%] Built target custome_messge__rosidl_generator_c
[0.515s] [ 12%] Built target custome_messge__cpp
[0.541s] [ 15%] [32mBuilding CXX object CMakeFiles/talker.dir/src/pub.cpp.o[0m
[0.570s] [ 15%] Built target ament_cmake_python_copy_custome_messge
[0.629s] [ 24%] Built target custome_messge__rosidl_typesupport_fastrtps_c
[0.668s] [ 33%] Built target custome_messge__rosidl_typesupport_introspection_c
[0.768s] [ 42%] Built target custome_messge__rosidl_typesupport_c
[0.784s] [ 51%] Built target custome_messge__rosidl_typesupport_introspection_cpp
[0.979s] [ 60%] Built target custome_messge__rosidl_typesupport_cpp
[1.032s] [ 69%] Built target custome_messge__rosidl_typesupport_fastrtps_cpp
[1.194s] [ 69%] Built target custome_messge
[1.345s] [ 72%] Built target custome_messge__py
[1.456s] [ 78%] Built target custome_messge__rosidl_generator_py
[1.644s] [ 84%] Built target custome_messge__rosidl_typesupport_fastrtps_c__pyext
[1.704s] [ 90%] Built target custome_messge__rosidl_typesupport_introspection_c__pyext
[1.851s] [ 96%] Built target custome_messge__rosidl_typesupport_c__pyext
[2.058s] [01m[K/home/mazenbelal/Desktop/ROS2_Projects/ros2_ws/src/custome_messge/src/pub.cpp:8:10:[m[K [01;31m[Kfatal error: [m[Kcustome_messge/msg/Num.hpp: No such file or directory
[2.058s]     8 | #include [01;31m[K"custome_messge/msg/Num.hpp"[m[K
[2.067s]       |          [01;31m[K^~~~~~~~~~~~~~~~~~~~~~~~~~~~[m[K
[2.067s] compilation terminated.
[2.070s] gmake[2]: *** [CMakeFiles/talker.dir/build.make:76: CMakeFiles/talker.dir/src/pub.cpp.o] Error 1
[2.073s] gmake[1]: *** [CMakeFiles/Makefile2:592: CMakeFiles/talker.dir/all] Error 2
[2.074s] gmake[1]: *** Waiting for unfinished jobs....
[2.533s] running egg_info
[2.533s] writing custome_messge.egg-info/PKG-INFO
[2.534s] writing dependency_links to custome_messge.egg-info/dependency_links.txt
[2.534s] writing top-level names to custome_messge.egg-info/top_level.txt
[2.543s] reading manifest file 'custome_messge.egg-info/SOURCES.txt'
[2.568s] writing manifest file 'custome_messge.egg-info/SOURCES.txt'
[2.728s] [ 96%] Built target ament_cmake_python_build_custome_messge_egg
[2.731s] gmake: *** [Makefile:146: all] Error 2
[2.747s] Invoked command in '/home/mazenbelal/Desktop/ROS2_Projects/ros2_ws/build/custome_messge' returned '2': CMAKE_PREFIX_PATH=${CMAKE_PREFIX_PATH}:/opt/ros/humble /usr/bin/cmake --build /home/mazenbelal/Desktop/ROS2_Projects/ros2_ws/build/custome_messge -- -j4 -l4
