[0.054s] Invoking command in '/home/mazenbelal/Desktop/ROS2_Projects/ros2_ws/build/interface': CMAKE_PREFIX_PATH=/home/mazenbelal/Desktop/ROS2_Projects/ros2_ws/install/custome_messge:/home/mazenbelal/Desktop/ROS2_Projects/ros2_ws/install/interface:/opt/ros/humble LD_LIBRARY_PATH=/home/mazenbelal/Desktop/ROS2_Projects/ros2_ws/install/custome_messge/lib:/home/mazenbelal/Desktop/ROS2_Projects/ros2_ws/install/interface/lib:/opt/ros/humble/opt/rviz_ogre_vendor/lib:/opt/ros/humble/lib/x86_64-linux-gnu:/opt/ros/humble/lib /usr/bin/cmake --build /home/mazenbelal/Desktop/ROS2_Projects/ros2_ws/build/interface -- -j4 -l4
[0.089s] -- Found ament_cmake: 1.3.12 (/opt/ros/humble/share/ament_cmake/cmake)
[0.320s] -- Found custome_messge: 0.0.0 (/home/mazenbelal/Desktop/ROS2_Projects/ros2_ws/install/custome_messge/share/custome_messge/cmake)
[0.484s] -- Found rosidl_generator_c: 3.1.7 (/opt/ros/humble/share/rosidl_generator_c/cmake)
[0.488s] -- Found rosidl_adapter: 3.1.7 (/opt/ros/humble/share/rosidl_adapter/cmake)
[0.496s] -- Found rosidl_generator_cpp: 3.1.7 (/opt/ros/humble/share/rosidl_generator_cpp/cmake)
[0.510s] -- Using all available rosidl_typesupport_c: rosidl_typesupport_fastrtps_c;rosidl_typesupport_introspection_c
[0.525s] -- Using all available rosidl_typesupport_cpp: rosidl_typesupport_fastrtps_cpp;rosidl_typesupport_introspection_cpp
[0.539s] -- Found rosidl_default_generators: 1.2.0 (/opt/ros/humble/share/rosidl_default_generators/cmake)
[0.897s] -- Found ament_cmake_ros: 0.10.0 (/opt/ros/humble/share/ament_cmake_ros/cmake)
[1.313s] -- Using all available rosidl_typesupport_c: rosidl_typesupport_fastrtps_c;rosidl_typesupport_introspection_c
[1.473s] -- Using all available rosidl_typesupport_cpp: rosidl_typesupport_fastrtps_cpp;rosidl_typesupport_introspection_cpp
[1.503s] -- Found python_cmake_module: 0.10.0 (/opt/ros/humble/share/python_cmake_module/cmake)
[1.534s] -- Using PYTHON_EXECUTABLE: /usr/bin/python3
[1.534s] -- Using PYTHON_INCLUDE_DIRS: /usr/include/python3.10
[1.534s] -- Using PYTHON_LIBRARIES: /usr/lib/x86_64-linux-gnu/libpython3.10.so
[1.569s] -- Configuring done
[1.630s] -- Generating done
[1.657s] -- Build files have been written to: /home/mazenbelal/Desktop/ROS2_Projects/ros2_ws/build/interface
[1.695s] [  3%] [34m[1mGenerating C code for ROS interfaces[0m
[1.710s] [  6%] [34m[1mGenerating C++ code for ROS interfaces[0m
[1.739s] [  6%] Built target ament_cmake_python_copy_interface
[2.554s] [35m[1mConsolidate compiler generated dependencies of target interface__rosidl_generator_c[0m
[2.568s] running egg_info
[2.569s] writing interface.egg-info/PKG-INFO
[2.570s] writing dependency_links to interface.egg-info/dependency_links.txt
[2.573s] writing top-level names to interface.egg-info/top_level.txt
[2.581s] reading manifest file 'interface.egg-info/SOURCES.txt'
[2.581s] writing manifest file 'interface.egg-info/SOURCES.txt'
[2.601s] [  9%] [32mBuilding C object CMakeFiles/interface__rosidl_generator_c.dir/rosidl_generator_c/interface/srv/detail/add_two_ints__functions.c.o[0m
[2.626s] [  9%] Built target interface__cpp
[2.655s] [ 12%] [34m[1mGenerating C++ type support dispatch for ROS interfaces[0m
[2.658s] [ 16%] [34m[1mGenerating C++ introspection for ROS interfaces[0m
[2.689s] [ 16%] Built target ament_cmake_python_build_interface_egg
[2.713s] [ 19%] [34m[1mGenerating C++ type support for eProsima Fast-RTPS[0m
[2.866s] [ 22%] [32m[1mLinking C shared library libinterface__rosidl_generator_c.so[0m
[3.121s] [ 22%] Built target interface__rosidl_generator_c
[3.151s] [ 25%] [34m[1mGenerating C type support for eProsima Fast-RTPS[0m
[3.576s] [35m[1mConsolidate compiler generated dependencies of target interface__rosidl_typesupport_cpp[0m
[3.602s] [35m[1mConsolidate compiler generated dependencies of target interface__rosidl_typesupport_introspection_cpp[0m
[3.610s] [35m[1mConsolidate compiler generated dependencies of target interface__rosidl_typesupport_fastrtps_cpp[0m
[3.744s] [ 29%] [32mBuilding CXX object CMakeFiles/interface__rosidl_typesupport_introspection_cpp.dir/rosidl_typesupport_introspection_cpp/interface/srv/detail/add_two_ints__type_support.cpp.o[0m
[3.751s] [ 32%] [32mBuilding CXX object CMakeFiles/interface__rosidl_typesupport_fastrtps_cpp.dir/rosidl_typesupport_fastrtps_cpp/interface/srv/detail/dds_fastrtps/add_two_ints__type_support.cpp.o[0m
[3.776s] [ 35%] [32mBuilding CXX object CMakeFiles/interface__rosidl_typesupport_cpp.dir/rosidl_typesupport_cpp/interface/srv/add_two_ints__type_support.cpp.o[0m
[3.878s] [35m[1mConsolidate compiler generated dependencies of target interface__rosidl_typesupport_fastrtps_c[0m
[3.963s] [ 38%] [32mBuilding CXX object CMakeFiles/interface__rosidl_typesupport_fastrtps_c.dir/rosidl_typesupport_fastrtps_c/interface/srv/detail/add_two_ints__type_support_c.cpp.o[0m
[4.625s] [ 41%] [32m[1mLinking CXX shared library libinterface__rosidl_typesupport_cpp.so[0m
[4.786s] [ 41%] Built target interface__rosidl_typesupport_cpp
[4.876s] [ 45%] [34m[1mGenerating C introspection for ROS interfaces[0m
[4.905s] [ 48%] [32m[1mLinking CXX shared library libinterface__rosidl_typesupport_fastrtps_c.so[0m
[4.923s] [ 51%] [32m[1mLinking CXX shared library libinterface__rosidl_typesupport_fastrtps_cpp.so[0m
[5.066s] [ 54%] [32m[1mLinking CXX shared library libinterface__rosidl_typesupport_introspection_cpp.so[0m
[5.158s] [ 54%] Built target interface__rosidl_typesupport_fastrtps_cpp
[5.167s] [ 54%] Built target interface__rosidl_typesupport_fastrtps_c
[5.202s] [ 58%] [34m[1mGenerating C type support dispatch for ROS interfaces[0m
[5.267s] [ 58%] Built target interface__rosidl_typesupport_introspection_cpp
[5.484s] [35m[1mConsolidate compiler generated dependencies of target interface__rosidl_typesupport_introspection_c[0m
[5.506s] [ 61%] [32mBuilding C object CMakeFiles/interface__rosidl_typesupport_introspection_c.dir/rosidl_typesupport_introspection_c/interface/srv/detail/add_two_ints__type_support.c.o[0m
[5.597s] [ 64%] [32m[1mLinking C shared library libinterface__rosidl_typesupport_introspection_c.so[0m
[5.634s] [35m[1mConsolidate compiler generated dependencies of target interface__rosidl_typesupport_c[0m
[5.654s] [ 67%] [32mBuilding CXX object CMakeFiles/interface__rosidl_typesupport_c.dir/rosidl_typesupport_c/interface/srv/add_two_ints__type_support.cpp.o[0m
[5.661s] [ 67%] Built target interface__rosidl_typesupport_introspection_c
[5.705s] [ 70%] [32m[1mLinking CXX shared library libinterface__rosidl_typesupport_c.so[0m
[5.793s] [ 70%] Built target interface__rosidl_typesupport_c
[5.837s] [ 70%] Built target interface
[5.882s] [ 74%] [34m[1mGenerating Python code for ROS interfaces[0m
[6.501s] [ 74%] Built target interface__py
[6.543s] [35m[1mConsolidate compiler generated dependencies of target interface__rosidl_generator_py[0m
[6.562s] [ 77%] [32mBuilding C object CMakeFiles/interface__rosidl_generator_py.dir/rosidl_generator_py/interface/srv/_add_two_ints_s.c.o[0m
[6.724s] [ 80%] [32m[1mLinking C shared library rosidl_generator_py/interface/libinterface__rosidl_generator_py.so[0m
[6.807s] [ 80%] Built target interface__rosidl_generator_py
[6.830s] [35m[1mConsolidate compiler generated dependencies of target interface__rosidl_typesupport_introspection_c__pyext[0m
[6.830s] [35m[1mConsolidate compiler generated dependencies of target interface__rosidl_typesupport_fastrtps_c__pyext[0m
[6.842s] [35m[1mConsolidate compiler generated dependencies of target interface__rosidl_typesupport_c__pyext[0m
[6.862s] [ 83%] [32mBuilding C object CMakeFiles/interface__rosidl_typesupport_introspection_c__pyext.dir/rosidl_generator_py/interface/_interface_s.ep.rosidl_typesupport_introspection_c.c.o[0m
[6.863s] [ 87%] [32mBuilding C object CMakeFiles/interface__rosidl_typesupport_fastrtps_c__pyext.dir/rosidl_generator_py/interface/_interface_s.ep.rosidl_typesupport_fastrtps_c.c.o[0m
[6.868s] [ 90%] [32mBuilding C object CMakeFiles/interface__rosidl_typesupport_c__pyext.dir/rosidl_generator_py/interface/_interface_s.ep.rosidl_typesupport_c.c.o[0m
[7.096s] [ 93%] [32m[1mLinking C shared library rosidl_generator_py/interface/interface_s__rosidl_typesupport_fastrtps_c.cpython-310-x86_64-linux-gnu.so[0m
[7.111s] [ 96%] [32m[1mLinking C shared library rosidl_generator_py/interface/interface_s__rosidl_typesupport_introspection_c.cpython-310-x86_64-linux-gnu.so[0m
[7.111s] [100%] [32m[1mLinking C shared library rosidl_generator_py/interface/interface_s__rosidl_typesupport_c.cpython-310-x86_64-linux-gnu.so[0m
[7.186s] [100%] Built target interface__rosidl_typesupport_c__pyext
[7.196s] [100%] Built target interface__rosidl_typesupport_fastrtps_c__pyext
[7.199s] [100%] Built target interface__rosidl_typesupport_introspection_c__pyext
[7.214s] Invoked command in '/home/mazenbelal/Desktop/ROS2_Projects/ros2_ws/build/interface' returned '0': CMAKE_PREFIX_PATH=/home/mazenbelal/Desktop/ROS2_Projects/ros2_ws/install/custome_messge:/home/mazenbelal/Desktop/ROS2_Projects/ros2_ws/install/interface:/opt/ros/humble LD_LIBRARY_PATH=/home/mazenbelal/Desktop/ROS2_Projects/ros2_ws/install/custome_messge/lib:/home/mazenbelal/Desktop/ROS2_Projects/ros2_ws/install/interface/lib:/opt/ros/humble/opt/rviz_ogre_vendor/lib:/opt/ros/humble/lib/x86_64-linux-gnu:/opt/ros/humble/lib /usr/bin/cmake --build /home/mazenbelal/Desktop/ROS2_Projects/ros2_ws/build/interface -- -j4 -l4
[7.238s] Invoking command in '/home/mazenbelal/Desktop/ROS2_Projects/ros2_ws/build/interface': CMAKE_PREFIX_PATH=/home/mazenbelal/Desktop/ROS2_Projects/ros2_ws/install/custome_messge:/home/mazenbelal/Desktop/ROS2_Projects/ros2_ws/install/interface:/opt/ros/humble LD_LIBRARY_PATH=/home/mazenbelal/Desktop/ROS2_Projects/ros2_ws/install/custome_messge/lib:/home/mazenbelal/Desktop/ROS2_Projects/ros2_ws/install/interface/lib:/opt/ros/humble/opt/rviz_ogre_vendor/lib:/opt/ros/humble/lib/x86_64-linux-gnu:/opt/ros/humble/lib /usr/bin/cmake --install /home/mazenbelal/Desktop/ROS2_Projects/ros2_ws/build/interface
[7.251s] -- Install configuration: ""
[7.252s] -- Up-to-date: /home/mazenbelal/Desktop/ROS2_Projects/ros2_ws/install/interface/share/ament_index/resource_index/rosidl_interfaces/interface
[7.252s] -- Up-to-date: /home/mazenbelal/Desktop/ROS2_Projects/ros2_ws/install/interface/include/interface/interface
[7.252s] -- Up-to-date: /home/mazenbelal/Desktop/ROS2_Projects/ros2_ws/install/interface/include/interface/interface/msg
[7.252s] -- Up-to-date: /home/mazenbelal/Desktop/ROS2_Projects/ros2_ws/install/interface/include/interface/interface/msg/rosidl_generator_c__visibility_control.h
[7.252s] -- Up-to-date: /home/mazenbelal/Desktop/ROS2_Projects/ros2_ws/install/interface/include/interface/interface/srv
[7.253s] -- Up-to-date: /home/mazenbelal/Desktop/ROS2_Projects/ros2_ws/install/interface/include/interface/interface/srv/detail
[7.253s] -- Installing: /home/mazenbelal/Desktop/ROS2_Projects/ros2_ws/install/interface/include/interface/interface/srv/detail/add_two_ints__struct.h
[7.254s] -- Installing: /home/mazenbelal/Desktop/ROS2_Projects/ros2_ws/install/interface/include/interface/interface/srv/detail/add_two_ints__type_support.h
[7.254s] -- Installing: /home/mazenbelal/Desktop/ROS2_Projects/ros2_ws/install/interface/include/interface/interface/srv/detail/add_two_ints__functions.h
[7.254s] -- Installing: /home/mazenbelal/Desktop/ROS2_Projects/ros2_ws/install/interface/include/interface/interface/srv/detail/add_two_ints__functions.c
[7.254s] -- Installing: /home/mazenbelal/Desktop/ROS2_Projects/ros2_ws/install/interface/include/interface/interface/srv/add_two_ints.h
[7.254s] -- Up-to-date: /home/mazenbelal/Desktop/ROS2_Projects/ros2_ws/install/interface/share/interface/environment/library_path.sh
[7.254s] -- Installing: /home/mazenbelal/Desktop/ROS2_Projects/ros2_ws/install/interface/share/interface/environment/library_path.dsv
[7.254s] -- Installing: /home/mazenbelal/Desktop/ROS2_Projects/ros2_ws/install/interface/lib/libinterface__rosidl_generator_c.so
[7.255s] -- Set runtime path of "/home/mazenbelal/Desktop/ROS2_Projects/ros2_ws/install/interface/lib/libinterface__rosidl_generator_c.so" to ""
[7.256s] -- Up-to-date: /home/mazenbelal/Desktop/ROS2_Projects/ros2_ws/install/interface/include/interface/interface
[7.256s] -- Up-to-date: /home/mazenbelal/Desktop/ROS2_Projects/ros2_ws/install/interface/include/interface/interface/msg
[7.256s] -- Up-to-date: /home/mazenbelal/Desktop/ROS2_Projects/ros2_ws/install/interface/include/interface/interface/msg/rosidl_typesupport_fastrtps_c__visibility_control.h
[7.256s] -- Up-to-date: /home/mazenbelal/Desktop/ROS2_Projects/ros2_ws/install/interface/include/interface/interface/srv
[7.256s] -- Up-to-date: /home/mazenbelal/Desktop/ROS2_Projects/ros2_ws/install/interface/include/interface/interface/srv/detail
[7.256s] -- Installing: /home/mazenbelal/Desktop/ROS2_Projects/ros2_ws/install/interface/include/interface/interface/srv/detail/add_two_ints__rosidl_typesupport_fastrtps_c.h
[7.257s] -- Installing: /home/mazenbelal/Desktop/ROS2_Projects/ros2_ws/install/interface/lib/libinterface__rosidl_typesupport_fastrtps_c.so
[7.257s] -- Set runtime path of "/home/mazenbelal/Desktop/ROS2_Projects/ros2_ws/install/interface/lib/libinterface__rosidl_typesupport_fastrtps_c.so" to ""
[7.257s] -- Up-to-date: /home/mazenbelal/Desktop/ROS2_Projects/ros2_ws/install/interface/include/interface/interface
[7.257s] -- Up-to-date: /home/mazenbelal/Desktop/ROS2_Projects/ros2_ws/install/interface/include/interface/interface/msg
[7.257s] -- Up-to-date: /home/mazenbelal/Desktop/ROS2_Projects/ros2_ws/install/interface/include/interface/interface/msg/rosidl_generator_cpp__visibility_control.hpp
[7.257s] -- Up-to-date: /home/mazenbelal/Desktop/ROS2_Projects/ros2_ws/install/interface/include/interface/interface/srv
[7.258s] -- Up-to-date: /home/mazenbelal/Desktop/ROS2_Projects/ros2_ws/install/interface/include/interface/interface/srv/detail
[7.258s] -- Installing: /home/mazenbelal/Desktop/ROS2_Projects/ros2_ws/install/interface/include/interface/interface/srv/detail/add_two_ints__type_support.hpp
[7.258s] -- Installing: /home/mazenbelal/Desktop/ROS2_Projects/ros2_ws/install/interface/include/interface/interface/srv/detail/add_two_ints__struct.hpp
[7.258s] -- Installing: /home/mazenbelal/Desktop/ROS2_Projects/ros2_ws/install/interface/include/interface/interface/srv/detail/add_two_ints__builder.hpp
[7.258s] -- Installing: /home/mazenbelal/Desktop/ROS2_Projects/ros2_ws/install/interface/include/interface/interface/srv/detail/add_two_ints__traits.hpp
[7.259s] -- Installing: /home/mazenbelal/Desktop/ROS2_Projects/ros2_ws/install/interface/include/interface/interface/srv/add_two_ints.hpp
[7.259s] -- Up-to-date: /home/mazenbelal/Desktop/ROS2_Projects/ros2_ws/install/interface/include/interface/interface
[7.259s] -- Up-to-date: /home/mazenbelal/Desktop/ROS2_Projects/ros2_ws/install/interface/include/interface/interface/msg
[7.259s] -- Up-to-date: /home/mazenbelal/Desktop/ROS2_Projects/ros2_ws/install/interface/include/interface/interface/msg/rosidl_typesupport_fastrtps_cpp__visibility_control.h
[7.259s] -- Up-to-date: /home/mazenbelal/Desktop/ROS2_Projects/ros2_ws/install/interface/include/interface/interface/srv
[7.260s] -- Up-to-date: /home/mazenbelal/Desktop/ROS2_Projects/ros2_ws/install/interface/include/interface/interface/srv/detail
[7.260s] -- Up-to-date: /home/mazenbelal/Desktop/ROS2_Projects/ros2_ws/install/interface/include/interface/interface/srv/detail/dds_fastrtps
[7.260s] -- Installing: /home/mazenbelal/Desktop/ROS2_Projects/ros2_ws/install/interface/include/interface/interface/srv/detail/add_two_ints__rosidl_typesupport_fastrtps_cpp.hpp
[7.262s] -- Installing: /home/mazenbelal/Desktop/ROS2_Projects/ros2_ws/install/interface/lib/libinterface__rosidl_typesupport_fastrtps_cpp.so
[7.263s] -- Set runtime path of "/home/mazenbelal/Desktop/ROS2_Projects/ros2_ws/install/interface/lib/libinterface__rosidl_typesupport_fastrtps_cpp.so" to ""
[7.263s] -- Up-to-date: /home/mazenbelal/Desktop/ROS2_Projects/ros2_ws/install/interface/include/interface/interface
[7.263s] -- Up-to-date: /home/mazenbelal/Desktop/ROS2_Projects/ros2_ws/install/interface/include/interface/interface/msg
[7.263s] -- Up-to-date: /home/mazenbelal/Desktop/ROS2_Projects/ros2_ws/install/interface/include/interface/interface/msg/rosidl_typesupport_introspection_c__visibility_control.h
[7.263s] -- Up-to-date: /home/mazenbelal/Desktop/ROS2_Projects/ros2_ws/install/interface/include/interface/interface/srv
[7.264s] -- Up-to-date: /home/mazenbelal/Desktop/ROS2_Projects/ros2_ws/install/interface/include/interface/interface/srv/detail
[7.264s] -- Installing: /home/mazenbelal/Desktop/ROS2_Projects/ros2_ws/install/interface/include/interface/interface/srv/detail/add_two_ints__rosidl_typesupport_introspection_c.h
[7.264s] -- Installing: /home/mazenbelal/Desktop/ROS2_Projects/ros2_ws/install/interface/include/interface/interface/srv/detail/add_two_ints__type_support.c
[7.264s] -- Installing: /home/mazenbelal/Desktop/ROS2_Projects/ros2_ws/install/interface/lib/libinterface__rosidl_typesupport_introspection_c.so
[7.264s] -- Set runtime path of "/home/mazenbelal/Desktop/ROS2_Projects/ros2_ws/install/interface/lib/libinterface__rosidl_typesupport_introspection_c.so" to ""
[7.264s] -- Installing: /home/mazenbelal/Desktop/ROS2_Projects/ros2_ws/install/interface/lib/libinterface__rosidl_typesupport_c.so
[7.265s] -- Set runtime path of "/home/mazenbelal/Desktop/ROS2_Projects/ros2_ws/install/interface/lib/libinterface__rosidl_typesupport_c.so" to ""
[7.265s] -- Up-to-date: /home/mazenbelal/Desktop/ROS2_Projects/ros2_ws/install/interface/include/interface/interface
[7.266s] -- Up-to-date: /home/mazenbelal/Desktop/ROS2_Projects/ros2_ws/install/interface/include/interface/interface/srv
[7.266s] -- Up-to-date: /home/mazenbelal/Desktop/ROS2_Projects/ros2_ws/install/interface/include/interface/interface/srv/detail
[7.266s] -- Installing: /home/mazenbelal/Desktop/ROS2_Projects/ros2_ws/install/interface/include/interface/interface/srv/detail/add_two_ints__type_support.cpp
[7.266s] -- Installing: /home/mazenbelal/Desktop/ROS2_Projects/ros2_ws/install/interface/include/interface/interface/srv/detail/add_two_ints__rosidl_typesupport_introspection_cpp.hpp
[7.266s] -- Installing: /home/mazenbelal/Desktop/ROS2_Projects/ros2_ws/install/interface/lib/libinterface__rosidl_typesupport_introspection_cpp.so
[7.267s] -- Set runtime path of "/home/mazenbelal/Desktop/ROS2_Projects/ros2_ws/install/interface/lib/libinterface__rosidl_typesupport_introspection_cpp.so" to ""
[7.267s] -- Installing: /home/mazenbelal/Desktop/ROS2_Projects/ros2_ws/install/interface/lib/libinterface__rosidl_typesupport_cpp.so
[7.267s] -- Set runtime path of "/home/mazenbelal/Desktop/ROS2_Projects/ros2_ws/install/interface/lib/libinterface__rosidl_typesupport_cpp.so" to ""
[7.267s] -- Up-to-date: /home/mazenbelal/Desktop/ROS2_Projects/ros2_ws/install/interface/share/interface/environment/pythonpath.sh
[7.267s] -- Installing: /home/mazenbelal/Desktop/ROS2_Projects/ros2_ws/install/interface/share/interface/environment/pythonpath.dsv
[7.279s] -- Up-to-date: /home/mazenbelal/Desktop/ROS2_Projects/ros2_ws/install/interface/local/lib/python3.10/dist-packages/interface-0.0.0-py3.10.egg-info
[7.279s] -- Installing: /home/mazenbelal/Desktop/ROS2_Projects/ros2_ws/install/interface/local/lib/python3.10/dist-packages/interface-0.0.0-py3.10.egg-info/SOURCES.txt
[7.292s] -- Installing: /home/mazenbelal/Desktop/ROS2_Projects/ros2_ws/install/interface/local/lib/python3.10/dist-packages/interface-0.0.0-py3.10.egg-info/top_level.txt
[7.292s] -- Installing: /home/mazenbelal/Desktop/ROS2_Projects/ros2_ws/install/interface/local/lib/python3.10/dist-packages/interface-0.0.0-py3.10.egg-info/dependency_links.txt
[7.293s] -- Installing: /home/mazenbelal/Desktop/ROS2_Projects/ros2_ws/install/interface/local/lib/python3.10/dist-packages/interface-0.0.0-py3.10.egg-info/PKG-INFO
[7.294s] -- Up-to-date: /home/mazenbelal/Desktop/ROS2_Projects/ros2_ws/install/interface/local/lib/python3.10/dist-packages/interface
[7.294s] -- Installing: /home/mazenbelal/Desktop/ROS2_Projects/ros2_ws/install/interface/local/lib/python3.10/dist-packages/interface/interface_s__rosidl_typesupport_c.cpython-310-x86_64-linux-gnu.so
[7.294s] -- Installing: /home/mazenbelal/Desktop/ROS2_Projects/ros2_ws/install/interface/local/lib/python3.10/dist-packages/interface/interface_s__rosidl_typesupport_introspection_c.cpython-310-x86_64-linux-gnu.so
[7.295s] -- Installing: /home/mazenbelal/Desktop/ROS2_Projects/ros2_ws/install/interface/local/lib/python3.10/dist-packages/interface/__init__.py
[7.295s] -- Up-to-date: /home/mazenbelal/Desktop/ROS2_Projects/ros2_ws/install/interface/local/lib/python3.10/dist-packages/interface/srv
[7.295s] -- Installing: /home/mazenbelal/Desktop/ROS2_Projects/ros2_ws/install/interface/local/lib/python3.10/dist-packages/interface/srv/_add_two_ints.py
[7.295s] -- Installing: /home/mazenbelal/Desktop/ROS2_Projects/ros2_ws/install/interface/local/lib/python3.10/dist-packages/interface/srv/__init__.py
[7.295s] -- Installing: /home/mazenbelal/Desktop/ROS2_Projects/ros2_ws/install/interface/local/lib/python3.10/dist-packages/interface/srv/_add_two_ints_s.c
[7.296s] -- Installing: /home/mazenbelal/Desktop/ROS2_Projects/ros2_ws/install/interface/local/lib/python3.10/dist-packages/interface/interface_s__rosidl_typesupport_fastrtps_c.cpython-310-x86_64-linux-gnu.so
[7.297s] -- Installing: /home/mazenbelal/Desktop/ROS2_Projects/ros2_ws/install/interface/local/lib/python3.10/dist-packages/interface/libinterface__rosidl_generator_py.so
[7.297s] -- Installing: /home/mazenbelal/Desktop/ROS2_Projects/ros2_ws/install/interface/local/lib/python3.10/dist-packages/interface/_interface_s.ep.rosidl_typesupport_introspection_c.c
[7.297s] -- Installing: /home/mazenbelal/Desktop/ROS2_Projects/ros2_ws/install/interface/local/lib/python3.10/dist-packages/interface/_interface_s.ep.rosidl_typesupport_fastrtps_c.c
[7.297s] -- Installing: /home/mazenbelal/Desktop/ROS2_Projects/ros2_ws/install/interface/local/lib/python3.10/dist-packages/interface/_interface_s.ep.rosidl_typesupport_c.c
[7.345s] Listing '/home/mazenbelal/Desktop/ROS2_Projects/ros2_ws/install/interface/local/lib/python3.10/dist-packages/interface'...
[7.345s] Compiling '/home/mazenbelal/Desktop/ROS2_Projects/ros2_ws/install/interface/local/lib/python3.10/dist-packages/interface/__init__.py'...
[7.345s] Listing '/home/mazenbelal/Desktop/ROS2_Projects/ros2_ws/install/interface/local/lib/python3.10/dist-packages/interface/srv'...
[7.346s] Compiling '/home/mazenbelal/Desktop/ROS2_Projects/ros2_ws/install/interface/local/lib/python3.10/dist-packages/interface/srv/__init__.py'...
[7.346s] Compiling '/home/mazenbelal/Desktop/ROS2_Projects/ros2_ws/install/interface/local/lib/python3.10/dist-packages/interface/srv/_add_two_ints.py'...
[7.352s] -- Installing: /home/mazenbelal/Desktop/ROS2_Projects/ros2_ws/install/interface/local/lib/python3.10/dist-packages/interface/interface_s__rosidl_typesupport_fastrtps_c.cpython-310-x86_64-linux-gnu.so
[7.352s] -- Set runtime path of "/home/mazenbelal/Desktop/ROS2_Projects/ros2_ws/install/interface/local/lib/python3.10/dist-packages/interface/interface_s__rosidl_typesupport_fastrtps_c.cpython-310-x86_64-linux-gnu.so" to ""
[7.353s] -- Installing: /home/mazenbelal/Desktop/ROS2_Projects/ros2_ws/install/interface/local/lib/python3.10/dist-packages/interface/interface_s__rosidl_typesupport_introspection_c.cpython-310-x86_64-linux-gnu.so
[7.353s] -- Set runtime path of "/home/mazenbelal/Desktop/ROS2_Projects/ros2_ws/install/interface/local/lib/python3.10/dist-packages/interface/interface_s__rosidl_typesupport_introspection_c.cpython-310-x86_64-linux-gnu.so" to ""
[7.354s] -- Installing: /home/mazenbelal/Desktop/ROS2_Projects/ros2_ws/install/interface/local/lib/python3.10/dist-packages/interface/interface_s__rosidl_typesupport_c.cpython-310-x86_64-linux-gnu.so
[7.354s] -- Set runtime path of "/home/mazenbelal/Desktop/ROS2_Projects/ros2_ws/install/interface/local/lib/python3.10/dist-packages/interface/interface_s__rosidl_typesupport_c.cpython-310-x86_64-linux-gnu.so" to ""
[7.355s] -- Installing: /home/mazenbelal/Desktop/ROS2_Projects/ros2_ws/install/interface/lib/libinterface__rosidl_generator_py.so
[7.356s] -- Set runtime path of "/home/mazenbelal/Desktop/ROS2_Projects/ros2_ws/install/interface/lib/libinterface__rosidl_generator_py.so" to ""
[7.356s] -- Installing: /home/mazenbelal/Desktop/ROS2_Projects/ros2_ws/install/interface/share/interface/srv/AddTwoInts.idl
[7.356s] -- Installing: /home/mazenbelal/Desktop/ROS2_Projects/ros2_ws/install/interface/share/interface/srv/AddTwoInts.srv
[7.356s] -- Installing: /home/mazenbelal/Desktop/ROS2_Projects/ros2_ws/install/interface/share/interface/srv/AddTwoInts_Request.msg
[7.357s] -- Up-to-date: /home/mazenbelal/Desktop/ROS2_Projects/ros2_ws/install/interface/share/interface/srv/AddTwoInts_Response.msg
[7.357s] -- Installing: /home/mazenbelal/Desktop/ROS2_Projects/ros2_ws/install/interface/share/ament_index/resource_index/package_run_dependencies/interface
[7.370s] -- Installing: /home/mazenbelal/Desktop/ROS2_Projects/ros2_ws/install/interface/share/ament_index/resource_index/parent_prefix_path/interface
[7.371s] -- Up-to-date: /home/mazenbelal/Desktop/ROS2_Projects/ros2_ws/install/interface/share/interface/environment/ament_prefix_path.sh
[7.371s] -- Installing: /home/mazenbelal/Desktop/ROS2_Projects/ros2_ws/install/interface/share/interface/environment/ament_prefix_path.dsv
[7.371s] -- Up-to-date: /home/mazenbelal/Desktop/ROS2_Projects/ros2_ws/install/interface/share/interface/environment/path.sh
[7.372s] -- Installing: /home/mazenbelal/Desktop/ROS2_Projects/ros2_ws/install/interface/share/interface/environment/path.dsv
[7.373s] -- Up-to-date: /home/mazenbelal/Desktop/ROS2_Projects/ros2_ws/install/interface/share/interface/local_setup.bash
[7.373s] -- Up-to-date: /home/mazenbelal/Desktop/ROS2_Projects/ros2_ws/install/interface/share/interface/local_setup.sh
[7.373s] -- Up-to-date: /home/mazenbelal/Desktop/ROS2_Projects/ros2_ws/install/interface/share/interface/local_setup.zsh
[7.373s] -- Installing: /home/mazenbelal/Desktop/ROS2_Projects/ros2_ws/install/interface/share/interface/local_setup.dsv
[7.374s] -- Installing: /home/mazenbelal/Desktop/ROS2_Projects/ros2_ws/install/interface/share/interface/package.dsv
[7.374s] -- Up-to-date: /home/mazenbelal/Desktop/ROS2_Projects/ros2_ws/install/interface/share/ament_index/resource_index/packages/interface
[7.374s] -- Old export file "/home/mazenbelal/Desktop/ROS2_Projects/ros2_ws/install/interface/share/interface/cmake/export_interface__rosidl_generator_cExport.cmake" will be replaced.  Removing files [/home/mazenbelal/Desktop/ROS2_Projects/ros2_ws/install/interface/share/interface/cmake/export_interface__rosidl_generator_cExport-noconfig.cmake].
[7.374s] -- Installing: /home/mazenbelal/Desktop/ROS2_Projects/ros2_ws/install/interface/share/interface/cmake/export_interface__rosidl_generator_cExport.cmake
[7.374s] -- Installing: /home/mazenbelal/Desktop/ROS2_Projects/ros2_ws/install/interface/share/interface/cmake/export_interface__rosidl_generator_cExport-noconfig.cmake
[7.375s] -- Old export file "/home/mazenbelal/Desktop/ROS2_Projects/ros2_ws/install/interface/share/interface/cmake/export_interface__rosidl_typesupport_fastrtps_cExport.cmake" will be replaced.  Removing files [/home/mazenbelal/Desktop/ROS2_Projects/ros2_ws/install/interface/share/interface/cmake/export_interface__rosidl_typesupport_fastrtps_cExport-noconfig.cmake].
[7.375s] -- Installing: /home/mazenbelal/Desktop/ROS2_Projects/ros2_ws/install/interface/share/interface/cmake/export_interface__rosidl_typesupport_fastrtps_cExport.cmake
[7.376s] -- Installing: /home/mazenbelal/Desktop/ROS2_Projects/ros2_ws/install/interface/share/interface/cmake/export_interface__rosidl_typesupport_fastrtps_cExport-noconfig.cmake
[7.376s] -- Installing: /home/mazenbelal/Desktop/ROS2_Projects/ros2_ws/install/interface/share/interface/cmake/export_interface__rosidl_generator_cppExport.cmake
[7.376s] -- Old export file "/home/mazenbelal/Desktop/ROS2_Projects/ros2_ws/install/interface/share/interface/cmake/export_interface__rosidl_typesupport_fastrtps_cppExport.cmake" will be replaced.  Removing files [/home/mazenbelal/Desktop/ROS2_Projects/ros2_ws/install/interface/share/interface/cmake/export_interface__rosidl_typesupport_fastrtps_cppExport-noconfig.cmake].
[7.376s] -- Installing: /home/mazenbelal/Desktop/ROS2_Projects/ros2_ws/install/interface/share/interface/cmake/export_interface__rosidl_typesupport_fastrtps_cppExport.cmake
[7.377s] -- Installing: /home/mazenbelal/Desktop/ROS2_Projects/ros2_ws/install/interface/share/interface/cmake/export_interface__rosidl_typesupport_fastrtps_cppExport-noconfig.cmake
[7.377s] -- Old export file "/home/mazenbelal/Desktop/ROS2_Projects/ros2_ws/install/interface/share/interface/cmake/interface__rosidl_typesupport_introspection_cExport.cmake" will be replaced.  Removing files [/home/mazenbelal/Desktop/ROS2_Projects/ros2_ws/install/interface/share/interface/cmake/interface__rosidl_typesupport_introspection_cExport-noconfig.cmake].
[7.378s] -- Installing: /home/mazenbelal/Desktop/ROS2_Projects/ros2_ws/install/interface/share/interface/cmake/interface__rosidl_typesupport_introspection_cExport.cmake
[7.378s] -- Installing: /home/mazenbelal/Desktop/ROS2_Projects/ros2_ws/install/interface/share/interface/cmake/interface__rosidl_typesupport_introspection_cExport-noconfig.cmake
[7.378s] -- Old export file "/home/mazenbelal/Desktop/ROS2_Projects/ros2_ws/install/interface/share/interface/cmake/interface__rosidl_typesupport_cExport.cmake" will be replaced.  Removing files [/home/mazenbelal/Desktop/ROS2_Projects/ros2_ws/install/interface/share/interface/cmake/interface__rosidl_typesupport_cExport-noconfig.cmake].
[7.378s] -- Installing: /home/mazenbelal/Desktop/ROS2_Projects/ros2_ws/install/interface/share/interface/cmake/interface__rosidl_typesupport_cExport.cmake
[7.378s] -- Installing: /home/mazenbelal/Desktop/ROS2_Projects/ros2_ws/install/interface/share/interface/cmake/interface__rosidl_typesupport_cExport-noconfig.cmake
[7.379s] -- Old export file "/home/mazenbelal/Desktop/ROS2_Projects/ros2_ws/install/interface/share/interface/cmake/interface__rosidl_typesupport_introspection_cppExport.cmake" will be replaced.  Removing files [/home/mazenbelal/Desktop/ROS2_Projects/ros2_ws/install/interface/share/interface/cmake/interface__rosidl_typesupport_introspection_cppExport-noconfig.cmake].
[7.379s] -- Installing: /home/mazenbelal/Desktop/ROS2_Projects/ros2_ws/install/interface/share/interface/cmake/interface__rosidl_typesupport_introspection_cppExport.cmake
[7.379s] -- Installing: /home/mazenbelal/Desktop/ROS2_Projects/ros2_ws/install/interface/share/interface/cmake/interface__rosidl_typesupport_introspection_cppExport-noconfig.cmake
[7.379s] -- Old export file "/home/mazenbelal/Desktop/ROS2_Projects/ros2_ws/install/interface/share/interface/cmake/interface__rosidl_typesupport_cppExport.cmake" will be replaced.  Removing files [/home/mazenbelal/Desktop/ROS2_Projects/ros2_ws/install/interface/share/interface/cmake/interface__rosidl_typesupport_cppExport-noconfig.cmake].
[7.379s] -- Installing: /home/mazenbelal/Desktop/ROS2_Projects/ros2_ws/install/interface/share/interface/cmake/interface__rosidl_typesupport_cppExport.cmake
[7.380s] -- Installing: /home/mazenbelal/Desktop/ROS2_Projects/ros2_ws/install/interface/share/interface/cmake/interface__rosidl_typesupport_cppExport-noconfig.cmake
[7.380s] -- Old export file "/home/mazenbelal/Desktop/ROS2_Projects/ros2_ws/install/interface/share/interface/cmake/export_interface__rosidl_generator_pyExport.cmake" will be replaced.  Removing files [/home/mazenbelal/Desktop/ROS2_Projects/ros2_ws/install/interface/share/interface/cmake/export_interface__rosidl_generator_pyExport-noconfig.cmake].
[7.380s] -- Installing: /home/mazenbelal/Desktop/ROS2_Projects/ros2_ws/install/interface/share/interface/cmake/export_interface__rosidl_generator_pyExport.cmake
[7.380s] -- Installing: /home/mazenbelal/Desktop/ROS2_Projects/ros2_ws/install/interface/share/interface/cmake/export_interface__rosidl_generator_pyExport-noconfig.cmake
[7.382s] -- Up-to-date: /home/mazenbelal/Desktop/ROS2_Projects/ros2_ws/install/interface/share/interface/cmake/rosidl_cmake-extras.cmake
[7.382s] -- Installing: /home/mazenbelal/Desktop/ROS2_Projects/ros2_ws/install/interface/share/interface/cmake/ament_cmake_export_dependencies-extras.cmake
[7.382s] -- Up-to-date: /home/mazenbelal/Desktop/ROS2_Projects/ros2_ws/install/interface/share/interface/cmake/ament_cmake_export_include_directories-extras.cmake
[7.382s] -- Up-to-date: /home/mazenbelal/Desktop/ROS2_Projects/ros2_ws/install/interface/share/interface/cmake/ament_cmake_export_libraries-extras.cmake
[7.383s] -- Installing: /home/mazenbelal/Desktop/ROS2_Projects/ros2_ws/install/interface/share/interface/cmake/ament_cmake_export_targets-extras.cmake
[7.383s] -- Installing: /home/mazenbelal/Desktop/ROS2_Projects/ros2_ws/install/interface/share/interface/cmake/rosidl_cmake_export_typesupport_targets-extras.cmake
[7.383s] -- Up-to-date: /home/mazenbelal/Desktop/ROS2_Projects/ros2_ws/install/interface/share/interface/cmake/rosidl_cmake_export_typesupport_libraries-extras.cmake
[7.383s] -- Installing: /home/mazenbelal/Desktop/ROS2_Projects/ros2_ws/install/interface/share/interface/cmake/interfaceConfig.cmake
[7.383s] -- Up-to-date: /home/mazenbelal/Desktop/ROS2_Projects/ros2_ws/install/interface/share/interface/cmake/interfaceConfig-version.cmake
[7.384s] -- Installing: /home/mazenbelal/Desktop/ROS2_Projects/ros2_ws/install/interface/share/interface/package.xml
[7.387s] Invoked command in '/home/mazenbelal/Desktop/ROS2_Projects/ros2_ws/build/interface' returned '0': CMAKE_PREFIX_PATH=/home/mazenbelal/Desktop/ROS2_Projects/ros2_ws/install/custome_messge:/home/mazenbelal/Desktop/ROS2_Projects/ros2_ws/install/interface:/opt/ros/humble LD_LIBRARY_PATH=/home/mazenbelal/Desktop/ROS2_Projects/ros2_ws/install/custome_messge/lib:/home/mazenbelal/Desktop/ROS2_Projects/ros2_ws/install/interface/lib:/opt/ros/humble/opt/rviz_ogre_vendor/lib:/opt/ros/humble/lib/x86_64-linux-gnu:/opt/ros/humble/lib /usr/bin/cmake --install /home/mazenbelal/Desktop/ROS2_Projects/ros2_ws/build/interface
