-- Found ament_cmake: 1.3.12 (/opt/ros/humble/share/ament_cmake/cmake)
-- Found rclcpp: 16.0.15 (/opt/ros/humble/share/rclcpp/cmake)
-- Found rosidl_generator_c: 3.1.7 (/opt/ros/humble/share/rosidl_generator_c/cmake)
-- Found rosidl_adapter: 3.1.7 (/opt/ros/humble/share/rosidl_adapter/cmake)
-- Found rosidl_generator_cpp: 3.1.7 (/opt/ros/humble/share/rosidl_generator_cpp/cmake)
-- Using all available rosidl_typesupport_c: rosidl_typesupport_fastrtps_c;rosidl_typesupport_introspection_c
-- Using all available rosidl_typesupport_cpp: rosidl_typesupport_fastrtps_cpp;rosidl_typesupport_introspection_cpp
-- Found rmw_implementation_cmake: 6.1.2 (/opt/ros/humble/share/rmw_implementation_cmake/cmake)
-- Found rmw_fastrtps_cpp: 6.2.9 (/opt/ros/humble/share/rmw_fastrtps_cpp/cmake)
-- Using RMW implementation 'rmw_fastrtps_cpp' as default
-- Found rosidl_default_generators: 1.2.0 (/opt/ros/humble/share/rosidl_default_generators/cmake)
-- Found ament_cmake_ros: 0.10.0 (/opt/ros/humble/share/ament_cmake_ros/cmake)
-- Using all available rosidl_typesupport_c: rosidl_typesupport_fastrtps_c;rosidl_typesupport_introspection_c
-- Using all available rosidl_typesupport_cpp: rosidl_typesupport_fastrtps_cpp;rosidl_typesupport_introspection_cpp
-- Found python_cmake_module: 0.10.0 (/opt/ros/humble/share/python_cmake_module/cmake)
-- Using PYTHON_EXECUTABLE: /usr/bin/python3
-- Using PYTHON_INCLUDE_DIRS: /usr/include/python3.10
-- Using PYTHON_LIBRARIES: /usr/lib/x86_64-linux-gnu/libpython3.10.so
[0mCMake Deprecation Warning at /opt/ros/humble/share/rosidl_cmake/cmake/rosidl_target_interfaces.cmake:32 (message):
  Use rosidl_get_typesupport_target() and target_link_libraries() instead of
  rosidl_target_interfaces()
Call Stack (most recent call first):
  CMakeLists.txt:29 (rosidl_target_interfaces)

[0m
-- Configuring done
-- Generating done
-- Build files have been written to: /home/mazenbelal/Desktop/ROS2_Projects/ros2_ws/build/custome_messge
[35m[1mConsolidate compiler generated dependencies of target custome_messge__rosidl_generator_c[0m
[  3%] Built target custome_messge__cpp
[ 12%] Built target custome_messge__rosidl_generator_c
[35m[1mConsolidate compiler generated dependencies of target custome_messge__rosidl_typesupport_cpp[0m
[ 12%] Built target ament_cmake_python_copy_custome_messge
[35m[1mConsolidate compiler generated dependencies of target custome_messge__rosidl_typesupport_fastrtps_cpp[0m
[35m[1mConsolidate compiler generated dependencies of target custome_messge__rosidl_typesupport_introspection_cpp[0m
[ 21%] Built target custome_messge__rosidl_typesupport_cpp
[35m[1mConsolidate compiler generated dependencies of target custome_messge__rosidl_typesupport_fastrtps_c[0m
[35m[1mConsolidate compiler generated dependencies of target custome_messge__rosidl_typesupport_introspection_c[0m
[ 30%] Built target custome_messge__rosidl_typesupport_fastrtps_cpp
[ 39%] Built target custome_messge__rosidl_typesupport_fastrtps_c
[ 48%] Built target custome_messge__rosidl_typesupport_introspection_cpp
[35m[1mConsolidate compiler generated dependencies of target custome_messge__rosidl_typesupport_c[0m
[ 57%] Built target custome_messge__rosidl_typesupport_introspection_c
[ 66%] Built target custome_messge__rosidl_typesupport_c
[ 66%] Built target custome_messge
[35m[1mConsolidate compiler generated dependencies of target talker[0m
[ 69%] Built target custome_messge__py
[35m[1mConsolidate compiler generated dependencies of target custome_messge__rosidl_generator_py[0m
[ 72%] [32mBuilding CXX object CMakeFiles/talker.dir/src/pub.cpp.o[0m
[ 78%] Built target custome_messge__rosidl_generator_py
[35m[1mConsolidate compiler generated dependencies of target custome_messge__rosidl_typesupport_fastrtps_c__pyext[0m
[35m[1mConsolidate compiler generated dependencies of target custome_messge__rosidl_typesupport_introspection_c__pyext[0m
[ 84%] Built target custome_messge__rosidl_typesupport_introspection_c__pyext
[ 90%] Built target custome_messge__rosidl_typesupport_fastrtps_c__pyext
[35m[1mConsolidate compiler generated dependencies of target custome_messge__rosidl_typesupport_c__pyext[0m
[ 96%] Built target custome_messge__rosidl_typesupport_c__pyext
running egg_info
writing custome_messge.egg-info/PKG-INFO
writing dependency_links to custome_messge.egg-info/dependency_links.txt
writing top-level names to custome_messge.egg-info/top_level.txt
reading manifest file 'custome_messge.egg-info/SOURCES.txt'
writing manifest file 'custome_messge.egg-info/SOURCES.txt'
[ 96%] Built target ament_cmake_python_build_custome_messge_egg
In file included from [01m[K/opt/ros/humble/include/rclcpp/rclcpp/logging.hpp:24[m[K,
                 from [01m[K/opt/ros/humble/include/rclcpp/rclcpp/client.hpp:40[m[K,
                 from [01m[K/opt/ros/humble/include/rclcpp/rclcpp/callback_group.hpp:24[m[K,
                 from [01m[K/opt/ros/humble/include/rclcpp/rclcpp/any_executable.hpp:20[m[K,
                 from [01m[K/opt/ros/humble/include/rclcpp/rclcpp/memory_strategy.hpp:25[m[K,
                 from [01m[K/opt/ros/humble/include/rclcpp/rclcpp/memory_strategies.hpp:18[m[K,
                 from [01m[K/opt/ros/humble/include/rclcpp/rclcpp/executor_options.hpp:20[m[K,
                 from [01m[K/opt/ros/humble/include/rclcpp/rclcpp/executor.hpp:37[m[K,
                 from [01m[K/opt/ros/humble/include/rclcpp/rclcpp/executors/multi_threaded_executor.hpp:25[m[K,
                 from [01m[K/opt/ros/humble/include/rclcpp/rclcpp/executors.hpp:21[m[K,
                 from [01m[K/opt/ros/humble/include/rclcpp/rclcpp/rclcpp.hpp:155[m[K,
                 from [01m[K/home/mazenbelal/Desktop/ROS2_Projects/ros2_ws/src/custome_messge/src/pub.cpp:6[m[K:
[01m[K/home/mazenbelal/Desktop/ROS2_Projects/ros2_ws/src/custome_messge/src/pub.cpp:[m[K In member function ‘[01m[Kvoid MinimalPublisher::timer_callback()[m[K’:
[01m[K/home/mazenbelal/Desktop/ROS2_Projects/ros2_ws/src/custome_messge/src/pub.cpp:29:39:[m[K [01;35m[Kwarning: [m[Kformat ‘[01m[K%d[m[K’ expects argument of type ‘[01m[Kint[m[K’, but argument 6 has type ‘[01m[Kcustome_messge::msg::Num_<std::allocator<void> >::_num_type[m[K’ {aka ‘[01m[Klong int[m[K’} [[01;35m[K]8;;https://gcc.gnu.org/onlinedocs/gcc/Warning-Options.html#index-Wformat=-Wformat=]8;;[m[K]
   29 |       RCLCPP_INFO(this->get_logger(), [01;35m[K"Publishing: '%s %d %s'"[m[K, message.name.c_str(), [32m[Kmessage.num[m[K, message.mark.c_str());
      |                                       [01;35m[K^~~~~~~~~~~~~~~~~~~~~~~~[m[K                        [32m[K~~~~~~~~~~~[m[K
      |                                                                                               [32m[K|[m[K
      |                                                                                               [32m[Kcustome_messge::msg::Num_<std::allocator<void> >::_num_type {aka long int}[m[K
[01m[K/home/mazenbelal/Desktop/ROS2_Projects/ros2_ws/src/custome_messge/src/pub.cpp:29:57:[m[K [01;36m[Knote: [m[Kformat string is defined here
   29 |       RCLCPP_INFO(this->get_logger(), "Publishing: '%s [01;36m[K%d[m[K %s'", message.name.c_str(), message.num, message.mark.c_str());
      |                                                        [01;36m[K~^[m[K
      |                                                         [01;36m[K|[m[K
      |                                                         [01;36m[Kint[m[K
      |                                                        [32m[K%ld[m[K
[100%] [32m[1mLinking CXX executable talker[0m
[100%] Built target talker
-- Install configuration: ""
-- Up-to-date: /home/mazenbelal/Desktop/ROS2_Projects/ros2_ws/install/custome_messge/share/ament_index/resource_index/rosidl_interfaces/custome_messge
-- Up-to-date: /home/mazenbelal/Desktop/ROS2_Projects/ros2_ws/install/custome_messge/include/custome_messge/custome_messge
-- Up-to-date: /home/mazenbelal/Desktop/ROS2_Projects/ros2_ws/install/custome_messge/include/custome_messge/custome_messge/msg
-- Up-to-date: /home/mazenbelal/Desktop/ROS2_Projects/ros2_ws/install/custome_messge/include/custome_messge/custome_messge/msg/detail
-- Up-to-date: /home/mazenbelal/Desktop/ROS2_Projects/ros2_ws/install/custome_messge/include/custome_messge/custome_messge/msg/detail/num__functions.c
-- Up-to-date: /home/mazenbelal/Desktop/ROS2_Projects/ros2_ws/install/custome_messge/include/custome_messge/custome_messge/msg/detail/num__type_support.h
-- Up-to-date: /home/mazenbelal/Desktop/ROS2_Projects/ros2_ws/install/custome_messge/include/custome_messge/custome_messge/msg/detail/num__functions.h
-- Up-to-date: /home/mazenbelal/Desktop/ROS2_Projects/ros2_ws/install/custome_messge/include/custome_messge/custome_messge/msg/detail/num__struct.h
-- Up-to-date: /home/mazenbelal/Desktop/ROS2_Projects/ros2_ws/install/custome_messge/include/custome_messge/custome_messge/msg/num.h
-- Up-to-date: /home/mazenbelal/Desktop/ROS2_Projects/ros2_ws/install/custome_messge/include/custome_messge/custome_messge/msg/rosidl_generator_c__visibility_control.h
-- Up-to-date: /home/mazenbelal/Desktop/ROS2_Projects/ros2_ws/install/custome_messge/share/custome_messge/environment/library_path.sh
-- Installing: /home/mazenbelal/Desktop/ROS2_Projects/ros2_ws/install/custome_messge/share/custome_messge/environment/library_path.dsv
-- Up-to-date: /home/mazenbelal/Desktop/ROS2_Projects/ros2_ws/install/custome_messge/lib/libcustome_messge__rosidl_generator_c.so
-- Up-to-date: /home/mazenbelal/Desktop/ROS2_Projects/ros2_ws/install/custome_messge/include/custome_messge/custome_messge
-- Up-to-date: /home/mazenbelal/Desktop/ROS2_Projects/ros2_ws/install/custome_messge/include/custome_messge/custome_messge/msg
-- Up-to-date: /home/mazenbelal/Desktop/ROS2_Projects/ros2_ws/install/custome_messge/include/custome_messge/custome_messge/msg/detail
-- Up-to-date: /home/mazenbelal/Desktop/ROS2_Projects/ros2_ws/install/custome_messge/include/custome_messge/custome_messge/msg/detail/num__rosidl_typesupport_fastrtps_c.h
-- Up-to-date: /home/mazenbelal/Desktop/ROS2_Projects/ros2_ws/install/custome_messge/include/custome_messge/custome_messge/msg/rosidl_typesupport_fastrtps_c__visibility_control.h
-- Up-to-date: /home/mazenbelal/Desktop/ROS2_Projects/ros2_ws/install/custome_messge/lib/libcustome_messge__rosidl_typesupport_fastrtps_c.so
-- Up-to-date: /home/mazenbelal/Desktop/ROS2_Projects/ros2_ws/install/custome_messge/include/custome_messge/custome_messge
-- Up-to-date: /home/mazenbelal/Desktop/ROS2_Projects/ros2_ws/install/custome_messge/include/custome_messge/custome_messge/msg
-- Up-to-date: /home/mazenbelal/Desktop/ROS2_Projects/ros2_ws/install/custome_messge/include/custome_messge/custome_messge/msg/detail
-- Up-to-date: /home/mazenbelal/Desktop/ROS2_Projects/ros2_ws/install/custome_messge/include/custome_messge/custome_messge/msg/detail/num__builder.hpp
-- Up-to-date: /home/mazenbelal/Desktop/ROS2_Projects/ros2_ws/install/custome_messge/include/custome_messge/custome_messge/msg/detail/num__type_support.hpp
-- Up-to-date: /home/mazenbelal/Desktop/ROS2_Projects/ros2_ws/install/custome_messge/include/custome_messge/custome_messge/msg/detail/num__traits.hpp
-- Up-to-date: /home/mazenbelal/Desktop/ROS2_Projects/ros2_ws/install/custome_messge/include/custome_messge/custome_messge/msg/detail/num__struct.hpp
-- Up-to-date: /home/mazenbelal/Desktop/ROS2_Projects/ros2_ws/install/custome_messge/include/custome_messge/custome_messge/msg/num.hpp
-- Up-to-date: /home/mazenbelal/Desktop/ROS2_Projects/ros2_ws/install/custome_messge/include/custome_messge/custome_messge/msg/rosidl_generator_cpp__visibility_control.hpp
-- Up-to-date: /home/mazenbelal/Desktop/ROS2_Projects/ros2_ws/install/custome_messge/include/custome_messge/custome_messge
-- Up-to-date: /home/mazenbelal/Desktop/ROS2_Projects/ros2_ws/install/custome_messge/include/custome_messge/custome_messge/msg
-- Up-to-date: /home/mazenbelal/Desktop/ROS2_Projects/ros2_ws/install/custome_messge/include/custome_messge/custome_messge/msg/detail
-- Up-to-date: /home/mazenbelal/Desktop/ROS2_Projects/ros2_ws/install/custome_messge/include/custome_messge/custome_messge/msg/detail/dds_fastrtps
-- Up-to-date: /home/mazenbelal/Desktop/ROS2_Projects/ros2_ws/install/custome_messge/include/custome_messge/custome_messge/msg/detail/num__rosidl_typesupport_fastrtps_cpp.hpp
-- Up-to-date: /home/mazenbelal/Desktop/ROS2_Projects/ros2_ws/install/custome_messge/include/custome_messge/custome_messge/msg/rosidl_typesupport_fastrtps_cpp__visibility_control.h
-- Up-to-date: /home/mazenbelal/Desktop/ROS2_Projects/ros2_ws/install/custome_messge/lib/libcustome_messge__rosidl_typesupport_fastrtps_cpp.so
-- Up-to-date: /home/mazenbelal/Desktop/ROS2_Projects/ros2_ws/install/custome_messge/include/custome_messge/custome_messge
-- Up-to-date: /home/mazenbelal/Desktop/ROS2_Projects/ros2_ws/install/custome_messge/include/custome_messge/custome_messge/msg
-- Up-to-date: /home/mazenbelal/Desktop/ROS2_Projects/ros2_ws/install/custome_messge/include/custome_messge/custome_messge/msg/rosidl_typesupport_introspection_c__visibility_control.h
-- Up-to-date: /home/mazenbelal/Desktop/ROS2_Projects/ros2_ws/install/custome_messge/include/custome_messge/custome_messge/msg/detail
-- Up-to-date: /home/mazenbelal/Desktop/ROS2_Projects/ros2_ws/install/custome_messge/include/custome_messge/custome_messge/msg/detail/num__type_support.c
-- Up-to-date: /home/mazenbelal/Desktop/ROS2_Projects/ros2_ws/install/custome_messge/include/custome_messge/custome_messge/msg/detail/num__rosidl_typesupport_introspection_c.h
-- Up-to-date: /home/mazenbelal/Desktop/ROS2_Projects/ros2_ws/install/custome_messge/lib/libcustome_messge__rosidl_typesupport_introspection_c.so
-- Up-to-date: /home/mazenbelal/Desktop/ROS2_Projects/ros2_ws/install/custome_messge/lib/libcustome_messge__rosidl_typesupport_c.so
-- Up-to-date: /home/mazenbelal/Desktop/ROS2_Projects/ros2_ws/install/custome_messge/include/custome_messge/custome_messge
-- Up-to-date: /home/mazenbelal/Desktop/ROS2_Projects/ros2_ws/install/custome_messge/include/custome_messge/custome_messge/msg
-- Up-to-date: /home/mazenbelal/Desktop/ROS2_Projects/ros2_ws/install/custome_messge/include/custome_messge/custome_messge/msg/detail
-- Up-to-date: /home/mazenbelal/Desktop/ROS2_Projects/ros2_ws/install/custome_messge/include/custome_messge/custome_messge/msg/detail/num__type_support.cpp
-- Up-to-date: /home/mazenbelal/Desktop/ROS2_Projects/ros2_ws/install/custome_messge/include/custome_messge/custome_messge/msg/detail/num__rosidl_typesupport_introspection_cpp.hpp
-- Up-to-date: /home/mazenbelal/Desktop/ROS2_Projects/ros2_ws/install/custome_messge/lib/libcustome_messge__rosidl_typesupport_introspection_cpp.so
-- Up-to-date: /home/mazenbelal/Desktop/ROS2_Projects/ros2_ws/install/custome_messge/lib/libcustome_messge__rosidl_typesupport_cpp.so
-- Up-to-date: /home/mazenbelal/Desktop/ROS2_Projects/ros2_ws/install/custome_messge/share/custome_messge/environment/pythonpath.sh
-- Installing: /home/mazenbelal/Desktop/ROS2_Projects/ros2_ws/install/custome_messge/share/custome_messge/environment/pythonpath.dsv
-- Up-to-date: /home/mazenbelal/Desktop/ROS2_Projects/ros2_ws/install/custome_messge/local/lib/python3.10/dist-packages/custome_messge-0.0.0-py3.10.egg-info
-- Installing: /home/mazenbelal/Desktop/ROS2_Projects/ros2_ws/install/custome_messge/local/lib/python3.10/dist-packages/custome_messge-0.0.0-py3.10.egg-info/SOURCES.txt
-- Installing: /home/mazenbelal/Desktop/ROS2_Projects/ros2_ws/install/custome_messge/local/lib/python3.10/dist-packages/custome_messge-0.0.0-py3.10.egg-info/top_level.txt
-- Installing: /home/mazenbelal/Desktop/ROS2_Projects/ros2_ws/install/custome_messge/local/lib/python3.10/dist-packages/custome_messge-0.0.0-py3.10.egg-info/dependency_links.txt
-- Installing: /home/mazenbelal/Desktop/ROS2_Projects/ros2_ws/install/custome_messge/local/lib/python3.10/dist-packages/custome_messge-0.0.0-py3.10.egg-info/PKG-INFO
-- Up-to-date: /home/mazenbelal/Desktop/ROS2_Projects/ros2_ws/install/custome_messge/local/lib/python3.10/dist-packages/custome_messge
-- Up-to-date: /home/mazenbelal/Desktop/ROS2_Projects/ros2_ws/install/custome_messge/local/lib/python3.10/dist-packages/custome_messge/msg
-- Up-to-date: /home/mazenbelal/Desktop/ROS2_Projects/ros2_ws/install/custome_messge/local/lib/python3.10/dist-packages/custome_messge/msg/__init__.py
-- Up-to-date: /home/mazenbelal/Desktop/ROS2_Projects/ros2_ws/install/custome_messge/local/lib/python3.10/dist-packages/custome_messge/msg/_num_s.c
-- Up-to-date: /home/mazenbelal/Desktop/ROS2_Projects/ros2_ws/install/custome_messge/local/lib/python3.10/dist-packages/custome_messge/msg/_num.py
-- Installing: /home/mazenbelal/Desktop/ROS2_Projects/ros2_ws/install/custome_messge/local/lib/python3.10/dist-packages/custome_messge/__init__.py
-- Up-to-date: /home/mazenbelal/Desktop/ROS2_Projects/ros2_ws/install/custome_messge/local/lib/python3.10/dist-packages/custome_messge/_custome_messge_s.ep.rosidl_typesupport_fastrtps_c.c
-- Up-to-date: /home/mazenbelal/Desktop/ROS2_Projects/ros2_ws/install/custome_messge/local/lib/python3.10/dist-packages/custome_messge/_custome_messge_s.ep.rosidl_typesupport_c.c
-- Up-to-date: /home/mazenbelal/Desktop/ROS2_Projects/ros2_ws/install/custome_messge/local/lib/python3.10/dist-packages/custome_messge/custome_messge_s__rosidl_typesupport_c.cpython-310-x86_64-linux-gnu.so
-- Up-to-date: /home/mazenbelal/Desktop/ROS2_Projects/ros2_ws/install/custome_messge/local/lib/python3.10/dist-packages/custome_messge/libcustome_messge__rosidl_generator_py.so
-- Up-to-date: /home/mazenbelal/Desktop/ROS2_Projects/ros2_ws/install/custome_messge/local/lib/python3.10/dist-packages/custome_messge/custome_messge_s__rosidl_typesupport_fastrtps_c.cpython-310-x86_64-linux-gnu.so
-- Up-to-date: /home/mazenbelal/Desktop/ROS2_Projects/ros2_ws/install/custome_messge/local/lib/python3.10/dist-packages/custome_messge/custome_messge_s__rosidl_typesupport_introspection_c.cpython-310-x86_64-linux-gnu.so
-- Up-to-date: /home/mazenbelal/Desktop/ROS2_Projects/ros2_ws/install/custome_messge/local/lib/python3.10/dist-packages/custome_messge/_custome_messge_s.ep.rosidl_typesupport_introspection_c.c
Listing '/home/mazenbelal/Desktop/ROS2_Projects/ros2_ws/install/custome_messge/local/lib/python3.10/dist-packages/custome_messge'...
Compiling '/home/mazenbelal/Desktop/ROS2_Projects/ros2_ws/install/custome_messge/local/lib/python3.10/dist-packages/custome_messge/__init__.py'...
Listing '/home/mazenbelal/Desktop/ROS2_Projects/ros2_ws/install/custome_messge/local/lib/python3.10/dist-packages/custome_messge/msg'...
-- Up-to-date: /home/mazenbelal/Desktop/ROS2_Projects/ros2_ws/install/custome_messge/local/lib/python3.10/dist-packages/custome_messge/custome_messge_s__rosidl_typesupport_fastrtps_c.cpython-310-x86_64-linux-gnu.so
-- Up-to-date: /home/mazenbelal/Desktop/ROS2_Projects/ros2_ws/install/custome_messge/local/lib/python3.10/dist-packages/custome_messge/custome_messge_s__rosidl_typesupport_introspection_c.cpython-310-x86_64-linux-gnu.so
-- Up-to-date: /home/mazenbelal/Desktop/ROS2_Projects/ros2_ws/install/custome_messge/local/lib/python3.10/dist-packages/custome_messge/custome_messge_s__rosidl_typesupport_c.cpython-310-x86_64-linux-gnu.so
-- Up-to-date: /home/mazenbelal/Desktop/ROS2_Projects/ros2_ws/install/custome_messge/lib/libcustome_messge__rosidl_generator_py.so
-- Up-to-date: /home/mazenbelal/Desktop/ROS2_Projects/ros2_ws/install/custome_messge/share/custome_messge/msg/Num.idl
-- Up-to-date: /home/mazenbelal/Desktop/ROS2_Projects/ros2_ws/install/custome_messge/share/custome_messge/msg/Num.msg
-- Installing: /home/mazenbelal/Desktop/ROS2_Projects/ros2_ws/install/custome_messge/lib/custome_messge/talker
-- Set runtime path of "/home/mazenbelal/Desktop/ROS2_Projects/ros2_ws/install/custome_messge/lib/custome_messge/talker" to ""
-- Up-to-date: /home/mazenbelal/Desktop/ROS2_Projects/ros2_ws/install/custome_messge/share/ament_index/resource_index/package_run_dependencies/custome_messge
-- Installing: /home/mazenbelal/Desktop/ROS2_Projects/ros2_ws/install/custome_messge/share/ament_index/resource_index/parent_prefix_path/custome_messge
-- Up-to-date: /home/mazenbelal/Desktop/ROS2_Projects/ros2_ws/install/custome_messge/share/custome_messge/environment/ament_prefix_path.sh
-- Installing: /home/mazenbelal/Desktop/ROS2_Projects/ros2_ws/install/custome_messge/share/custome_messge/environment/ament_prefix_path.dsv
-- Up-to-date: /home/mazenbelal/Desktop/ROS2_Projects/ros2_ws/install/custome_messge/share/custome_messge/environment/path.sh
-- Installing: /home/mazenbelal/Desktop/ROS2_Projects/ros2_ws/install/custome_messge/share/custome_messge/environment/path.dsv
-- Up-to-date: /home/mazenbelal/Desktop/ROS2_Projects/ros2_ws/install/custome_messge/share/custome_messge/local_setup.bash
-- Up-to-date: /home/mazenbelal/Desktop/ROS2_Projects/ros2_ws/install/custome_messge/share/custome_messge/local_setup.sh
-- Up-to-date: /home/mazenbelal/Desktop/ROS2_Projects/ros2_ws/install/custome_messge/share/custome_messge/local_setup.zsh
-- Installing: /home/mazenbelal/Desktop/ROS2_Projects/ros2_ws/install/custome_messge/share/custome_messge/local_setup.dsv
-- Installing: /home/mazenbelal/Desktop/ROS2_Projects/ros2_ws/install/custome_messge/share/custome_messge/package.dsv
-- Up-to-date: /home/mazenbelal/Desktop/ROS2_Projects/ros2_ws/install/custome_messge/share/ament_index/resource_index/packages/custome_messge
-- Up-to-date: /home/mazenbelal/Desktop/ROS2_Projects/ros2_ws/install/custome_messge/share/custome_messge/cmake/export_custome_messge__rosidl_generator_cExport.cmake
-- Up-to-date: /home/mazenbelal/Desktop/ROS2_Projects/ros2_ws/install/custome_messge/share/custome_messge/cmake/export_custome_messge__rosidl_generator_cExport-noconfig.cmake
-- Up-to-date: /home/mazenbelal/Desktop/ROS2_Projects/ros2_ws/install/custome_messge/share/custome_messge/cmake/export_custome_messge__rosidl_typesupport_fastrtps_cExport.cmake
-- Up-to-date: /home/mazenbelal/Desktop/ROS2_Projects/ros2_ws/install/custome_messge/share/custome_messge/cmake/export_custome_messge__rosidl_typesupport_fastrtps_cExport-noconfig.cmake
-- Up-to-date: /home/mazenbelal/Desktop/ROS2_Projects/ros2_ws/install/custome_messge/share/custome_messge/cmake/export_custome_messge__rosidl_generator_cppExport.cmake
-- Up-to-date: /home/mazenbelal/Desktop/ROS2_Projects/ros2_ws/install/custome_messge/share/custome_messge/cmake/export_custome_messge__rosidl_typesupport_fastrtps_cppExport.cmake
-- Up-to-date: /home/mazenbelal/Desktop/ROS2_Projects/ros2_ws/install/custome_messge/share/custome_messge/cmake/export_custome_messge__rosidl_typesupport_fastrtps_cppExport-noconfig.cmake
-- Up-to-date: /home/mazenbelal/Desktop/ROS2_Projects/ros2_ws/install/custome_messge/share/custome_messge/cmake/custome_messge__rosidl_typesupport_introspection_cExport.cmake
-- Up-to-date: /home/mazenbelal/Desktop/ROS2_Projects/ros2_ws/install/custome_messge/share/custome_messge/cmake/custome_messge__rosidl_typesupport_introspection_cExport-noconfig.cmake
-- Up-to-date: /home/mazenbelal/Desktop/ROS2_Projects/ros2_ws/install/custome_messge/share/custome_messge/cmake/custome_messge__rosidl_typesupport_cExport.cmake
-- Up-to-date: /home/mazenbelal/Desktop/ROS2_Projects/ros2_ws/install/custome_messge/share/custome_messge/cmake/custome_messge__rosidl_typesupport_cExport-noconfig.cmake
-- Up-to-date: /home/mazenbelal/Desktop/ROS2_Projects/ros2_ws/install/custome_messge/share/custome_messge/cmake/custome_messge__rosidl_typesupport_introspection_cppExport.cmake
-- Up-to-date: /home/mazenbelal/Desktop/ROS2_Projects/ros2_ws/install/custome_messge/share/custome_messge/cmake/custome_messge__rosidl_typesupport_introspection_cppExport-noconfig.cmake
-- Up-to-date: /home/mazenbelal/Desktop/ROS2_Projects/ros2_ws/install/custome_messge/share/custome_messge/cmake/custome_messge__rosidl_typesupport_cppExport.cmake
-- Up-to-date: /home/mazenbelal/Desktop/ROS2_Projects/ros2_ws/install/custome_messge/share/custome_messge/cmake/custome_messge__rosidl_typesupport_cppExport-noconfig.cmake
-- Up-to-date: /home/mazenbelal/Desktop/ROS2_Projects/ros2_ws/install/custome_messge/share/custome_messge/cmake/export_custome_messge__rosidl_generator_pyExport.cmake
-- Up-to-date: /home/mazenbelal/Desktop/ROS2_Projects/ros2_ws/install/custome_messge/share/custome_messge/cmake/export_custome_messge__rosidl_generator_pyExport-noconfig.cmake
-- Up-to-date: /home/mazenbelal/Desktop/ROS2_Projects/ros2_ws/install/custome_messge/share/custome_messge/cmake/rosidl_cmake-extras.cmake
-- Up-to-date: /home/mazenbelal/Desktop/ROS2_Projects/ros2_ws/install/custome_messge/share/custome_messge/cmake/ament_cmake_export_include_directories-extras.cmake
-- Up-to-date: /home/mazenbelal/Desktop/ROS2_Projects/ros2_ws/install/custome_messge/share/custome_messge/cmake/ament_cmake_export_libraries-extras.cmake
-- Up-to-date: /home/mazenbelal/Desktop/ROS2_Projects/ros2_ws/install/custome_messge/share/custome_messge/cmake/ament_cmake_export_targets-extras.cmake
-- Up-to-date: /home/mazenbelal/Desktop/ROS2_Projects/ros2_ws/install/custome_messge/share/custome_messge/cmake/rosidl_cmake_export_typesupport_targets-extras.cmake
-- Up-to-date: /home/mazenbelal/Desktop/ROS2_Projects/ros2_ws/install/custome_messge/share/custome_messge/cmake/ament_cmake_export_dependencies-extras.cmake
-- Up-to-date: /home/mazenbelal/Desktop/ROS2_Projects/ros2_ws/install/custome_messge/share/custome_messge/cmake/rosidl_cmake_export_typesupport_libraries-extras.cmake
-- Up-to-date: /home/mazenbelal/Desktop/ROS2_Projects/ros2_ws/install/custome_messge/share/custome_messge/cmake/custome_messgeConfig.cmake
-- Up-to-date: /home/mazenbelal/Desktop/ROS2_Projects/ros2_ws/install/custome_messge/share/custome_messge/cmake/custome_messgeConfig-version.cmake
-- Installing: /home/mazenbelal/Desktop/ROS2_Projects/ros2_ws/install/custome_messge/share/custome_messge/package.xml
