[0.015s] Invoking command in '/home/mazenbelal/Desktop/ROS2_Projects/ros2_ws/build/custome_messge': CMAKE_PREFIX_PATH=${CMAKE_PREFIX_PATH}:/opt/ros/humble /usr/bin/cmake --build /home/mazenbelal/Desktop/ROS2_Projects/ros2_ws/build/custome_messge -- -j4 -l4
[0.049s] -- Found ament_cmake: 1.3.12 (/opt/ros/humble/share/ament_cmake/cmake)
[0.242s] -- Found rclcpp: 16.0.15 (/opt/ros/humble/share/rclcpp/cmake)
[0.284s] -- Found rosidl_generator_c: 3.1.7 (/opt/ros/humble/share/rosidl_generator_c/cmake)
[0.287s] -- Found rosidl_adapter: 3.1.7 (/opt/ros/humble/share/rosidl_adapter/cmake)
[0.297s] -- Found rosidl_generator_cpp: 3.1.7 (/opt/ros/humble/share/rosidl_generator_cpp/cmake)
[0.310s] -- Using all available rosidl_typesupport_c: rosidl_typesupport_fastrtps_c;rosidl_typesupport_introspection_c
[0.329s] -- Using all available rosidl_typesupport_cpp: rosidl_typesupport_fastrtps_cpp;rosidl_typesupport_introspection_cpp
[0.384s] -- Found rmw_implementation_cmake: 6.1.2 (/opt/ros/humble/share/rmw_implementation_cmake/cmake)
[0.386s] -- Found rmw_fastrtps_cpp: 6.2.9 (/opt/ros/humble/share/rmw_fastrtps_cpp/cmake)
[0.514s] -- Using RMW implementation 'rmw_fastrtps_cpp' as default
[0.585s] -- Found rosidl_default_generators: 1.2.0 (/opt/ros/humble/share/rosidl_default_generators/cmake)
[1.004s] -- Found ament_cmake_ros: 0.10.0 (/opt/ros/humble/share/ament_cmake_ros/cmake)
[1.520s] -- Using all available rosidl_typesupport_c: rosidl_typesupport_fastrtps_c;rosidl_typesupport_introspection_c
[1.720s] -- Using all available rosidl_typesupport_cpp: rosidl_typesupport_fastrtps_cpp;rosidl_typesupport_introspection_cpp
[1.762s] -- Found python_cmake_module: 0.10.0 (/opt/ros/humble/share/python_cmake_module/cmake)
[1.799s] -- Using PYTHON_EXECUTABLE: /usr/bin/python3
[1.799s] -- Using PYTHON_INCLUDE_DIRS: /usr/include/python3.10
[1.800s] -- Using PYTHON_LIBRARIES: /usr/lib/x86_64-linux-gnu/libpython3.10.so
[1.819s] [0mCMake Deprecation Warning at /opt/ros/humble/share/rosidl_cmake/cmake/rosidl_target_interfaces.cmake:32 (message):
[1.819s]   Use rosidl_get_typesupport_target() and target_link_libraries() instead of
[1.819s]   rosidl_target_interfaces()
[1.819s] Call Stack (most recent call first):
[1.820s]   CMakeLists.txt:29 (rosidl_target_interfaces)
[1.820s] 
[1.820s] [0m
[1.831s] -- Configuring done
[1.914s] -- Generating done
[1.948s] -- Build files have been written to: /home/mazenbelal/Desktop/ROS2_Projects/ros2_ws/build/custome_messge
[2.035s] [35m[1mConsolidate compiler generated dependencies of target custome_messge__rosidl_generator_c[0m
[2.075s] [  3%] Built target custome_messge__cpp
[2.103s] [ 12%] Built target custome_messge__rosidl_generator_c
[2.104s] [35m[1mConsolidate compiler generated dependencies of target custome_messge__rosidl_typesupport_cpp[0m
[2.118s] [ 12%] Built target ament_cmake_python_copy_custome_messge
[2.126s] [35m[1mConsolidate compiler generated dependencies of target custome_messge__rosidl_typesupport_fastrtps_cpp[0m
[2.147s] [35m[1mConsolidate compiler generated dependencies of target custome_messge__rosidl_typesupport_introspection_cpp[0m
[2.151s] [ 21%] Built target custome_messge__rosidl_typesupport_cpp
[2.178s] [35m[1mConsolidate compiler generated dependencies of target custome_messge__rosidl_typesupport_fastrtps_c[0m
[2.182s] [35m[1mConsolidate compiler generated dependencies of target custome_messge__rosidl_typesupport_introspection_c[0m
[2.190s] [ 30%] Built target custome_messge__rosidl_typesupport_fastrtps_cpp
[2.220s] [ 39%] Built target custome_messge__rosidl_typesupport_fastrtps_c
[2.230s] [ 48%] Built target custome_messge__rosidl_typesupport_introspection_cpp
[2.237s] [35m[1mConsolidate compiler generated dependencies of target custome_messge__rosidl_typesupport_c[0m
[2.237s] [ 57%] Built target custome_messge__rosidl_typesupport_introspection_c
[2.278s] [ 66%] Built target custome_messge__rosidl_typesupport_c
[2.375s] [ 66%] Built target custome_messge
[2.431s] [35m[1mConsolidate compiler generated dependencies of target talker[0m
[2.509s] [ 69%] Built target custome_messge__py
[2.553s] [35m[1mConsolidate compiler generated dependencies of target custome_messge__rosidl_generator_py[0m
[2.576s] [ 72%] [32mBuilding CXX object CMakeFiles/talker.dir/src/pub.cpp.o[0m
[2.621s] [ 78%] Built target custome_messge__rosidl_generator_py
[2.674s] [35m[1mConsolidate compiler generated dependencies of target custome_messge__rosidl_typesupport_fastrtps_c__pyext[0m
[2.698s] [35m[1mConsolidate compiler generated dependencies of target custome_messge__rosidl_typesupport_introspection_c__pyext[0m
[2.821s] [ 84%] Built target custome_messge__rosidl_typesupport_introspection_c__pyext
[2.827s] [ 90%] Built target custome_messge__rosidl_typesupport_fastrtps_c__pyext
[2.872s] [35m[1mConsolidate compiler generated dependencies of target custome_messge__rosidl_typesupport_c__pyext[0m
[2.895s] [ 96%] Built target custome_messge__rosidl_typesupport_c__pyext
[3.354s] running egg_info
[3.358s] writing custome_messge.egg-info/PKG-INFO
[3.358s] writing dependency_links to custome_messge.egg-info/dependency_links.txt
[3.359s] writing top-level names to custome_messge.egg-info/top_level.txt
[3.360s] reading manifest file 'custome_messge.egg-info/SOURCES.txt'
[3.384s] writing manifest file 'custome_messge.egg-info/SOURCES.txt'
[3.439s] [ 96%] Built target ament_cmake_python_build_custome_messge_egg
[7.604s] In file included from [01m[K/opt/ros/humble/include/rclcpp/rclcpp/logging.hpp:24[m[K,
[7.605s]                  from [01m[K/opt/ros/humble/include/rclcpp/rclcpp/client.hpp:40[m[K,
[7.605s]                  from [01m[K/opt/ros/humble/include/rclcpp/rclcpp/callback_group.hpp:24[m[K,
[7.605s]                  from [01m[K/opt/ros/humble/include/rclcpp/rclcpp/any_executable.hpp:20[m[K,
[7.605s]                  from [01m[K/opt/ros/humble/include/rclcpp/rclcpp/memory_strategy.hpp:25[m[K,
[7.605s]                  from [01m[K/opt/ros/humble/include/rclcpp/rclcpp/memory_strategies.hpp:18[m[K,
[7.605s]                  from [01m[K/opt/ros/humble/include/rclcpp/rclcpp/executor_options.hpp:20[m[K,
[7.606s]                  from [01m[K/opt/ros/humble/include/rclcpp/rclcpp/executor.hpp:37[m[K,
[7.606s]                  from [01m[K/opt/ros/humble/include/rclcpp/rclcpp/executors/multi_threaded_executor.hpp:25[m[K,
[7.606s]                  from [01m[K/opt/ros/humble/include/rclcpp/rclcpp/executors.hpp:21[m[K,
[7.606s]                  from [01m[K/opt/ros/humble/include/rclcpp/rclcpp/rclcpp.hpp:155[m[K,
[7.607s]                  from [01m[K/home/mazenbelal/Desktop/ROS2_Projects/ros2_ws/src/custome_messge/src/pub.cpp:6[m[K:
[7.607s] [01m[K/home/mazenbelal/Desktop/ROS2_Projects/ros2_ws/src/custome_messge/src/pub.cpp:[m[K In member function ‘[01m[Kvoid MinimalPublisher::timer_callback()[m[K’:
[7.608s] [01m[K/home/mazenbelal/Desktop/ROS2_Projects/ros2_ws/src/custome_messge/src/pub.cpp:29:39:[m[K [01;35m[Kwarning: [m[Kformat ‘[01m[K%d[m[K’ expects argument of type ‘[01m[Kint[m[K’, but argument 6 has type ‘[01m[Kcustome_messge::msg::Num_<std::allocator<void> >::_num_type[m[K’ {aka ‘[01m[Klong int[m[K’} [[01;35m[K]8;;https://gcc.gnu.org/onlinedocs/gcc/Warning-Options.html#index-Wformat=-Wformat=]8;;[m[K]
[7.608s]    29 |       RCLCPP_INFO(this->get_logger(), [01;35m[K"Publishing: '%s %d %s'"[m[K, message.name.c_str(), [32m[Kmessage.num[m[K, message.mark.c_str());
[7.608s]       |                                       [01;35m[K^~~~~~~~~~~~~~~~~~~~~~~~[m[K                        [32m[K~~~~~~~~~~~[m[K
[7.608s]       |                                                                                               [32m[K|[m[K
[7.608s]       |                                                                                               [32m[Kcustome_messge::msg::Num_<std::allocator<void> >::_num_type {aka long int}[m[K
[7.611s] [01m[K/home/mazenbelal/Desktop/ROS2_Projects/ros2_ws/src/custome_messge/src/pub.cpp:29:57:[m[K [01;36m[Knote: [m[Kformat string is defined here
[7.611s]    29 |       RCLCPP_INFO(this->get_logger(), "Publishing: '%s [01;36m[K%d[m[K %s'", message.name.c_str(), message.num, message.mark.c_str());
[7.611s]       |                                                        [01;36m[K~^[m[K
[7.611s]       |                                                         [01;36m[K|[m[K
[7.611s]       |                                                         [01;36m[Kint[m[K
[7.612s]       |                                                        [32m[K%ld[m[K
[10.587s] [100%] [32m[1mLinking CXX executable talker[0m
[11.251s] [100%] Built target talker
[11.268s] Invoked command in '/home/mazenbelal/Desktop/ROS2_Projects/ros2_ws/build/custome_messge' returned '0': CMAKE_PREFIX_PATH=${CMAKE_PREFIX_PATH}:/opt/ros/humble /usr/bin/cmake --build /home/mazenbelal/Desktop/ROS2_Projects/ros2_ws/build/custome_messge -- -j4 -l4
[11.283s] Invoking command in '/home/mazenbelal/Desktop/ROS2_Projects/ros2_ws/build/custome_messge': CMAKE_PREFIX_PATH=${CMAKE_PREFIX_PATH}:/opt/ros/humble /usr/bin/cmake --install /home/mazenbelal/Desktop/ROS2_Projects/ros2_ws/build/custome_messge
[11.293s] -- Install configuration: ""
[11.294s] -- Up-to-date: /home/mazenbelal/Desktop/ROS2_Projects/ros2_ws/install/custome_messge/share/ament_index/resource_index/rosidl_interfaces/custome_messge
[11.294s] -- Up-to-date: /home/mazenbelal/Desktop/ROS2_Projects/ros2_ws/install/custome_messge/include/custome_messge/custome_messge
[11.294s] -- Up-to-date: /home/mazenbelal/Desktop/ROS2_Projects/ros2_ws/install/custome_messge/include/custome_messge/custome_messge/msg
[11.295s] -- Up-to-date: /home/mazenbelal/Desktop/ROS2_Projects/ros2_ws/install/custome_messge/include/custome_messge/custome_messge/msg/detail
[11.295s] -- Up-to-date: /home/mazenbelal/Desktop/ROS2_Projects/ros2_ws/install/custome_messge/include/custome_messge/custome_messge/msg/detail/num__functions.c
[11.295s] -- Up-to-date: /home/mazenbelal/Desktop/ROS2_Projects/ros2_ws/install/custome_messge/include/custome_messge/custome_messge/msg/detail/num__type_support.h
[11.295s] -- Up-to-date: /home/mazenbelal/Desktop/ROS2_Projects/ros2_ws/install/custome_messge/include/custome_messge/custome_messge/msg/detail/num__functions.h
[11.295s] -- Up-to-date: /home/mazenbelal/Desktop/ROS2_Projects/ros2_ws/install/custome_messge/include/custome_messge/custome_messge/msg/detail/num__struct.h
[11.295s] -- Up-to-date: /home/mazenbelal/Desktop/ROS2_Projects/ros2_ws/install/custome_messge/include/custome_messge/custome_messge/msg/num.h
[11.296s] -- Up-to-date: /home/mazenbelal/Desktop/ROS2_Projects/ros2_ws/install/custome_messge/include/custome_messge/custome_messge/msg/rosidl_generator_c__visibility_control.h
[11.296s] -- Up-to-date: /home/mazenbelal/Desktop/ROS2_Projects/ros2_ws/install/custome_messge/share/custome_messge/environment/library_path.sh
[11.296s] -- Installing: /home/mazenbelal/Desktop/ROS2_Projects/ros2_ws/install/custome_messge/share/custome_messge/environment/library_path.dsv
[11.317s] -- Up-to-date: /home/mazenbelal/Desktop/ROS2_Projects/ros2_ws/install/custome_messge/lib/libcustome_messge__rosidl_generator_c.so
[11.318s] -- Up-to-date: /home/mazenbelal/Desktop/ROS2_Projects/ros2_ws/install/custome_messge/include/custome_messge/custome_messge
[11.318s] -- Up-to-date: /home/mazenbelal/Desktop/ROS2_Projects/ros2_ws/install/custome_messge/include/custome_messge/custome_messge/msg
[11.318s] -- Up-to-date: /home/mazenbelal/Desktop/ROS2_Projects/ros2_ws/install/custome_messge/include/custome_messge/custome_messge/msg/detail
[11.318s] -- Up-to-date: /home/mazenbelal/Desktop/ROS2_Projects/ros2_ws/install/custome_messge/include/custome_messge/custome_messge/msg/detail/num__rosidl_typesupport_fastrtps_c.h
[11.318s] -- Up-to-date: /home/mazenbelal/Desktop/ROS2_Projects/ros2_ws/install/custome_messge/include/custome_messge/custome_messge/msg/rosidl_typesupport_fastrtps_c__visibility_control.h
[11.318s] -- Up-to-date: /home/mazenbelal/Desktop/ROS2_Projects/ros2_ws/install/custome_messge/lib/libcustome_messge__rosidl_typesupport_fastrtps_c.so
[11.319s] -- Up-to-date: /home/mazenbelal/Desktop/ROS2_Projects/ros2_ws/install/custome_messge/include/custome_messge/custome_messge
[11.319s] -- Up-to-date: /home/mazenbelal/Desktop/ROS2_Projects/ros2_ws/install/custome_messge/include/custome_messge/custome_messge/msg
[11.319s] -- Up-to-date: /home/mazenbelal/Desktop/ROS2_Projects/ros2_ws/install/custome_messge/include/custome_messge/custome_messge/msg/detail
[11.319s] -- Up-to-date: /home/mazenbelal/Desktop/ROS2_Projects/ros2_ws/install/custome_messge/include/custome_messge/custome_messge/msg/detail/num__builder.hpp
[11.319s] -- Up-to-date: /home/mazenbelal/Desktop/ROS2_Projects/ros2_ws/install/custome_messge/include/custome_messge/custome_messge/msg/detail/num__type_support.hpp
[11.319s] -- Up-to-date: /home/mazenbelal/Desktop/ROS2_Projects/ros2_ws/install/custome_messge/include/custome_messge/custome_messge/msg/detail/num__traits.hpp
[11.319s] -- Up-to-date: /home/mazenbelal/Desktop/ROS2_Projects/ros2_ws/install/custome_messge/include/custome_messge/custome_messge/msg/detail/num__struct.hpp
[11.319s] -- Up-to-date: /home/mazenbelal/Desktop/ROS2_Projects/ros2_ws/install/custome_messge/include/custome_messge/custome_messge/msg/num.hpp
[11.320s] -- Up-to-date: /home/mazenbelal/Desktop/ROS2_Projects/ros2_ws/install/custome_messge/include/custome_messge/custome_messge/msg/rosidl_generator_cpp__visibility_control.hpp
[11.320s] -- Up-to-date: /home/mazenbelal/Desktop/ROS2_Projects/ros2_ws/install/custome_messge/include/custome_messge/custome_messge
[11.320s] -- Up-to-date: /home/mazenbelal/Desktop/ROS2_Projects/ros2_ws/install/custome_messge/include/custome_messge/custome_messge/msg
[11.320s] -- Up-to-date: /home/mazenbelal/Desktop/ROS2_Projects/ros2_ws/install/custome_messge/include/custome_messge/custome_messge/msg/detail
[11.321s] -- Up-to-date: /home/mazenbelal/Desktop/ROS2_Projects/ros2_ws/install/custome_messge/include/custome_messge/custome_messge/msg/detail/dds_fastrtps
[11.321s] -- Up-to-date: /home/mazenbelal/Desktop/ROS2_Projects/ros2_ws/install/custome_messge/include/custome_messge/custome_messge/msg/detail/num__rosidl_typesupport_fastrtps_cpp.hpp
[11.321s] -- Up-to-date: /home/mazenbelal/Desktop/ROS2_Projects/ros2_ws/install/custome_messge/include/custome_messge/custome_messge/msg/rosidl_typesupport_fastrtps_cpp__visibility_control.h
[11.321s] -- Up-to-date: /home/mazenbelal/Desktop/ROS2_Projects/ros2_ws/install/custome_messge/lib/libcustome_messge__rosidl_typesupport_fastrtps_cpp.so
[11.321s] -- Up-to-date: /home/mazenbelal/Desktop/ROS2_Projects/ros2_ws/install/custome_messge/include/custome_messge/custome_messge
[11.321s] -- Up-to-date: /home/mazenbelal/Desktop/ROS2_Projects/ros2_ws/install/custome_messge/include/custome_messge/custome_messge/msg
[11.322s] -- Up-to-date: /home/mazenbelal/Desktop/ROS2_Projects/ros2_ws/install/custome_messge/include/custome_messge/custome_messge/msg/rosidl_typesupport_introspection_c__visibility_control.h
[11.322s] -- Up-to-date: /home/mazenbelal/Desktop/ROS2_Projects/ros2_ws/install/custome_messge/include/custome_messge/custome_messge/msg/detail
[11.322s] -- Up-to-date: /home/mazenbelal/Desktop/ROS2_Projects/ros2_ws/install/custome_messge/include/custome_messge/custome_messge/msg/detail/num__type_support.c
[11.322s] -- Up-to-date: /home/mazenbelal/Desktop/ROS2_Projects/ros2_ws/install/custome_messge/include/custome_messge/custome_messge/msg/detail/num__rosidl_typesupport_introspection_c.h
[11.322s] -- Up-to-date: /home/mazenbelal/Desktop/ROS2_Projects/ros2_ws/install/custome_messge/lib/libcustome_messge__rosidl_typesupport_introspection_c.so
[11.323s] -- Up-to-date: /home/mazenbelal/Desktop/ROS2_Projects/ros2_ws/install/custome_messge/lib/libcustome_messge__rosidl_typesupport_c.so
[11.323s] -- Up-to-date: /home/mazenbelal/Desktop/ROS2_Projects/ros2_ws/install/custome_messge/include/custome_messge/custome_messge
[11.323s] -- Up-to-date: /home/mazenbelal/Desktop/ROS2_Projects/ros2_ws/install/custome_messge/include/custome_messge/custome_messge/msg
[11.324s] -- Up-to-date: /home/mazenbelal/Desktop/ROS2_Projects/ros2_ws/install/custome_messge/include/custome_messge/custome_messge/msg/detail
[11.324s] -- Up-to-date: /home/mazenbelal/Desktop/ROS2_Projects/ros2_ws/install/custome_messge/include/custome_messge/custome_messge/msg/detail/num__type_support.cpp
[11.324s] -- Up-to-date: /home/mazenbelal/Desktop/ROS2_Projects/ros2_ws/install/custome_messge/include/custome_messge/custome_messge/msg/detail/num__rosidl_typesupport_introspection_cpp.hpp
[11.324s] -- Up-to-date: /home/mazenbelal/Desktop/ROS2_Projects/ros2_ws/install/custome_messge/lib/libcustome_messge__rosidl_typesupport_introspection_cpp.so
[11.324s] -- Up-to-date: /home/mazenbelal/Desktop/ROS2_Projects/ros2_ws/install/custome_messge/lib/libcustome_messge__rosidl_typesupport_cpp.so
[11.325s] -- Up-to-date: /home/mazenbelal/Desktop/ROS2_Projects/ros2_ws/install/custome_messge/share/custome_messge/environment/pythonpath.sh
[11.325s] -- Installing: /home/mazenbelal/Desktop/ROS2_Projects/ros2_ws/install/custome_messge/share/custome_messge/environment/pythonpath.dsv
[11.342s] -- Up-to-date: /home/mazenbelal/Desktop/ROS2_Projects/ros2_ws/install/custome_messge/local/lib/python3.10/dist-packages/custome_messge-0.0.0-py3.10.egg-info
[11.342s] -- Installing: /home/mazenbelal/Desktop/ROS2_Projects/ros2_ws/install/custome_messge/local/lib/python3.10/dist-packages/custome_messge-0.0.0-py3.10.egg-info/SOURCES.txt
[11.357s] -- Installing: /home/mazenbelal/Desktop/ROS2_Projects/ros2_ws/install/custome_messge/local/lib/python3.10/dist-packages/custome_messge-0.0.0-py3.10.egg-info/top_level.txt
[11.369s] -- Installing: /home/mazenbelal/Desktop/ROS2_Projects/ros2_ws/install/custome_messge/local/lib/python3.10/dist-packages/custome_messge-0.0.0-py3.10.egg-info/dependency_links.txt
[11.402s] -- Installing: /home/mazenbelal/Desktop/ROS2_Projects/ros2_ws/install/custome_messge/local/lib/python3.10/dist-packages/custome_messge-0.0.0-py3.10.egg-info/PKG-INFO
[11.410s] -- Up-to-date: /home/mazenbelal/Desktop/ROS2_Projects/ros2_ws/install/custome_messge/local/lib/python3.10/dist-packages/custome_messge
[11.410s] -- Up-to-date: /home/mazenbelal/Desktop/ROS2_Projects/ros2_ws/install/custome_messge/local/lib/python3.10/dist-packages/custome_messge/msg
[11.411s] -- Up-to-date: /home/mazenbelal/Desktop/ROS2_Projects/ros2_ws/install/custome_messge/local/lib/python3.10/dist-packages/custome_messge/msg/__init__.py
[11.413s] -- Up-to-date: /home/mazenbelal/Desktop/ROS2_Projects/ros2_ws/install/custome_messge/local/lib/python3.10/dist-packages/custome_messge/msg/_num_s.c
[11.413s] -- Up-to-date: /home/mazenbelal/Desktop/ROS2_Projects/ros2_ws/install/custome_messge/local/lib/python3.10/dist-packages/custome_messge/msg/_num.py
[11.413s] -- Installing: /home/mazenbelal/Desktop/ROS2_Projects/ros2_ws/install/custome_messge/local/lib/python3.10/dist-packages/custome_messge/__init__.py
[11.413s] -- Up-to-date: /home/mazenbelal/Desktop/ROS2_Projects/ros2_ws/install/custome_messge/local/lib/python3.10/dist-packages/custome_messge/_custome_messge_s.ep.rosidl_typesupport_fastrtps_c.c
[11.414s] -- Up-to-date: /home/mazenbelal/Desktop/ROS2_Projects/ros2_ws/install/custome_messge/local/lib/python3.10/dist-packages/custome_messge/_custome_messge_s.ep.rosidl_typesupport_c.c
[11.414s] -- Up-to-date: /home/mazenbelal/Desktop/ROS2_Projects/ros2_ws/install/custome_messge/local/lib/python3.10/dist-packages/custome_messge/custome_messge_s__rosidl_typesupport_c.cpython-310-x86_64-linux-gnu.so
[11.414s] -- Up-to-date: /home/mazenbelal/Desktop/ROS2_Projects/ros2_ws/install/custome_messge/local/lib/python3.10/dist-packages/custome_messge/libcustome_messge__rosidl_generator_py.so
[11.414s] -- Up-to-date: /home/mazenbelal/Desktop/ROS2_Projects/ros2_ws/install/custome_messge/local/lib/python3.10/dist-packages/custome_messge/custome_messge_s__rosidl_typesupport_fastrtps_c.cpython-310-x86_64-linux-gnu.so
[11.414s] -- Up-to-date: /home/mazenbelal/Desktop/ROS2_Projects/ros2_ws/install/custome_messge/local/lib/python3.10/dist-packages/custome_messge/custome_messge_s__rosidl_typesupport_introspection_c.cpython-310-x86_64-linux-gnu.so
[11.414s] -- Up-to-date: /home/mazenbelal/Desktop/ROS2_Projects/ros2_ws/install/custome_messge/local/lib/python3.10/dist-packages/custome_messge/_custome_messge_s.ep.rosidl_typesupport_introspection_c.c
[11.462s] Listing '/home/mazenbelal/Desktop/ROS2_Projects/ros2_ws/install/custome_messge/local/lib/python3.10/dist-packages/custome_messge'...
[11.462s] Compiling '/home/mazenbelal/Desktop/ROS2_Projects/ros2_ws/install/custome_messge/local/lib/python3.10/dist-packages/custome_messge/__init__.py'...
[11.462s] Listing '/home/mazenbelal/Desktop/ROS2_Projects/ros2_ws/install/custome_messge/local/lib/python3.10/dist-packages/custome_messge/msg'...
[11.472s] -- Up-to-date: /home/mazenbelal/Desktop/ROS2_Projects/ros2_ws/install/custome_messge/local/lib/python3.10/dist-packages/custome_messge/custome_messge_s__rosidl_typesupport_fastrtps_c.cpython-310-x86_64-linux-gnu.so
[11.472s] -- Up-to-date: /home/mazenbelal/Desktop/ROS2_Projects/ros2_ws/install/custome_messge/local/lib/python3.10/dist-packages/custome_messge/custome_messge_s__rosidl_typesupport_introspection_c.cpython-310-x86_64-linux-gnu.so
[11.472s] -- Up-to-date: /home/mazenbelal/Desktop/ROS2_Projects/ros2_ws/install/custome_messge/local/lib/python3.10/dist-packages/custome_messge/custome_messge_s__rosidl_typesupport_c.cpython-310-x86_64-linux-gnu.so
[11.473s] -- Up-to-date: /home/mazenbelal/Desktop/ROS2_Projects/ros2_ws/install/custome_messge/lib/libcustome_messge__rosidl_generator_py.so
[11.473s] -- Up-to-date: /home/mazenbelal/Desktop/ROS2_Projects/ros2_ws/install/custome_messge/share/custome_messge/msg/Num.idl
[11.474s] -- Up-to-date: /home/mazenbelal/Desktop/ROS2_Projects/ros2_ws/install/custome_messge/share/custome_messge/msg/Num.msg
[11.474s] -- Installing: /home/mazenbelal/Desktop/ROS2_Projects/ros2_ws/install/custome_messge/lib/custome_messge/talker
[11.477s] -- Set runtime path of "/home/mazenbelal/Desktop/ROS2_Projects/ros2_ws/install/custome_messge/lib/custome_messge/talker" to ""
[11.477s] -- Up-to-date: /home/mazenbelal/Desktop/ROS2_Projects/ros2_ws/install/custome_messge/share/ament_index/resource_index/package_run_dependencies/custome_messge
[11.477s] -- Installing: /home/mazenbelal/Desktop/ROS2_Projects/ros2_ws/install/custome_messge/share/ament_index/resource_index/parent_prefix_path/custome_messge
[11.478s] -- Up-to-date: /home/mazenbelal/Desktop/ROS2_Projects/ros2_ws/install/custome_messge/share/custome_messge/environment/ament_prefix_path.sh
[11.478s] -- Installing: /home/mazenbelal/Desktop/ROS2_Projects/ros2_ws/install/custome_messge/share/custome_messge/environment/ament_prefix_path.dsv
[11.478s] -- Up-to-date: /home/mazenbelal/Desktop/ROS2_Projects/ros2_ws/install/custome_messge/share/custome_messge/environment/path.sh
[11.478s] -- Installing: /home/mazenbelal/Desktop/ROS2_Projects/ros2_ws/install/custome_messge/share/custome_messge/environment/path.dsv
[11.479s] -- Up-to-date: /home/mazenbelal/Desktop/ROS2_Projects/ros2_ws/install/custome_messge/share/custome_messge/local_setup.bash
[11.479s] -- Up-to-date: /home/mazenbelal/Desktop/ROS2_Projects/ros2_ws/install/custome_messge/share/custome_messge/local_setup.sh
[11.479s] -- Up-to-date: /home/mazenbelal/Desktop/ROS2_Projects/ros2_ws/install/custome_messge/share/custome_messge/local_setup.zsh
[11.479s] -- Installing: /home/mazenbelal/Desktop/ROS2_Projects/ros2_ws/install/custome_messge/share/custome_messge/local_setup.dsv
[11.480s] -- Installing: /home/mazenbelal/Desktop/ROS2_Projects/ros2_ws/install/custome_messge/share/custome_messge/package.dsv
[11.480s] -- Up-to-date: /home/mazenbelal/Desktop/ROS2_Projects/ros2_ws/install/custome_messge/share/ament_index/resource_index/packages/custome_messge
[11.480s] -- Up-to-date: /home/mazenbelal/Desktop/ROS2_Projects/ros2_ws/install/custome_messge/share/custome_messge/cmake/export_custome_messge__rosidl_generator_cExport.cmake
[11.480s] -- Up-to-date: /home/mazenbelal/Desktop/ROS2_Projects/ros2_ws/install/custome_messge/share/custome_messge/cmake/export_custome_messge__rosidl_generator_cExport-noconfig.cmake
[11.481s] -- Up-to-date: /home/mazenbelal/Desktop/ROS2_Projects/ros2_ws/install/custome_messge/share/custome_messge/cmake/export_custome_messge__rosidl_typesupport_fastrtps_cExport.cmake
[11.481s] -- Up-to-date: /home/mazenbelal/Desktop/ROS2_Projects/ros2_ws/install/custome_messge/share/custome_messge/cmake/export_custome_messge__rosidl_typesupport_fastrtps_cExport-noconfig.cmake
[11.481s] -- Up-to-date: /home/mazenbelal/Desktop/ROS2_Projects/ros2_ws/install/custome_messge/share/custome_messge/cmake/export_custome_messge__rosidl_generator_cppExport.cmake
[11.481s] -- Up-to-date: /home/mazenbelal/Desktop/ROS2_Projects/ros2_ws/install/custome_messge/share/custome_messge/cmake/export_custome_messge__rosidl_typesupport_fastrtps_cppExport.cmake
[11.481s] -- Up-to-date: /home/mazenbelal/Desktop/ROS2_Projects/ros2_ws/install/custome_messge/share/custome_messge/cmake/export_custome_messge__rosidl_typesupport_fastrtps_cppExport-noconfig.cmake
[11.482s] -- Up-to-date: /home/mazenbelal/Desktop/ROS2_Projects/ros2_ws/install/custome_messge/share/custome_messge/cmake/custome_messge__rosidl_typesupport_introspection_cExport.cmake
[11.482s] -- Up-to-date: /home/mazenbelal/Desktop/ROS2_Projects/ros2_ws/install/custome_messge/share/custome_messge/cmake/custome_messge__rosidl_typesupport_introspection_cExport-noconfig.cmake
[11.482s] -- Up-to-date: /home/mazenbelal/Desktop/ROS2_Projects/ros2_ws/install/custome_messge/share/custome_messge/cmake/custome_messge__rosidl_typesupport_cExport.cmake
[11.482s] -- Up-to-date: /home/mazenbelal/Desktop/ROS2_Projects/ros2_ws/install/custome_messge/share/custome_messge/cmake/custome_messge__rosidl_typesupport_cExport-noconfig.cmake
[11.483s] -- Up-to-date: /home/mazenbelal/Desktop/ROS2_Projects/ros2_ws/install/custome_messge/share/custome_messge/cmake/custome_messge__rosidl_typesupport_introspection_cppExport.cmake
[11.483s] -- Up-to-date: /home/mazenbelal/Desktop/ROS2_Projects/ros2_ws/install/custome_messge/share/custome_messge/cmake/custome_messge__rosidl_typesupport_introspection_cppExport-noconfig.cmake
[11.483s] -- Up-to-date: /home/mazenbelal/Desktop/ROS2_Projects/ros2_ws/install/custome_messge/share/custome_messge/cmake/custome_messge__rosidl_typesupport_cppExport.cmake
[11.483s] -- Up-to-date: /home/mazenbelal/Desktop/ROS2_Projects/ros2_ws/install/custome_messge/share/custome_messge/cmake/custome_messge__rosidl_typesupport_cppExport-noconfig.cmake
[11.483s] -- Up-to-date: /home/mazenbelal/Desktop/ROS2_Projects/ros2_ws/install/custome_messge/share/custome_messge/cmake/export_custome_messge__rosidl_generator_pyExport.cmake
[11.483s] -- Up-to-date: /home/mazenbelal/Desktop/ROS2_Projects/ros2_ws/install/custome_messge/share/custome_messge/cmake/export_custome_messge__rosidl_generator_pyExport-noconfig.cmake
[11.484s] -- Up-to-date: /home/mazenbelal/Desktop/ROS2_Projects/ros2_ws/install/custome_messge/share/custome_messge/cmake/rosidl_cmake-extras.cmake
[11.484s] -- Up-to-date: /home/mazenbelal/Desktop/ROS2_Projects/ros2_ws/install/custome_messge/share/custome_messge/cmake/ament_cmake_export_include_directories-extras.cmake
[11.484s] -- Up-to-date: /home/mazenbelal/Desktop/ROS2_Projects/ros2_ws/install/custome_messge/share/custome_messge/cmake/ament_cmake_export_libraries-extras.cmake
[11.484s] -- Up-to-date: /home/mazenbelal/Desktop/ROS2_Projects/ros2_ws/install/custome_messge/share/custome_messge/cmake/ament_cmake_export_targets-extras.cmake
[11.484s] -- Up-to-date: /home/mazenbelal/Desktop/ROS2_Projects/ros2_ws/install/custome_messge/share/custome_messge/cmake/rosidl_cmake_export_typesupport_targets-extras.cmake
[11.484s] -- Up-to-date: /home/mazenbelal/Desktop/ROS2_Projects/ros2_ws/install/custome_messge/share/custome_messge/cmake/ament_cmake_export_dependencies-extras.cmake
[11.485s] -- Up-to-date: /home/mazenbelal/Desktop/ROS2_Projects/ros2_ws/install/custome_messge/share/custome_messge/cmake/rosidl_cmake_export_typesupport_libraries-extras.cmake
[11.485s] -- Up-to-date: /home/mazenbelal/Desktop/ROS2_Projects/ros2_ws/install/custome_messge/share/custome_messge/cmake/custome_messgeConfig.cmake
[11.485s] -- Up-to-date: /home/mazenbelal/Desktop/ROS2_Projects/ros2_ws/install/custome_messge/share/custome_messge/cmake/custome_messgeConfig-version.cmake
[11.485s] -- Installing: /home/mazenbelal/Desktop/ROS2_Projects/ros2_ws/install/custome_messge/share/custome_messge/package.xml
[11.488s] Invoked command in '/home/mazenbelal/Desktop/ROS2_Projects/ros2_ws/build/custome_messge' returned '0': CMAKE_PREFIX_PATH=${CMAKE_PREFIX_PATH}:/opt/ros/humble /usr/bin/cmake --install /home/mazenbelal/Desktop/ROS2_Projects/ros2_ws/build/custome_messge
