-- Found ament_cmake: 1.3.12 (/opt/ros/humble/share/ament_cmake/cmake)
-- Found interface: 0.0.0 (/home/mazenbelal/Desktop/ROS2_Projects/ros2_ws/install/interface/share/interface/cmake)
-- Found rosidl_generator_c: 3.1.7 (/opt/ros/humble/share/rosidl_generator_c/cmake)
-- Found rosidl_adapter: 3.1.7 (/opt/ros/humble/share/rosidl_adapter/cmake)
-- Found rosidl_generator_cpp: 3.1.7 (/opt/ros/humble/share/rosidl_generator_cpp/cmake)
-- Using all available rosidl_typesupport_c: rosidl_typesupport_fastrtps_c;rosidl_typesupport_introspection_c
-- Using all available rosidl_typesupport_cpp: rosidl_typesupport_fastrtps_cpp;rosidl_typesupport_introspection_cpp
-- Found rclcpp: 16.0.15 (/opt/ros/humble/share/rclcpp/cmake)
-- Found rmw_implementation_cmake: 6.1.2 (/opt/ros/humble/share/rmw_implementation_cmake/cmake)
-- Found rmw_fastrtps_cpp: 6.2.9 (/opt/ros/humble/share/rmw_fastrtps_cpp/cmake)
-- Using RMW implementation 'rmw_fastrtps_cpp' as default
-- Configuring done
-- Generating done
-- Build files have been written to: /home/mazenbelal/Desktop/ROS2_Projects/ros2_ws/build/add_two_ints
[35m[1mConsolidate compiler generated dependencies of target add_two_ints_server[0m
[ 25%] [32mBuilding CXX object CMakeFiles/add_two_ints_client.dir/src/add_two_ints_client.cpp.o[0m
[ 75%] Built target add_two_ints_server
[100%] [32m[1mLinking CXX executable add_two_ints_client[0m
[100%] Built target add_two_ints_client
-- Install configuration: ""
-- Up-to-date: /home/mazenbelal/Desktop/ROS2_Projects/ros2_ws/install/add_two_ints/lib/add_two_ints/add_two_ints_server
-- Installing: /home/mazenbelal/Desktop/ROS2_Projects/ros2_ws/install/add_two_ints/lib/add_two_ints/add_two_ints_client
-- Set runtime path of "/home/mazenbelal/Desktop/ROS2_Projects/ros2_ws/install/add_two_ints/lib/add_two_ints/add_two_ints_client" to ""
-- Up-to-date: /home/mazenbelal/Desktop/ROS2_Projects/ros2_ws/install/add_two_ints/share/ament_index/resource_index/package_run_dependencies/add_two_ints
-- Installing: /home/mazenbelal/Desktop/ROS2_Projects/ros2_ws/install/add_two_ints/share/ament_index/resource_index/parent_prefix_path/add_two_ints
-- Up-to-date: /home/mazenbelal/Desktop/ROS2_Projects/ros2_ws/install/add_two_ints/share/add_two_ints/environment/ament_prefix_path.sh
-- Installing: /home/mazenbelal/Desktop/ROS2_Projects/ros2_ws/install/add_two_ints/share/add_two_ints/environment/ament_prefix_path.dsv
-- Up-to-date: /home/mazenbelal/Desktop/ROS2_Projects/ros2_ws/install/add_two_ints/share/add_two_ints/environment/path.sh
-- Installing: /home/mazenbelal/Desktop/ROS2_Projects/ros2_ws/install/add_two_ints/share/add_two_ints/environment/path.dsv
-- Up-to-date: /home/mazenbelal/Desktop/ROS2_Projects/ros2_ws/install/add_two_ints/share/add_two_ints/local_setup.bash
-- Up-to-date: /home/mazenbelal/Desktop/ROS2_Projects/ros2_ws/install/add_two_ints/share/add_two_ints/local_setup.sh
-- Up-to-date: /home/mazenbelal/Desktop/ROS2_Projects/ros2_ws/install/add_two_ints/share/add_two_ints/local_setup.zsh
-- Installing: /home/mazenbelal/Desktop/ROS2_Projects/ros2_ws/install/add_two_ints/share/add_two_ints/local_setup.dsv
-- Installing: /home/mazenbelal/Desktop/ROS2_Projects/ros2_ws/install/add_two_ints/share/add_two_ints/package.dsv
-- Up-to-date: /home/mazenbelal/Desktop/ROS2_Projects/ros2_ws/install/add_two_ints/share/ament_index/resource_index/packages/add_two_ints
-- Up-to-date: /home/mazenbelal/Desktop/ROS2_Projects/ros2_ws/install/add_two_ints/share/add_two_ints/cmake/add_two_intsConfig.cmake
-- Up-to-date: /home/mazenbelal/Desktop/ROS2_Projects/ros2_ws/install/add_two_ints/share/add_two_ints/cmake/add_two_intsConfig-version.cmake
-- Up-to-date: /home/mazenbelal/Desktop/ROS2_Projects/ros2_ws/install/add_two_ints/share/add_two_ints/package.xml
