[0.033s] Invoking command in '/home/mazenbelal/Desktop/ROS2_Projects/ros2_ws/build/add_two_ints': CMAKE_PREFIX_PATH=${CMAKE_PREFIX_PATH}:/opt/ros/humble /usr/bin/cmake --build /home/mazenbelal/Desktop/ROS2_Projects/ros2_ws/build/add_two_ints -- -j4 -l4
[0.107s] -- Found ament_cmake: 1.3.12 (/opt/ros/humble/share/ament_cmake/cmake)
[0.430s] -- Found interface: 0.0.0 (/home/mazenbelal/Desktop/ROS2_Projects/ros2_ws/install/interface/share/interface/cmake)
[0.476s] -- Found rosidl_generator_c: 3.1.7 (/opt/ros/humble/share/rosidl_generator_c/cmake)
[0.480s] -- Found rosidl_adapter: 3.1.7 (/opt/ros/humble/share/rosidl_adapter/cmake)
[0.495s] -- Found rosidl_generator_cpp: 3.1.7 (/opt/ros/humble/share/rosidl_generator_cpp/cmake)
[0.515s] -- Using all available rosidl_typesupport_c: rosidl_typesupport_fastrtps_c;rosidl_typesupport_introspection_c
[0.543s] -- Using all available rosidl_typesupport_cpp: rosidl_typesupport_fastrtps_cpp;rosidl_typesupport_introspection_cpp
[0.595s] -- Found rclcpp: 16.0.15 (/opt/ros/humble/share/rclcpp/cmake)
[0.678s] -- Found rmw_implementation_cmake: 6.1.2 (/opt/ros/humble/share/rmw_implementation_cmake/cmake)
[0.678s] -- Found rmw_fastrtps_cpp: 6.2.9 (/opt/ros/humble/share/rmw_fastrtps_cpp/cmake)
[0.898s] -- Using RMW implementation 'rmw_fastrtps_cpp' as default
[1.128s] -- Configuring done
[1.159s] -- Generating done
[1.170s] -- Build files have been written to: /home/mazenbelal/Desktop/ROS2_Projects/ros2_ws/build/add_two_ints
[1.219s] [35m[1mConsolidate compiler generated dependencies of target add_two_ints_server[0m
[1.244s] [ 25%] [32mBuilding CXX object CMakeFiles/add_two_ints_client.dir/src/add_two_ints_client.cpp.o[0m
[1.262s] [ 75%] Built target add_two_ints_server
[8.556s] [100%] [32m[1mLinking CXX executable add_two_ints_client[0m
[8.922s] [100%] Built target add_two_ints_client
[8.945s] Invoked command in '/home/mazenbelal/Desktop/ROS2_Projects/ros2_ws/build/add_two_ints' returned '0': CMAKE_PREFIX_PATH=${CMAKE_PREFIX_PATH}:/opt/ros/humble /usr/bin/cmake --build /home/mazenbelal/Desktop/ROS2_Projects/ros2_ws/build/add_two_ints -- -j4 -l4
[8.968s] Invoking command in '/home/mazenbelal/Desktop/ROS2_Projects/ros2_ws/build/add_two_ints': CMAKE_PREFIX_PATH=${CMAKE_PREFIX_PATH}:/opt/ros/humble /usr/bin/cmake --install /home/mazenbelal/Desktop/ROS2_Projects/ros2_ws/build/add_two_ints
[8.983s] -- Install configuration: ""
[8.983s] -- Up-to-date: /home/mazenbelal/Desktop/ROS2_Projects/ros2_ws/install/add_two_ints/lib/add_two_ints/add_two_ints_server
[8.984s] -- Installing: /home/mazenbelal/Desktop/ROS2_Projects/ros2_ws/install/add_two_ints/lib/add_two_ints/add_two_ints_client
[8.986s] -- Set runtime path of "/home/mazenbelal/Desktop/ROS2_Projects/ros2_ws/install/add_two_ints/lib/add_two_ints/add_two_ints_client" to ""
[8.986s] -- Up-to-date: /home/mazenbelal/Desktop/ROS2_Projects/ros2_ws/install/add_two_ints/share/ament_index/resource_index/package_run_dependencies/add_two_ints
[8.986s] -- Installing: /home/mazenbelal/Desktop/ROS2_Projects/ros2_ws/install/add_two_ints/share/ament_index/resource_index/parent_prefix_path/add_two_ints
[8.991s] -- Up-to-date: /home/mazenbelal/Desktop/ROS2_Projects/ros2_ws/install/add_two_ints/share/add_two_ints/environment/ament_prefix_path.sh
[8.991s] -- Installing: /home/mazenbelal/Desktop/ROS2_Projects/ros2_ws/install/add_two_ints/share/add_two_ints/environment/ament_prefix_path.dsv
[9.000s] -- Up-to-date: /home/mazenbelal/Desktop/ROS2_Projects/ros2_ws/install/add_two_ints/share/add_two_ints/environment/path.sh
[9.003s] -- Installing: /home/mazenbelal/Desktop/ROS2_Projects/ros2_ws/install/add_two_ints/share/add_two_ints/environment/path.dsv
[9.004s] -- Up-to-date: /home/mazenbelal/Desktop/ROS2_Projects/ros2_ws/install/add_two_ints/share/add_two_ints/local_setup.bash
[9.004s] -- Up-to-date: /home/mazenbelal/Desktop/ROS2_Projects/ros2_ws/install/add_two_ints/share/add_two_ints/local_setup.sh
[9.004s] -- Up-to-date: /home/mazenbelal/Desktop/ROS2_Projects/ros2_ws/install/add_two_ints/share/add_two_ints/local_setup.zsh
[9.004s] -- Installing: /home/mazenbelal/Desktop/ROS2_Projects/ros2_ws/install/add_two_ints/share/add_two_ints/local_setup.dsv
[9.004s] -- Installing: /home/mazenbelal/Desktop/ROS2_Projects/ros2_ws/install/add_two_ints/share/add_two_ints/package.dsv
[9.005s] -- Up-to-date: /home/mazenbelal/Desktop/ROS2_Projects/ros2_ws/install/add_two_ints/share/ament_index/resource_index/packages/add_two_ints
[9.005s] -- Up-to-date: /home/mazenbelal/Desktop/ROS2_Projects/ros2_ws/install/add_two_ints/share/add_two_ints/cmake/add_two_intsConfig.cmake
[9.005s] -- Up-to-date: /home/mazenbelal/Desktop/ROS2_Projects/ros2_ws/install/add_two_ints/share/add_two_ints/cmake/add_two_intsConfig-version.cmake
[9.005s] -- Up-to-date: /home/mazenbelal/Desktop/ROS2_Projects/ros2_ws/install/add_two_ints/share/add_two_ints/package.xml
[9.015s] Invoked command in '/home/mazenbelal/Desktop/ROS2_Projects/ros2_ws/build/add_two_ints' returned '0': CMAKE_PREFIX_PATH=${CMAKE_PREFIX_PATH}:/opt/ros/humble /usr/bin/cmake --install /home/mazenbelal/Desktop/ROS2_Projects/ros2_ws/build/add_two_ints
