[0.015s] Invoking command in '/home/mazenbelal/Desktop/ROS2_Projects/ros2_ws/build/custome_messge': /usr/bin/cmake /home/mazenbelal/Desktop/ROS2_Projects/ros2_ws/src/custome_messge -DCMAKE_INSTALL_PREFIX=/home/mazenbelal/Desktop/ROS2_Projects/ros2_ws/install/custome_messge
[0.040s] -- Found ament_cmake: 1.3.12 (/opt/ros/humble/share/ament_cmake/cmake)
[0.275s] -- Found ament_lint_auto: 0.12.14 (/opt/ros/humble/share/ament_lint_auto/cmake)
[0.383s] Error parsing '/home/mazenbelal/Desktop/ROS2_Projects/ros2_ws/src/custome_messge/package.xml':
[0.477s] Traceback (most recent call last):
[0.478s]   File "/opt/ros/humble/share/ament_cmake_core/cmake/core/package_xml_2_cmake.py", line 150, in <module>
[0.478s]     main()
[0.478s]   File "/opt/ros/humble/share/ament_cmake_core/cmake/core/package_xml_2_cmake.py", line 53, in main
[0.478s]     raise e
[0.478s]   File "/opt/ros/humble/share/ament_cmake_core/cmake/core/package_xml_2_cmake.py", line 49, in main
[0.479s]     package = parse_package_string(
[0.479s]   File "/usr/lib/python3/dist-packages/catkin_pkg/package.py", line 786, in parse_package_string
[0.479s]     raise InvalidPackage('Error(s):%s' % (''.join(['\n- %s' % e for e in errors])), filename)
[0.479s] catkin_pkg.package.InvalidPackage: Error(s) in package '/home/mazenbelal/Desktop/ROS2_Projects/ros2_ws/src/custome_messge/package.xml':
[0.479s] Error(s):
[0.480s] - The manifest of package "custome_messge" (with format version 3) must not contain the following tags: build_type_depend, member_of_depend
[0.515s] [31mCMake Error at /opt/ros/humble/share/ament_cmake_core/cmake/core/ament_package_xml.cmake:95 (message):
[0.515s]   execute_process(/usr/bin/python3
[0.516s]   /opt/ros/humble/share/ament_cmake_core/cmake/core/package_xml_2_cmake.py
[0.516s]   /home/mazenbelal/Desktop/ROS2_Projects/ros2_ws/src/custome_messge/package.xml
[0.516s]   /home/mazenbelal/Desktop/ROS2_Projects/ros2_ws/build/custome_messge/ament_cmake_core/package.cmake)
[0.516s]   returned error code 1
[0.516s] Call Stack (most recent call first):
[0.516s]   /opt/ros/humble/share/ament_cmake_core/cmake/core/ament_package_xml.cmake:49 (_ament_package_xml)
[0.517s]   /opt/ros/humble/share/ament_lint_auto/cmake/ament_lint_auto_find_test_dependencies.cmake:31 (ament_package_xml)
[0.517s]   CMakeLists.txt:23 (ament_lint_auto_find_test_dependencies)
[0.517s] 
[0.517s] [0m
[0.519s] -- Configuring incomplete, errors occurred!
[0.519s] See also "/home/mazenbelal/Desktop/ROS2_Projects/ros2_ws/build/custome_messge/CMakeFiles/CMakeOutput.log".
[0.524s] Invoked command in '/home/mazenbelal/Desktop/ROS2_Projects/ros2_ws/build/custome_messge' returned '1': /usr/bin/cmake /home/mazenbelal/Desktop/ROS2_Projects/ros2_ws/src/custome_messge -DCMAKE_INSTALL_PREFIX=/home/mazenbelal/Desktop/ROS2_Projects/ros2_ws/install/custome_messge
