[0.030s] Invoking command in '/home/mazenbelal/Desktop/ROS2_Projects/ros2_ws/build/custome_messge': CMAKE_PREFIX_PATH=${CMAKE_PREFIX_PATH}:/opt/ros/humble /usr/bin/cmake --build /home/mazenbelal/Desktop/ROS2_Projects/ros2_ws/build/custome_messge -- -j4 -l4
[0.160s] [35m[1mConsolidate compiler generated dependencies of target talker[0m
[0.239s] [  3%] [32mBuilding CXX object CMakeFiles/talker.dir/src/pub.cpp.o[0m
[0.244s] [  6%] Built target custome_messge__cpp
[0.244s] [ 15%] Built target custome_messge__rosidl_generator_c
[0.265s] [ 15%] Built target ament_cmake_python_copy_custome_messge
[0.368s] [ 24%] Built target custome_messge__rosidl_typesupport_introspection_c
[0.372s] [ 33%] Built target custome_messge__rosidl_typesupport_fastrtps_c
[0.386s] [ 42%] Built target custome_messge__rosidl_typesupport_c
[0.468s] [ 51%] Built target custome_messge__rosidl_typesupport_cpp
[0.468s] [ 60%] Built target custome_messge__rosidl_typesupport_introspection_cpp
[0.541s] [ 69%] Built target custome_messge__rosidl_typesupport_fastrtps_cpp
[0.680s] [ 69%] Built target custome_messge
[0.771s] [ 72%] Built target custome_messge__py
[0.913s] [ 78%] Built target custome_messge__rosidl_generator_py
[1.099s] [ 84%] Built target custome_messge__rosidl_typesupport_fastrtps_c__pyext
[1.105s] [ 90%] Built target custome_messge__rosidl_typesupport_introspection_c__pyext
[1.213s] [01m[K/home/mazenbelal/Desktop/ROS2_Projects/ros2_ws/src/custome_messge/src/pub.cpp:8:10:[m[K [01;31m[Kfatal error: [m[Kcustome_messge/msg/num.hpp: No such file or directory
[1.213s]     8 | #include [01;31m[K"custome_messge/msg/num.hpp"[m[K
[1.214s]       |          [01;31m[K^~~~~~~~~~~~~~~~~~~~~~~~~~~~[m[K
[1.214s] compilation terminated.
[1.228s] [ 96%] Built target custome_messge__rosidl_typesupport_c__pyext
[1.233s] gmake[2]: *** [CMakeFiles/talker.dir/build.make:76: CMakeFiles/talker.dir/src/pub.cpp.o] Error 1
[1.238s] gmake[1]: *** [CMakeFiles/Makefile2:592: CMakeFiles/talker.dir/all] Error 2
[1.241s] gmake[1]: *** Waiting for unfinished jobs....
[1.385s] running egg_info
[1.385s] writing custome_messge.egg-info/PKG-INFO
[1.387s] writing dependency_links to custome_messge.egg-info/dependency_links.txt
[1.389s] writing top-level names to custome_messge.egg-info/top_level.txt
[1.396s] reading manifest file 'custome_messge.egg-info/SOURCES.txt'
[1.398s] writing manifest file 'custome_messge.egg-info/SOURCES.txt'
[1.505s] [ 96%] Built target ament_cmake_python_build_custome_messge_egg
[1.507s] gmake: *** [Makefile:146: all] Error 2
[1.515s] Invoked command in '/home/mazenbelal/Desktop/ROS2_Projects/ros2_ws/build/custome_messge' returned '2': CMAKE_PREFIX_PATH=${CMAKE_PREFIX_PATH}:/opt/ros/humble /usr/bin/cmake --build /home/mazenbelal/Desktop/ROS2_Projects/ros2_ws/build/custome_messge -- -j4 -l4
