[0.440s] DEBUG:colcon:Command line arguments: ['/usr/bin/colcon', 'build']
[0.440s] DEBUG:colcon:Parsed command line arguments: Namespace(log_base=None, log_level=None, verb_name='build', build_base='build', install_base='install', merge_install=False, symlink_install=False, test_result_base=None, continue_on_error=False, executor='parallel', parallel_workers=4, event_handlers=None, ignore_user_meta=False, metas=['./colcon.meta'], base_paths=['.'], packages_ignore=None, packages_ignore_regex=None, paths=None, packages_up_to=None, packages_up_to_regex=None, packages_above=None, packages_above_and_dependencies=None, packages_above_depth=None, packages_select_by_dep=None, packages_skip_by_dep=None, packages_skip_up_to=None, packages_select_build_failed=False, packages_skip_build_finished=False, packages_select_test_failures=False, packages_skip_test_passed=False, packages_select=None, packages_skip=None, packages_select_regex=None, packages_skip_regex=None, packages_start=None, packages_end=None, allow_overriding=[], cmake_args=None, cmake_target=None, cmake_target_skip_unavailable=False, cmake_clean_cache=False, cmake_clean_first=False, cmake_force_configure=False, ament_cmake_args=None, catkin_cmake_args=None, catkin_skip_building_tests=False, mixin_files=None, mixin=None, verb_parser=<colcon_mixin.mixin.mixin_argument.MixinArgumentDecorator object at 0x7f06d2c5a140>, verb_extension=<colcon_core.verb.build.BuildVerb object at 0x7f06d2c59ab0>, main=<bound method BuildVerb.main of <colcon_core.verb.build.BuildVerb object at 0x7f06d2c59ab0>>, mixin_verb=('build',))
[1.151s] Level 1:colcon.colcon_core.package_discovery:discover_packages(colcon_meta) check parameters
[1.152s] Level 1:colcon.colcon_core.package_discovery:discover_packages(recursive) check parameters
[1.152s] Level 1:colcon.colcon_core.package_discovery:discover_packages(ignore) check parameters
[1.152s] Level 1:colcon.colcon_core.package_discovery:discover_packages(path) check parameters
[1.152s] Level 1:colcon.colcon_core.package_discovery:discover_packages(colcon_meta) discover
[1.152s] Level 1:colcon.colcon_core.package_discovery:discover_packages(recursive) discover
[1.152s] INFO:colcon.colcon_core.package_discovery:Crawling recursively for packages in '/home/mazenbelal/Desktop/ROS2_Projects/ros2_ws'
[1.153s] Level 1:colcon.colcon_core.package_identification:_identify(.) by extensions ['ignore', 'ignore_ament_install']
[1.154s] Level 1:colcon.colcon_core.package_identification:_identify(.) by extension 'ignore'
[1.154s] Level 1:colcon.colcon_core.package_identification:_identify(.) by extension 'ignore_ament_install'
[1.155s] Level 1:colcon.colcon_core.package_identification:_identify(.) by extensions ['colcon_pkg']
[1.155s] Level 1:colcon.colcon_core.package_identification:_identify(.) by extension 'colcon_pkg'
[1.155s] Level 1:colcon.colcon_core.package_identification:_identify(.) by extensions ['colcon_meta']
[1.155s] Level 1:colcon.colcon_core.package_identification:_identify(.) by extension 'colcon_meta'
[1.155s] Level 1:colcon.colcon_core.package_identification:_identify(.) by extensions ['ros']
[1.155s] Level 1:colcon.colcon_core.package_identification:_identify(.) by extension 'ros'
[1.224s] Level 1:colcon.colcon_core.package_identification:_identify(.) by extensions ['cmake', 'python']
[1.224s] Level 1:colcon.colcon_core.package_identification:_identify(.) by extension 'cmake'
[1.225s] Level 1:colcon.colcon_core.package_identification:_identify(.) by extension 'python'
[1.225s] Level 1:colcon.colcon_core.package_identification:_identify(.) by extensions ['python_setup_py']
[1.225s] Level 1:colcon.colcon_core.package_identification:_identify(.) by extension 'python_setup_py'
[1.225s] Level 1:colcon.colcon_core.package_identification:_identify(build) by extensions ['ignore', 'ignore_ament_install']
[1.225s] Level 1:colcon.colcon_core.package_identification:_identify(build) by extension 'ignore'
[1.226s] Level 1:colcon.colcon_core.package_identification:_identify(build) ignored
[1.226s] Level 1:colcon.colcon_core.package_identification:_identify(install) by extensions ['ignore', 'ignore_ament_install']
[1.226s] Level 1:colcon.colcon_core.package_identification:_identify(install) by extension 'ignore'
[1.227s] Level 1:colcon.colcon_core.package_identification:_identify(install) ignored
[1.227s] Level 1:colcon.colcon_core.package_identification:_identify(log) by extensions ['ignore', 'ignore_ament_install']
[1.228s] Level 1:colcon.colcon_core.package_identification:_identify(log) by extension 'ignore'
[1.228s] Level 1:colcon.colcon_core.package_identification:_identify(log) ignored
[1.229s] Level 1:colcon.colcon_core.package_identification:_identify(src) by extensions ['ignore', 'ignore_ament_install']
[1.229s] Level 1:colcon.colcon_core.package_identification:_identify(src) by extension 'ignore'
[1.230s] Level 1:colcon.colcon_core.package_identification:_identify(src) by extension 'ignore_ament_install'
[1.230s] Level 1:colcon.colcon_core.package_identification:_identify(src) by extensions ['colcon_pkg']
[1.230s] Level 1:colcon.colcon_core.package_identification:_identify(src) by extension 'colcon_pkg'
[1.230s] Level 1:colcon.colcon_core.package_identification:_identify(src) by extensions ['colcon_meta']
[1.230s] Level 1:colcon.colcon_core.package_identification:_identify(src) by extension 'colcon_meta'
[1.230s] Level 1:colcon.colcon_core.package_identification:_identify(src) by extensions ['ros']
[1.230s] Level 1:colcon.colcon_core.package_identification:_identify(src) by extension 'ros'
[1.231s] Level 1:colcon.colcon_core.package_identification:_identify(src) by extensions ['cmake', 'python']
[1.231s] Level 1:colcon.colcon_core.package_identification:_identify(src) by extension 'cmake'
[1.231s] Level 1:colcon.colcon_core.package_identification:_identify(src) by extension 'python'
[1.232s] Level 1:colcon.colcon_core.package_identification:_identify(src) by extensions ['python_setup_py']
[1.232s] Level 1:colcon.colcon_core.package_identification:_identify(src) by extension 'python_setup_py'
[1.232s] Level 1:colcon.colcon_core.package_identification:_identify(src/custome_messge) by extensions ['ignore', 'ignore_ament_install']
[1.233s] Level 1:colcon.colcon_core.package_identification:_identify(src/custome_messge) by extension 'ignore'
[1.233s] Level 1:colcon.colcon_core.package_identification:_identify(src/custome_messge) by extension 'ignore_ament_install'
[1.233s] Level 1:colcon.colcon_core.package_identification:_identify(src/custome_messge) by extensions ['colcon_pkg']
[1.233s] Level 1:colcon.colcon_core.package_identification:_identify(src/custome_messge) by extension 'colcon_pkg'
[1.233s] Level 1:colcon.colcon_core.package_identification:_identify(src/custome_messge) by extensions ['colcon_meta']
[1.234s] Level 1:colcon.colcon_core.package_identification:_identify(src/custome_messge) by extension 'colcon_meta'
[1.234s] Level 1:colcon.colcon_core.package_identification:_identify(src/custome_messge) by extensions ['ros']
[1.234s] Level 1:colcon.colcon_core.package_identification:_identify(src/custome_messge) by extension 'ros'
[1.247s] DEBUG:colcon.colcon_core.package_identification:Package 'src/custome_messge' with type 'ros.ament_cmake' and name 'custome_messge'
[1.248s] Level 1:colcon.colcon_core.package_discovery:discover_packages(recursive) using defaults
[1.248s] Level 1:colcon.colcon_core.package_discovery:discover_packages(ignore) discover
[1.248s] Level 1:colcon.colcon_core.package_discovery:discover_packages(ignore) using defaults
[1.248s] Level 1:colcon.colcon_core.package_discovery:discover_packages(path) discover
[1.249s] Level 1:colcon.colcon_core.package_discovery:discover_packages(path) using defaults
[1.371s] Level 1:colcon.colcon_core.package_discovery:discover_packages(prefix_path) check parameters
[1.371s] Level 1:colcon.colcon_core.package_discovery:discover_packages(prefix_path) discover
[1.378s] DEBUG:colcon.colcon_installed_package_information.package_discovery:Found 1 installed packages in /home/mazenbelal/Desktop/ROS2_Projects/ros2_ws/install
[1.380s] DEBUG:colcon.colcon_installed_package_information.package_discovery:Found 1 installed packages in /home/mazenbelal/Desktop/ROS2_Projects/First_Project/install
[1.384s] DEBUG:colcon.colcon_installed_package_information.package_discovery:Found 271 installed packages in /opt/ros/humble
[1.389s] Level 1:colcon.colcon_core.package_discovery:discover_packages(prefix_path) using defaults
[1.500s] Level 5:colcon.colcon_core.verb:set package 'custome_messge' build argument 'cmake_args' from command line to 'None'
[1.500s] Level 5:colcon.colcon_core.verb:set package 'custome_messge' build argument 'cmake_target' from command line to 'None'
[1.500s] Level 5:colcon.colcon_core.verb:set package 'custome_messge' build argument 'cmake_target_skip_unavailable' from command line to 'False'
[1.500s] Level 5:colcon.colcon_core.verb:set package 'custome_messge' build argument 'cmake_clean_cache' from command line to 'False'
[1.500s] Level 5:colcon.colcon_core.verb:set package 'custome_messge' build argument 'cmake_clean_first' from command line to 'False'
[1.500s] Level 5:colcon.colcon_core.verb:set package 'custome_messge' build argument 'cmake_force_configure' from command line to 'False'
[1.500s] Level 5:colcon.colcon_core.verb:set package 'custome_messge' build argument 'ament_cmake_args' from command line to 'None'
[1.500s] Level 5:colcon.colcon_core.verb:set package 'custome_messge' build argument 'catkin_cmake_args' from command line to 'None'
[1.500s] Level 5:colcon.colcon_core.verb:set package 'custome_messge' build argument 'catkin_skip_building_tests' from command line to 'False'
[1.500s] DEBUG:colcon.colcon_core.verb:Building package 'custome_messge' with the following arguments: {'ament_cmake_args': None, 'build_base': '/home/mazenbelal/Desktop/ROS2_Projects/ros2_ws/build/custome_messge', 'catkin_cmake_args': None, 'catkin_skip_building_tests': False, 'cmake_args': None, 'cmake_clean_cache': False, 'cmake_clean_first': False, 'cmake_force_configure': False, 'cmake_target': None, 'cmake_target_skip_unavailable': False, 'install_base': '/home/mazenbelal/Desktop/ROS2_Projects/ros2_ws/install/custome_messge', 'merge_install': False, 'path': '/home/mazenbelal/Desktop/ROS2_Projects/ros2_ws/src/custome_messge', 'symlink_install': False, 'test_result_base': None}
[1.500s] INFO:colcon.colcon_core.executor:Executing jobs using 'parallel' executor
[1.502s] DEBUG:colcon.colcon_parallel_executor.executor.parallel:run_until_complete
[1.502s] INFO:colcon.colcon_ros.task.ament_cmake.build:Building ROS package in '/home/mazenbelal/Desktop/ROS2_Projects/ros2_ws/src/custome_messge' with build type 'ament_cmake'
[1.502s] INFO:colcon.colcon_cmake.task.cmake.build:Building CMake package in '/home/mazenbelal/Desktop/ROS2_Projects/ros2_ws/src/custome_messge'
[1.506s] INFO:colcon.colcon_core.plugin_system:Skipping extension 'colcon_core.shell.bat': Not used on non-Windows systems
[1.506s] INFO:colcon.colcon_core.shell:Skip shell extension 'powershell' for command environment: Not usable outside of PowerShell
[1.506s] DEBUG:colcon.colcon_core.shell:Skip shell extension 'dsv' for command environment
[1.559s] DEBUG:colcon.colcon_core.event_handler.log_command:Invoking command in '/home/mazenbelal/Desktop/ROS2_Projects/ros2_ws/build/custome_messge': CMAKE_PREFIX_PATH=${CMAKE_PREFIX_PATH}:/opt/ros/humble /usr/bin/cmake --build /home/mazenbelal/Desktop/ROS2_Projects/ros2_ws/build/custome_messge -- -j4 -l4
[2.660s] Level 1:colcon.colcon_core.environment:create_environment_scripts_only(custome_messge)
[2.661s] DEBUG:colcon.colcon_core.event_handler.log_command:Invoked command in '/home/mazenbelal/Desktop/ROS2_Projects/ros2_ws/build/custome_messge' returned '2': CMAKE_PREFIX_PATH=${CMAKE_PREFIX_PATH}:/opt/ros/humble /usr/bin/cmake --build /home/mazenbelal/Desktop/ROS2_Projects/ros2_ws/build/custome_messge -- -j4 -l4
[2.670s] Level 1:colcon.colcon_core.environment:checking '/home/mazenbelal/Desktop/ROS2_Projects/ros2_ws/install/custome_messge' for CMake module files
[2.673s] Level 1:colcon.colcon_core.environment:checking '/home/mazenbelal/Desktop/ROS2_Projects/ros2_ws/install/custome_messge' for CMake config files
[2.675s] Level 1:colcon.colcon_core.shell:create_environment_hook('custome_messge', 'cmake_prefix_path')
[2.676s] INFO:colcon.colcon_core.shell:Creating environment hook '/home/mazenbelal/Desktop/ROS2_Projects/ros2_ws/install/custome_messge/share/custome_messge/hook/cmake_prefix_path.ps1'
[2.679s] INFO:colcon.colcon_core.shell:Creating environment descriptor '/home/mazenbelal/Desktop/ROS2_Projects/ros2_ws/install/custome_messge/share/custome_messge/hook/cmake_prefix_path.dsv'
[2.680s] INFO:colcon.colcon_core.shell:Creating environment hook '/home/mazenbelal/Desktop/ROS2_Projects/ros2_ws/install/custome_messge/share/custome_messge/hook/cmake_prefix_path.sh'
[2.683s] Level 1:colcon.colcon_core.environment:checking '/home/mazenbelal/Desktop/ROS2_Projects/ros2_ws/install/custome_messge/lib'
[2.684s] Level 1:colcon.colcon_core.shell:create_environment_hook('custome_messge', 'ld_library_path_lib')
[2.684s] INFO:colcon.colcon_core.shell:Creating environment hook '/home/mazenbelal/Desktop/ROS2_Projects/ros2_ws/install/custome_messge/share/custome_messge/hook/ld_library_path_lib.ps1'
[2.685s] INFO:colcon.colcon_core.shell:Creating environment descriptor '/home/mazenbelal/Desktop/ROS2_Projects/ros2_ws/install/custome_messge/share/custome_messge/hook/ld_library_path_lib.dsv'
[2.686s] INFO:colcon.colcon_core.shell:Creating environment hook '/home/mazenbelal/Desktop/ROS2_Projects/ros2_ws/install/custome_messge/share/custome_messge/hook/ld_library_path_lib.sh'
[2.687s] Level 1:colcon.colcon_core.environment:checking '/home/mazenbelal/Desktop/ROS2_Projects/ros2_ws/install/custome_messge/bin'
[2.687s] Level 1:colcon.colcon_core.environment:checking '/home/mazenbelal/Desktop/ROS2_Projects/ros2_ws/install/custome_messge/lib/pkgconfig/custome_messge.pc'
[2.687s] Level 1:colcon.colcon_core.environment:checking '/home/mazenbelal/Desktop/ROS2_Projects/ros2_ws/install/custome_messge/lib/python3.10/site-packages'
[2.688s] Level 1:colcon.colcon_core.environment:checking '/home/mazenbelal/Desktop/ROS2_Projects/ros2_ws/install/custome_messge/bin'
[2.688s] INFO:colcon.colcon_core.shell:Creating package script '/home/mazenbelal/Desktop/ROS2_Projects/ros2_ws/install/custome_messge/share/custome_messge/package.ps1'
[2.690s] INFO:colcon.colcon_core.shell:Creating package descriptor '/home/mazenbelal/Desktop/ROS2_Projects/ros2_ws/install/custome_messge/share/custome_messge/package.dsv'
[2.690s] INFO:colcon.colcon_core.shell:Creating package script '/home/mazenbelal/Desktop/ROS2_Projects/ros2_ws/install/custome_messge/share/custome_messge/package.sh'
[2.692s] INFO:colcon.colcon_core.shell:Creating package script '/home/mazenbelal/Desktop/ROS2_Projects/ros2_ws/install/custome_messge/share/custome_messge/package.bash'
[2.695s] INFO:colcon.colcon_core.shell:Creating package script '/home/mazenbelal/Desktop/ROS2_Projects/ros2_ws/install/custome_messge/share/custome_messge/package.zsh'
[2.698s] Level 1:colcon.colcon_core.environment:create_file_with_runtime_dependencies(/home/mazenbelal/Desktop/ROS2_Projects/ros2_ws/install/custome_messge/share/colcon-core/packages/custome_messge)
[2.712s] DEBUG:colcon.colcon_parallel_executor.executor.parallel:closing loop
[2.713s] DEBUG:colcon.colcon_parallel_executor.executor.parallel:loop closed
[2.713s] DEBUG:colcon.colcon_parallel_executor.executor.parallel:run_until_complete finished with '2'
[2.713s] DEBUG:colcon.colcon_core.event_reactor:joining thread
[2.755s] INFO:colcon.colcon_core.plugin_system:Skipping extension 'colcon_notification.desktop_notification.terminal_notifier': Not used on non-Darwin systems
[2.756s] INFO:colcon.colcon_core.plugin_system:Skipping extension 'colcon_notification.desktop_notification.win32': Not used on non-Windows systems
[2.756s] INFO:colcon.colcon_notification.desktop_notification:Sending desktop notification using 'notify2'
[2.810s] DEBUG:colcon.colcon_core.event_reactor:joined thread
[2.811s] INFO:colcon.colcon_core.shell:Creating prefix script '/home/mazenbelal/Desktop/ROS2_Projects/ros2_ws/install/local_setup.ps1'
[2.813s] INFO:colcon.colcon_core.shell:Creating prefix util module '/home/mazenbelal/Desktop/ROS2_Projects/ros2_ws/install/_local_setup_util_ps1.py'
[2.818s] INFO:colcon.colcon_core.shell:Creating prefix chain script '/home/mazenbelal/Desktop/ROS2_Projects/ros2_ws/install/setup.ps1'
[2.822s] INFO:colcon.colcon_core.shell:Creating prefix script '/home/mazenbelal/Desktop/ROS2_Projects/ros2_ws/install/local_setup.sh'
[2.823s] INFO:colcon.colcon_core.shell:Creating prefix util module '/home/mazenbelal/Desktop/ROS2_Projects/ros2_ws/install/_local_setup_util_sh.py'
[2.824s] INFO:colcon.colcon_core.shell:Creating prefix chain script '/home/mazenbelal/Desktop/ROS2_Projects/ros2_ws/install/setup.sh'
[2.829s] INFO:colcon.colcon_core.shell:Creating prefix script '/home/mazenbelal/Desktop/ROS2_Projects/ros2_ws/install/local_setup.bash'
[2.830s] INFO:colcon.colcon_core.shell:Creating prefix chain script '/home/mazenbelal/Desktop/ROS2_Projects/ros2_ws/install/setup.bash'
[2.832s] INFO:colcon.colcon_core.shell:Creating prefix script '/home/mazenbelal/Desktop/ROS2_Projects/ros2_ws/install/local_setup.zsh'
[2.836s] INFO:colcon.colcon_core.shell:Creating prefix chain script '/home/mazenbelal/Desktop/ROS2_Projects/ros2_ws/install/setup.zsh'
