-- Found ament_cmake: 1.3.12 (/opt/ros/humble/share/ament_cmake/cmake)
-- Found rclcpp: 16.0.15 (/opt/ros/humble/share/rclcpp/cmake)
-- Found rosidl_generator_c: 3.1.7 (/opt/ros/humble/share/rosidl_generator_c/cmake)
-- Found rosidl_adapter: 3.1.7 (/opt/ros/humble/share/rosidl_adapter/cmake)
-- Found rosidl_generator_cpp: 3.1.7 (/opt/ros/humble/share/rosidl_generator_cpp/cmake)
-- Using all available rosidl_typesupport_c: rosidl_typesupport_fastrtps_c;rosidl_typesupport_introspection_c
-- Using all available rosidl_typesupport_cpp: rosidl_typesupport_fastrtps_cpp;rosidl_typesupport_introspection_cpp
-- Found rmw_implementation_cmake: 6.1.2 (/opt/ros/humble/share/rmw_implementation_cmake/cmake)
-- Found rmw_fastrtps_cpp: 6.2.9 (/opt/ros/humble/share/rmw_fastrtps_cpp/cmake)
-- Using RMW implementation 'rmw_fastrtps_cpp' as default
-- Found rosidl_default_generators: 1.2.0 (/opt/ros/humble/share/rosidl_default_generators/cmake)
-- Found ament_cmake_ros: 0.10.0 (/opt/ros/humble/share/ament_cmake_ros/cmake)
-- Using all available rosidl_typesupport_c: rosidl_typesupport_fastrtps_c;rosidl_typesupport_introspection_c
-- Using all available rosidl_typesupport_cpp: rosidl_typesupport_fastrtps_cpp;rosidl_typesupport_introspection_cpp
-- Found PythonInterp: /usr/bin/python3 (found suitable version "3.10.12", minimum required is "3.6") 
-- Found python_cmake_module: 0.10.0 (/opt/ros/humble/share/python_cmake_module/cmake)
-- Found PythonLibs: /usr/lib/x86_64-linux-gnu/libpython3.10.so (found suitable version "3.10.12", minimum required is "3.5") 
-- Using PYTHON_EXECUTABLE: /usr/bin/python3
-- Using PYTHON_INCLUDE_DIRS: /usr/include/python3.10
-- Using PYTHON_LIBRARIES: /usr/lib/x86_64-linux-gnu/libpython3.10.so
-- Found PythonExtra: .so  
-- Configuring done
-- Generating done
-- Build files have been written to: /home/mazenbelal/Desktop/ROS2_Projects/ros2_ws/build/custome_messge
[  3%] [34m[1mGenerating C code for ROS interfaces[0m
[  6%] [34m[1mGenerating C++ code for ROS interfaces[0m
[  6%] Built target ament_cmake_python_copy_custome_messge
running egg_info
creating custome_messge.egg-info
writing custome_messge.egg-info/PKG-INFO
writing dependency_links to custome_messge.egg-info/dependency_links.txt
writing top-level names to custome_messge.egg-info/top_level.txt
writing manifest file 'custome_messge.egg-info/SOURCES.txt'
reading manifest file 'custome_messge.egg-info/SOURCES.txt'
writing manifest file 'custome_messge.egg-info/SOURCES.txt'
[  6%] Built target ament_cmake_python_build_custome_messge_egg
[  6%] Built target custome_messge__cpp
[ 12%] [34m[1mGenerating C++ type support for eProsima Fast-RTPS[0m
[ 12%] [34m[1mGenerating C++ type support dispatch for ROS interfaces[0m
[ 16%] [34m[1mGenerating C++ introspection for ROS interfaces[0m
[ 19%] [32mBuilding C object CMakeFiles/custome_messge__rosidl_generator_c.dir/rosidl_generator_c/custome_messge/msg/detail/num__functions.c.o[0m
[ 22%] [32mBuilding CXX object CMakeFiles/custome_messge__rosidl_typesupport_cpp.dir/rosidl_typesupport_cpp/custome_messge/msg/num__type_support.cpp.o[0m
[ 25%] [32m[1mLinking C shared library libcustome_messge__rosidl_generator_c.so[0m
[ 29%] [32mBuilding CXX object CMakeFiles/custome_messge__rosidl_typesupport_fastrtps_cpp.dir/rosidl_typesupport_fastrtps_cpp/custome_messge/msg/detail/dds_fastrtps/num__type_support.cpp.o[0m
[ 29%] Built target custome_messge__rosidl_generator_c
[ 32%] [34m[1mGenerating C type support dispatch for ROS interfaces[0m
[ 35%] [32mBuilding CXX object CMakeFiles/custome_messge__rosidl_typesupport_introspection_cpp.dir/rosidl_typesupport_introspection_cpp/custome_messge/msg/detail/num__type_support.cpp.o[0m
[ 38%] [32mBuilding CXX object CMakeFiles/custome_messge__rosidl_typesupport_c.dir/rosidl_typesupport_c/custome_messge/msg/num__type_support.cpp.o[0m
[ 41%] [32m[1mLinking CXX shared library libcustome_messge__rosidl_typesupport_cpp.so[0m
[ 45%] [32m[1mLinking CXX shared library libcustome_messge__rosidl_typesupport_fastrtps_cpp.so[0m
[ 48%] [32m[1mLinking CXX shared library libcustome_messge__rosidl_typesupport_introspection_cpp.so[0m
[ 51%] [32m[1mLinking CXX shared library libcustome_messge__rosidl_typesupport_c.so[0m
[ 51%] Built target custome_messge__rosidl_typesupport_cpp
[ 54%] [34m[1mGenerating C type support for eProsima Fast-RTPS[0m
[ 54%] Built target custome_messge__rosidl_typesupport_c
[ 54%] Built target custome_messge__rosidl_typesupport_introspection_cpp
[ 58%] [34m[1mGenerating C introspection for ROS interfaces[0m
[ 58%] Built target custome_messge__rosidl_typesupport_fastrtps_cpp
[ 61%] [32mBuilding C object CMakeFiles/custome_messge__rosidl_typesupport_introspection_c.dir/rosidl_typesupport_introspection_c/custome_messge/msg/detail/num__type_support.c.o[0m
[ 64%] [32mBuilding CXX object CMakeFiles/custome_messge__rosidl_typesupport_fastrtps_c.dir/rosidl_typesupport_fastrtps_c/custome_messge/msg/detail/num__type_support_c.cpp.o[0m
[ 67%] [32m[1mLinking C shared library libcustome_messge__rosidl_typesupport_introspection_c.so[0m
[ 67%] Built target custome_messge__rosidl_typesupport_introspection_c
[ 70%] [32m[1mLinking CXX shared library libcustome_messge__rosidl_typesupport_fastrtps_c.so[0m
[ 70%] Built target custome_messge__rosidl_typesupport_fastrtps_c
[ 70%] Built target custome_messge
[ 74%] [34m[1mGenerating Python code for ROS interfaces[0m
[ 74%] Built target custome_messge__py
[ 77%] [32mBuilding C object CMakeFiles/custome_messge__rosidl_generator_py.dir/rosidl_generator_py/custome_messge/msg/_num_s.c.o[0m
[ 80%] [32m[1mLinking C shared library rosidl_generator_py/custome_messge/libcustome_messge__rosidl_generator_py.so[0m
[ 80%] Built target custome_messge__rosidl_generator_py
[ 83%] [32mBuilding C object CMakeFiles/custome_messge__rosidl_typesupport_c__pyext.dir/rosidl_generator_py/custome_messge/_custome_messge_s.ep.rosidl_typesupport_c.c.o[0m
[ 87%] [32mBuilding C object CMakeFiles/custome_messge__rosidl_typesupport_introspection_c__pyext.dir/rosidl_generator_py/custome_messge/_custome_messge_s.ep.rosidl_typesupport_introspection_c.c.o[0m
[ 90%] [32mBuilding C object CMakeFiles/custome_messge__rosidl_typesupport_fastrtps_c__pyext.dir/rosidl_generator_py/custome_messge/_custome_messge_s.ep.rosidl_typesupport_fastrtps_c.c.o[0m
[ 93%] [32m[1mLinking C shared library rosidl_generator_py/custome_messge/custome_messge_s__rosidl_typesupport_c.cpython-310-x86_64-linux-gnu.so[0m
[ 96%] [32m[1mLinking C shared library rosidl_generator_py/custome_messge/custome_messge_s__rosidl_typesupport_introspection_c.cpython-310-x86_64-linux-gnu.so[0m
[100%] [32m[1mLinking C shared library rosidl_generator_py/custome_messge/custome_messge_s__rosidl_typesupport_fastrtps_c.cpython-310-x86_64-linux-gnu.so[0m
[100%] Built target custome_messge__rosidl_typesupport_introspection_c__pyext
[100%] Built target custome_messge__rosidl_typesupport_c__pyext
[100%] Built target custome_messge__rosidl_typesupport_fastrtps_c__pyext
-- Install configuration: ""
-- Installing: /home/mazenbelal/Desktop/ROS2_Projects/ros2_ws/install/custome_messge/share/ament_index/resource_index/rosidl_interfaces/custome_messge
-- Installing: /home/mazenbelal/Desktop/ROS2_Projects/ros2_ws/install/custome_messge/include/custome_messge/custome_messge
-- Installing: /home/mazenbelal/Desktop/ROS2_Projects/ros2_ws/install/custome_messge/include/custome_messge/custome_messge/msg
-- Installing: /home/mazenbelal/Desktop/ROS2_Projects/ros2_ws/install/custome_messge/include/custome_messge/custome_messge/msg/detail
-- Installing: /home/mazenbelal/Desktop/ROS2_Projects/ros2_ws/install/custome_messge/include/custome_messge/custome_messge/msg/detail/num__functions.c
-- Installing: /home/mazenbelal/Desktop/ROS2_Projects/ros2_ws/install/custome_messge/include/custome_messge/custome_messge/msg/detail/num__type_support.h
-- Installing: /home/mazenbelal/Desktop/ROS2_Projects/ros2_ws/install/custome_messge/include/custome_messge/custome_messge/msg/detail/num__functions.h
-- Installing: /home/mazenbelal/Desktop/ROS2_Projects/ros2_ws/install/custome_messge/include/custome_messge/custome_messge/msg/detail/num__struct.h
-- Installing: /home/mazenbelal/Desktop/ROS2_Projects/ros2_ws/install/custome_messge/include/custome_messge/custome_messge/msg/num.h
-- Installing: /home/mazenbelal/Desktop/ROS2_Projects/ros2_ws/install/custome_messge/include/custome_messge/custome_messge/msg/rosidl_generator_c__visibility_control.h
-- Installing: /home/mazenbelal/Desktop/ROS2_Projects/ros2_ws/install/custome_messge/share/custome_messge/environment/library_path.sh
-- Installing: /home/mazenbelal/Desktop/ROS2_Projects/ros2_ws/install/custome_messge/share/custome_messge/environment/library_path.dsv
-- Installing: /home/mazenbelal/Desktop/ROS2_Projects/ros2_ws/install/custome_messge/lib/libcustome_messge__rosidl_generator_c.so
-- Set runtime path of "/home/mazenbelal/Desktop/ROS2_Projects/ros2_ws/install/custome_messge/lib/libcustome_messge__rosidl_generator_c.so" to ""
-- Up-to-date: /home/mazenbelal/Desktop/ROS2_Projects/ros2_ws/install/custome_messge/include/custome_messge/custome_messge
-- Up-to-date: /home/mazenbelal/Desktop/ROS2_Projects/ros2_ws/install/custome_messge/include/custome_messge/custome_messge/msg
-- Up-to-date: /home/mazenbelal/Desktop/ROS2_Projects/ros2_ws/install/custome_messge/include/custome_messge/custome_messge/msg/detail
-- Installing: /home/mazenbelal/Desktop/ROS2_Projects/ros2_ws/install/custome_messge/include/custome_messge/custome_messge/msg/detail/num__rosidl_typesupport_fastrtps_c.h
-- Installing: /home/mazenbelal/Desktop/ROS2_Projects/ros2_ws/install/custome_messge/include/custome_messge/custome_messge/msg/rosidl_typesupport_fastrtps_c__visibility_control.h
-- Installing: /home/mazenbelal/Desktop/ROS2_Projects/ros2_ws/install/custome_messge/lib/libcustome_messge__rosidl_typesupport_fastrtps_c.so
-- Set runtime path of "/home/mazenbelal/Desktop/ROS2_Projects/ros2_ws/install/custome_messge/lib/libcustome_messge__rosidl_typesupport_fastrtps_c.so" to ""
-- Up-to-date: /home/mazenbelal/Desktop/ROS2_Projects/ros2_ws/install/custome_messge/include/custome_messge/custome_messge
-- Up-to-date: /home/mazenbelal/Desktop/ROS2_Projects/ros2_ws/install/custome_messge/include/custome_messge/custome_messge/msg
-- Up-to-date: /home/mazenbelal/Desktop/ROS2_Projects/ros2_ws/install/custome_messge/include/custome_messge/custome_messge/msg/detail
-- Installing: /home/mazenbelal/Desktop/ROS2_Projects/ros2_ws/install/custome_messge/include/custome_messge/custome_messge/msg/detail/num__builder.hpp
-- Installing: /home/mazenbelal/Desktop/ROS2_Projects/ros2_ws/install/custome_messge/include/custome_messge/custome_messge/msg/detail/num__type_support.hpp
-- Installing: /home/mazenbelal/Desktop/ROS2_Projects/ros2_ws/install/custome_messge/include/custome_messge/custome_messge/msg/detail/num__traits.hpp
-- Installing: /home/mazenbelal/Desktop/ROS2_Projects/ros2_ws/install/custome_messge/include/custome_messge/custome_messge/msg/detail/num__struct.hpp
-- Installing: /home/mazenbelal/Desktop/ROS2_Projects/ros2_ws/install/custome_messge/include/custome_messge/custome_messge/msg/num.hpp
-- Installing: /home/mazenbelal/Desktop/ROS2_Projects/ros2_ws/install/custome_messge/include/custome_messge/custome_messge/msg/rosidl_generator_cpp__visibility_control.hpp
-- Up-to-date: /home/mazenbelal/Desktop/ROS2_Projects/ros2_ws/install/custome_messge/include/custome_messge/custome_messge
-- Up-to-date: /home/mazenbelal/Desktop/ROS2_Projects/ros2_ws/install/custome_messge/include/custome_messge/custome_messge/msg
-- Up-to-date: /home/mazenbelal/Desktop/ROS2_Projects/ros2_ws/install/custome_messge/include/custome_messge/custome_messge/msg/detail
-- Installing: /home/mazenbelal/Desktop/ROS2_Projects/ros2_ws/install/custome_messge/include/custome_messge/custome_messge/msg/detail/dds_fastrtps
-- Installing: /home/mazenbelal/Desktop/ROS2_Projects/ros2_ws/install/custome_messge/include/custome_messge/custome_messge/msg/detail/num__rosidl_typesupport_fastrtps_cpp.hpp
-- Installing: /home/mazenbelal/Desktop/ROS2_Projects/ros2_ws/install/custome_messge/include/custome_messge/custome_messge/msg/rosidl_typesupport_fastrtps_cpp__visibility_control.h
-- Installing: /home/mazenbelal/Desktop/ROS2_Projects/ros2_ws/install/custome_messge/lib/libcustome_messge__rosidl_typesupport_fastrtps_cpp.so
-- Set runtime path of "/home/mazenbelal/Desktop/ROS2_Projects/ros2_ws/install/custome_messge/lib/libcustome_messge__rosidl_typesupport_fastrtps_cpp.so" to ""
-- Up-to-date: /home/mazenbelal/Desktop/ROS2_Projects/ros2_ws/install/custome_messge/include/custome_messge/custome_messge
-- Up-to-date: /home/mazenbelal/Desktop/ROS2_Projects/ros2_ws/install/custome_messge/include/custome_messge/custome_messge/msg
-- Installing: /home/mazenbelal/Desktop/ROS2_Projects/ros2_ws/install/custome_messge/include/custome_messge/custome_messge/msg/rosidl_typesupport_introspection_c__visibility_control.h
-- Up-to-date: /home/mazenbelal/Desktop/ROS2_Projects/ros2_ws/install/custome_messge/include/custome_messge/custome_messge/msg/detail
-- Installing: /home/mazenbelal/Desktop/ROS2_Projects/ros2_ws/install/custome_messge/include/custome_messge/custome_messge/msg/detail/num__type_support.c
-- Installing: /home/mazenbelal/Desktop/ROS2_Projects/ros2_ws/install/custome_messge/include/custome_messge/custome_messge/msg/detail/num__rosidl_typesupport_introspection_c.h
-- Installing: /home/mazenbelal/Desktop/ROS2_Projects/ros2_ws/install/custome_messge/lib/libcustome_messge__rosidl_typesupport_introspection_c.so
-- Set runtime path of "/home/mazenbelal/Desktop/ROS2_Projects/ros2_ws/install/custome_messge/lib/libcustome_messge__rosidl_typesupport_introspection_c.so" to ""
-- Installing: /home/mazenbelal/Desktop/ROS2_Projects/ros2_ws/install/custome_messge/lib/libcustome_messge__rosidl_typesupport_c.so
-- Set runtime path of "/home/mazenbelal/Desktop/ROS2_Projects/ros2_ws/install/custome_messge/lib/libcustome_messge__rosidl_typesupport_c.so" to ""
-- Up-to-date: /home/mazenbelal/Desktop/ROS2_Projects/ros2_ws/install/custome_messge/include/custome_messge/custome_messge
-- Up-to-date: /home/mazenbelal/Desktop/ROS2_Projects/ros2_ws/install/custome_messge/include/custome_messge/custome_messge/msg
-- Up-to-date: /home/mazenbelal/Desktop/ROS2_Projects/ros2_ws/install/custome_messge/include/custome_messge/custome_messge/msg/detail
-- Installing: /home/mazenbelal/Desktop/ROS2_Projects/ros2_ws/install/custome_messge/include/custome_messge/custome_messge/msg/detail/num__type_support.cpp
-- Installing: /home/mazenbelal/Desktop/ROS2_Projects/ros2_ws/install/custome_messge/include/custome_messge/custome_messge/msg/detail/num__rosidl_typesupport_introspection_cpp.hpp
-- Installing: /home/mazenbelal/Desktop/ROS2_Projects/ros2_ws/install/custome_messge/lib/libcustome_messge__rosidl_typesupport_introspection_cpp.so
-- Set runtime path of "/home/mazenbelal/Desktop/ROS2_Projects/ros2_ws/install/custome_messge/lib/libcustome_messge__rosidl_typesupport_introspection_cpp.so" to ""
-- Installing: /home/mazenbelal/Desktop/ROS2_Projects/ros2_ws/install/custome_messge/lib/libcustome_messge__rosidl_typesupport_cpp.so
-- Set runtime path of "/home/mazenbelal/Desktop/ROS2_Projects/ros2_ws/install/custome_messge/lib/libcustome_messge__rosidl_typesupport_cpp.so" to ""
-- Installing: /home/mazenbelal/Desktop/ROS2_Projects/ros2_ws/install/custome_messge/share/custome_messge/environment/pythonpath.sh
-- Installing: /home/mazenbelal/Desktop/ROS2_Projects/ros2_ws/install/custome_messge/share/custome_messge/environment/pythonpath.dsv
-- Installing: /home/mazenbelal/Desktop/ROS2_Projects/ros2_ws/install/custome_messge/local/lib/python3.10/dist-packages/custome_messge-0.0.0-py3.10.egg-info
-- Installing: /home/mazenbelal/Desktop/ROS2_Projects/ros2_ws/install/custome_messge/local/lib/python3.10/dist-packages/custome_messge-0.0.0-py3.10.egg-info/SOURCES.txt
-- Installing: /home/mazenbelal/Desktop/ROS2_Projects/ros2_ws/install/custome_messge/local/lib/python3.10/dist-packages/custome_messge-0.0.0-py3.10.egg-info/top_level.txt
-- Installing: /home/mazenbelal/Desktop/ROS2_Projects/ros2_ws/install/custome_messge/local/lib/python3.10/dist-packages/custome_messge-0.0.0-py3.10.egg-info/dependency_links.txt
-- Installing: /home/mazenbelal/Desktop/ROS2_Projects/ros2_ws/install/custome_messge/local/lib/python3.10/dist-packages/custome_messge-0.0.0-py3.10.egg-info/PKG-INFO
-- Installing: /home/mazenbelal/Desktop/ROS2_Projects/ros2_ws/install/custome_messge/local/lib/python3.10/dist-packages/custome_messge
-- Installing: /home/mazenbelal/Desktop/ROS2_Projects/ros2_ws/install/custome_messge/local/lib/python3.10/dist-packages/custome_messge/msg
-- Installing: /home/mazenbelal/Desktop/ROS2_Projects/ros2_ws/install/custome_messge/local/lib/python3.10/dist-packages/custome_messge/msg/__init__.py
-- Installing: /home/mazenbelal/Desktop/ROS2_Projects/ros2_ws/install/custome_messge/local/lib/python3.10/dist-packages/custome_messge/msg/_num_s.c
-- Installing: /home/mazenbelal/Desktop/ROS2_Projects/ros2_ws/install/custome_messge/local/lib/python3.10/dist-packages/custome_messge/msg/_num.py
-- Installing: /home/mazenbelal/Desktop/ROS2_Projects/ros2_ws/install/custome_messge/local/lib/python3.10/dist-packages/custome_messge/__init__.py
-- Installing: /home/mazenbelal/Desktop/ROS2_Projects/ros2_ws/install/custome_messge/local/lib/python3.10/dist-packages/custome_messge/_custome_messge_s.ep.rosidl_typesupport_fastrtps_c.c
-- Installing: /home/mazenbelal/Desktop/ROS2_Projects/ros2_ws/install/custome_messge/local/lib/python3.10/dist-packages/custome_messge/_custome_messge_s.ep.rosidl_typesupport_c.c
-- Installing: /home/mazenbelal/Desktop/ROS2_Projects/ros2_ws/install/custome_messge/local/lib/python3.10/dist-packages/custome_messge/custome_messge_s__rosidl_typesupport_c.cpython-310-x86_64-linux-gnu.so
-- Installing: /home/mazenbelal/Desktop/ROS2_Projects/ros2_ws/install/custome_messge/local/lib/python3.10/dist-packages/custome_messge/libcustome_messge__rosidl_generator_py.so
-- Installing: /home/mazenbelal/Desktop/ROS2_Projects/ros2_ws/install/custome_messge/local/lib/python3.10/dist-packages/custome_messge/custome_messge_s__rosidl_typesupport_fastrtps_c.cpython-310-x86_64-linux-gnu.so
-- Installing: /home/mazenbelal/Desktop/ROS2_Projects/ros2_ws/install/custome_messge/local/lib/python3.10/dist-packages/custome_messge/custome_messge_s__rosidl_typesupport_introspection_c.cpython-310-x86_64-linux-gnu.so
-- Installing: /home/mazenbelal/Desktop/ROS2_Projects/ros2_ws/install/custome_messge/local/lib/python3.10/dist-packages/custome_messge/_custome_messge_s.ep.rosidl_typesupport_introspection_c.c
Listing '/home/mazenbelal/Desktop/ROS2_Projects/ros2_ws/install/custome_messge/local/lib/python3.10/dist-packages/custome_messge'...
Compiling '/home/mazenbelal/Desktop/ROS2_Projects/ros2_ws/install/custome_messge/local/lib/python3.10/dist-packages/custome_messge/__init__.py'...
Listing '/home/mazenbelal/Desktop/ROS2_Projects/ros2_ws/install/custome_messge/local/lib/python3.10/dist-packages/custome_messge/msg'...
Compiling '/home/mazenbelal/Desktop/ROS2_Projects/ros2_ws/install/custome_messge/local/lib/python3.10/dist-packages/custome_messge/msg/__init__.py'...
Compiling '/home/mazenbelal/Desktop/ROS2_Projects/ros2_ws/install/custome_messge/local/lib/python3.10/dist-packages/custome_messge/msg/_num.py'...
-- Installing: /home/mazenbelal/Desktop/ROS2_Projects/ros2_ws/install/custome_messge/local/lib/python3.10/dist-packages/custome_messge/custome_messge_s__rosidl_typesupport_fastrtps_c.cpython-310-x86_64-linux-gnu.so
-- Set runtime path of "/home/mazenbelal/Desktop/ROS2_Projects/ros2_ws/install/custome_messge/local/lib/python3.10/dist-packages/custome_messge/custome_messge_s__rosidl_typesupport_fastrtps_c.cpython-310-x86_64-linux-gnu.so" to ""
-- Installing: /home/mazenbelal/Desktop/ROS2_Projects/ros2_ws/install/custome_messge/local/lib/python3.10/dist-packages/custome_messge/custome_messge_s__rosidl_typesupport_introspection_c.cpython-310-x86_64-linux-gnu.so
-- Set runtime path of "/home/mazenbelal/Desktop/ROS2_Projects/ros2_ws/install/custome_messge/local/lib/python3.10/dist-packages/custome_messge/custome_messge_s__rosidl_typesupport_introspection_c.cpython-310-x86_64-linux-gnu.so" to ""
-- Installing: /home/mazenbelal/Desktop/ROS2_Projects/ros2_ws/install/custome_messge/local/lib/python3.10/dist-packages/custome_messge/custome_messge_s__rosidl_typesupport_c.cpython-310-x86_64-linux-gnu.so
-- Set runtime path of "/home/mazenbelal/Desktop/ROS2_Projects/ros2_ws/install/custome_messge/local/lib/python3.10/dist-packages/custome_messge/custome_messge_s__rosidl_typesupport_c.cpython-310-x86_64-linux-gnu.so" to ""
-- Installing: /home/mazenbelal/Desktop/ROS2_Projects/ros2_ws/install/custome_messge/lib/libcustome_messge__rosidl_generator_py.so
-- Set runtime path of "/home/mazenbelal/Desktop/ROS2_Projects/ros2_ws/install/custome_messge/lib/libcustome_messge__rosidl_generator_py.so" to ""
-- Installing: /home/mazenbelal/Desktop/ROS2_Projects/ros2_ws/install/custome_messge/share/custome_messge/msg/Num.idl
-- Installing: /home/mazenbelal/Desktop/ROS2_Projects/ros2_ws/install/custome_messge/share/custome_messge/msg/Num.msg
