[0.013s] Invoking command in '/home/mazenbelal/Desktop/ROS2_Projects/ros2_ws/build/custome_messge': CMAKE_PREFIX_PATH=${CMAKE_PREFIX_PATH}:/opt/ros/humble /usr/bin/cmake /home/mazenbelal/Desktop/ROS2_Projects/ros2_ws/src/custome_messge -DCMAKE_INSTALL_PREFIX=/home/mazenbelal/Desktop/ROS2_Projects/ros2_ws/install/custome_messge
[0.029s] -- Found ament_cmake: 1.3.12 (/opt/ros/humble/share/ament_cmake/cmake)
[0.209s] -- Found rclcpp: 16.0.15 (/opt/ros/humble/share/rclcpp/cmake)
[0.255s] -- Found rosidl_generator_c: 3.1.7 (/opt/ros/humble/share/rosidl_generator_c/cmake)
[0.261s] -- Found rosidl_adapter: 3.1.7 (/opt/ros/humble/share/rosidl_adapter/cmake)
[0.269s] -- Found rosidl_generator_cpp: 3.1.7 (/opt/ros/humble/share/rosidl_generator_cpp/cmake)
[0.287s] -- Using all available rosidl_typesupport_c: rosidl_typesupport_fastrtps_c;rosidl_typesupport_introspection_c
[0.305s] -- Using all available rosidl_typesupport_cpp: rosidl_typesupport_fastrtps_cpp;rosidl_typesupport_introspection_cpp
[0.347s] -- Found rmw_implementation_cmake: 6.1.2 (/opt/ros/humble/share/rmw_implementation_cmake/cmake)
[0.350s] -- Found rmw_fastrtps_cpp: 6.2.9 (/opt/ros/humble/share/rmw_fastrtps_cpp/cmake)
[0.465s] -- Using RMW implementation 'rmw_fastrtps_cpp' as default
[0.536s] -- Found rosidl_default_generators: 1.2.0 (/opt/ros/humble/share/rosidl_default_generators/cmake)
[1.094s] -- Found ament_cmake_ros: 0.10.0 (/opt/ros/humble/share/ament_cmake_ros/cmake)
[1.969s] -- Using all available rosidl_typesupport_c: rosidl_typesupport_fastrtps_c;rosidl_typesupport_introspection_c
[2.189s] -- Using all available rosidl_typesupport_cpp: rosidl_typesupport_fastrtps_cpp;rosidl_typesupport_introspection_cpp
[2.249s] -- Found PythonInterp: /usr/bin/python3 (found suitable version "3.10.12", minimum required is "3.6") 
[2.321s] -- Found python_cmake_module: 0.10.0 (/opt/ros/humble/share/python_cmake_module/cmake)
[2.459s] -- Found PythonLibs: /usr/lib/x86_64-linux-gnu/libpython3.10.so (found suitable version "3.10.12", minimum required is "3.5") 
[2.460s] -- Using PYTHON_EXECUTABLE: /usr/bin/python3
[2.460s] -- Using PYTHON_INCLUDE_DIRS: /usr/include/python3.10
[2.460s] -- Using PYTHON_LIBRARIES: /usr/lib/x86_64-linux-gnu/libpython3.10.so
[2.487s] -- Found PythonExtra: .so  
[2.543s] -- Configuring done
[2.608s] -- Generating done
[2.630s] -- Build files have been written to: /home/mazenbelal/Desktop/ROS2_Projects/ros2_ws/build/custome_messge
[2.643s] Invoked command in '/home/mazenbelal/Desktop/ROS2_Projects/ros2_ws/build/custome_messge' returned '0': CMAKE_PREFIX_PATH=${CMAKE_PREFIX_PATH}:/opt/ros/humble /usr/bin/cmake /home/mazenbelal/Desktop/ROS2_Projects/ros2_ws/src/custome_messge -DCMAKE_INSTALL_PREFIX=/home/mazenbelal/Desktop/ROS2_Projects/ros2_ws/install/custome_messge
[2.646s] Invoking command in '/home/mazenbelal/Desktop/ROS2_Projects/ros2_ws/build/custome_messge': CMAKE_PREFIX_PATH=${CMAKE_PREFIX_PATH}:/opt/ros/humble /usr/bin/cmake --build /home/mazenbelal/Desktop/ROS2_Projects/ros2_ws/build/custome_messge -- -j4 -l4
[2.706s] [  3%] [34m[1mGenerating C code for ROS interfaces[0m
[2.733s] [  6%] [34m[1mGenerating C++ code for ROS interfaces[0m
[2.754s] [  6%] Built target ament_cmake_python_copy_custome_messge
[3.533s] running egg_info
[3.535s] creating custome_messge.egg-info
[3.535s] writing custome_messge.egg-info/PKG-INFO
[3.535s] writing dependency_links to custome_messge.egg-info/dependency_links.txt
[3.536s] writing top-level names to custome_messge.egg-info/top_level.txt
[3.537s] writing manifest file 'custome_messge.egg-info/SOURCES.txt'
[3.560s] reading manifest file 'custome_messge.egg-info/SOURCES.txt'
[3.567s] writing manifest file 'custome_messge.egg-info/SOURCES.txt'
[3.633s] [  6%] Built target ament_cmake_python_build_custome_messge_egg
[3.727s] [  6%] Built target custome_messge__cpp
[3.753s] [ 12%] [34m[1mGenerating C++ type support for eProsima Fast-RTPS[0m
[3.753s] [ 12%] [34m[1mGenerating C++ type support dispatch for ROS interfaces[0m
[3.754s] [ 16%] [34m[1mGenerating C++ introspection for ROS interfaces[0m
[3.770s] [ 19%] [32mBuilding C object CMakeFiles/custome_messge__rosidl_generator_c.dir/rosidl_generator_c/custome_messge/msg/detail/num__functions.c.o[0m
[4.375s] [ 22%] [32mBuilding CXX object CMakeFiles/custome_messge__rosidl_typesupport_cpp.dir/rosidl_typesupport_cpp/custome_messge/msg/num__type_support.cpp.o[0m
[4.424s] [ 25%] [32m[1mLinking C shared library libcustome_messge__rosidl_generator_c.so[0m
[4.468s] [ 29%] [32mBuilding CXX object CMakeFiles/custome_messge__rosidl_typesupport_fastrtps_cpp.dir/rosidl_typesupport_fastrtps_cpp/custome_messge/msg/detail/dds_fastrtps/num__type_support.cpp.o[0m
[4.534s] [ 29%] Built target custome_messge__rosidl_generator_c
[4.556s] [ 32%] [34m[1mGenerating C type support dispatch for ROS interfaces[0m
[4.641s] [ 35%] [32mBuilding CXX object CMakeFiles/custome_messge__rosidl_typesupport_introspection_cpp.dir/rosidl_typesupport_introspection_cpp/custome_messge/msg/detail/num__type_support.cpp.o[0m
[5.854s] [ 38%] [32mBuilding CXX object CMakeFiles/custome_messge__rosidl_typesupport_c.dir/rosidl_typesupport_c/custome_messge/msg/num__type_support.cpp.o[0m
[5.990s] [ 41%] [32m[1mLinking CXX shared library libcustome_messge__rosidl_typesupport_cpp.so[0m
[6.266s] [ 45%] [32m[1mLinking CXX shared library libcustome_messge__rosidl_typesupport_fastrtps_cpp.so[0m
[6.330s] [ 48%] [32m[1mLinking CXX shared library libcustome_messge__rosidl_typesupport_introspection_cpp.so[0m
[6.526s] [ 51%] [32m[1mLinking CXX shared library libcustome_messge__rosidl_typesupport_c.so[0m
[6.593s] [ 51%] Built target custome_messge__rosidl_typesupport_cpp
[6.617s] [ 54%] [34m[1mGenerating C type support for eProsima Fast-RTPS[0m
[6.621s] [ 54%] Built target custome_messge__rosidl_typesupport_c
[6.636s] [ 54%] Built target custome_messge__rosidl_typesupport_introspection_cpp
[6.642s] [ 58%] [34m[1mGenerating C introspection for ROS interfaces[0m
[6.649s] [ 58%] Built target custome_messge__rosidl_typesupport_fastrtps_cpp
[7.083s] [ 61%] [32mBuilding C object CMakeFiles/custome_messge__rosidl_typesupport_introspection_c.dir/rosidl_typesupport_introspection_c/custome_messge/msg/detail/num__type_support.c.o[0m
[7.105s] [ 64%] [32mBuilding CXX object CMakeFiles/custome_messge__rosidl_typesupport_fastrtps_c.dir/rosidl_typesupport_fastrtps_c/custome_messge/msg/detail/num__type_support_c.cpp.o[0m
[7.156s] [ 67%] [32m[1mLinking C shared library libcustome_messge__rosidl_typesupport_introspection_c.so[0m
[7.195s] [ 67%] Built target custome_messge__rosidl_typesupport_introspection_c
[7.754s] [ 70%] [32m[1mLinking CXX shared library libcustome_messge__rosidl_typesupport_fastrtps_c.so[0m
[7.882s] [ 70%] Built target custome_messge__rosidl_typesupport_fastrtps_c
[7.908s] [ 70%] Built target custome_messge
[7.934s] [ 74%] [34m[1mGenerating Python code for ROS interfaces[0m
[8.580s] [ 74%] Built target custome_messge__py
[8.608s] [ 77%] [32mBuilding C object CMakeFiles/custome_messge__rosidl_generator_py.dir/rosidl_generator_py/custome_messge/msg/_num_s.c.o[0m
[8.922s] [ 80%] [32m[1mLinking C shared library rosidl_generator_py/custome_messge/libcustome_messge__rosidl_generator_py.so[0m
[8.973s] [ 80%] Built target custome_messge__rosidl_generator_py
[9.006s] [ 83%] [32mBuilding C object CMakeFiles/custome_messge__rosidl_typesupport_c__pyext.dir/rosidl_generator_py/custome_messge/_custome_messge_s.ep.rosidl_typesupport_c.c.o[0m
[9.008s] [ 87%] [32mBuilding C object CMakeFiles/custome_messge__rosidl_typesupport_introspection_c__pyext.dir/rosidl_generator_py/custome_messge/_custome_messge_s.ep.rosidl_typesupport_introspection_c.c.o[0m
[9.012s] [ 90%] [32mBuilding C object CMakeFiles/custome_messge__rosidl_typesupport_fastrtps_c__pyext.dir/rosidl_generator_py/custome_messge/_custome_messge_s.ep.rosidl_typesupport_fastrtps_c.c.o[0m
[9.210s] [ 93%] [32m[1mLinking C shared library rosidl_generator_py/custome_messge/custome_messge_s__rosidl_typesupport_c.cpython-310-x86_64-linux-gnu.so[0m
[9.211s] [ 96%] [32m[1mLinking C shared library rosidl_generator_py/custome_messge/custome_messge_s__rosidl_typesupport_introspection_c.cpython-310-x86_64-linux-gnu.so[0m
[9.211s] [100%] [32m[1mLinking C shared library rosidl_generator_py/custome_messge/custome_messge_s__rosidl_typesupport_fastrtps_c.cpython-310-x86_64-linux-gnu.so[0m
[9.270s] [100%] Built target custome_messge__rosidl_typesupport_introspection_c__pyext
[9.274s] [100%] Built target custome_messge__rosidl_typesupport_c__pyext
[9.278s] [100%] Built target custome_messge__rosidl_typesupport_fastrtps_c__pyext
[9.302s] Invoked command in '/home/mazenbelal/Desktop/ROS2_Projects/ros2_ws/build/custome_messge' returned '0': CMAKE_PREFIX_PATH=${CMAKE_PREFIX_PATH}:/opt/ros/humble /usr/bin/cmake --build /home/mazenbelal/Desktop/ROS2_Projects/ros2_ws/build/custome_messge -- -j4 -l4
[9.332s] Invoking command in '/home/mazenbelal/Desktop/ROS2_Projects/ros2_ws/build/custome_messge': CMAKE_PREFIX_PATH=${CMAKE_PREFIX_PATH}:/opt/ros/humble /usr/bin/cmake --install /home/mazenbelal/Desktop/ROS2_Projects/ros2_ws/build/custome_messge
[9.344s] -- Install configuration: ""
[9.344s] -- Installing: /home/mazenbelal/Desktop/ROS2_Projects/ros2_ws/install/custome_messge/share/ament_index/resource_index/rosidl_interfaces/custome_messge
[9.345s] -- Installing: /home/mazenbelal/Desktop/ROS2_Projects/ros2_ws/install/custome_messge/include/custome_messge/custome_messge
[9.345s] -- Installing: /home/mazenbelal/Desktop/ROS2_Projects/ros2_ws/install/custome_messge/include/custome_messge/custome_messge/msg
[9.345s] -- Installing: /home/mazenbelal/Desktop/ROS2_Projects/ros2_ws/install/custome_messge/include/custome_messge/custome_messge/msg/detail
[9.345s] -- Installing: /home/mazenbelal/Desktop/ROS2_Projects/ros2_ws/install/custome_messge/include/custome_messge/custome_messge/msg/detail/num__functions.c
[9.346s] -- Installing: /home/mazenbelal/Desktop/ROS2_Projects/ros2_ws/install/custome_messge/include/custome_messge/custome_messge/msg/detail/num__type_support.h
[9.346s] -- Installing: /home/mazenbelal/Desktop/ROS2_Projects/ros2_ws/install/custome_messge/include/custome_messge/custome_messge/msg/detail/num__functions.h
[9.346s] -- Installing: /home/mazenbelal/Desktop/ROS2_Projects/ros2_ws/install/custome_messge/include/custome_messge/custome_messge/msg/detail/num__struct.h
[9.346s] -- Installing: /home/mazenbelal/Desktop/ROS2_Projects/ros2_ws/install/custome_messge/include/custome_messge/custome_messge/msg/num.h
[9.346s] -- Installing: /home/mazenbelal/Desktop/ROS2_Projects/ros2_ws/install/custome_messge/include/custome_messge/custome_messge/msg/rosidl_generator_c__visibility_control.h
[9.347s] -- Installing: /home/mazenbelal/Desktop/ROS2_Projects/ros2_ws/install/custome_messge/share/custome_messge/environment/library_path.sh
[9.347s] -- Installing: /home/mazenbelal/Desktop/ROS2_Projects/ros2_ws/install/custome_messge/share/custome_messge/environment/library_path.dsv
[9.347s] -- Installing: /home/mazenbelal/Desktop/ROS2_Projects/ros2_ws/install/custome_messge/lib/libcustome_messge__rosidl_generator_c.so
[9.348s] -- Set runtime path of "/home/mazenbelal/Desktop/ROS2_Projects/ros2_ws/install/custome_messge/lib/libcustome_messge__rosidl_generator_c.so" to ""
[9.348s] -- Up-to-date: /home/mazenbelal/Desktop/ROS2_Projects/ros2_ws/install/custome_messge/include/custome_messge/custome_messge
[9.348s] -- Up-to-date: /home/mazenbelal/Desktop/ROS2_Projects/ros2_ws/install/custome_messge/include/custome_messge/custome_messge/msg
[9.348s] -- Up-to-date: /home/mazenbelal/Desktop/ROS2_Projects/ros2_ws/install/custome_messge/include/custome_messge/custome_messge/msg/detail
[9.349s] -- Installing: /home/mazenbelal/Desktop/ROS2_Projects/ros2_ws/install/custome_messge/include/custome_messge/custome_messge/msg/detail/num__rosidl_typesupport_fastrtps_c.h
[9.349s] -- Installing: /home/mazenbelal/Desktop/ROS2_Projects/ros2_ws/install/custome_messge/include/custome_messge/custome_messge/msg/rosidl_typesupport_fastrtps_c__visibility_control.h
[9.349s] -- Installing: /home/mazenbelal/Desktop/ROS2_Projects/ros2_ws/install/custome_messge/lib/libcustome_messge__rosidl_typesupport_fastrtps_c.so
[9.349s] -- Set runtime path of "/home/mazenbelal/Desktop/ROS2_Projects/ros2_ws/install/custome_messge/lib/libcustome_messge__rosidl_typesupport_fastrtps_c.so" to ""
[9.349s] -- Up-to-date: /home/mazenbelal/Desktop/ROS2_Projects/ros2_ws/install/custome_messge/include/custome_messge/custome_messge
[9.350s] -- Up-to-date: /home/mazenbelal/Desktop/ROS2_Projects/ros2_ws/install/custome_messge/include/custome_messge/custome_messge/msg
[9.350s] -- Up-to-date: /home/mazenbelal/Desktop/ROS2_Projects/ros2_ws/install/custome_messge/include/custome_messge/custome_messge/msg/detail
[9.351s] -- Installing: /home/mazenbelal/Desktop/ROS2_Projects/ros2_ws/install/custome_messge/include/custome_messge/custome_messge/msg/detail/num__builder.hpp
[9.351s] -- Installing: /home/mazenbelal/Desktop/ROS2_Projects/ros2_ws/install/custome_messge/include/custome_messge/custome_messge/msg/detail/num__type_support.hpp
[9.351s] -- Installing: /home/mazenbelal/Desktop/ROS2_Projects/ros2_ws/install/custome_messge/include/custome_messge/custome_messge/msg/detail/num__traits.hpp
[9.351s] -- Installing: /home/mazenbelal/Desktop/ROS2_Projects/ros2_ws/install/custome_messge/include/custome_messge/custome_messge/msg/detail/num__struct.hpp
[9.351s] -- Installing: /home/mazenbelal/Desktop/ROS2_Projects/ros2_ws/install/custome_messge/include/custome_messge/custome_messge/msg/num.hpp
[9.351s] -- Installing: /home/mazenbelal/Desktop/ROS2_Projects/ros2_ws/install/custome_messge/include/custome_messge/custome_messge/msg/rosidl_generator_cpp__visibility_control.hpp
[9.352s] -- Up-to-date: /home/mazenbelal/Desktop/ROS2_Projects/ros2_ws/install/custome_messge/include/custome_messge/custome_messge
[9.352s] -- Up-to-date: /home/mazenbelal/Desktop/ROS2_Projects/ros2_ws/install/custome_messge/include/custome_messge/custome_messge/msg
[9.352s] -- Up-to-date: /home/mazenbelal/Desktop/ROS2_Projects/ros2_ws/install/custome_messge/include/custome_messge/custome_messge/msg/detail
[9.352s] -- Installing: /home/mazenbelal/Desktop/ROS2_Projects/ros2_ws/install/custome_messge/include/custome_messge/custome_messge/msg/detail/dds_fastrtps
[9.352s] -- Installing: /home/mazenbelal/Desktop/ROS2_Projects/ros2_ws/install/custome_messge/include/custome_messge/custome_messge/msg/detail/num__rosidl_typesupport_fastrtps_cpp.hpp
[9.353s] -- Installing: /home/mazenbelal/Desktop/ROS2_Projects/ros2_ws/install/custome_messge/include/custome_messge/custome_messge/msg/rosidl_typesupport_fastrtps_cpp__visibility_control.h
[9.353s] -- Installing: /home/mazenbelal/Desktop/ROS2_Projects/ros2_ws/install/custome_messge/lib/libcustome_messge__rosidl_typesupport_fastrtps_cpp.so
[9.353s] -- Set runtime path of "/home/mazenbelal/Desktop/ROS2_Projects/ros2_ws/install/custome_messge/lib/libcustome_messge__rosidl_typesupport_fastrtps_cpp.so" to ""
[9.353s] -- Up-to-date: /home/mazenbelal/Desktop/ROS2_Projects/ros2_ws/install/custome_messge/include/custome_messge/custome_messge
[9.354s] -- Up-to-date: /home/mazenbelal/Desktop/ROS2_Projects/ros2_ws/install/custome_messge/include/custome_messge/custome_messge/msg
[9.354s] -- Installing: /home/mazenbelal/Desktop/ROS2_Projects/ros2_ws/install/custome_messge/include/custome_messge/custome_messge/msg/rosidl_typesupport_introspection_c__visibility_control.h
[9.354s] -- Up-to-date: /home/mazenbelal/Desktop/ROS2_Projects/ros2_ws/install/custome_messge/include/custome_messge/custome_messge/msg/detail
[9.354s] -- Installing: /home/mazenbelal/Desktop/ROS2_Projects/ros2_ws/install/custome_messge/include/custome_messge/custome_messge/msg/detail/num__type_support.c
[9.354s] -- Installing: /home/mazenbelal/Desktop/ROS2_Projects/ros2_ws/install/custome_messge/include/custome_messge/custome_messge/msg/detail/num__rosidl_typesupport_introspection_c.h
[9.355s] -- Installing: /home/mazenbelal/Desktop/ROS2_Projects/ros2_ws/install/custome_messge/lib/libcustome_messge__rosidl_typesupport_introspection_c.so
[9.355s] -- Set runtime path of "/home/mazenbelal/Desktop/ROS2_Projects/ros2_ws/install/custome_messge/lib/libcustome_messge__rosidl_typesupport_introspection_c.so" to ""
[9.355s] -- Installing: /home/mazenbelal/Desktop/ROS2_Projects/ros2_ws/install/custome_messge/lib/libcustome_messge__rosidl_typesupport_c.so
[9.355s] -- Set runtime path of "/home/mazenbelal/Desktop/ROS2_Projects/ros2_ws/install/custome_messge/lib/libcustome_messge__rosidl_typesupport_c.so" to ""
[9.356s] -- Up-to-date: /home/mazenbelal/Desktop/ROS2_Projects/ros2_ws/install/custome_messge/include/custome_messge/custome_messge
[9.356s] -- Up-to-date: /home/mazenbelal/Desktop/ROS2_Projects/ros2_ws/install/custome_messge/include/custome_messge/custome_messge/msg
[9.356s] -- Up-to-date: /home/mazenbelal/Desktop/ROS2_Projects/ros2_ws/install/custome_messge/include/custome_messge/custome_messge/msg/detail
[9.356s] -- Installing: /home/mazenbelal/Desktop/ROS2_Projects/ros2_ws/install/custome_messge/include/custome_messge/custome_messge/msg/detail/num__type_support.cpp
[9.356s] -- Installing: /home/mazenbelal/Desktop/ROS2_Projects/ros2_ws/install/custome_messge/include/custome_messge/custome_messge/msg/detail/num__rosidl_typesupport_introspection_cpp.hpp
[9.357s] -- Installing: /home/mazenbelal/Desktop/ROS2_Projects/ros2_ws/install/custome_messge/lib/libcustome_messge__rosidl_typesupport_introspection_cpp.so
[9.357s] -- Set runtime path of "/home/mazenbelal/Desktop/ROS2_Projects/ros2_ws/install/custome_messge/lib/libcustome_messge__rosidl_typesupport_introspection_cpp.so" to ""
[9.357s] -- Installing: /home/mazenbelal/Desktop/ROS2_Projects/ros2_ws/install/custome_messge/lib/libcustome_messge__rosidl_typesupport_cpp.so
[9.357s] -- Set runtime path of "/home/mazenbelal/Desktop/ROS2_Projects/ros2_ws/install/custome_messge/lib/libcustome_messge__rosidl_typesupport_cpp.so" to ""
[9.358s] -- Installing: /home/mazenbelal/Desktop/ROS2_Projects/ros2_ws/install/custome_messge/share/custome_messge/environment/pythonpath.sh
[9.358s] -- Installing: /home/mazenbelal/Desktop/ROS2_Projects/ros2_ws/install/custome_messge/share/custome_messge/environment/pythonpath.dsv
[9.358s] -- Installing: /home/mazenbelal/Desktop/ROS2_Projects/ros2_ws/install/custome_messge/local/lib/python3.10/dist-packages/custome_messge-0.0.0-py3.10.egg-info
[9.358s] -- Installing: /home/mazenbelal/Desktop/ROS2_Projects/ros2_ws/install/custome_messge/local/lib/python3.10/dist-packages/custome_messge-0.0.0-py3.10.egg-info/SOURCES.txt
[9.366s] -- Installing: /home/mazenbelal/Desktop/ROS2_Projects/ros2_ws/install/custome_messge/local/lib/python3.10/dist-packages/custome_messge-0.0.0-py3.10.egg-info/top_level.txt
[9.366s] -- Installing: /home/mazenbelal/Desktop/ROS2_Projects/ros2_ws/install/custome_messge/local/lib/python3.10/dist-packages/custome_messge-0.0.0-py3.10.egg-info/dependency_links.txt
[9.366s] -- Installing: /home/mazenbelal/Desktop/ROS2_Projects/ros2_ws/install/custome_messge/local/lib/python3.10/dist-packages/custome_messge-0.0.0-py3.10.egg-info/PKG-INFO
[9.367s] -- Installing: /home/mazenbelal/Desktop/ROS2_Projects/ros2_ws/install/custome_messge/local/lib/python3.10/dist-packages/custome_messge
[9.367s] -- Installing: /home/mazenbelal/Desktop/ROS2_Projects/ros2_ws/install/custome_messge/local/lib/python3.10/dist-packages/custome_messge/msg
[9.367s] -- Installing: /home/mazenbelal/Desktop/ROS2_Projects/ros2_ws/install/custome_messge/local/lib/python3.10/dist-packages/custome_messge/msg/__init__.py
[9.367s] -- Installing: /home/mazenbelal/Desktop/ROS2_Projects/ros2_ws/install/custome_messge/local/lib/python3.10/dist-packages/custome_messge/msg/_num_s.c
[9.367s] -- Installing: /home/mazenbelal/Desktop/ROS2_Projects/ros2_ws/install/custome_messge/local/lib/python3.10/dist-packages/custome_messge/msg/_num.py
[9.368s] -- Installing: /home/mazenbelal/Desktop/ROS2_Projects/ros2_ws/install/custome_messge/local/lib/python3.10/dist-packages/custome_messge/__init__.py
[9.368s] -- Installing: /home/mazenbelal/Desktop/ROS2_Projects/ros2_ws/install/custome_messge/local/lib/python3.10/dist-packages/custome_messge/_custome_messge_s.ep.rosidl_typesupport_fastrtps_c.c
[9.368s] -- Installing: /home/mazenbelal/Desktop/ROS2_Projects/ros2_ws/install/custome_messge/local/lib/python3.10/dist-packages/custome_messge/_custome_messge_s.ep.rosidl_typesupport_c.c
[9.369s] -- Installing: /home/mazenbelal/Desktop/ROS2_Projects/ros2_ws/install/custome_messge/local/lib/python3.10/dist-packages/custome_messge/custome_messge_s__rosidl_typesupport_c.cpython-310-x86_64-linux-gnu.so
[9.369s] -- Installing: /home/mazenbelal/Desktop/ROS2_Projects/ros2_ws/install/custome_messge/local/lib/python3.10/dist-packages/custome_messge/libcustome_messge__rosidl_generator_py.so
[9.369s] -- Installing: /home/mazenbelal/Desktop/ROS2_Projects/ros2_ws/install/custome_messge/local/lib/python3.10/dist-packages/custome_messge/custome_messge_s__rosidl_typesupport_fastrtps_c.cpython-310-x86_64-linux-gnu.so
[9.369s] -- Installing: /home/mazenbelal/Desktop/ROS2_Projects/ros2_ws/install/custome_messge/local/lib/python3.10/dist-packages/custome_messge/custome_messge_s__rosidl_typesupport_introspection_c.cpython-310-x86_64-linux-gnu.so
[9.370s] -- Installing: /home/mazenbelal/Desktop/ROS2_Projects/ros2_ws/install/custome_messge/local/lib/python3.10/dist-packages/custome_messge/_custome_messge_s.ep.rosidl_typesupport_introspection_c.c
[9.479s] Listing '/home/mazenbelal/Desktop/ROS2_Projects/ros2_ws/install/custome_messge/local/lib/python3.10/dist-packages/custome_messge'...
[9.480s] Compiling '/home/mazenbelal/Desktop/ROS2_Projects/ros2_ws/install/custome_messge/local/lib/python3.10/dist-packages/custome_messge/__init__.py'...
[9.480s] Listing '/home/mazenbelal/Desktop/ROS2_Projects/ros2_ws/install/custome_messge/local/lib/python3.10/dist-packages/custome_messge/msg'...
[9.480s] Compiling '/home/mazenbelal/Desktop/ROS2_Projects/ros2_ws/install/custome_messge/local/lib/python3.10/dist-packages/custome_messge/msg/__init__.py'...
[9.480s] Compiling '/home/mazenbelal/Desktop/ROS2_Projects/ros2_ws/install/custome_messge/local/lib/python3.10/dist-packages/custome_messge/msg/_num.py'...
[9.494s] -- Installing: /home/mazenbelal/Desktop/ROS2_Projects/ros2_ws/install/custome_messge/local/lib/python3.10/dist-packages/custome_messge/custome_messge_s__rosidl_typesupport_fastrtps_c.cpython-310-x86_64-linux-gnu.so
[9.496s] -- Set runtime path of "/home/mazenbelal/Desktop/ROS2_Projects/ros2_ws/install/custome_messge/local/lib/python3.10/dist-packages/custome_messge/custome_messge_s__rosidl_typesupport_fastrtps_c.cpython-310-x86_64-linux-gnu.so" to ""
[9.496s] -- Installing: /home/mazenbelal/Desktop/ROS2_Projects/ros2_ws/install/custome_messge/local/lib/python3.10/dist-packages/custome_messge/custome_messge_s__rosidl_typesupport_introspection_c.cpython-310-x86_64-linux-gnu.so
[9.496s] -- Set runtime path of "/home/mazenbelal/Desktop/ROS2_Projects/ros2_ws/install/custome_messge/local/lib/python3.10/dist-packages/custome_messge/custome_messge_s__rosidl_typesupport_introspection_c.cpython-310-x86_64-linux-gnu.so" to ""
[9.497s] -- Installing: /home/mazenbelal/Desktop/ROS2_Projects/ros2_ws/install/custome_messge/local/lib/python3.10/dist-packages/custome_messge/custome_messge_s__rosidl_typesupport_c.cpython-310-x86_64-linux-gnu.so
[9.497s] -- Set runtime path of "/home/mazenbelal/Desktop/ROS2_Projects/ros2_ws/install/custome_messge/local/lib/python3.10/dist-packages/custome_messge/custome_messge_s__rosidl_typesupport_c.cpython-310-x86_64-linux-gnu.so" to ""
[9.497s] -- Installing: /home/mazenbelal/Desktop/ROS2_Projects/ros2_ws/install/custome_messge/lib/libcustome_messge__rosidl_generator_py.so
[9.498s] -- Set runtime path of "/home/mazenbelal/Desktop/ROS2_Projects/ros2_ws/install/custome_messge/lib/libcustome_messge__rosidl_generator_py.so" to ""
[9.499s] -- Installing: /home/mazenbelal/Desktop/ROS2_Projects/ros2_ws/install/custome_messge/share/custome_messge/msg/Num.idl
[9.499s] -- Installing: /home/mazenbelal/Desktop/ROS2_Projects/ros2_ws/install/custome_messge/share/custome_messge/msg/Num.msg
[9.504s] Invoked command in '/home/mazenbelal/Desktop/ROS2_Projects/ros2_ws/build/custome_messge' returned '0': CMAKE_PREFIX_PATH=${CMAKE_PREFIX_PATH}:/opt/ros/humble /usr/bin/cmake --install /home/mazenbelal/Desktop/ROS2_Projects/ros2_ws/build/custome_messge
