[0.015s] Invoking command in '/home/mazenbelal/Desktop/ROS2_Projects/ros2_ws/build/custome_messge': /usr/bin/cmake /home/mazenbelal/Desktop/ROS2_Projects/ros2_ws/src/custome_messge -DCMAKE_INSTALL_PREFIX=/home/mazenbelal/Desktop/ROS2_Projects/ros2_ws/install/custome_messge
[0.031s] -- Found ament_cmake: 1.3.12 (/opt/ros/humble/share/ament_cmake/cmake)
[0.209s] -- Found rclcpp: 16.0.15 (/opt/ros/humble/share/rclcpp/cmake)
[0.268s] -- Found rosidl_generator_c: 3.1.7 (/opt/ros/humble/share/rosidl_generator_c/cmake)
[0.274s] -- Found rosidl_adapter: 3.1.7 (/opt/ros/humble/share/rosidl_adapter/cmake)
[0.283s] -- Found rosidl_generator_cpp: 3.1.7 (/opt/ros/humble/share/rosidl_generator_cpp/cmake)
[0.299s] -- Using all available rosidl_typesupport_c: rosidl_typesupport_fastrtps_c;rosidl_typesupport_introspection_c
[0.319s] -- Using all available rosidl_typesupport_cpp: rosidl_typesupport_fastrtps_cpp;rosidl_typesupport_introspection_cpp
[0.374s] -- Found rmw_implementation_cmake: 6.1.2 (/opt/ros/humble/share/rmw_implementation_cmake/cmake)
[0.376s] -- Found rmw_fastrtps_cpp: 6.2.9 (/opt/ros/humble/share/rmw_fastrtps_cpp/cmake)
[0.525s] -- Using RMW implementation 'rmw_fastrtps_cpp' as default
[0.609s] -- Found rosidl_default_generators: 1.2.0 (/opt/ros/humble/share/rosidl_default_generators/cmake)
[0.894s] Error parsing '/home/mazenbelal/Desktop/ROS2_Projects/ros2_ws/src/custome_messge/package.xml':
[0.973s] Traceback (most recent call last):
[0.974s]   File "/opt/ros/humble/share/ament_cmake_core/cmake/core/package_xml_2_cmake.py", line 150, in <module>
[0.974s]     main()
[0.974s]   File "/opt/ros/humble/share/ament_cmake_core/cmake/core/package_xml_2_cmake.py", line 53, in main
[0.974s]     raise e
[0.974s]   File "/opt/ros/humble/share/ament_cmake_core/cmake/core/package_xml_2_cmake.py", line 49, in main
[0.975s]     package = parse_package_string(
[0.975s]   File "/usr/lib/python3/dist-packages/catkin_pkg/package.py", line 786, in parse_package_string
[0.975s]     raise InvalidPackage('Error(s):%s' % (''.join(['\n- %s' % e for e in errors])), filename)
[0.975s] catkin_pkg.package.InvalidPackage: Error(s) in package '/home/mazenbelal/Desktop/ROS2_Projects/ros2_ws/src/custome_messge/package.xml':
[0.975s] Error(s):
[0.976s] - The manifest of package "custome_messge" (with format version 3) must not contain the following tags: build_type_depend, member_of_depend
[0.998s] [31mCMake Error at /opt/ros/humble/share/ament_cmake_core/cmake/core/ament_package_xml.cmake:95 (message):
[0.998s]   execute_process(/usr/bin/python3
[0.999s]   /opt/ros/humble/share/ament_cmake_core/cmake/core/package_xml_2_cmake.py
[0.999s]   /home/mazenbelal/Desktop/ROS2_Projects/ros2_ws/src/custome_messge/package.xml
[0.999s]   /home/mazenbelal/Desktop/ROS2_Projects/ros2_ws/build/custome_messge/ament_cmake_core/package.cmake)
[0.999s]   returned error code 1
[0.999s] Call Stack (most recent call first):
[1.000s]   /opt/ros/humble/share/ament_cmake_core/cmake/core/ament_package_xml.cmake:49 (_ament_package_xml)
[1.000s]   /opt/ros/humble/share/rosidl_cmake/cmake/rosidl_generate_interfaces.cmake:226 (ament_package_xml)
[1.000s]   CMakeLists.txt:18 (rosidl_generate_interfaces)
[1.000s] 
[1.000s] [0m
[1.000s] -- Configuring incomplete, errors occurred!
[1.001s] See also "/home/mazenbelal/Desktop/ROS2_Projects/ros2_ws/build/custome_messge/CMakeFiles/CMakeOutput.log".
[1.011s] Invoked command in '/home/mazenbelal/Desktop/ROS2_Projects/ros2_ws/build/custome_messge' returned '1': /usr/bin/cmake /home/mazenbelal/Desktop/ROS2_Projects/ros2_ws/src/custome_messge -DCMAKE_INSTALL_PREFIX=/home/mazenbelal/Desktop/ROS2_Projects/ros2_ws/install/custome_messge
