[0.022s] Invoking command in '/home/mazenbelal/Desktop/ROS2_Projects/ros2_ws/build/custome_messge': CMAKE_PREFIX_PATH=${CMAKE_PREFIX_PATH}:/opt/ros/humble /usr/bin/cmake --build /home/mazenbelal/Desktop/ROS2_Projects/ros2_ws/build/custome_messge -- -j4 -l4
[0.131s] [  3%] Built target custome_messge__cpp
[0.152s] [ 12%] Built target custome_messge__rosidl_generator_c
[0.185s] [ 15%] [32mBuilding CXX object CMakeFiles/talker.dir/src/pub.cpp.o[0m
[0.207s] [ 15%] Built target ament_cmake_python_copy_custome_messge
[0.251s] [ 24%] Built target custome_messge__rosidl_typesupport_cpp
[0.263s] [ 33%] Built target custome_messge__rosidl_typesupport_fastrtps_cpp
[0.329s] [ 42%] Built target custome_messge__rosidl_typesupport_introspection_c
[0.386s] [ 51%] Built target custome_messge__rosidl_typesupport_c
[0.423s] [ 60%] Built target custome_messge__rosidl_typesupport_introspection_cpp
[0.525s] [ 69%] Built target custome_messge__rosidl_typesupport_fastrtps_c
[0.625s] [ 69%] Built target custome_messge
[0.729s] [ 72%] Built target custome_messge__py
[0.828s] [ 78%] Built target custome_messge__rosidl_generator_py
[0.933s] [ 84%] Built target custome_messge__rosidl_typesupport_introspection_c__pyext
[0.943s] [ 90%] Built target custome_messge__rosidl_typesupport_fastrtps_c__pyext
[0.993s] [01m[K/home/mazenbelal/Desktop/ROS2_Projects/ros2_ws/src/custome_messge/src/pub.cpp:8:10:[m[K [01;31m[Kfatal error: [m[Kcustome_messge/msg/Num.hpp: No such file or directory
[0.998s]     8 | #include [01;31m[K"custome_messge/msg/Num.hpp"[m[K
[0.998s]       |          [01;31m[K^~~~~~~~~~~~~~~~~~~~~~~~~~~~[m[K
[0.999s] compilation terminated.
[1.017s] [ 96%] Built target custome_messge__rosidl_typesupport_c__pyext
[1.027s] gmake[2]: *** [CMakeFiles/talker.dir/build.make:76: CMakeFiles/talker.dir/src/pub.cpp.o] Error 1
[1.028s] gmake[1]: *** [CMakeFiles/Makefile2:592: CMakeFiles/talker.dir/all] Error 2
[1.028s] gmake[1]: *** Waiting for unfinished jobs....
[1.328s] running egg_info
[1.330s] writing custome_messge.egg-info/PKG-INFO
[1.330s] writing dependency_links to custome_messge.egg-info/dependency_links.txt
[1.330s] writing top-level names to custome_messge.egg-info/top_level.txt
[1.338s] reading manifest file 'custome_messge.egg-info/SOURCES.txt'
[1.342s] writing manifest file 'custome_messge.egg-info/SOURCES.txt'
[1.444s] [ 96%] Built target ament_cmake_python_build_custome_messge_egg
[1.446s] gmake: *** [Makefile:146: all] Error 2
[1.451s] Invoked command in '/home/mazenbelal/Desktop/ROS2_Projects/ros2_ws/build/custome_messge' returned '2': CMAKE_PREFIX_PATH=${CMAKE_PREFIX_PATH}:/opt/ros/humble /usr/bin/cmake --build /home/mazenbelal/Desktop/ROS2_Projects/ros2_ws/build/custome_messge -- -j4 -l4
