[0.019s] Invoking command in '/home/mazenbelal/Desktop/ROS2_Projects/ros2_ws/build/CustomeMessage': CMAKE_PREFIX_PATH=${CMAKE_PREFIX_PATH}:/opt/ros/humble /usr/bin/cmake /home/mazenbelal/Desktop/ROS2_Projects/ros2_ws/src/CustomeMessage -DCMAKE_INSTALL_PREFIX=/home/mazenbelal/Desktop/ROS2_Projects/ros2_ws/install/CustomeMessage
[1.095s] -- The C compiler identification is GNU 11.4.0
[1.576s] -- The CXX compiler identification is GNU 11.4.0
[1.587s] -- Detecting C compiler ABI info
[1.842s] -- Detecting C compiler ABI info - done
[1.858s] -- Check for working C compiler: /usr/bin/cc - skipped
[1.860s] -- Detecting C compile features
[1.862s] -- Detecting C compile features - done
[1.869s] -- Detecting CXX compiler ABI info
[2.046s] -- Detecting CXX compiler ABI info - done
[2.064s] -- Check for working CXX compiler: /usr/bin/c++ - skipped
[2.065s] -- Detecting CXX compile features
[2.068s] -- Detecting CXX compile features - done
[2.069s] -- Found ament_cmake: 1.3.12 (/opt/ros/humble/share/ament_cmake/cmake)
[2.316s] -- Found Python3: /usr/bin/python3 (found version "3.10.12") found components: Interpreter 
[2.483s] -- Found ament_lint_auto: 0.12.14 (/opt/ros/humble/share/ament_lint_auto/cmake)
[2.567s] WARNING: Package name "CustomeMessage" does not follow the naming conventions. It should start with a lower case letter and only contain lower case letters, digits, underscores, and dashes.
[2.940s] -- Found rclcpp: 16.0.15 (/opt/ros/humble/share/rclcpp/cmake)
[3.146s] -- Found rosidl_generator_c: 3.1.7 (/opt/ros/humble/share/rosidl_generator_c/cmake)
[3.161s] -- Found rosidl_adapter: 3.1.7 (/opt/ros/humble/share/rosidl_adapter/cmake)
[3.185s] -- Found rosidl_generator_cpp: 3.1.7 (/opt/ros/humble/share/rosidl_generator_cpp/cmake)
[3.217s] -- Using all available rosidl_typesupport_c: rosidl_typesupport_fastrtps_c;rosidl_typesupport_introspection_c
[3.292s] -- Using all available rosidl_typesupport_cpp: rosidl_typesupport_fastrtps_cpp;rosidl_typesupport_introspection_cpp
[3.436s] -- Found rmw_implementation_cmake: 6.1.2 (/opt/ros/humble/share/rmw_implementation_cmake/cmake)
[3.442s] -- Found rmw_fastrtps_cpp: 6.2.9 (/opt/ros/humble/share/rmw_fastrtps_cpp/cmake)
[3.979s] -- Found OpenSSL: /usr/lib/x86_64-linux-gnu/libcrypto.so (found version "3.0.2")  
[4.086s] -- Found FastRTPS: /opt/ros/humble/include  
[4.184s] -- Using RMW implementation 'rmw_fastrtps_cpp' as default
[4.198s] -- Looking for pthread.h
[4.406s] -- Looking for pthread.h - found
[4.407s] -- Performing Test CMAKE_HAVE_LIBC_PTHREAD
[4.622s] -- Performing Test CMAKE_HAVE_LIBC_PTHREAD - Success
[4.626s] -- Found Threads: TRUE  
[4.758s] -- Found rosidl_default_generators: 1.2.0 (/opt/ros/humble/share/rosidl_default_generators/cmake)
[4.775s] [31mCMake Error at /opt/ros/humble/share/rosidl_cmake/cmake/rosidl_generate_interfaces.cmake:93 (message):
[4.776s]   rosidl_generate_interfaces() the passed file 'msg/Num.msg' doesn't exist
[4.776s]   relative to the CMAKE_CURRENT_SOURCE_DIR
[4.776s]   '/home/mazenbelal/Desktop/ROS2_Projects/ros2_ws/src/CustomeMessage'
[4.776s] Call Stack (most recent call first):
[4.777s]   CMakeLists.txt:30 (rosidl_generate_interfaces)
[4.777s] 
[4.777s] [0m
[4.777s] -- Configuring incomplete, errors occurred!
[4.777s] See also "/home/mazenbelal/Desktop/ROS2_Projects/ros2_ws/build/CustomeMessage/CMakeFiles/CMakeOutput.log".
