[0.019s] Invoking command in '/home/mazenbelal/Desktop/ROS2_Projects/ros2_ws/build/custome_messge': CMAKE_PREFIX_PATH=${CMAKE_PREFIX_PATH}:/opt/ros/humble /usr/bin/cmake --build /home/mazenbelal/Desktop/ROS2_Projects/ros2_ws/build/custome_messge -- -j4 -l4
[0.079s] -- Found ament_cmake: 1.3.12 (/opt/ros/humble/share/ament_cmake/cmake)
[0.342s] -- Found rclcpp: 16.0.15 (/opt/ros/humble/share/rclcpp/cmake)
[0.667s] -- Found rosidl_generator_c: 3.1.7 (/opt/ros/humble/share/rosidl_generator_c/cmake)
[0.671s] -- Found rosidl_adapter: 3.1.7 (/opt/ros/humble/share/rosidl_adapter/cmake)
[0.703s] -- Found rosidl_generator_cpp: 3.1.7 (/opt/ros/humble/share/rosidl_generator_cpp/cmake)
[0.744s] -- Using all available rosidl_typesupport_c: rosidl_typesupport_fastrtps_c;rosidl_typesupport_introspection_c
[0.772s] -- Using all available rosidl_typesupport_cpp: rosidl_typesupport_fastrtps_cpp;rosidl_typesupport_introspection_cpp
[0.977s] -- Found rmw_implementation_cmake: 6.1.2 (/opt/ros/humble/share/rmw_implementation_cmake/cmake)
[0.979s] -- Found rmw_fastrtps_cpp: 6.2.9 (/opt/ros/humble/share/rmw_fastrtps_cpp/cmake)
[1.374s] -- Using RMW implementation 'rmw_fastrtps_cpp' as default
[1.476s] -- Found rosidl_default_generators: 1.2.0 (/opt/ros/humble/share/rosidl_default_generators/cmake)
[1.901s] -- Found ament_cmake_ros: 0.10.0 (/opt/ros/humble/share/ament_cmake_ros/cmake)
[2.418s] -- Using all available rosidl_typesupport_c: rosidl_typesupport_fastrtps_c;rosidl_typesupport_introspection_c
[2.607s] -- Using all available rosidl_typesupport_cpp: rosidl_typesupport_fastrtps_cpp;rosidl_typesupport_introspection_cpp
[2.638s] -- Found python_cmake_module: 0.10.0 (/opt/ros/humble/share/python_cmake_module/cmake)
[2.670s] -- Using PYTHON_EXECUTABLE: /usr/bin/python3
[2.670s] -- Using PYTHON_INCLUDE_DIRS: /usr/include/python3.10
[2.670s] -- Using PYTHON_LIBRARIES: /usr/lib/x86_64-linux-gnu/libpython3.10.so
[2.697s] -- Configuring done
[2.762s] -- Generating done
[2.784s] -- Build files have been written to: /home/mazenbelal/Desktop/ROS2_Projects/ros2_ws/build/custome_messge
[2.869s] [35m[1mConsolidate compiler generated dependencies of target custome_messge__rosidl_generator_c[0m
[2.870s] [35m[1mConsolidate compiler generated dependencies of target talker[0m
[2.876s] [  3%] Built target custome_messge__cpp
[2.915s] [ 12%] Built target custome_messge__rosidl_generator_c
[2.915s] [35m[1mConsolidate compiler generated dependencies of target custome_messge__rosidl_typesupport_cpp[0m
[2.932s] [ 12%] Built target ament_cmake_python_copy_custome_messge
[2.941s] [ 15%] [32mBuilding CXX object CMakeFiles/talker.dir/src/pub.cpp.o[0m
[2.953s] [35m[1mConsolidate compiler generated dependencies of target custome_messge__rosidl_typesupport_fastrtps_cpp[0m
[3.015s] [35m[1mConsolidate compiler generated dependencies of target custome_messge__rosidl_typesupport_introspection_c[0m
[3.017s] [ 24%] Built target custome_messge__rosidl_typesupport_cpp
[3.049s] [ 33%] Built target custome_messge__rosidl_typesupport_fastrtps_cpp
[3.099s] [35m[1mConsolidate compiler generated dependencies of target custome_messge__rosidl_typesupport_c[0m
[3.120s] [ 42%] Built target custome_messge__rosidl_typesupport_introspection_c
[3.171s] [35m[1mConsolidate compiler generated dependencies of target custome_messge__rosidl_typesupport_introspection_cpp[0m
[3.193s] [ 51%] Built target custome_messge__rosidl_typesupport_c
[3.253s] [35m[1mConsolidate compiler generated dependencies of target custome_messge__rosidl_typesupport_fastrtps_c[0m
[3.263s] [ 60%] Built target custome_messge__rosidl_typesupport_introspection_cpp
[3.333s] [ 69%] Built target custome_messge__rosidl_typesupport_fastrtps_c
[3.449s] [ 69%] Built target custome_messge
[3.547s] [ 72%] Built target custome_messge__py
[3.606s] [35m[1mConsolidate compiler generated dependencies of target custome_messge__rosidl_generator_py[0m
[3.677s] [ 78%] Built target custome_messge__rosidl_generator_py
[3.744s] [35m[1mConsolidate compiler generated dependencies of target custome_messge__rosidl_typesupport_fastrtps_c__pyext[0m
[3.780s] [35m[1mConsolidate compiler generated dependencies of target custome_messge__rosidl_typesupport_introspection_c__pyext[0m
[3.846s] [ 84%] Built target custome_messge__rosidl_typesupport_fastrtps_c__pyext
[3.903s] [ 90%] Built target custome_messge__rosidl_typesupport_introspection_c__pyext
[3.910s] [35m[1mConsolidate compiler generated dependencies of target custome_messge__rosidl_typesupport_c__pyext[0m
[4.024s] [ 96%] Built target custome_messge__rosidl_typesupport_c__pyext
[4.065s] [01m[K/home/mazenbelal/Desktop/ROS2_Projects/ros2_ws/src/custome_messge/src/pub.cpp:8:10:[m[K [01;31m[Kfatal error: [m[Kcustome_messge/msg/num.hpp: No such file or directory
[4.065s]     8 | #include [01;31m[K"custome_messge/msg/num.hpp"[m[K
[4.066s]       |          [01;31m[K^~~~~~~~~~~~~~~~~~~~~~~~~~~~[m[K
[4.066s] compilation terminated.
[4.078s] gmake[2]: *** [CMakeFiles/talker.dir/build.make:76: CMakeFiles/talker.dir/src/pub.cpp.o] Error 1
[4.078s] gmake[1]: *** [CMakeFiles/Makefile2:592: CMakeFiles/talker.dir/all] Error 2
[4.079s] gmake[1]: *** Waiting for unfinished jobs....
[4.333s] running egg_info
[4.336s] writing custome_messge.egg-info/PKG-INFO
[4.336s] writing dependency_links to custome_messge.egg-info/dependency_links.txt
[4.336s] writing top-level names to custome_messge.egg-info/top_level.txt
[4.341s] reading manifest file 'custome_messge.egg-info/SOURCES.txt'
[4.344s] writing manifest file 'custome_messge.egg-info/SOURCES.txt'
[4.432s] [ 96%] Built target ament_cmake_python_build_custome_messge_egg
[4.435s] gmake: *** [Makefile:146: all] Error 2
[4.443s] Invoked command in '/home/mazenbelal/Desktop/ROS2_Projects/ros2_ws/build/custome_messge' returned '2': CMAKE_PREFIX_PATH=${CMAKE_PREFIX_PATH}:/opt/ros/humble /usr/bin/cmake --build /home/mazenbelal/Desktop/ROS2_Projects/ros2_ws/build/custome_messge -- -j4 -l4
