[0.123s] Invoking command in '/home/mazenbelal/Desktop/ROS2_Projects/ros2_ws/build/add_two_ints': CMAKE_PREFIX_PATH=${CMAKE_PREFIX_PATH}:/opt/ros/humble /usr/bin/cmake --build /home/mazenbelal/Desktop/ROS2_Projects/ros2_ws/build/add_two_ints -- -j4 -l4
[0.234s] [ 50%] [32mBuilding CXX object CMakeFiles/add_two_ints_server.dir/src/add_two_ints_server.cpp.o[0m
[6.663s] [100%] [32m[1mLinking CXX executable add_two_ints_server[0m
[7.204s] [100%] Built target add_two_ints_server
[7.229s] Invoked command in '/home/mazenbelal/Desktop/ROS2_Projects/ros2_ws/build/add_two_ints' returned '0': CMAKE_PREFIX_PATH=${CMAKE_PREFIX_PATH}:/opt/ros/humble /usr/bin/cmake --build /home/mazenbelal/Desktop/ROS2_Projects/ros2_ws/build/add_two_ints -- -j4 -l4
[7.245s] Invoking command in '/home/mazenbelal/Desktop/ROS2_Projects/ros2_ws/build/add_two_ints': CMAKE_PREFIX_PATH=${CMAKE_PREFIX_PATH}:/opt/ros/humble /usr/bin/cmake --install /home/mazenbelal/Desktop/ROS2_Projects/ros2_ws/build/add_two_ints
[7.261s] -- Install configuration: ""
[7.261s] -- Installing: /home/mazenbelal/Desktop/ROS2_Projects/ros2_ws/install/add_two_ints/lib/add_two_ints/add_two_ints_server
[7.263s] -- Set runtime path of "/home/mazenbelal/Desktop/ROS2_Projects/ros2_ws/install/add_two_ints/lib/add_two_ints/add_two_ints_server" to ""
[7.263s] -- Installing: /home/mazenbelal/Desktop/ROS2_Projects/ros2_ws/install/add_two_ints/share/ament_index/resource_index/package_run_dependencies/add_two_ints
[7.264s] -- Installing: /home/mazenbelal/Desktop/ROS2_Projects/ros2_ws/install/add_two_ints/share/ament_index/resource_index/parent_prefix_path/add_two_ints
[7.265s] -- Installing: /home/mazenbelal/Desktop/ROS2_Projects/ros2_ws/install/add_two_ints/share/add_two_ints/environment/ament_prefix_path.sh
[7.266s] -- Installing: /home/mazenbelal/Desktop/ROS2_Projects/ros2_ws/install/add_two_ints/share/add_two_ints/environment/ament_prefix_path.dsv
[7.266s] -- Installing: /home/mazenbelal/Desktop/ROS2_Projects/ros2_ws/install/add_two_ints/share/add_two_ints/environment/path.sh
[7.266s] -- Installing: /home/mazenbelal/Desktop/ROS2_Projects/ros2_ws/install/add_two_ints/share/add_two_ints/environment/path.dsv
[7.267s] -- Installing: /home/mazenbelal/Desktop/ROS2_Projects/ros2_ws/install/add_two_ints/share/add_two_ints/local_setup.bash
[7.267s] -- Installing: /home/mazenbelal/Desktop/ROS2_Projects/ros2_ws/install/add_two_ints/share/add_two_ints/local_setup.sh
[7.267s] -- Installing: /home/mazenbelal/Desktop/ROS2_Projects/ros2_ws/install/add_two_ints/share/add_two_ints/local_setup.zsh
[7.267s] -- Installing: /home/mazenbelal/Desktop/ROS2_Projects/ros2_ws/install/add_two_ints/share/add_two_ints/local_setup.dsv
[7.267s] -- Installing: /home/mazenbelal/Desktop/ROS2_Projects/ros2_ws/install/add_two_ints/share/add_two_ints/package.dsv
[7.268s] -- Installing: /home/mazenbelal/Desktop/ROS2_Projects/ros2_ws/install/add_two_ints/share/ament_index/resource_index/packages/add_two_ints
[7.268s] -- Installing: /home/mazenbelal/Desktop/ROS2_Projects/ros2_ws/install/add_two_ints/share/add_two_ints/cmake/add_two_intsConfig.cmake
[7.268s] -- Installing: /home/mazenbelal/Desktop/ROS2_Projects/ros2_ws/install/add_two_ints/share/add_two_ints/cmake/add_two_intsConfig-version.cmake
[7.268s] -- Installing: /home/mazenbelal/Desktop/ROS2_Projects/ros2_ws/install/add_two_ints/share/add_two_ints/package.xml
[7.271s] Invoked command in '/home/mazenbelal/Desktop/ROS2_Projects/ros2_ws/build/add_two_ints' returned '0': CMAKE_PREFIX_PATH=${CMAKE_PREFIX_PATH}:/opt/ros/humble /usr/bin/cmake --install /home/mazenbelal/Desktop/ROS2_Projects/ros2_ws/build/add_two_ints
