[0.026s] Invoking command in '/home/mazenbelal/Desktop/ROS2_Projects/ros2_ws/build/custome_messge': CMAKE_PREFIX_PATH=${CMAKE_PREFIX_PATH}:/opt/ros/humble /usr/bin/cmake --build /home/mazenbelal/Desktop/ROS2_Projects/ros2_ws/build/custome_messge -- -j4 -l4
[0.149s] [  9%] Built target custome_messge__rosidl_generator_c
[0.173s] [ 12%] Built target custome_messge__cpp
[0.195s] [ 15%] [32mBuilding CXX object CMakeFiles/talker.dir/src/pub.cpp.o[0m
[0.220s] [ 15%] Built target ament_cmake_python_copy_custome_messge
[0.265s] [ 24%] Built target custome_messge__rosidl_typesupport_fastrtps_c
[0.278s] [ 33%] Built target custome_messge__rosidl_typesupport_introspection_c
[0.356s] [ 42%] Built target custome_messge__rosidl_typesupport_c
[0.410s] [ 51%] Built target custome_messge__rosidl_typesupport_introspection_cpp
[0.482s] [ 60%] Built target custome_messge__rosidl_typesupport_cpp
[0.515s] [ 69%] Built target custome_messge__rosidl_typesupport_fastrtps_cpp
[0.674s] [ 69%] Built target custome_messge
[0.818s] [ 72%] Built target custome_messge__py
[1.017s] [ 78%] Built target custome_messge__rosidl_generator_py
[1.102s] [01m[K/home/mazenbelal/Desktop/ROS2_Projects/ros2_ws/src/custome_messge/src/pub.cpp:8:10:[m[K [01;31m[Kfatal error: [m[Kcustome_messge/msg/num.hpp: No such file or directory
[1.107s]     8 | #include [01;31m[K"custome_messge/msg/num.hpp"[m[K
[1.107s]       |          [01;31m[K^~~~~~~~~~~~~~~~~~~~~~~~~~~~[m[K
[1.107s] compilation terminated.
[1.111s] gmake[2]: *** [CMakeFiles/talker.dir/build.make:76: CMakeFiles/talker.dir/src/pub.cpp.o] Error 1
[1.111s] gmake[1]: *** [CMakeFiles/Makefile2:592: CMakeFiles/talker.dir/all] Error 2
[1.112s] gmake[1]: *** Waiting for unfinished jobs....
[1.125s] [ 84%] Built target custome_messge__rosidl_typesupport_introspection_c__pyext
[1.160s] [ 90%] Built target custome_messge__rosidl_typesupport_fastrtps_c__pyext
[1.580s] running egg_info
[1.583s] writing custome_messge.egg-info/PKG-INFO
[1.584s] writing dependency_links to custome_messge.egg-info/dependency_links.txt
[1.584s] writing top-level names to custome_messge.egg-info/top_level.txt
[1.589s] reading manifest file 'custome_messge.egg-info/SOURCES.txt'
[1.611s] writing manifest file 'custome_messge.egg-info/SOURCES.txt'
[1.667s] [ 90%] Built target ament_cmake_python_build_custome_messge_egg
[1.670s] gmake: *** [Makefile:146: all] Error 2
[1.674s] Invoked command in '/home/mazenbelal/Desktop/ROS2_Projects/ros2_ws/build/custome_messge' returned '2': CMAKE_PREFIX_PATH=${CMAKE_PREFIX_PATH}:/opt/ros/humble /usr/bin/cmake --build /home/mazenbelal/Desktop/ROS2_Projects/ros2_ws/build/custome_messge -- -j4 -l4
