[0.255s] DEBUG:colcon:Command line arguments: ['/usr/bin/colcon', 'build', '--packages-select', 'add_two_ints']
[0.255s] DEBUG:colcon:Parsed command line arguments: Namespace(log_base=None, log_level=None, verb_name='build', build_base='build', install_base='install', merge_install=False, symlink_install=False, test_result_base=None, continue_on_error=False, executor='parallel', parallel_workers=4, event_handlers=None, ignore_user_meta=False, metas=['./colcon.meta'], base_paths=['.'], packages_ignore=None, packages_ignore_regex=None, paths=None, packages_up_to=None, packages_up_to_regex=None, packages_above=None, packages_above_and_dependencies=None, packages_above_depth=None, packages_select_by_dep=None, packages_skip_by_dep=None, packages_skip_up_to=None, packages_select_build_failed=False, packages_skip_build_finished=False, packages_select_test_failures=False, packages_skip_test_passed=False, packages_select=['add_two_ints'], packages_skip=None, packages_select_regex=None, packages_skip_regex=None, packages_start=None, packages_end=None, allow_overriding=[], cmake_args=None, cmake_target=None, cmake_target_skip_unavailable=False, cmake_clean_cache=False, cmake_clean_first=False, cmake_force_configure=False, ament_cmake_args=None, catkin_cmake_args=None, catkin_skip_building_tests=False, mixin_files=None, mixin=None, verb_parser=<colcon_mixin.mixin.mixin_argument.MixinArgumentDecorator object at 0x72262a252470>, verb_extension=<colcon_core.verb.build.BuildVerb object at 0x72262a251de0>, main=<bound method BuildVerb.main of <colcon_core.verb.build.BuildVerb object at 0x72262a251de0>>, mixin_verb=('build',))
[0.634s] Level 1:colcon.colcon_core.package_discovery:discover_packages(colcon_meta) check parameters
[0.635s] Level 1:colcon.colcon_core.package_discovery:discover_packages(recursive) check parameters
[0.635s] Level 1:colcon.colcon_core.package_discovery:discover_packages(ignore) check parameters
[0.635s] Level 1:colcon.colcon_core.package_discovery:discover_packages(path) check parameters
[0.635s] Level 1:colcon.colcon_core.package_discovery:discover_packages(colcon_meta) discover
[0.635s] Level 1:colcon.colcon_core.package_discovery:discover_packages(recursive) discover
[0.635s] INFO:colcon.colcon_core.package_discovery:Crawling recursively for packages in '/home/mazenbelal/Desktop/ROS2_Projects/ros2_ws'
[0.635s] Level 1:colcon.colcon_core.package_identification:_identify(.) by extensions ['ignore', 'ignore_ament_install']
[0.636s] Level 1:colcon.colcon_core.package_identification:_identify(.) by extension 'ignore'
[0.636s] Level 1:colcon.colcon_core.package_identification:_identify(.) by extension 'ignore_ament_install'
[0.636s] Level 1:colcon.colcon_core.package_identification:_identify(.) by extensions ['colcon_pkg']
[0.636s] Level 1:colcon.colcon_core.package_identification:_identify(.) by extension 'colcon_pkg'
[0.636s] Level 1:colcon.colcon_core.package_identification:_identify(.) by extensions ['colcon_meta']
[0.636s] Level 1:colcon.colcon_core.package_identification:_identify(.) by extension 'colcon_meta'
[0.636s] Level 1:colcon.colcon_core.package_identification:_identify(.) by extensions ['ros']
[0.636s] Level 1:colcon.colcon_core.package_identification:_identify(.) by extension 'ros'
[0.653s] Level 1:colcon.colcon_core.package_identification:_identify(.) by extensions ['cmake', 'python']
[0.653s] Level 1:colcon.colcon_core.package_identification:_identify(.) by extension 'cmake'
[0.653s] Level 1:colcon.colcon_core.package_identification:_identify(.) by extension 'python'
[0.653s] Level 1:colcon.colcon_core.package_identification:_identify(.) by extensions ['python_setup_py']
[0.653s] Level 1:colcon.colcon_core.package_identification:_identify(.) by extension 'python_setup_py'
[0.653s] Level 1:colcon.colcon_core.package_identification:_identify(build) by extensions ['ignore', 'ignore_ament_install']
[0.653s] Level 1:colcon.colcon_core.package_identification:_identify(build) by extension 'ignore'
[0.653s] Level 1:colcon.colcon_core.package_identification:_identify(build) ignored
[0.654s] Level 1:colcon.colcon_core.package_identification:_identify(install) by extensions ['ignore', 'ignore_ament_install']
[0.654s] Level 1:colcon.colcon_core.package_identification:_identify(install) by extension 'ignore'
[0.654s] Level 1:colcon.colcon_core.package_identification:_identify(install) ignored
[0.654s] Level 1:colcon.colcon_core.package_identification:_identify(log) by extensions ['ignore', 'ignore_ament_install']
[0.654s] Level 1:colcon.colcon_core.package_identification:_identify(log) by extension 'ignore'
[0.654s] Level 1:colcon.colcon_core.package_identification:_identify(log) ignored
[0.654s] Level 1:colcon.colcon_core.package_identification:_identify(src) by extensions ['ignore', 'ignore_ament_install']
[0.654s] Level 1:colcon.colcon_core.package_identification:_identify(src) by extension 'ignore'
[0.654s] Level 1:colcon.colcon_core.package_identification:_identify(src) by extension 'ignore_ament_install'
[0.654s] Level 1:colcon.colcon_core.package_identification:_identify(src) by extensions ['colcon_pkg']
[0.655s] Level 1:colcon.colcon_core.package_identification:_identify(src) by extension 'colcon_pkg'
[0.655s] Level 1:colcon.colcon_core.package_identification:_identify(src) by extensions ['colcon_meta']
[0.655s] Level 1:colcon.colcon_core.package_identification:_identify(src) by extension 'colcon_meta'
[0.655s] Level 1:colcon.colcon_core.package_identification:_identify(src) by extensions ['ros']
[0.655s] Level 1:colcon.colcon_core.package_identification:_identify(src) by extension 'ros'
[0.655s] Level 1:colcon.colcon_core.package_identification:_identify(src) by extensions ['cmake', 'python']
[0.655s] Level 1:colcon.colcon_core.package_identification:_identify(src) by extension 'cmake'
[0.655s] Level 1:colcon.colcon_core.package_identification:_identify(src) by extension 'python'
[0.655s] Level 1:colcon.colcon_core.package_identification:_identify(src) by extensions ['python_setup_py']
[0.655s] Level 1:colcon.colcon_core.package_identification:_identify(src) by extension 'python_setup_py'
[0.655s] Level 1:colcon.colcon_core.package_identification:_identify(src/add_two_ints) by extensions ['ignore', 'ignore_ament_install']
[0.655s] Level 1:colcon.colcon_core.package_identification:_identify(src/add_two_ints) by extension 'ignore'
[0.655s] Level 1:colcon.colcon_core.package_identification:_identify(src/add_two_ints) by extension 'ignore_ament_install'
[0.656s] Level 1:colcon.colcon_core.package_identification:_identify(src/add_two_ints) by extensions ['colcon_pkg']
[0.656s] Level 1:colcon.colcon_core.package_identification:_identify(src/add_two_ints) by extension 'colcon_pkg'
[0.656s] Level 1:colcon.colcon_core.package_identification:_identify(src/add_two_ints) by extensions ['colcon_meta']
[0.656s] Level 1:colcon.colcon_core.package_identification:_identify(src/add_two_ints) by extension 'colcon_meta'
[0.656s] Level 1:colcon.colcon_core.package_identification:_identify(src/add_two_ints) by extensions ['ros']
[0.656s] Level 1:colcon.colcon_core.package_identification:_identify(src/add_two_ints) by extension 'ros'
[0.659s] DEBUG:colcon.colcon_core.package_identification:Package 'src/add_two_ints' with type 'ros.ament_cmake' and name 'add_two_ints'
[0.659s] Level 1:colcon.colcon_core.package_identification:_identify(src/custome_messge) by extensions ['ignore', 'ignore_ament_install']
[0.659s] Level 1:colcon.colcon_core.package_identification:_identify(src/custome_messge) by extension 'ignore'
[0.660s] Level 1:colcon.colcon_core.package_identification:_identify(src/custome_messge) by extension 'ignore_ament_install'
[0.660s] Level 1:colcon.colcon_core.package_identification:_identify(src/custome_messge) by extensions ['colcon_pkg']
[0.660s] Level 1:colcon.colcon_core.package_identification:_identify(src/custome_messge) by extension 'colcon_pkg'
[0.660s] Level 1:colcon.colcon_core.package_identification:_identify(src/custome_messge) by extensions ['colcon_meta']
[0.660s] Level 1:colcon.colcon_core.package_identification:_identify(src/custome_messge) by extension 'colcon_meta'
[0.660s] Level 1:colcon.colcon_core.package_identification:_identify(src/custome_messge) by extensions ['ros']
[0.660s] Level 1:colcon.colcon_core.package_identification:_identify(src/custome_messge) by extension 'ros'
[0.661s] DEBUG:colcon.colcon_core.package_identification:Package 'src/custome_messge' with type 'ros.ament_cmake' and name 'custome_messge'
[0.662s] Level 1:colcon.colcon_core.package_identification:_identify(src/interface) by extensions ['ignore', 'ignore_ament_install']
[0.662s] Level 1:colcon.colcon_core.package_identification:_identify(src/interface) by extension 'ignore'
[0.662s] Level 1:colcon.colcon_core.package_identification:_identify(src/interface) by extension 'ignore_ament_install'
[0.663s] Level 1:colcon.colcon_core.package_identification:_identify(src/interface) by extensions ['colcon_pkg']
[0.663s] Level 1:colcon.colcon_core.package_identification:_identify(src/interface) by extension 'colcon_pkg'
[0.663s] Level 1:colcon.colcon_core.package_identification:_identify(src/interface) by extensions ['colcon_meta']
[0.663s] Level 1:colcon.colcon_core.package_identification:_identify(src/interface) by extension 'colcon_meta'
[0.663s] Level 1:colcon.colcon_core.package_identification:_identify(src/interface) by extensions ['ros']
[0.663s] Level 1:colcon.colcon_core.package_identification:_identify(src/interface) by extension 'ros'
[0.664s] DEBUG:colcon.colcon_core.package_identification:Package 'src/interface' with type 'ros.ament_cmake' and name 'interface'
[0.664s] Level 1:colcon.colcon_core.package_discovery:discover_packages(recursive) using defaults
[0.664s] Level 1:colcon.colcon_core.package_discovery:discover_packages(ignore) discover
[0.664s] Level 1:colcon.colcon_core.package_discovery:discover_packages(ignore) using defaults
[0.664s] Level 1:colcon.colcon_core.package_discovery:discover_packages(path) discover
[0.664s] Level 1:colcon.colcon_core.package_discovery:discover_packages(path) using defaults
[0.720s] INFO:colcon.colcon_core.package_selection:Skipping not selected package 'custome_messge' in 'src/custome_messge'
[0.720s] INFO:colcon.colcon_core.package_selection:Skipping not selected package 'interface' in 'src/interface'
[0.720s] Level 1:colcon.colcon_core.package_discovery:discover_packages(prefix_path) check parameters
[0.720s] Level 1:colcon.colcon_core.package_discovery:discover_packages(prefix_path) discover
[0.723s] DEBUG:colcon.colcon_installed_package_information.package_discovery:Found 4 installed packages in /home/mazenbelal/Desktop/ROS2_Projects/ros2_ws/install
[0.725s] DEBUG:colcon.colcon_installed_package_information.package_discovery:Found 271 installed packages in /opt/ros/humble
[0.728s] Level 1:colcon.colcon_core.package_discovery:discover_packages(prefix_path) using defaults
[0.792s] Level 5:colcon.colcon_core.verb:set package 'add_two_ints' build argument 'cmake_args' from command line to 'None'
[0.792s] Level 5:colcon.colcon_core.verb:set package 'add_two_ints' build argument 'cmake_target' from command line to 'None'
[0.792s] Level 5:colcon.colcon_core.verb:set package 'add_two_ints' build argument 'cmake_target_skip_unavailable' from command line to 'False'
[0.792s] Level 5:colcon.colcon_core.verb:set package 'add_two_ints' build argument 'cmake_clean_cache' from command line to 'False'
[0.792s] Level 5:colcon.colcon_core.verb:set package 'add_two_ints' build argument 'cmake_clean_first' from command line to 'False'
[0.793s] Level 5:colcon.colcon_core.verb:set package 'add_two_ints' build argument 'cmake_force_configure' from command line to 'False'
[0.793s] Level 5:colcon.colcon_core.verb:set package 'add_two_ints' build argument 'ament_cmake_args' from command line to 'None'
[0.793s] Level 5:colcon.colcon_core.verb:set package 'add_two_ints' build argument 'catkin_cmake_args' from command line to 'None'
[0.793s] Level 5:colcon.colcon_core.verb:set package 'add_two_ints' build argument 'catkin_skip_building_tests' from command line to 'False'
[0.793s] DEBUG:colcon.colcon_core.verb:Building package 'add_two_ints' with the following arguments: {'ament_cmake_args': None, 'build_base': '/home/mazenbelal/Desktop/ROS2_Projects/ros2_ws/build/add_two_ints', 'catkin_cmake_args': None, 'catkin_skip_building_tests': False, 'cmake_args': None, 'cmake_clean_cache': False, 'cmake_clean_first': False, 'cmake_force_configure': False, 'cmake_target': None, 'cmake_target_skip_unavailable': False, 'install_base': '/home/mazenbelal/Desktop/ROS2_Projects/ros2_ws/install/add_two_ints', 'merge_install': False, 'path': '/home/mazenbelal/Desktop/ROS2_Projects/ros2_ws/src/add_two_ints', 'symlink_install': False, 'test_result_base': None}
[0.793s] INFO:colcon.colcon_core.executor:Executing jobs using 'parallel' executor
[0.794s] DEBUG:colcon.colcon_parallel_executor.executor.parallel:run_until_complete
[0.795s] INFO:colcon.colcon_ros.task.ament_cmake.build:Building ROS package in '/home/mazenbelal/Desktop/ROS2_Projects/ros2_ws/src/add_two_ints' with build type 'ament_cmake'
[0.795s] INFO:colcon.colcon_cmake.task.cmake.build:Building CMake package in '/home/mazenbelal/Desktop/ROS2_Projects/ros2_ws/src/add_two_ints'
[0.805s] INFO:colcon.colcon_core.plugin_system:Skipping extension 'colcon_core.shell.bat': Not used on non-Windows systems
[0.805s] INFO:colcon.colcon_core.shell:Skip shell extension 'powershell' for command environment: Not usable outside of PowerShell
[0.806s] DEBUG:colcon.colcon_core.shell:Skip shell extension 'dsv' for command environment
[0.830s] DEBUG:colcon.colcon_core.event_handler.log_command:Invoking command in '/home/mazenbelal/Desktop/ROS2_Projects/ros2_ws/build/add_two_ints': CMAKE_PREFIX_PATH=${CMAKE_PREFIX_PATH}:/opt/ros/humble /usr/bin/cmake --build /home/mazenbelal/Desktop/ROS2_Projects/ros2_ws/build/add_two_ints -- -j4 -l4
[9.741s] DEBUG:colcon.colcon_core.event_handler.log_command:Invoked command in '/home/mazenbelal/Desktop/ROS2_Projects/ros2_ws/build/add_two_ints' returned '0': CMAKE_PREFIX_PATH=${CMAKE_PREFIX_PATH}:/opt/ros/humble /usr/bin/cmake --build /home/mazenbelal/Desktop/ROS2_Projects/ros2_ws/build/add_two_ints -- -j4 -l4
[9.764s] DEBUG:colcon.colcon_core.event_handler.log_command:Invoking command in '/home/mazenbelal/Desktop/ROS2_Projects/ros2_ws/build/add_two_ints': CMAKE_PREFIX_PATH=${CMAKE_PREFIX_PATH}:/opt/ros/humble /usr/bin/cmake --install /home/mazenbelal/Desktop/ROS2_Projects/ros2_ws/build/add_two_ints
[9.808s] Level 1:colcon.colcon_core.environment:create_environment_scripts_only(add_two_ints)
[9.811s] DEBUG:colcon.colcon_core.event_handler.log_command:Invoked command in '/home/mazenbelal/Desktop/ROS2_Projects/ros2_ws/build/add_two_ints' returned '0': CMAKE_PREFIX_PATH=${CMAKE_PREFIX_PATH}:/opt/ros/humble /usr/bin/cmake --install /home/mazenbelal/Desktop/ROS2_Projects/ros2_ws/build/add_two_ints
[9.815s] Level 1:colcon.colcon_core.environment:checking '/home/mazenbelal/Desktop/ROS2_Projects/ros2_ws/install/add_two_ints' for CMake module files
[9.816s] Level 1:colcon.colcon_core.environment:checking '/home/mazenbelal/Desktop/ROS2_Projects/ros2_ws/install/add_two_ints' for CMake config files
[9.816s] Level 1:colcon.colcon_core.shell:create_environment_hook('add_two_ints', 'cmake_prefix_path')
[9.817s] INFO:colcon.colcon_core.shell:Creating environment hook '/home/mazenbelal/Desktop/ROS2_Projects/ros2_ws/install/add_two_ints/share/add_two_ints/hook/cmake_prefix_path.ps1'
[9.817s] INFO:colcon.colcon_core.shell:Creating environment descriptor '/home/mazenbelal/Desktop/ROS2_Projects/ros2_ws/install/add_two_ints/share/add_two_ints/hook/cmake_prefix_path.dsv'
[9.818s] INFO:colcon.colcon_core.shell:Creating environment hook '/home/mazenbelal/Desktop/ROS2_Projects/ros2_ws/install/add_two_ints/share/add_two_ints/hook/cmake_prefix_path.sh'
[9.820s] Level 1:colcon.colcon_core.environment:checking '/home/mazenbelal/Desktop/ROS2_Projects/ros2_ws/install/add_two_ints/lib'
[9.821s] Level 1:colcon.colcon_core.environment:checking '/home/mazenbelal/Desktop/ROS2_Projects/ros2_ws/install/add_two_ints/bin'
[9.821s] Level 1:colcon.colcon_core.environment:checking '/home/mazenbelal/Desktop/ROS2_Projects/ros2_ws/install/add_two_ints/lib/pkgconfig/add_two_ints.pc'
[9.822s] Level 1:colcon.colcon_core.environment:checking '/home/mazenbelal/Desktop/ROS2_Projects/ros2_ws/install/add_two_ints/lib/python3.10/site-packages'
[9.822s] Level 1:colcon.colcon_core.environment:checking '/home/mazenbelal/Desktop/ROS2_Projects/ros2_ws/install/add_two_ints/bin'
[9.823s] INFO:colcon.colcon_core.shell:Creating package script '/home/mazenbelal/Desktop/ROS2_Projects/ros2_ws/install/add_two_ints/share/add_two_ints/package.ps1'
[9.824s] INFO:colcon.colcon_core.shell:Creating package descriptor '/home/mazenbelal/Desktop/ROS2_Projects/ros2_ws/install/add_two_ints/share/add_two_ints/package.dsv'
[9.826s] INFO:colcon.colcon_core.shell:Creating package script '/home/mazenbelal/Desktop/ROS2_Projects/ros2_ws/install/add_two_ints/share/add_two_ints/package.sh'
[9.828s] INFO:colcon.colcon_core.shell:Creating package script '/home/mazenbelal/Desktop/ROS2_Projects/ros2_ws/install/add_two_ints/share/add_two_ints/package.bash'
[9.829s] INFO:colcon.colcon_core.shell:Creating package script '/home/mazenbelal/Desktop/ROS2_Projects/ros2_ws/install/add_two_ints/share/add_two_ints/package.zsh'
[9.832s] Level 1:colcon.colcon_core.environment:create_file_with_runtime_dependencies(/home/mazenbelal/Desktop/ROS2_Projects/ros2_ws/install/add_two_ints/share/colcon-core/packages/add_two_ints)
[9.835s] Level 1:colcon.colcon_core.environment:create_environment_scripts_only(add_two_ints)
[9.835s] Level 1:colcon.colcon_core.environment:checking '/home/mazenbelal/Desktop/ROS2_Projects/ros2_ws/install/add_two_ints' for CMake module files
[9.836s] Level 1:colcon.colcon_core.environment:checking '/home/mazenbelal/Desktop/ROS2_Projects/ros2_ws/install/add_two_ints' for CMake config files
[9.836s] Level 1:colcon.colcon_core.shell:create_environment_hook('add_two_ints', 'cmake_prefix_path')
[9.837s] INFO:colcon.colcon_core.shell:Creating environment hook '/home/mazenbelal/Desktop/ROS2_Projects/ros2_ws/install/add_two_ints/share/add_two_ints/hook/cmake_prefix_path.ps1'
[9.839s] INFO:colcon.colcon_core.shell:Creating environment descriptor '/home/mazenbelal/Desktop/ROS2_Projects/ros2_ws/install/add_two_ints/share/add_two_ints/hook/cmake_prefix_path.dsv'
[9.840s] INFO:colcon.colcon_core.shell:Creating environment hook '/home/mazenbelal/Desktop/ROS2_Projects/ros2_ws/install/add_two_ints/share/add_two_ints/hook/cmake_prefix_path.sh'
[9.843s] Level 1:colcon.colcon_core.environment:checking '/home/mazenbelal/Desktop/ROS2_Projects/ros2_ws/install/add_two_ints/lib'
[9.844s] Level 1:colcon.colcon_core.environment:checking '/home/mazenbelal/Desktop/ROS2_Projects/ros2_ws/install/add_two_ints/bin'
[9.844s] Level 1:colcon.colcon_core.environment:checking '/home/mazenbelal/Desktop/ROS2_Projects/ros2_ws/install/add_two_ints/lib/pkgconfig/add_two_ints.pc'
[9.845s] Level 1:colcon.colcon_core.environment:checking '/home/mazenbelal/Desktop/ROS2_Projects/ros2_ws/install/add_two_ints/lib/python3.10/site-packages'
[9.845s] Level 1:colcon.colcon_core.environment:checking '/home/mazenbelal/Desktop/ROS2_Projects/ros2_ws/install/add_two_ints/bin'
[9.846s] INFO:colcon.colcon_core.shell:Creating package script '/home/mazenbelal/Desktop/ROS2_Projects/ros2_ws/install/add_two_ints/share/add_two_ints/package.ps1'
[9.846s] INFO:colcon.colcon_core.shell:Creating package descriptor '/home/mazenbelal/Desktop/ROS2_Projects/ros2_ws/install/add_two_ints/share/add_two_ints/package.dsv'
[9.847s] INFO:colcon.colcon_core.shell:Creating package script '/home/mazenbelal/Desktop/ROS2_Projects/ros2_ws/install/add_two_ints/share/add_two_ints/package.sh'
[9.848s] INFO:colcon.colcon_core.shell:Creating package script '/home/mazenbelal/Desktop/ROS2_Projects/ros2_ws/install/add_two_ints/share/add_two_ints/package.bash'
[9.848s] INFO:colcon.colcon_core.shell:Creating package script '/home/mazenbelal/Desktop/ROS2_Projects/ros2_ws/install/add_two_ints/share/add_two_ints/package.zsh'
[9.849s] Level 1:colcon.colcon_core.environment:create_file_with_runtime_dependencies(/home/mazenbelal/Desktop/ROS2_Projects/ros2_ws/install/add_two_ints/share/colcon-core/packages/add_two_ints)
[9.850s] DEBUG:colcon.colcon_parallel_executor.executor.parallel:closing loop
[9.850s] DEBUG:colcon.colcon_parallel_executor.executor.parallel:loop closed
[9.850s] DEBUG:colcon.colcon_parallel_executor.executor.parallel:run_until_complete finished with '0'
[9.851s] DEBUG:colcon.colcon_core.event_reactor:joining thread
[9.857s] INFO:colcon.colcon_core.plugin_system:Skipping extension 'colcon_notification.desktop_notification.terminal_notifier': Not used on non-Darwin systems
[9.857s] INFO:colcon.colcon_core.plugin_system:Skipping extension 'colcon_notification.desktop_notification.win32': Not used on non-Windows systems
[9.857s] INFO:colcon.colcon_notification.desktop_notification:Sending desktop notification using 'notify2'
[9.879s] DEBUG:colcon.colcon_core.event_reactor:joined thread
[9.882s] INFO:colcon.colcon_core.shell:Creating prefix script '/home/mazenbelal/Desktop/ROS2_Projects/ros2_ws/install/local_setup.ps1'
[9.887s] INFO:colcon.colcon_core.shell:Creating prefix util module '/home/mazenbelal/Desktop/ROS2_Projects/ros2_ws/install/_local_setup_util_ps1.py'
[9.890s] INFO:colcon.colcon_core.shell:Creating prefix chain script '/home/mazenbelal/Desktop/ROS2_Projects/ros2_ws/install/setup.ps1'
[9.891s] INFO:colcon.colcon_core.shell:Creating prefix script '/home/mazenbelal/Desktop/ROS2_Projects/ros2_ws/install/local_setup.sh'
[9.892s] INFO:colcon.colcon_core.shell:Creating prefix util module '/home/mazenbelal/Desktop/ROS2_Projects/ros2_ws/install/_local_setup_util_sh.py'
[9.893s] INFO:colcon.colcon_core.shell:Creating prefix chain script '/home/mazenbelal/Desktop/ROS2_Projects/ros2_ws/install/setup.sh'
[9.896s] INFO:colcon.colcon_core.shell:Creating prefix script '/home/mazenbelal/Desktop/ROS2_Projects/ros2_ws/install/local_setup.bash'
[9.896s] INFO:colcon.colcon_core.shell:Creating prefix chain script '/home/mazenbelal/Desktop/ROS2_Projects/ros2_ws/install/setup.bash'
[9.898s] INFO:colcon.colcon_core.shell:Creating prefix script '/home/mazenbelal/Desktop/ROS2_Projects/ros2_ws/install/local_setup.zsh'
[9.899s] INFO:colcon.colcon_core.shell:Creating prefix chain script '/home/mazenbelal/Desktop/ROS2_Projects/ros2_ws/install/setup.zsh'
