[0.147s] DEBUG:colcon:Command line arguments: ['/usr/bin/colcon', 'build']
[0.147s] DEBUG:colcon:Parsed command line arguments: Namespace(log_base=None, log_level=None, verb_name='build', build_base='build', install_base='install', merge_install=False, symlink_install=False, test_result_base=None, continue_on_error=False, executor='parallel', parallel_workers=4, event_handlers=None, ignore_user_meta=False, metas=['./colcon.meta'], base_paths=['.'], packages_ignore=None, packages_ignore_regex=None, paths=None, packages_up_to=None, packages_up_to_regex=None, packages_above=None, packages_above_and_dependencies=None, packages_above_depth=None, packages_select_by_dep=None, packages_skip_by_dep=None, packages_skip_up_to=None, packages_select_build_failed=False, packages_skip_build_finished=False, packages_select_test_failures=False, packages_skip_test_passed=False, packages_select=None, packages_skip=None, packages_select_regex=None, packages_skip_regex=None, packages_start=None, packages_end=None, allow_overriding=[], cmake_args=None, cmake_target=None, cmake_target_skip_unavailable=False, cmake_clean_cache=False, cmake_clean_first=False, cmake_force_configure=False, ament_cmake_args=None, catkin_cmake_args=None, catkin_skip_building_tests=False, mixin_files=None, mixin=None, verb_parser=<colcon_mixin.mixin.mixin_argument.MixinArgumentDecorator object at 0x759e9ba61ed0>, verb_extension=<colcon_core.verb.build.BuildVerb object at 0x759e9ba61840>, main=<bound method BuildVerb.main of <colcon_core.verb.build.BuildVerb object at 0x759e9ba61840>>, mixin_verb=('build',))
[0.378s] Level 1:colcon.colcon_core.package_discovery:discover_packages(colcon_meta) check parameters
[0.378s] Level 1:colcon.colcon_core.package_discovery:discover_packages(recursive) check parameters
[0.378s] Level 1:colcon.colcon_core.package_discovery:discover_packages(ignore) check parameters
[0.378s] Level 1:colcon.colcon_core.package_discovery:discover_packages(path) check parameters
[0.378s] Level 1:colcon.colcon_core.package_discovery:discover_packages(colcon_meta) discover
[0.378s] Level 1:colcon.colcon_core.package_discovery:discover_packages(recursive) discover
[0.378s] INFO:colcon.colcon_core.package_discovery:Crawling recursively for packages in '/home/mazenbelal/Desktop/ROS2_Projects/ros2_ws'
[0.378s] Level 1:colcon.colcon_core.package_identification:_identify(.) by extensions ['ignore', 'ignore_ament_install']
[0.379s] Level 1:colcon.colcon_core.package_identification:_identify(.) by extension 'ignore'
[0.379s] Level 1:colcon.colcon_core.package_identification:_identify(.) by extension 'ignore_ament_install'
[0.379s] Level 1:colcon.colcon_core.package_identification:_identify(.) by extensions ['colcon_pkg']
[0.379s] Level 1:colcon.colcon_core.package_identification:_identify(.) by extension 'colcon_pkg'
[0.379s] Level 1:colcon.colcon_core.package_identification:_identify(.) by extensions ['colcon_meta']
[0.379s] Level 1:colcon.colcon_core.package_identification:_identify(.) by extension 'colcon_meta'
[0.379s] Level 1:colcon.colcon_core.package_identification:_identify(.) by extensions ['ros']
[0.379s] Level 1:colcon.colcon_core.package_identification:_identify(.) by extension 'ros'
[0.395s] Level 1:colcon.colcon_core.package_identification:_identify(.) by extensions ['cmake', 'python']
[0.395s] Level 1:colcon.colcon_core.package_identification:_identify(.) by extension 'cmake'
[0.396s] Level 1:colcon.colcon_core.package_identification:_identify(.) by extension 'python'
[0.396s] Level 1:colcon.colcon_core.package_identification:_identify(.) by extensions ['python_setup_py']
[0.396s] Level 1:colcon.colcon_core.package_identification:_identify(.) by extension 'python_setup_py'
[0.396s] Level 1:colcon.colcon_core.package_identification:_identify(build) by extensions ['ignore', 'ignore_ament_install']
[0.396s] Level 1:colcon.colcon_core.package_identification:_identify(build) by extension 'ignore'
[0.396s] Level 1:colcon.colcon_core.package_identification:_identify(build) ignored
[0.397s] Level 1:colcon.colcon_core.package_identification:_identify(install) by extensions ['ignore', 'ignore_ament_install']
[0.397s] Level 1:colcon.colcon_core.package_identification:_identify(install) by extension 'ignore'
[0.397s] Level 1:colcon.colcon_core.package_identification:_identify(install) ignored
[0.397s] Level 1:colcon.colcon_core.package_identification:_identify(log) by extensions ['ignore', 'ignore_ament_install']
[0.397s] Level 1:colcon.colcon_core.package_identification:_identify(log) by extension 'ignore'
[0.397s] Level 1:colcon.colcon_core.package_identification:_identify(log) ignored
[0.397s] Level 1:colcon.colcon_core.package_identification:_identify(src) by extensions ['ignore', 'ignore_ament_install']
[0.398s] Level 1:colcon.colcon_core.package_identification:_identify(src) by extension 'ignore'
[0.398s] Level 1:colcon.colcon_core.package_identification:_identify(src) by extension 'ignore_ament_install'
[0.398s] Level 1:colcon.colcon_core.package_identification:_identify(src) by extensions ['colcon_pkg']
[0.398s] Level 1:colcon.colcon_core.package_identification:_identify(src) by extension 'colcon_pkg'
[0.398s] Level 1:colcon.colcon_core.package_identification:_identify(src) by extensions ['colcon_meta']
[0.398s] Level 1:colcon.colcon_core.package_identification:_identify(src) by extension 'colcon_meta'
[0.398s] Level 1:colcon.colcon_core.package_identification:_identify(src) by extensions ['ros']
[0.398s] Level 1:colcon.colcon_core.package_identification:_identify(src) by extension 'ros'
[0.398s] Level 1:colcon.colcon_core.package_identification:_identify(src) by extensions ['cmake', 'python']
[0.398s] Level 1:colcon.colcon_core.package_identification:_identify(src) by extension 'cmake'
[0.398s] Level 1:colcon.colcon_core.package_identification:_identify(src) by extension 'python'
[0.399s] Level 1:colcon.colcon_core.package_identification:_identify(src) by extensions ['python_setup_py']
[0.399s] Level 1:colcon.colcon_core.package_identification:_identify(src) by extension 'python_setup_py'
[0.399s] Level 1:colcon.colcon_core.package_identification:_identify(src/custome_messge) by extensions ['ignore', 'ignore_ament_install']
[0.399s] Level 1:colcon.colcon_core.package_identification:_identify(src/custome_messge) by extension 'ignore'
[0.399s] Level 1:colcon.colcon_core.package_identification:_identify(src/custome_messge) by extension 'ignore_ament_install'
[0.399s] Level 1:colcon.colcon_core.package_identification:_identify(src/custome_messge) by extensions ['colcon_pkg']
[0.399s] Level 1:colcon.colcon_core.package_identification:_identify(src/custome_messge) by extension 'colcon_pkg'
[0.400s] Level 1:colcon.colcon_core.package_identification:_identify(src/custome_messge) by extensions ['colcon_meta']
[0.400s] Level 1:colcon.colcon_core.package_identification:_identify(src/custome_messge) by extension 'colcon_meta'
[0.400s] Level 1:colcon.colcon_core.package_identification:_identify(src/custome_messge) by extensions ['ros']
[0.400s] Level 1:colcon.colcon_core.package_identification:_identify(src/custome_messge) by extension 'ros'
[0.403s] DEBUG:colcon.colcon_core.package_identification:Package 'src/custome_messge' with type 'ros.ament_cmake' and name 'custome_messge'
[0.403s] Level 1:colcon.colcon_core.package_discovery:discover_packages(recursive) using defaults
[0.403s] Level 1:colcon.colcon_core.package_discovery:discover_packages(ignore) discover
[0.403s] Level 1:colcon.colcon_core.package_discovery:discover_packages(ignore) using defaults
[0.403s] Level 1:colcon.colcon_core.package_discovery:discover_packages(path) discover
[0.403s] Level 1:colcon.colcon_core.package_discovery:discover_packages(path) using defaults
[0.453s] Level 1:colcon.colcon_core.package_discovery:discover_packages(prefix_path) check parameters
[0.453s] Level 1:colcon.colcon_core.package_discovery:discover_packages(prefix_path) discover
[0.455s] DEBUG:colcon.colcon_installed_package_information.package_discovery:Found 1 installed packages in /home/mazenbelal/Desktop/ROS2_Projects/First_Project/install
[0.457s] DEBUG:colcon.colcon_installed_package_information.package_discovery:Found 271 installed packages in /opt/ros/humble
[0.459s] Level 1:colcon.colcon_core.package_discovery:discover_packages(prefix_path) using defaults
[0.510s] Level 5:colcon.colcon_core.verb:set package 'custome_messge' build argument 'cmake_args' from command line to 'None'
[0.510s] Level 5:colcon.colcon_core.verb:set package 'custome_messge' build argument 'cmake_target' from command line to 'None'
[0.510s] Level 5:colcon.colcon_core.verb:set package 'custome_messge' build argument 'cmake_target_skip_unavailable' from command line to 'False'
[0.510s] Level 5:colcon.colcon_core.verb:set package 'custome_messge' build argument 'cmake_clean_cache' from command line to 'False'
[0.510s] Level 5:colcon.colcon_core.verb:set package 'custome_messge' build argument 'cmake_clean_first' from command line to 'False'
[0.510s] Level 5:colcon.colcon_core.verb:set package 'custome_messge' build argument 'cmake_force_configure' from command line to 'False'
[0.511s] Level 5:colcon.colcon_core.verb:set package 'custome_messge' build argument 'ament_cmake_args' from command line to 'None'
[0.511s] Level 5:colcon.colcon_core.verb:set package 'custome_messge' build argument 'catkin_cmake_args' from command line to 'None'
[0.511s] Level 5:colcon.colcon_core.verb:set package 'custome_messge' build argument 'catkin_skip_building_tests' from command line to 'False'
[0.511s] DEBUG:colcon.colcon_core.verb:Building package 'custome_messge' with the following arguments: {'ament_cmake_args': None, 'build_base': '/home/mazenbelal/Desktop/ROS2_Projects/ros2_ws/build/custome_messge', 'catkin_cmake_args': None, 'catkin_skip_building_tests': False, 'cmake_args': None, 'cmake_clean_cache': False, 'cmake_clean_first': False, 'cmake_force_configure': False, 'cmake_target': None, 'cmake_target_skip_unavailable': False, 'install_base': '/home/mazenbelal/Desktop/ROS2_Projects/ros2_ws/install/custome_messge', 'merge_install': False, 'path': '/home/mazenbelal/Desktop/ROS2_Projects/ros2_ws/src/custome_messge', 'symlink_install': False, 'test_result_base': None}
[0.511s] INFO:colcon.colcon_core.executor:Executing jobs using 'parallel' executor
[0.512s] DEBUG:colcon.colcon_parallel_executor.executor.parallel:run_until_complete
[0.513s] INFO:colcon.colcon_ros.task.ament_cmake.build:Building ROS package in '/home/mazenbelal/Desktop/ROS2_Projects/ros2_ws/src/custome_messge' with build type 'ament_cmake'
[0.513s] INFO:colcon.colcon_cmake.task.cmake.build:Building CMake package in '/home/mazenbelal/Desktop/ROS2_Projects/ros2_ws/src/custome_messge'
[0.515s] INFO:colcon.colcon_core.plugin_system:Skipping extension 'colcon_core.shell.bat': Not used on non-Windows systems
[0.516s] INFO:colcon.colcon_core.shell:Skip shell extension 'powershell' for command environment: Not usable outside of PowerShell
[0.516s] DEBUG:colcon.colcon_core.shell:Skip shell extension 'dsv' for command environment
[0.527s] DEBUG:colcon.colcon_core.event_handler.log_command:Invoking command in '/home/mazenbelal/Desktop/ROS2_Projects/ros2_ws/build/custome_messge': CMAKE_PREFIX_PATH=${CMAKE_PREFIX_PATH}:/opt/ros/humble /usr/bin/cmake /home/mazenbelal/Desktop/ROS2_Projects/ros2_ws/src/custome_messge -DCMAKE_INSTALL_PREFIX=/home/mazenbelal/Desktop/ROS2_Projects/ros2_ws/install/custome_messge
[3.156s] DEBUG:colcon.colcon_core.event_handler.log_command:Invoked command in '/home/mazenbelal/Desktop/ROS2_Projects/ros2_ws/build/custome_messge' returned '0': CMAKE_PREFIX_PATH=${CMAKE_PREFIX_PATH}:/opt/ros/humble /usr/bin/cmake /home/mazenbelal/Desktop/ROS2_Projects/ros2_ws/src/custome_messge -DCMAKE_INSTALL_PREFIX=/home/mazenbelal/Desktop/ROS2_Projects/ros2_ws/install/custome_messge
[3.160s] DEBUG:colcon.colcon_core.event_handler.log_command:Invoking command in '/home/mazenbelal/Desktop/ROS2_Projects/ros2_ws/build/custome_messge': CMAKE_PREFIX_PATH=${CMAKE_PREFIX_PATH}:/opt/ros/humble /usr/bin/cmake --build /home/mazenbelal/Desktop/ROS2_Projects/ros2_ws/build/custome_messge -- -j4 -l4
[9.816s] DEBUG:colcon.colcon_core.event_handler.log_command:Invoked command in '/home/mazenbelal/Desktop/ROS2_Projects/ros2_ws/build/custome_messge' returned '0': CMAKE_PREFIX_PATH=${CMAKE_PREFIX_PATH}:/opt/ros/humble /usr/bin/cmake --build /home/mazenbelal/Desktop/ROS2_Projects/ros2_ws/build/custome_messge -- -j4 -l4
[9.845s] DEBUG:colcon.colcon_core.event_handler.log_command:Invoking command in '/home/mazenbelal/Desktop/ROS2_Projects/ros2_ws/build/custome_messge': CMAKE_PREFIX_PATH=${CMAKE_PREFIX_PATH}:/opt/ros/humble /usr/bin/cmake --install /home/mazenbelal/Desktop/ROS2_Projects/ros2_ws/build/custome_messge
[10.016s] Level 1:colcon.colcon_core.environment:create_environment_scripts_only(custome_messge)
[10.017s] DEBUG:colcon.colcon_core.event_handler.log_command:Invoked command in '/home/mazenbelal/Desktop/ROS2_Projects/ros2_ws/build/custome_messge' returned '0': CMAKE_PREFIX_PATH=${CMAKE_PREFIX_PATH}:/opt/ros/humble /usr/bin/cmake --install /home/mazenbelal/Desktop/ROS2_Projects/ros2_ws/build/custome_messge
[10.085s] Level 1:colcon.colcon_core.environment:checking '/home/mazenbelal/Desktop/ROS2_Projects/ros2_ws/install/custome_messge' for CMake module files
[10.086s] Level 1:colcon.colcon_core.environment:checking '/home/mazenbelal/Desktop/ROS2_Projects/ros2_ws/install/custome_messge' for CMake config files
[10.088s] Level 1:colcon.colcon_core.environment:checking '/home/mazenbelal/Desktop/ROS2_Projects/ros2_ws/install/custome_messge/lib'
[10.088s] Level 1:colcon.colcon_core.shell:create_environment_hook('custome_messge', 'ld_library_path_lib')
[10.088s] INFO:colcon.colcon_core.shell:Creating environment hook '/home/mazenbelal/Desktop/ROS2_Projects/ros2_ws/install/custome_messge/share/custome_messge/hook/ld_library_path_lib.ps1'
[10.093s] INFO:colcon.colcon_core.shell:Creating environment descriptor '/home/mazenbelal/Desktop/ROS2_Projects/ros2_ws/install/custome_messge/share/custome_messge/hook/ld_library_path_lib.dsv'
[10.097s] INFO:colcon.colcon_core.shell:Creating environment hook '/home/mazenbelal/Desktop/ROS2_Projects/ros2_ws/install/custome_messge/share/custome_messge/hook/ld_library_path_lib.sh'
[10.098s] Level 1:colcon.colcon_core.environment:checking '/home/mazenbelal/Desktop/ROS2_Projects/ros2_ws/install/custome_messge/bin'
[10.098s] Level 1:colcon.colcon_core.environment:checking '/home/mazenbelal/Desktop/ROS2_Projects/ros2_ws/install/custome_messge/lib/pkgconfig/custome_messge.pc'
[10.098s] Level 1:colcon.colcon_core.environment:checking '/home/mazenbelal/Desktop/ROS2_Projects/ros2_ws/install/custome_messge/lib/python3.10/site-packages'
[10.099s] Level 1:colcon.colcon_core.environment:checking '/home/mazenbelal/Desktop/ROS2_Projects/ros2_ws/install/custome_messge/bin'
[10.099s] INFO:colcon.colcon_core.shell:Creating package script '/home/mazenbelal/Desktop/ROS2_Projects/ros2_ws/install/custome_messge/share/custome_messge/package.ps1'
[10.101s] INFO:colcon.colcon_core.shell:Creating package descriptor '/home/mazenbelal/Desktop/ROS2_Projects/ros2_ws/install/custome_messge/share/custome_messge/package.dsv'
[10.102s] INFO:colcon.colcon_core.shell:Creating package script '/home/mazenbelal/Desktop/ROS2_Projects/ros2_ws/install/custome_messge/share/custome_messge/package.sh'
[10.104s] INFO:colcon.colcon_core.shell:Creating package script '/home/mazenbelal/Desktop/ROS2_Projects/ros2_ws/install/custome_messge/share/custome_messge/package.bash'
[10.117s] INFO:colcon.colcon_core.shell:Creating package script '/home/mazenbelal/Desktop/ROS2_Projects/ros2_ws/install/custome_messge/share/custome_messge/package.zsh'
[10.129s] Level 1:colcon.colcon_core.environment:create_file_with_runtime_dependencies(/home/mazenbelal/Desktop/ROS2_Projects/ros2_ws/install/custome_messge/share/colcon-core/packages/custome_messge)
[10.130s] Level 1:colcon.colcon_core.environment:create_environment_scripts_only(custome_messge)
[10.131s] Level 1:colcon.colcon_core.environment:checking '/home/mazenbelal/Desktop/ROS2_Projects/ros2_ws/install/custome_messge' for CMake module files
[10.131s] Level 1:colcon.colcon_core.environment:checking '/home/mazenbelal/Desktop/ROS2_Projects/ros2_ws/install/custome_messge' for CMake config files
[10.132s] Level 1:colcon.colcon_core.environment:checking '/home/mazenbelal/Desktop/ROS2_Projects/ros2_ws/install/custome_messge/lib'
[10.132s] Level 1:colcon.colcon_core.shell:create_environment_hook('custome_messge', 'ld_library_path_lib')
[10.133s] INFO:colcon.colcon_core.shell:Creating environment hook '/home/mazenbelal/Desktop/ROS2_Projects/ros2_ws/install/custome_messge/share/custome_messge/hook/ld_library_path_lib.ps1'
[10.133s] INFO:colcon.colcon_core.shell:Creating environment descriptor '/home/mazenbelal/Desktop/ROS2_Projects/ros2_ws/install/custome_messge/share/custome_messge/hook/ld_library_path_lib.dsv'
[10.134s] INFO:colcon.colcon_core.shell:Creating environment hook '/home/mazenbelal/Desktop/ROS2_Projects/ros2_ws/install/custome_messge/share/custome_messge/hook/ld_library_path_lib.sh'
[10.135s] Level 1:colcon.colcon_core.environment:checking '/home/mazenbelal/Desktop/ROS2_Projects/ros2_ws/install/custome_messge/bin'
[10.135s] Level 1:colcon.colcon_core.environment:checking '/home/mazenbelal/Desktop/ROS2_Projects/ros2_ws/install/custome_messge/lib/pkgconfig/custome_messge.pc'
[10.136s] Level 1:colcon.colcon_core.environment:checking '/home/mazenbelal/Desktop/ROS2_Projects/ros2_ws/install/custome_messge/lib/python3.10/site-packages'
[10.136s] Level 1:colcon.colcon_core.environment:checking '/home/mazenbelal/Desktop/ROS2_Projects/ros2_ws/install/custome_messge/bin'
[10.137s] INFO:colcon.colcon_core.shell:Creating package script '/home/mazenbelal/Desktop/ROS2_Projects/ros2_ws/install/custome_messge/share/custome_messge/package.ps1'
[10.137s] INFO:colcon.colcon_core.shell:Creating package descriptor '/home/mazenbelal/Desktop/ROS2_Projects/ros2_ws/install/custome_messge/share/custome_messge/package.dsv'
[10.138s] INFO:colcon.colcon_core.shell:Creating package script '/home/mazenbelal/Desktop/ROS2_Projects/ros2_ws/install/custome_messge/share/custome_messge/package.sh'
[10.139s] INFO:colcon.colcon_core.shell:Creating package script '/home/mazenbelal/Desktop/ROS2_Projects/ros2_ws/install/custome_messge/share/custome_messge/package.bash'
[10.140s] INFO:colcon.colcon_core.shell:Creating package script '/home/mazenbelal/Desktop/ROS2_Projects/ros2_ws/install/custome_messge/share/custome_messge/package.zsh'
[10.141s] Level 1:colcon.colcon_core.environment:create_file_with_runtime_dependencies(/home/mazenbelal/Desktop/ROS2_Projects/ros2_ws/install/custome_messge/share/colcon-core/packages/custome_messge)
[10.141s] DEBUG:colcon.colcon_parallel_executor.executor.parallel:closing loop
[10.143s] DEBUG:colcon.colcon_parallel_executor.executor.parallel:loop closed
[10.143s] DEBUG:colcon.colcon_parallel_executor.executor.parallel:run_until_complete finished with '0'
[10.143s] DEBUG:colcon.colcon_core.event_reactor:joining thread
[10.154s] INFO:colcon.colcon_core.plugin_system:Skipping extension 'colcon_notification.desktop_notification.terminal_notifier': Not used on non-Darwin systems
[10.155s] INFO:colcon.colcon_core.plugin_system:Skipping extension 'colcon_notification.desktop_notification.win32': Not used on non-Windows systems
[10.155s] INFO:colcon.colcon_notification.desktop_notification:Sending desktop notification using 'notify2'
[10.184s] DEBUG:colcon.colcon_core.event_reactor:joined thread
[10.187s] INFO:colcon.colcon_core.shell:Creating prefix script '/home/mazenbelal/Desktop/ROS2_Projects/ros2_ws/install/local_setup.ps1'
[10.191s] INFO:colcon.colcon_core.shell:Creating prefix util module '/home/mazenbelal/Desktop/ROS2_Projects/ros2_ws/install/_local_setup_util_ps1.py'
[10.195s] INFO:colcon.colcon_core.shell:Creating prefix chain script '/home/mazenbelal/Desktop/ROS2_Projects/ros2_ws/install/setup.ps1'
[10.215s] INFO:colcon.colcon_core.shell:Creating prefix script '/home/mazenbelal/Desktop/ROS2_Projects/ros2_ws/install/local_setup.sh'
[10.217s] INFO:colcon.colcon_core.shell:Creating prefix util module '/home/mazenbelal/Desktop/ROS2_Projects/ros2_ws/install/_local_setup_util_sh.py'
[10.218s] INFO:colcon.colcon_core.shell:Creating prefix chain script '/home/mazenbelal/Desktop/ROS2_Projects/ros2_ws/install/setup.sh'
[10.221s] INFO:colcon.colcon_core.shell:Creating prefix script '/home/mazenbelal/Desktop/ROS2_Projects/ros2_ws/install/local_setup.bash'
[10.223s] INFO:colcon.colcon_core.shell:Creating prefix chain script '/home/mazenbelal/Desktop/ROS2_Projects/ros2_ws/install/setup.bash'
[10.226s] INFO:colcon.colcon_core.shell:Creating prefix script '/home/mazenbelal/Desktop/ROS2_Projects/ros2_ws/install/local_setup.zsh'
[10.230s] INFO:colcon.colcon_core.shell:Creating prefix chain script '/home/mazenbelal/Desktop/ROS2_Projects/ros2_ws/install/setup.zsh'
