[0.176s] DEBUG:colcon:Command line arguments: ['/usr/bin/colcon', 'build', '--packages-select', 'interface']
[0.176s] DEBUG:colcon:Parsed command line arguments: Namespace(log_base=None, log_level=None, verb_name='build', build_base='build', install_base='install', merge_install=False, symlink_install=False, test_result_base=None, continue_on_error=False, executor='parallel', parallel_workers=4, event_handlers=None, ignore_user_meta=False, metas=['./colcon.meta'], base_paths=['.'], packages_ignore=None, packages_ignore_regex=None, paths=None, packages_up_to=None, packages_up_to_regex=None, packages_above=None, packages_above_and_dependencies=None, packages_above_depth=None, packages_select_by_dep=None, packages_skip_by_dep=None, packages_skip_up_to=None, packages_select_build_failed=False, packages_skip_build_finished=False, packages_select_test_failures=False, packages_skip_test_passed=False, packages_select=['interface'], packages_skip=None, packages_select_regex=None, packages_skip_regex=None, packages_start=None, packages_end=None, allow_overriding=[], cmake_args=None, cmake_target=None, cmake_target_skip_unavailable=False, cmake_clean_cache=False, cmake_clean_first=False, cmake_force_configure=False, ament_cmake_args=None, catkin_cmake_args=None, catkin_skip_building_tests=False, mixin_files=None, mixin=None, verb_parser=<colcon_mixin.mixin.mixin_argument.MixinArgumentDecorator object at 0x70c7e5165fc0>, verb_extension=<colcon_core.verb.build.BuildVerb object at 0x70c7e5165930>, main=<bound method BuildVerb.main of <colcon_core.verb.build.BuildVerb object at 0x70c7e5165930>>, mixin_verb=('build',))
[3.925s] Level 1:colcon.colcon_core.package_discovery:discover_packages(colcon_meta) check parameters
[3.926s] Level 1:colcon.colcon_core.package_discovery:discover_packages(recursive) check parameters
[3.926s] Level 1:colcon.colcon_core.package_discovery:discover_packages(ignore) check parameters
[3.926s] Level 1:colcon.colcon_core.package_discovery:discover_packages(path) check parameters
[3.926s] Level 1:colcon.colcon_core.package_discovery:discover_packages(colcon_meta) discover
[3.926s] Level 1:colcon.colcon_core.package_discovery:discover_packages(recursive) discover
[3.926s] INFO:colcon.colcon_core.package_discovery:Crawling recursively for packages in '/home/mazenbelal/Desktop/ROS2_Projects/ros2_ws'
[3.926s] Level 1:colcon.colcon_core.package_identification:_identify(.) by extensions ['ignore', 'ignore_ament_install']
[3.927s] Level 1:colcon.colcon_core.package_identification:_identify(.) by extension 'ignore'
[3.927s] Level 1:colcon.colcon_core.package_identification:_identify(.) by extension 'ignore_ament_install'
[3.927s] Level 1:colcon.colcon_core.package_identification:_identify(.) by extensions ['colcon_pkg']
[3.927s] Level 1:colcon.colcon_core.package_identification:_identify(.) by extension 'colcon_pkg'
[3.927s] Level 1:colcon.colcon_core.package_identification:_identify(.) by extensions ['colcon_meta']
[3.927s] Level 1:colcon.colcon_core.package_identification:_identify(.) by extension 'colcon_meta'
[3.927s] Level 1:colcon.colcon_core.package_identification:_identify(.) by extensions ['ros']
[3.927s] Level 1:colcon.colcon_core.package_identification:_identify(.) by extension 'ros'
[3.945s] Level 1:colcon.colcon_core.package_identification:_identify(.) by extensions ['cmake', 'python']
[3.945s] Level 1:colcon.colcon_core.package_identification:_identify(.) by extension 'cmake'
[3.945s] Level 1:colcon.colcon_core.package_identification:_identify(.) by extension 'python'
[3.945s] Level 1:colcon.colcon_core.package_identification:_identify(.) by extensions ['python_setup_py']
[3.945s] Level 1:colcon.colcon_core.package_identification:_identify(.) by extension 'python_setup_py'
[3.946s] Level 1:colcon.colcon_core.package_identification:_identify(build) by extensions ['ignore', 'ignore_ament_install']
[3.946s] Level 1:colcon.colcon_core.package_identification:_identify(build) by extension 'ignore'
[3.946s] Level 1:colcon.colcon_core.package_identification:_identify(build) ignored
[3.946s] Level 1:colcon.colcon_core.package_identification:_identify(install) by extensions ['ignore', 'ignore_ament_install']
[3.946s] Level 1:colcon.colcon_core.package_identification:_identify(install) by extension 'ignore'
[3.947s] Level 1:colcon.colcon_core.package_identification:_identify(install) ignored
[3.947s] Level 1:colcon.colcon_core.package_identification:_identify(log) by extensions ['ignore', 'ignore_ament_install']
[3.947s] Level 1:colcon.colcon_core.package_identification:_identify(log) by extension 'ignore'
[3.947s] Level 1:colcon.colcon_core.package_identification:_identify(log) ignored
[3.947s] Level 1:colcon.colcon_core.package_identification:_identify(src) by extensions ['ignore', 'ignore_ament_install']
[3.947s] Level 1:colcon.colcon_core.package_identification:_identify(src) by extension 'ignore'
[3.947s] Level 1:colcon.colcon_core.package_identification:_identify(src) by extension 'ignore_ament_install'
[3.948s] Level 1:colcon.colcon_core.package_identification:_identify(src) by extensions ['colcon_pkg']
[3.948s] Level 1:colcon.colcon_core.package_identification:_identify(src) by extension 'colcon_pkg'
[3.948s] Level 1:colcon.colcon_core.package_identification:_identify(src) by extensions ['colcon_meta']
[3.948s] Level 1:colcon.colcon_core.package_identification:_identify(src) by extension 'colcon_meta'
[3.948s] Level 1:colcon.colcon_core.package_identification:_identify(src) by extensions ['ros']
[3.948s] Level 1:colcon.colcon_core.package_identification:_identify(src) by extension 'ros'
[3.948s] Level 1:colcon.colcon_core.package_identification:_identify(src) by extensions ['cmake', 'python']
[3.948s] Level 1:colcon.colcon_core.package_identification:_identify(src) by extension 'cmake'
[3.948s] Level 1:colcon.colcon_core.package_identification:_identify(src) by extension 'python'
[3.948s] Level 1:colcon.colcon_core.package_identification:_identify(src) by extensions ['python_setup_py']
[3.948s] Level 1:colcon.colcon_core.package_identification:_identify(src) by extension 'python_setup_py'
[3.949s] Level 1:colcon.colcon_core.package_identification:_identify(src/custome_messge) by extensions ['ignore', 'ignore_ament_install']
[3.949s] Level 1:colcon.colcon_core.package_identification:_identify(src/custome_messge) by extension 'ignore'
[3.949s] Level 1:colcon.colcon_core.package_identification:_identify(src/custome_messge) by extension 'ignore_ament_install'
[3.949s] Level 1:colcon.colcon_core.package_identification:_identify(src/custome_messge) by extensions ['colcon_pkg']
[3.949s] Level 1:colcon.colcon_core.package_identification:_identify(src/custome_messge) by extension 'colcon_pkg'
[3.949s] Level 1:colcon.colcon_core.package_identification:_identify(src/custome_messge) by extensions ['colcon_meta']
[3.949s] Level 1:colcon.colcon_core.package_identification:_identify(src/custome_messge) by extension 'colcon_meta'
[3.949s] Level 1:colcon.colcon_core.package_identification:_identify(src/custome_messge) by extensions ['ros']
[3.949s] Level 1:colcon.colcon_core.package_identification:_identify(src/custome_messge) by extension 'ros'
[3.953s] DEBUG:colcon.colcon_core.package_identification:Package 'src/custome_messge' with type 'ros.ament_cmake' and name 'custome_messge'
[3.953s] Level 1:colcon.colcon_core.package_identification:_identify(src/interface) by extensions ['ignore', 'ignore_ament_install']
[3.953s] Level 1:colcon.colcon_core.package_identification:_identify(src/interface) by extension 'ignore'
[3.953s] Level 1:colcon.colcon_core.package_identification:_identify(src/interface) by extension 'ignore_ament_install'
[3.953s] Level 1:colcon.colcon_core.package_identification:_identify(src/interface) by extensions ['colcon_pkg']
[3.953s] Level 1:colcon.colcon_core.package_identification:_identify(src/interface) by extension 'colcon_pkg'
[3.954s] Level 1:colcon.colcon_core.package_identification:_identify(src/interface) by extensions ['colcon_meta']
[3.954s] Level 1:colcon.colcon_core.package_identification:_identify(src/interface) by extension 'colcon_meta'
[3.954s] Level 1:colcon.colcon_core.package_identification:_identify(src/interface) by extensions ['ros']
[3.954s] Level 1:colcon.colcon_core.package_identification:_identify(src/interface) by extension 'ros'
[3.955s] DEBUG:colcon.colcon_core.package_identification:Package 'src/interface' with type 'ros.ament_cmake' and name 'interface'
[3.955s] Level 1:colcon.colcon_core.package_discovery:discover_packages(recursive) using defaults
[3.955s] Level 1:colcon.colcon_core.package_discovery:discover_packages(ignore) discover
[3.955s] Level 1:colcon.colcon_core.package_discovery:discover_packages(ignore) using defaults
[3.955s] Level 1:colcon.colcon_core.package_discovery:discover_packages(path) discover
[3.955s] Level 1:colcon.colcon_core.package_discovery:discover_packages(path) using defaults
[4.203s] INFO:colcon.colcon_core.package_selection:Skipping not selected package 'custome_messge' in 'src/custome_messge'
[4.213s] Level 1:colcon.colcon_core.package_discovery:discover_packages(prefix_path) check parameters
[4.214s] Level 1:colcon.colcon_core.package_discovery:discover_packages(prefix_path) discover
[4.238s] DEBUG:colcon.colcon_installed_package_information.package_discovery:Found 271 installed packages in /opt/ros/humble
[4.242s] Level 1:colcon.colcon_core.package_discovery:discover_packages(prefix_path) using defaults
[6.030s] Level 5:colcon.colcon_core.verb:set package 'interface' build argument 'cmake_args' from command line to 'None'
[6.030s] Level 5:colcon.colcon_core.verb:set package 'interface' build argument 'cmake_target' from command line to 'None'
[6.030s] Level 5:colcon.colcon_core.verb:set package 'interface' build argument 'cmake_target_skip_unavailable' from command line to 'False'
[6.030s] Level 5:colcon.colcon_core.verb:set package 'interface' build argument 'cmake_clean_cache' from command line to 'False'
[6.030s] Level 5:colcon.colcon_core.verb:set package 'interface' build argument 'cmake_clean_first' from command line to 'False'
[6.030s] Level 5:colcon.colcon_core.verb:set package 'interface' build argument 'cmake_force_configure' from command line to 'False'
[6.030s] Level 5:colcon.colcon_core.verb:set package 'interface' build argument 'ament_cmake_args' from command line to 'None'
[6.030s] Level 5:colcon.colcon_core.verb:set package 'interface' build argument 'catkin_cmake_args' from command line to 'None'
[6.031s] Level 5:colcon.colcon_core.verb:set package 'interface' build argument 'catkin_skip_building_tests' from command line to 'False'
[6.031s] DEBUG:colcon.colcon_core.verb:Building package 'interface' with the following arguments: {'ament_cmake_args': None, 'build_base': '/home/mazenbelal/Desktop/ROS2_Projects/ros2_ws/build/interface', 'catkin_cmake_args': None, 'catkin_skip_building_tests': False, 'cmake_args': None, 'cmake_clean_cache': False, 'cmake_clean_first': False, 'cmake_force_configure': False, 'cmake_target': None, 'cmake_target_skip_unavailable': False, 'install_base': '/home/mazenbelal/Desktop/ROS2_Projects/ros2_ws/install/interface', 'merge_install': False, 'path': '/home/mazenbelal/Desktop/ROS2_Projects/ros2_ws/src/interface', 'symlink_install': False, 'test_result_base': None}
[6.031s] INFO:colcon.colcon_core.executor:Executing jobs using 'parallel' executor
[6.033s] DEBUG:colcon.colcon_parallel_executor.executor.parallel:run_until_complete
[6.033s] INFO:colcon.colcon_ros.task.ament_cmake.build:Building ROS package in '/home/mazenbelal/Desktop/ROS2_Projects/ros2_ws/src/interface' with build type 'ament_cmake'
[6.034s] INFO:colcon.colcon_cmake.task.cmake.build:Building CMake package in '/home/mazenbelal/Desktop/ROS2_Projects/ros2_ws/src/interface'
[6.131s] INFO:colcon.colcon_core.plugin_system:Skipping extension 'colcon_core.shell.bat': Not used on non-Windows systems
[6.131s] INFO:colcon.colcon_core.shell:Skip shell extension 'powershell' for command environment: Not usable outside of PowerShell
[6.131s] DEBUG:colcon.colcon_core.shell:Skip shell extension 'dsv' for command environment
[6.147s] DEBUG:colcon.colcon_core.event_handler.log_command:Invoking command in '/home/mazenbelal/Desktop/ROS2_Projects/ros2_ws/build/interface': CMAKE_PREFIX_PATH=/opt/ros/humble /usr/bin/cmake /home/mazenbelal/Desktop/ROS2_Projects/ros2_ws/src/interface -DCMAKE_INSTALL_PREFIX=/home/mazenbelal/Desktop/ROS2_Projects/ros2_ws/install/interface
[13.753s] DEBUG:colcon.colcon_core.event_handler.log_command:Invoked command in '/home/mazenbelal/Desktop/ROS2_Projects/ros2_ws/build/interface' returned '0': CMAKE_PREFIX_PATH=/opt/ros/humble /usr/bin/cmake /home/mazenbelal/Desktop/ROS2_Projects/ros2_ws/src/interface -DCMAKE_INSTALL_PREFIX=/home/mazenbelal/Desktop/ROS2_Projects/ros2_ws/install/interface
[13.758s] DEBUG:colcon.colcon_core.event_handler.log_command:Invoking command in '/home/mazenbelal/Desktop/ROS2_Projects/ros2_ws/build/interface': CMAKE_PREFIX_PATH=/opt/ros/humble /usr/bin/cmake --build /home/mazenbelal/Desktop/ROS2_Projects/ros2_ws/build/interface -- -j4 -l4
[22.202s] DEBUG:colcon.colcon_core.event_handler.log_command:Invoked command in '/home/mazenbelal/Desktop/ROS2_Projects/ros2_ws/build/interface' returned '0': CMAKE_PREFIX_PATH=/opt/ros/humble /usr/bin/cmake --build /home/mazenbelal/Desktop/ROS2_Projects/ros2_ws/build/interface -- -j4 -l4
[22.222s] DEBUG:colcon.colcon_core.event_handler.log_command:Invoking command in '/home/mazenbelal/Desktop/ROS2_Projects/ros2_ws/build/interface': CMAKE_PREFIX_PATH=/opt/ros/humble /usr/bin/cmake --install /home/mazenbelal/Desktop/ROS2_Projects/ros2_ws/build/interface
[22.420s] Level 1:colcon.colcon_core.environment:create_environment_scripts_only(interface)
[22.421s] DEBUG:colcon.colcon_core.event_handler.log_command:Invoked command in '/home/mazenbelal/Desktop/ROS2_Projects/ros2_ws/build/interface' returned '0': CMAKE_PREFIX_PATH=/opt/ros/humble /usr/bin/cmake --install /home/mazenbelal/Desktop/ROS2_Projects/ros2_ws/build/interface
[22.489s] Level 1:colcon.colcon_core.environment:checking '/home/mazenbelal/Desktop/ROS2_Projects/ros2_ws/install/interface' for CMake module files
[22.490s] Level 1:colcon.colcon_core.environment:checking '/home/mazenbelal/Desktop/ROS2_Projects/ros2_ws/install/interface' for CMake config files
[22.490s] Level 1:colcon.colcon_core.shell:create_environment_hook('interface', 'cmake_prefix_path')
[22.491s] INFO:colcon.colcon_core.shell:Creating environment hook '/home/mazenbelal/Desktop/ROS2_Projects/ros2_ws/install/interface/share/interface/hook/cmake_prefix_path.ps1'
[22.497s] INFO:colcon.colcon_core.shell:Creating environment descriptor '/home/mazenbelal/Desktop/ROS2_Projects/ros2_ws/install/interface/share/interface/hook/cmake_prefix_path.dsv'
[22.500s] INFO:colcon.colcon_core.shell:Creating environment hook '/home/mazenbelal/Desktop/ROS2_Projects/ros2_ws/install/interface/share/interface/hook/cmake_prefix_path.sh'
[22.503s] Level 1:colcon.colcon_core.environment:checking '/home/mazenbelal/Desktop/ROS2_Projects/ros2_ws/install/interface/lib'
[22.504s] Level 1:colcon.colcon_core.shell:create_environment_hook('interface', 'ld_library_path_lib')
[22.504s] INFO:colcon.colcon_core.shell:Creating environment hook '/home/mazenbelal/Desktop/ROS2_Projects/ros2_ws/install/interface/share/interface/hook/ld_library_path_lib.ps1'
[22.505s] INFO:colcon.colcon_core.shell:Creating environment descriptor '/home/mazenbelal/Desktop/ROS2_Projects/ros2_ws/install/interface/share/interface/hook/ld_library_path_lib.dsv'
[22.505s] INFO:colcon.colcon_core.shell:Creating environment hook '/home/mazenbelal/Desktop/ROS2_Projects/ros2_ws/install/interface/share/interface/hook/ld_library_path_lib.sh'
[22.506s] Level 1:colcon.colcon_core.environment:checking '/home/mazenbelal/Desktop/ROS2_Projects/ros2_ws/install/interface/bin'
[22.507s] Level 1:colcon.colcon_core.environment:checking '/home/mazenbelal/Desktop/ROS2_Projects/ros2_ws/install/interface/lib/pkgconfig/interface.pc'
[22.507s] Level 1:colcon.colcon_core.environment:checking '/home/mazenbelal/Desktop/ROS2_Projects/ros2_ws/install/interface/lib/python3.10/site-packages'
[22.508s] Level 1:colcon.colcon_core.environment:checking '/home/mazenbelal/Desktop/ROS2_Projects/ros2_ws/install/interface/bin'
[22.509s] INFO:colcon.colcon_core.shell:Creating package script '/home/mazenbelal/Desktop/ROS2_Projects/ros2_ws/install/interface/share/interface/package.ps1'
[22.516s] INFO:colcon.colcon_core.shell:Creating package descriptor '/home/mazenbelal/Desktop/ROS2_Projects/ros2_ws/install/interface/share/interface/package.dsv'
[22.523s] INFO:colcon.colcon_core.shell:Creating package script '/home/mazenbelal/Desktop/ROS2_Projects/ros2_ws/install/interface/share/interface/package.sh'
[22.525s] INFO:colcon.colcon_core.shell:Creating package script '/home/mazenbelal/Desktop/ROS2_Projects/ros2_ws/install/interface/share/interface/package.bash'
[22.543s] INFO:colcon.colcon_core.shell:Creating package script '/home/mazenbelal/Desktop/ROS2_Projects/ros2_ws/install/interface/share/interface/package.zsh'
[22.601s] Level 1:colcon.colcon_core.environment:create_file_with_runtime_dependencies(/home/mazenbelal/Desktop/ROS2_Projects/ros2_ws/install/interface/share/colcon-core/packages/interface)
[22.602s] Level 1:colcon.colcon_core.environment:create_environment_scripts_only(interface)
[22.602s] Level 1:colcon.colcon_core.environment:checking '/home/mazenbelal/Desktop/ROS2_Projects/ros2_ws/install/interface' for CMake module files
[22.604s] Level 1:colcon.colcon_core.environment:checking '/home/mazenbelal/Desktop/ROS2_Projects/ros2_ws/install/interface' for CMake config files
[22.605s] Level 1:colcon.colcon_core.shell:create_environment_hook('interface', 'cmake_prefix_path')
[22.606s] INFO:colcon.colcon_core.shell:Creating environment hook '/home/mazenbelal/Desktop/ROS2_Projects/ros2_ws/install/interface/share/interface/hook/cmake_prefix_path.ps1'
[22.606s] INFO:colcon.colcon_core.shell:Creating environment descriptor '/home/mazenbelal/Desktop/ROS2_Projects/ros2_ws/install/interface/share/interface/hook/cmake_prefix_path.dsv'
[22.607s] INFO:colcon.colcon_core.shell:Creating environment hook '/home/mazenbelal/Desktop/ROS2_Projects/ros2_ws/install/interface/share/interface/hook/cmake_prefix_path.sh'
[22.608s] Level 1:colcon.colcon_core.environment:checking '/home/mazenbelal/Desktop/ROS2_Projects/ros2_ws/install/interface/lib'
[22.608s] Level 1:colcon.colcon_core.shell:create_environment_hook('interface', 'ld_library_path_lib')
[22.609s] INFO:colcon.colcon_core.shell:Creating environment hook '/home/mazenbelal/Desktop/ROS2_Projects/ros2_ws/install/interface/share/interface/hook/ld_library_path_lib.ps1'
[22.609s] INFO:colcon.colcon_core.shell:Creating environment descriptor '/home/mazenbelal/Desktop/ROS2_Projects/ros2_ws/install/interface/share/interface/hook/ld_library_path_lib.dsv'
[22.610s] INFO:colcon.colcon_core.shell:Creating environment hook '/home/mazenbelal/Desktop/ROS2_Projects/ros2_ws/install/interface/share/interface/hook/ld_library_path_lib.sh'
[22.611s] Level 1:colcon.colcon_core.environment:checking '/home/mazenbelal/Desktop/ROS2_Projects/ros2_ws/install/interface/bin'
[22.611s] Level 1:colcon.colcon_core.environment:checking '/home/mazenbelal/Desktop/ROS2_Projects/ros2_ws/install/interface/lib/pkgconfig/interface.pc'
[22.611s] Level 1:colcon.colcon_core.environment:checking '/home/mazenbelal/Desktop/ROS2_Projects/ros2_ws/install/interface/lib/python3.10/site-packages'
[22.612s] Level 1:colcon.colcon_core.environment:checking '/home/mazenbelal/Desktop/ROS2_Projects/ros2_ws/install/interface/bin'
[22.612s] INFO:colcon.colcon_core.shell:Creating package script '/home/mazenbelal/Desktop/ROS2_Projects/ros2_ws/install/interface/share/interface/package.ps1'
[22.613s] INFO:colcon.colcon_core.shell:Creating package descriptor '/home/mazenbelal/Desktop/ROS2_Projects/ros2_ws/install/interface/share/interface/package.dsv'
[22.614s] INFO:colcon.colcon_core.shell:Creating package script '/home/mazenbelal/Desktop/ROS2_Projects/ros2_ws/install/interface/share/interface/package.sh'
[22.615s] INFO:colcon.colcon_core.shell:Creating package script '/home/mazenbelal/Desktop/ROS2_Projects/ros2_ws/install/interface/share/interface/package.bash'
[22.616s] INFO:colcon.colcon_core.shell:Creating package script '/home/mazenbelal/Desktop/ROS2_Projects/ros2_ws/install/interface/share/interface/package.zsh'
[22.617s] Level 1:colcon.colcon_core.environment:create_file_with_runtime_dependencies(/home/mazenbelal/Desktop/ROS2_Projects/ros2_ws/install/interface/share/colcon-core/packages/interface)
[22.618s] DEBUG:colcon.colcon_parallel_executor.executor.parallel:closing loop
[22.619s] DEBUG:colcon.colcon_parallel_executor.executor.parallel:loop closed
[22.619s] DEBUG:colcon.colcon_parallel_executor.executor.parallel:run_until_complete finished with '0'
[22.620s] DEBUG:colcon.colcon_core.event_reactor:joining thread
[22.651s] INFO:colcon.colcon_core.plugin_system:Skipping extension 'colcon_notification.desktop_notification.terminal_notifier': Not used on non-Darwin systems
[22.651s] INFO:colcon.colcon_core.plugin_system:Skipping extension 'colcon_notification.desktop_notification.win32': Not used on non-Windows systems
[22.651s] INFO:colcon.colcon_notification.desktop_notification:Sending desktop notification using 'notify2'
[22.665s] DEBUG:colcon.colcon_core.event_reactor:joined thread
[22.666s] INFO:colcon.colcon_core.shell:Creating prefix script '/home/mazenbelal/Desktop/ROS2_Projects/ros2_ws/install/local_setup.ps1'
[22.708s] INFO:colcon.colcon_core.shell:Creating prefix util module '/home/mazenbelal/Desktop/ROS2_Projects/ros2_ws/install/_local_setup_util_ps1.py'
[22.827s] INFO:colcon.colcon_core.shell:Creating prefix chain script '/home/mazenbelal/Desktop/ROS2_Projects/ros2_ws/install/setup.ps1'
[22.831s] INFO:colcon.colcon_core.shell:Creating prefix script '/home/mazenbelal/Desktop/ROS2_Projects/ros2_ws/install/local_setup.sh'
[22.943s] INFO:colcon.colcon_core.shell:Creating prefix util module '/home/mazenbelal/Desktop/ROS2_Projects/ros2_ws/install/_local_setup_util_sh.py'
[22.944s] INFO:colcon.colcon_core.shell:Creating prefix chain script '/home/mazenbelal/Desktop/ROS2_Projects/ros2_ws/install/setup.sh'
[22.969s] INFO:colcon.colcon_core.shell:Creating prefix script '/home/mazenbelal/Desktop/ROS2_Projects/ros2_ws/install/local_setup.bash'
[22.985s] INFO:colcon.colcon_core.shell:Creating prefix chain script '/home/mazenbelal/Desktop/ROS2_Projects/ros2_ws/install/setup.bash'
[22.987s] INFO:colcon.colcon_core.shell:Creating prefix script '/home/mazenbelal/Desktop/ROS2_Projects/ros2_ws/install/local_setup.zsh'
[22.998s] INFO:colcon.colcon_core.shell:Creating prefix chain script '/home/mazenbelal/Desktop/ROS2_Projects/ros2_ws/install/setup.zsh'
