[0.067s] Invoking command in '/home/mazenbelal/Desktop/ROS2_Projects/ros2_ws/build/interface': CMAKE_PREFIX_PATH=/home/mazenbelal/Desktop/ROS2_Projects/ros2_ws/install/custome_messge:/home/mazenbelal/Desktop/ROS2_Projects/ros2_ws/install/add_two_ints:/home/mazenbelal/Desktop/ROS2_Projects/ros2_ws/install/interface:/opt/ros/humble LD_LIBRARY_PATH=/home/mazenbelal/Desktop/ROS2_Projects/ros2_ws/install/custome_messge/lib:/home/mazenbelal/Desktop/ROS2_Projects/ros2_ws/install/interface/lib:/opt/ros/humble/opt/rviz_ogre_vendor/lib:/opt/ros/humble/lib/x86_64-linux-gnu:/opt/ros/humble/lib /usr/bin/cmake --build /home/mazenbelal/Desktop/ROS2_Projects/ros2_ws/build/interface -- -j4 -l4
[0.114s] -- Found ament_cmake: 1.3.12 (/opt/ros/humble/share/ament_cmake/cmake)
[0.364s] -- Found custome_messge: 0.0.0 (/home/mazenbelal/Desktop/ROS2_Projects/ros2_ws/install/custome_messge/share/custome_messge/cmake)
[0.424s] -- Found rosidl_generator_c: 3.1.7 (/opt/ros/humble/share/rosidl_generator_c/cmake)
[0.428s] -- Found rosidl_adapter: 3.1.7 (/opt/ros/humble/share/rosidl_adapter/cmake)
[0.437s] -- Found rosidl_generator_cpp: 3.1.7 (/opt/ros/humble/share/rosidl_generator_cpp/cmake)
[0.451s] -- Using all available rosidl_typesupport_c: rosidl_typesupport_fastrtps_c;rosidl_typesupport_introspection_c
[0.469s] -- Using all available rosidl_typesupport_cpp: rosidl_typesupport_fastrtps_cpp;rosidl_typesupport_introspection_cpp
[0.487s] -- Found rosidl_default_generators: 1.2.0 (/opt/ros/humble/share/rosidl_default_generators/cmake)
[0.939s] -- Found ament_cmake_ros: 0.10.0 (/opt/ros/humble/share/ament_cmake_ros/cmake)
[1.444s] -- Using all available rosidl_typesupport_c: rosidl_typesupport_fastrtps_c;rosidl_typesupport_introspection_c
[1.648s] -- Using all available rosidl_typesupport_cpp: rosidl_typesupport_fastrtps_cpp;rosidl_typesupport_introspection_cpp
[1.682s] -- Found python_cmake_module: 0.10.0 (/opt/ros/humble/share/python_cmake_module/cmake)
[1.718s] -- Using PYTHON_EXECUTABLE: /usr/bin/python3
[1.718s] -- Using PYTHON_INCLUDE_DIRS: /usr/include/python3.10
[1.719s] -- Using PYTHON_LIBRARIES: /usr/lib/x86_64-linux-gnu/libpython3.10.so
[1.746s] -- Configuring done
[1.918s] -- Generating done
[1.956s] -- Build files have been written to: /home/mazenbelal/Desktop/ROS2_Projects/ros2_ws/build/interface
[2.017s] [  3%] [34m[1mGenerating C code for ROS interfaces[0m
[2.064s] [  6%] [34m[1mGenerating C++ code for ROS interfaces[0m
[2.085s] [  6%] Built target ament_cmake_python_copy_interface
[2.961s] running egg_info
[2.963s] writing interface.egg-info/PKG-INFO
[2.963s] writing dependency_links to interface.egg-info/dependency_links.txt
[2.963s] writing top-level names to interface.egg-info/top_level.txt
[2.971s] reading manifest file 'interface.egg-info/SOURCES.txt'
[2.972s] writing manifest file 'interface.egg-info/SOURCES.txt'
[3.095s] [  6%] Built target ament_cmake_python_build_interface_egg
[3.140s] [  6%] Built target interface__cpp
[3.140s] [35m[1mConsolidate compiler generated dependencies of target interface__rosidl_generator_c[0m
[3.180s] [  9%] [32mBuilding C object CMakeFiles/interface__rosidl_generator_c.dir/rosidl_generator_c/interface/srv/detail/add_two_ints__functions.c.o[0m
[3.191s] [ 12%] [34m[1mGenerating C++ introspection for ROS interfaces[0m
[3.194s] [ 16%] [34m[1mGenerating C++ type support dispatch for ROS interfaces[0m
[3.223s] [ 19%] [34m[1mGenerating C++ type support for eProsima Fast-RTPS[0m
[3.387s] [ 22%] [32m[1mLinking C shared library libinterface__rosidl_generator_c.so[0m
[3.499s] [ 22%] Built target interface__rosidl_generator_c
[3.568s] [ 25%] [34m[1mGenerating C type support for eProsima Fast-RTPS[0m
[4.396s] [35m[1mConsolidate compiler generated dependencies of target interface__rosidl_typesupport_introspection_cpp[0m
[4.424s] [35m[1mConsolidate compiler generated dependencies of target interface__rosidl_typesupport_cpp[0m
[4.433s] [ 29%] [32mBuilding CXX object CMakeFiles/interface__rosidl_typesupport_introspection_cpp.dir/rosidl_typesupport_introspection_cpp/interface/srv/detail/add_two_ints__type_support.cpp.o[0m
[4.521s] [ 32%] [32mBuilding CXX object CMakeFiles/interface__rosidl_typesupport_cpp.dir/rosidl_typesupport_cpp/interface/srv/add_two_ints__type_support.cpp.o[0m
[4.529s] [35m[1mConsolidate compiler generated dependencies of target interface__rosidl_typesupport_fastrtps_c[0m
[4.571s] [ 35%] [32mBuilding CXX object CMakeFiles/interface__rosidl_typesupport_fastrtps_c.dir/rosidl_typesupport_fastrtps_c/interface/srv/detail/add_two_ints__type_support_c.cpp.o[0m
[4.850s] [35m[1mConsolidate compiler generated dependencies of target interface__rosidl_typesupport_fastrtps_cpp[0m
[4.921s] [ 38%] [32mBuilding CXX object CMakeFiles/interface__rosidl_typesupport_fastrtps_cpp.dir/rosidl_typesupport_fastrtps_cpp/interface/srv/detail/dds_fastrtps/add_two_ints__type_support.cpp.o[0m
[5.544s] [ 41%] [32m[1mLinking CXX shared library libinterface__rosidl_typesupport_cpp.so[0m
[5.766s] [ 41%] Built target interface__rosidl_typesupport_cpp
[5.875s] [ 45%] [34m[1mGenerating C introspection for ROS interfaces[0m
[5.891s] [ 48%] [32m[1mLinking CXX shared library libinterface__rosidl_typesupport_introspection_cpp.so[0m
[6.174s] [ 48%] Built target interface__rosidl_typesupport_introspection_cpp
[6.243s] [ 51%] [34m[1mGenerating C type support dispatch for ROS interfaces[0m
[6.316s] [ 54%] [32m[1mLinking CXX shared library libinterface__rosidl_typesupport_fastrtps_c.so[0m
[6.734s] [ 54%] Built target interface__rosidl_typesupport_fastrtps_c
[6.815s] [ 58%] [32m[1mLinking CXX shared library libinterface__rosidl_typesupport_fastrtps_cpp.so[0m
[7.097s] [ 58%] Built target interface__rosidl_typesupport_fastrtps_cpp
[7.105s] [35m[1mConsolidate compiler generated dependencies of target interface__rosidl_typesupport_introspection_c[0m
[7.126s] [ 61%] [32mBuilding C object CMakeFiles/interface__rosidl_typesupport_introspection_c.dir/rosidl_typesupport_introspection_c/interface/srv/detail/add_two_ints__type_support.c.o[0m
[7.207s] [ 64%] [32m[1mLinking C shared library libinterface__rosidl_typesupport_introspection_c.so[0m
[7.294s] [35m[1mConsolidate compiler generated dependencies of target interface__rosidl_typesupport_c[0m
[7.307s] [ 64%] Built target interface__rosidl_typesupport_introspection_c
[7.318s] [ 67%] [32mBuilding CXX object CMakeFiles/interface__rosidl_typesupport_c.dir/rosidl_typesupport_c/interface/srv/add_two_ints__type_support.cpp.o[0m
[7.387s] [ 70%] [32m[1mLinking CXX shared library libinterface__rosidl_typesupport_c.so[0m
[7.496s] [ 70%] Built target interface__rosidl_typesupport_c
[7.562s] [ 70%] Built target interface
[7.596s] [ 74%] [34m[1mGenerating Python code for ROS interfaces[0m
[8.376s] [ 74%] Built target interface__py
[8.473s] [35m[1mConsolidate compiler generated dependencies of target interface__rosidl_generator_py[0m
[8.496s] [ 77%] [32mBuilding C object CMakeFiles/interface__rosidl_generator_py.dir/rosidl_generator_py/interface/srv/_add_two_ints_s.c.o[0m
[8.709s] [ 80%] [32m[1mLinking C shared library rosidl_generator_py/interface/libinterface__rosidl_generator_py.so[0m
[8.824s] [ 80%] Built target interface__rosidl_generator_py
[8.846s] [35m[1mConsolidate compiler generated dependencies of target interface__rosidl_typesupport_fastrtps_c__pyext[0m
[8.846s] [35m[1mConsolidate compiler generated dependencies of target interface__rosidl_typesupport_introspection_c__pyext[0m
[8.875s] [ 83%] [32mBuilding C object CMakeFiles/interface__rosidl_typesupport_introspection_c__pyext.dir/rosidl_generator_py/interface/_interface_s.ep.rosidl_typesupport_introspection_c.c.o[0m
[8.879s] [ 87%] [32mBuilding C object CMakeFiles/interface__rosidl_typesupport_fastrtps_c__pyext.dir/rosidl_generator_py/interface/_interface_s.ep.rosidl_typesupport_fastrtps_c.c.o[0m
[8.942s] [35m[1mConsolidate compiler generated dependencies of target interface__rosidl_typesupport_c__pyext[0m
[8.979s] [ 90%] [32mBuilding C object CMakeFiles/interface__rosidl_typesupport_c__pyext.dir/rosidl_generator_py/interface/_interface_s.ep.rosidl_typesupport_c.c.o[0m
[9.165s] [ 93%] [32m[1mLinking C shared library rosidl_generator_py/interface/interface_s__rosidl_typesupport_introspection_c.cpython-310-x86_64-linux-gnu.so[0m
[9.222s] [ 96%] [32m[1mLinking C shared library rosidl_generator_py/interface/interface_s__rosidl_typesupport_fastrtps_c.cpython-310-x86_64-linux-gnu.so[0m
[9.250s] [100%] [32m[1mLinking C shared library rosidl_generator_py/interface/interface_s__rosidl_typesupport_c.cpython-310-x86_64-linux-gnu.so[0m
[9.253s] [100%] Built target interface__rosidl_typesupport_introspection_c__pyext
[9.313s] [100%] Built target interface__rosidl_typesupport_fastrtps_c__pyext
[9.350s] [100%] Built target interface__rosidl_typesupport_c__pyext
[9.376s] Invoked command in '/home/mazenbelal/Desktop/ROS2_Projects/ros2_ws/build/interface' returned '0': CMAKE_PREFIX_PATH=/home/mazenbelal/Desktop/ROS2_Projects/ros2_ws/install/custome_messge:/home/mazenbelal/Desktop/ROS2_Projects/ros2_ws/install/add_two_ints:/home/mazenbelal/Desktop/ROS2_Projects/ros2_ws/install/interface:/opt/ros/humble LD_LIBRARY_PATH=/home/mazenbelal/Desktop/ROS2_Projects/ros2_ws/install/custome_messge/lib:/home/mazenbelal/Desktop/ROS2_Projects/ros2_ws/install/interface/lib:/opt/ros/humble/opt/rviz_ogre_vendor/lib:/opt/ros/humble/lib/x86_64-linux-gnu:/opt/ros/humble/lib /usr/bin/cmake --build /home/mazenbelal/Desktop/ROS2_Projects/ros2_ws/build/interface -- -j4 -l4
[9.411s] Invoking command in '/home/mazenbelal/Desktop/ROS2_Projects/ros2_ws/build/interface': CMAKE_PREFIX_PATH=/home/mazenbelal/Desktop/ROS2_Projects/ros2_ws/install/custome_messge:/home/mazenbelal/Desktop/ROS2_Projects/ros2_ws/install/add_two_ints:/home/mazenbelal/Desktop/ROS2_Projects/ros2_ws/install/interface:/opt/ros/humble LD_LIBRARY_PATH=/home/mazenbelal/Desktop/ROS2_Projects/ros2_ws/install/custome_messge/lib:/home/mazenbelal/Desktop/ROS2_Projects/ros2_ws/install/interface/lib:/opt/ros/humble/opt/rviz_ogre_vendor/lib:/opt/ros/humble/lib/x86_64-linux-gnu:/opt/ros/humble/lib /usr/bin/cmake --install /home/mazenbelal/Desktop/ROS2_Projects/ros2_ws/build/interface
[9.429s] -- Install configuration: ""
[9.429s] -- Up-to-date: /home/mazenbelal/Desktop/ROS2_Projects/ros2_ws/install/interface/share/ament_index/resource_index/rosidl_interfaces/interface
[9.429s] -- Up-to-date: /home/mazenbelal/Desktop/ROS2_Projects/ros2_ws/install/interface/include/interface/interface
[9.429s] -- Up-to-date: /home/mazenbelal/Desktop/ROS2_Projects/ros2_ws/install/interface/include/interface/interface/msg
[9.430s] -- Up-to-date: /home/mazenbelal/Desktop/ROS2_Projects/ros2_ws/install/interface/include/interface/interface/msg/rosidl_generator_c__visibility_control.h
[9.430s] -- Up-to-date: /home/mazenbelal/Desktop/ROS2_Projects/ros2_ws/install/interface/include/interface/interface/srv
[9.430s] -- Up-to-date: /home/mazenbelal/Desktop/ROS2_Projects/ros2_ws/install/interface/include/interface/interface/srv/detail
[9.430s] -- Installing: /home/mazenbelal/Desktop/ROS2_Projects/ros2_ws/install/interface/include/interface/interface/srv/detail/add_two_ints__struct.h
[9.430s] -- Installing: /home/mazenbelal/Desktop/ROS2_Projects/ros2_ws/install/interface/include/interface/interface/srv/detail/add_two_ints__type_support.h
[9.431s] -- Installing: /home/mazenbelal/Desktop/ROS2_Projects/ros2_ws/install/interface/include/interface/interface/srv/detail/add_two_ints__functions.h
[9.431s] -- Installing: /home/mazenbelal/Desktop/ROS2_Projects/ros2_ws/install/interface/include/interface/interface/srv/detail/add_two_ints__functions.c
[9.431s] -- Installing: /home/mazenbelal/Desktop/ROS2_Projects/ros2_ws/install/interface/include/interface/interface/srv/add_two_ints.h
[9.431s] -- Up-to-date: /home/mazenbelal/Desktop/ROS2_Projects/ros2_ws/install/interface/share/interface/environment/library_path.sh
[9.431s] -- Installing: /home/mazenbelal/Desktop/ROS2_Projects/ros2_ws/install/interface/share/interface/environment/library_path.dsv
[9.451s] -- Installing: /home/mazenbelal/Desktop/ROS2_Projects/ros2_ws/install/interface/lib/libinterface__rosidl_generator_c.so
[9.452s] -- Set runtime path of "/home/mazenbelal/Desktop/ROS2_Projects/ros2_ws/install/interface/lib/libinterface__rosidl_generator_c.so" to ""
[9.452s] -- Up-to-date: /home/mazenbelal/Desktop/ROS2_Projects/ros2_ws/install/interface/include/interface/interface
[9.452s] -- Up-to-date: /home/mazenbelal/Desktop/ROS2_Projects/ros2_ws/install/interface/include/interface/interface/msg
[9.453s] -- Up-to-date: /home/mazenbelal/Desktop/ROS2_Projects/ros2_ws/install/interface/include/interface/interface/msg/rosidl_typesupport_fastrtps_c__visibility_control.h
[9.453s] -- Up-to-date: /home/mazenbelal/Desktop/ROS2_Projects/ros2_ws/install/interface/include/interface/interface/srv
[9.455s] -- Up-to-date: /home/mazenbelal/Desktop/ROS2_Projects/ros2_ws/install/interface/include/interface/interface/srv/detail
[9.456s] -- Installing: /home/mazenbelal/Desktop/ROS2_Projects/ros2_ws/install/interface/include/interface/interface/srv/detail/add_two_ints__rosidl_typesupport_fastrtps_c.h
[9.457s] -- Installing: /home/mazenbelal/Desktop/ROS2_Projects/ros2_ws/install/interface/lib/libinterface__rosidl_typesupport_fastrtps_c.so
[9.458s] -- Set runtime path of "/home/mazenbelal/Desktop/ROS2_Projects/ros2_ws/install/interface/lib/libinterface__rosidl_typesupport_fastrtps_c.so" to ""
[9.458s] -- Up-to-date: /home/mazenbelal/Desktop/ROS2_Projects/ros2_ws/install/interface/include/interface/interface
[9.458s] -- Up-to-date: /home/mazenbelal/Desktop/ROS2_Projects/ros2_ws/install/interface/include/interface/interface/msg
[9.458s] -- Up-to-date: /home/mazenbelal/Desktop/ROS2_Projects/ros2_ws/install/interface/include/interface/interface/msg/rosidl_generator_cpp__visibility_control.hpp
[9.458s] -- Up-to-date: /home/mazenbelal/Desktop/ROS2_Projects/ros2_ws/install/interface/include/interface/interface/srv
[9.458s] -- Up-to-date: /home/mazenbelal/Desktop/ROS2_Projects/ros2_ws/install/interface/include/interface/interface/srv/detail
[9.459s] -- Installing: /home/mazenbelal/Desktop/ROS2_Projects/ros2_ws/install/interface/include/interface/interface/srv/detail/add_two_ints__type_support.hpp
[9.459s] -- Installing: /home/mazenbelal/Desktop/ROS2_Projects/ros2_ws/install/interface/include/interface/interface/srv/detail/add_two_ints__struct.hpp
[9.459s] -- Installing: /home/mazenbelal/Desktop/ROS2_Projects/ros2_ws/install/interface/include/interface/interface/srv/detail/add_two_ints__builder.hpp
[9.460s] -- Installing: /home/mazenbelal/Desktop/ROS2_Projects/ros2_ws/install/interface/include/interface/interface/srv/detail/add_two_ints__traits.hpp
[9.460s] -- Installing: /home/mazenbelal/Desktop/ROS2_Projects/ros2_ws/install/interface/include/interface/interface/srv/add_two_ints.hpp
[9.463s] -- Up-to-date: /home/mazenbelal/Desktop/ROS2_Projects/ros2_ws/install/interface/include/interface/interface
[9.463s] -- Up-to-date: /home/mazenbelal/Desktop/ROS2_Projects/ros2_ws/install/interface/include/interface/interface/msg
[9.464s] -- Up-to-date: /home/mazenbelal/Desktop/ROS2_Projects/ros2_ws/install/interface/include/interface/interface/msg/rosidl_typesupport_fastrtps_cpp__visibility_control.h
[9.464s] -- Up-to-date: /home/mazenbelal/Desktop/ROS2_Projects/ros2_ws/install/interface/include/interface/interface/srv
[9.464s] -- Up-to-date: /home/mazenbelal/Desktop/ROS2_Projects/ros2_ws/install/interface/include/interface/interface/srv/detail
[9.464s] -- Up-to-date: /home/mazenbelal/Desktop/ROS2_Projects/ros2_ws/install/interface/include/interface/interface/srv/detail/dds_fastrtps
[9.464s] -- Installing: /home/mazenbelal/Desktop/ROS2_Projects/ros2_ws/install/interface/include/interface/interface/srv/detail/add_two_ints__rosidl_typesupport_fastrtps_cpp.hpp
[9.465s] -- Installing: /home/mazenbelal/Desktop/ROS2_Projects/ros2_ws/install/interface/lib/libinterface__rosidl_typesupport_fastrtps_cpp.so
[9.465s] -- Set runtime path of "/home/mazenbelal/Desktop/ROS2_Projects/ros2_ws/install/interface/lib/libinterface__rosidl_typesupport_fastrtps_cpp.so" to ""
[9.465s] -- Up-to-date: /home/mazenbelal/Desktop/ROS2_Projects/ros2_ws/install/interface/include/interface/interface
[9.465s] -- Up-to-date: /home/mazenbelal/Desktop/ROS2_Projects/ros2_ws/install/interface/include/interface/interface/msg
[9.465s] -- Up-to-date: /home/mazenbelal/Desktop/ROS2_Projects/ros2_ws/install/interface/include/interface/interface/msg/rosidl_typesupport_introspection_c__visibility_control.h
[9.466s] -- Up-to-date: /home/mazenbelal/Desktop/ROS2_Projects/ros2_ws/install/interface/include/interface/interface/srv
[9.466s] -- Up-to-date: /home/mazenbelal/Desktop/ROS2_Projects/ros2_ws/install/interface/include/interface/interface/srv/detail
[9.466s] -- Installing: /home/mazenbelal/Desktop/ROS2_Projects/ros2_ws/install/interface/include/interface/interface/srv/detail/add_two_ints__rosidl_typesupport_introspection_c.h
[9.466s] -- Installing: /home/mazenbelal/Desktop/ROS2_Projects/ros2_ws/install/interface/include/interface/interface/srv/detail/add_two_ints__type_support.c
[9.466s] -- Installing: /home/mazenbelal/Desktop/ROS2_Projects/ros2_ws/install/interface/lib/libinterface__rosidl_typesupport_introspection_c.so
[9.467s] -- Set runtime path of "/home/mazenbelal/Desktop/ROS2_Projects/ros2_ws/install/interface/lib/libinterface__rosidl_typesupport_introspection_c.so" to ""
[9.467s] -- Installing: /home/mazenbelal/Desktop/ROS2_Projects/ros2_ws/install/interface/lib/libinterface__rosidl_typesupport_c.so
[9.467s] -- Set runtime path of "/home/mazenbelal/Desktop/ROS2_Projects/ros2_ws/install/interface/lib/libinterface__rosidl_typesupport_c.so" to ""
[9.467s] -- Up-to-date: /home/mazenbelal/Desktop/ROS2_Projects/ros2_ws/install/interface/include/interface/interface
[9.467s] -- Up-to-date: /home/mazenbelal/Desktop/ROS2_Projects/ros2_ws/install/interface/include/interface/interface/srv
[9.468s] -- Up-to-date: /home/mazenbelal/Desktop/ROS2_Projects/ros2_ws/install/interface/include/interface/interface/srv/detail
[9.468s] -- Installing: /home/mazenbelal/Desktop/ROS2_Projects/ros2_ws/install/interface/include/interface/interface/srv/detail/add_two_ints__type_support.cpp
[9.468s] -- Installing: /home/mazenbelal/Desktop/ROS2_Projects/ros2_ws/install/interface/include/interface/interface/srv/detail/add_two_ints__rosidl_typesupport_introspection_cpp.hpp
[9.468s] -- Installing: /home/mazenbelal/Desktop/ROS2_Projects/ros2_ws/install/interface/lib/libinterface__rosidl_typesupport_introspection_cpp.so
[9.470s] -- Set runtime path of "/home/mazenbelal/Desktop/ROS2_Projects/ros2_ws/install/interface/lib/libinterface__rosidl_typesupport_introspection_cpp.so" to ""
[9.470s] -- Installing: /home/mazenbelal/Desktop/ROS2_Projects/ros2_ws/install/interface/lib/libinterface__rosidl_typesupport_cpp.so
[9.471s] -- Set runtime path of "/home/mazenbelal/Desktop/ROS2_Projects/ros2_ws/install/interface/lib/libinterface__rosidl_typesupport_cpp.so" to ""
[9.472s] -- Up-to-date: /home/mazenbelal/Desktop/ROS2_Projects/ros2_ws/install/interface/share/interface/environment/pythonpath.sh
[9.472s] -- Installing: /home/mazenbelal/Desktop/ROS2_Projects/ros2_ws/install/interface/share/interface/environment/pythonpath.dsv
[9.480s] -- Up-to-date: /home/mazenbelal/Desktop/ROS2_Projects/ros2_ws/install/interface/local/lib/python3.10/dist-packages/interface-0.0.0-py3.10.egg-info
[9.482s] -- Installing: /home/mazenbelal/Desktop/ROS2_Projects/ros2_ws/install/interface/local/lib/python3.10/dist-packages/interface-0.0.0-py3.10.egg-info/SOURCES.txt
[9.501s] -- Installing: /home/mazenbelal/Desktop/ROS2_Projects/ros2_ws/install/interface/local/lib/python3.10/dist-packages/interface-0.0.0-py3.10.egg-info/top_level.txt
[9.534s] -- Installing: /home/mazenbelal/Desktop/ROS2_Projects/ros2_ws/install/interface/local/lib/python3.10/dist-packages/interface-0.0.0-py3.10.egg-info/dependency_links.txt
[9.557s] -- Installing: /home/mazenbelal/Desktop/ROS2_Projects/ros2_ws/install/interface/local/lib/python3.10/dist-packages/interface-0.0.0-py3.10.egg-info/PKG-INFO
[9.578s] -- Up-to-date: /home/mazenbelal/Desktop/ROS2_Projects/ros2_ws/install/interface/local/lib/python3.10/dist-packages/interface
[9.578s] -- Installing: /home/mazenbelal/Desktop/ROS2_Projects/ros2_ws/install/interface/local/lib/python3.10/dist-packages/interface/interface_s__rosidl_typesupport_c.cpython-310-x86_64-linux-gnu.so
[9.579s] -- Installing: /home/mazenbelal/Desktop/ROS2_Projects/ros2_ws/install/interface/local/lib/python3.10/dist-packages/interface/interface_s__rosidl_typesupport_introspection_c.cpython-310-x86_64-linux-gnu.so
[9.579s] -- Installing: /home/mazenbelal/Desktop/ROS2_Projects/ros2_ws/install/interface/local/lib/python3.10/dist-packages/interface/__init__.py
[9.579s] -- Up-to-date: /home/mazenbelal/Desktop/ROS2_Projects/ros2_ws/install/interface/local/lib/python3.10/dist-packages/interface/srv
[9.579s] -- Installing: /home/mazenbelal/Desktop/ROS2_Projects/ros2_ws/install/interface/local/lib/python3.10/dist-packages/interface/srv/_add_two_ints.py
[9.580s] -- Installing: /home/mazenbelal/Desktop/ROS2_Projects/ros2_ws/install/interface/local/lib/python3.10/dist-packages/interface/srv/__init__.py
[9.580s] -- Installing: /home/mazenbelal/Desktop/ROS2_Projects/ros2_ws/install/interface/local/lib/python3.10/dist-packages/interface/srv/_add_two_ints_s.c
[9.580s] -- Installing: /home/mazenbelal/Desktop/ROS2_Projects/ros2_ws/install/interface/local/lib/python3.10/dist-packages/interface/interface_s__rosidl_typesupport_fastrtps_c.cpython-310-x86_64-linux-gnu.so
[9.580s] -- Installing: /home/mazenbelal/Desktop/ROS2_Projects/ros2_ws/install/interface/local/lib/python3.10/dist-packages/interface/libinterface__rosidl_generator_py.so
[9.580s] -- Installing: /home/mazenbelal/Desktop/ROS2_Projects/ros2_ws/install/interface/local/lib/python3.10/dist-packages/interface/_interface_s.ep.rosidl_typesupport_introspection_c.c
[9.581s] -- Installing: /home/mazenbelal/Desktop/ROS2_Projects/ros2_ws/install/interface/local/lib/python3.10/dist-packages/interface/_interface_s.ep.rosidl_typesupport_fastrtps_c.c
[9.581s] -- Installing: /home/mazenbelal/Desktop/ROS2_Projects/ros2_ws/install/interface/local/lib/python3.10/dist-packages/interface/_interface_s.ep.rosidl_typesupport_c.c
[9.654s] Listing '/home/mazenbelal/Desktop/ROS2_Projects/ros2_ws/install/interface/local/lib/python3.10/dist-packages/interface'...
[9.654s] Compiling '/home/mazenbelal/Desktop/ROS2_Projects/ros2_ws/install/interface/local/lib/python3.10/dist-packages/interface/__init__.py'...
[9.655s] Listing '/home/mazenbelal/Desktop/ROS2_Projects/ros2_ws/install/interface/local/lib/python3.10/dist-packages/interface/srv'...
[9.655s] Compiling '/home/mazenbelal/Desktop/ROS2_Projects/ros2_ws/install/interface/local/lib/python3.10/dist-packages/interface/srv/__init__.py'...
[9.655s] Compiling '/home/mazenbelal/Desktop/ROS2_Projects/ros2_ws/install/interface/local/lib/python3.10/dist-packages/interface/srv/_add_two_ints.py'...
[9.665s] -- Installing: /home/mazenbelal/Desktop/ROS2_Projects/ros2_ws/install/interface/local/lib/python3.10/dist-packages/interface/interface_s__rosidl_typesupport_fastrtps_c.cpython-310-x86_64-linux-gnu.so
[9.666s] -- Set runtime path of "/home/mazenbelal/Desktop/ROS2_Projects/ros2_ws/install/interface/local/lib/python3.10/dist-packages/interface/interface_s__rosidl_typesupport_fastrtps_c.cpython-310-x86_64-linux-gnu.so" to ""
[9.666s] -- Installing: /home/mazenbelal/Desktop/ROS2_Projects/ros2_ws/install/interface/local/lib/python3.10/dist-packages/interface/interface_s__rosidl_typesupport_introspection_c.cpython-310-x86_64-linux-gnu.so
[9.667s] -- Set runtime path of "/home/mazenbelal/Desktop/ROS2_Projects/ros2_ws/install/interface/local/lib/python3.10/dist-packages/interface/interface_s__rosidl_typesupport_introspection_c.cpython-310-x86_64-linux-gnu.so" to ""
[9.669s] -- Installing: /home/mazenbelal/Desktop/ROS2_Projects/ros2_ws/install/interface/local/lib/python3.10/dist-packages/interface/interface_s__rosidl_typesupport_c.cpython-310-x86_64-linux-gnu.so
[9.670s] -- Set runtime path of "/home/mazenbelal/Desktop/ROS2_Projects/ros2_ws/install/interface/local/lib/python3.10/dist-packages/interface/interface_s__rosidl_typesupport_c.cpython-310-x86_64-linux-gnu.so" to ""
[9.670s] -- Installing: /home/mazenbelal/Desktop/ROS2_Projects/ros2_ws/install/interface/lib/libinterface__rosidl_generator_py.so
[9.670s] -- Set runtime path of "/home/mazenbelal/Desktop/ROS2_Projects/ros2_ws/install/interface/lib/libinterface__rosidl_generator_py.so" to ""
[9.670s] -- Installing: /home/mazenbelal/Desktop/ROS2_Projects/ros2_ws/install/interface/share/interface/srv/AddTwoInts.idl
[9.670s] -- Installing: /home/mazenbelal/Desktop/ROS2_Projects/ros2_ws/install/interface/share/interface/srv/AddTwoInts.srv
[9.671s] -- Installing: /home/mazenbelal/Desktop/ROS2_Projects/ros2_ws/install/interface/share/interface/srv/AddTwoInts_Request.msg
[9.671s] -- Up-to-date: /home/mazenbelal/Desktop/ROS2_Projects/ros2_ws/install/interface/share/interface/srv/AddTwoInts_Response.msg
[9.672s] -- Up-to-date: /home/mazenbelal/Desktop/ROS2_Projects/ros2_ws/install/interface/share/ament_index/resource_index/package_run_dependencies/interface
[9.672s] -- Installing: /home/mazenbelal/Desktop/ROS2_Projects/ros2_ws/install/interface/share/ament_index/resource_index/parent_prefix_path/interface
[9.684s] -- Up-to-date: /home/mazenbelal/Desktop/ROS2_Projects/ros2_ws/install/interface/share/interface/environment/ament_prefix_path.sh
[9.685s] -- Installing: /home/mazenbelal/Desktop/ROS2_Projects/ros2_ws/install/interface/share/interface/environment/ament_prefix_path.dsv
[9.695s] -- Up-to-date: /home/mazenbelal/Desktop/ROS2_Projects/ros2_ws/install/interface/share/interface/environment/path.sh
[9.695s] -- Installing: /home/mazenbelal/Desktop/ROS2_Projects/ros2_ws/install/interface/share/interface/environment/path.dsv
[9.696s] -- Up-to-date: /home/mazenbelal/Desktop/ROS2_Projects/ros2_ws/install/interface/share/interface/local_setup.bash
[9.696s] -- Up-to-date: /home/mazenbelal/Desktop/ROS2_Projects/ros2_ws/install/interface/share/interface/local_setup.sh
[9.696s] -- Up-to-date: /home/mazenbelal/Desktop/ROS2_Projects/ros2_ws/install/interface/share/interface/local_setup.zsh
[9.697s] -- Installing: /home/mazenbelal/Desktop/ROS2_Projects/ros2_ws/install/interface/share/interface/local_setup.dsv
[9.699s] -- Installing: /home/mazenbelal/Desktop/ROS2_Projects/ros2_ws/install/interface/share/interface/package.dsv
[9.700s] -- Up-to-date: /home/mazenbelal/Desktop/ROS2_Projects/ros2_ws/install/interface/share/ament_index/resource_index/packages/interface
[9.700s] -- Up-to-date: /home/mazenbelal/Desktop/ROS2_Projects/ros2_ws/install/interface/share/interface/cmake/export_interface__rosidl_generator_cExport.cmake
[9.700s] -- Up-to-date: /home/mazenbelal/Desktop/ROS2_Projects/ros2_ws/install/interface/share/interface/cmake/export_interface__rosidl_generator_cExport-noconfig.cmake
[9.700s] -- Up-to-date: /home/mazenbelal/Desktop/ROS2_Projects/ros2_ws/install/interface/share/interface/cmake/export_interface__rosidl_typesupport_fastrtps_cExport.cmake
[9.700s] -- Up-to-date: /home/mazenbelal/Desktop/ROS2_Projects/ros2_ws/install/interface/share/interface/cmake/export_interface__rosidl_typesupport_fastrtps_cExport-noconfig.cmake
[9.701s] -- Up-to-date: /home/mazenbelal/Desktop/ROS2_Projects/ros2_ws/install/interface/share/interface/cmake/export_interface__rosidl_generator_cppExport.cmake
[9.701s] -- Up-to-date: /home/mazenbelal/Desktop/ROS2_Projects/ros2_ws/install/interface/share/interface/cmake/export_interface__rosidl_typesupport_fastrtps_cppExport.cmake
[9.701s] -- Up-to-date: /home/mazenbelal/Desktop/ROS2_Projects/ros2_ws/install/interface/share/interface/cmake/export_interface__rosidl_typesupport_fastrtps_cppExport-noconfig.cmake
[9.701s] -- Up-to-date: /home/mazenbelal/Desktop/ROS2_Projects/ros2_ws/install/interface/share/interface/cmake/interface__rosidl_typesupport_introspection_cExport.cmake
[9.701s] -- Up-to-date: /home/mazenbelal/Desktop/ROS2_Projects/ros2_ws/install/interface/share/interface/cmake/interface__rosidl_typesupport_introspection_cExport-noconfig.cmake
[9.702s] -- Up-to-date: /home/mazenbelal/Desktop/ROS2_Projects/ros2_ws/install/interface/share/interface/cmake/interface__rosidl_typesupport_cExport.cmake
[9.702s] -- Up-to-date: /home/mazenbelal/Desktop/ROS2_Projects/ros2_ws/install/interface/share/interface/cmake/interface__rosidl_typesupport_cExport-noconfig.cmake
[9.702s] -- Up-to-date: /home/mazenbelal/Desktop/ROS2_Projects/ros2_ws/install/interface/share/interface/cmake/interface__rosidl_typesupport_introspection_cppExport.cmake
[9.703s] -- Up-to-date: /home/mazenbelal/Desktop/ROS2_Projects/ros2_ws/install/interface/share/interface/cmake/interface__rosidl_typesupport_introspection_cppExport-noconfig.cmake
[9.705s] -- Up-to-date: /home/mazenbelal/Desktop/ROS2_Projects/ros2_ws/install/interface/share/interface/cmake/interface__rosidl_typesupport_cppExport.cmake
[9.705s] -- Up-to-date: /home/mazenbelal/Desktop/ROS2_Projects/ros2_ws/install/interface/share/interface/cmake/interface__rosidl_typesupport_cppExport-noconfig.cmake
[9.706s] -- Up-to-date: /home/mazenbelal/Desktop/ROS2_Projects/ros2_ws/install/interface/share/interface/cmake/export_interface__rosidl_generator_pyExport.cmake
[9.706s] -- Up-to-date: /home/mazenbelal/Desktop/ROS2_Projects/ros2_ws/install/interface/share/interface/cmake/export_interface__rosidl_generator_pyExport-noconfig.cmake
[9.706s] -- Up-to-date: /home/mazenbelal/Desktop/ROS2_Projects/ros2_ws/install/interface/share/interface/cmake/rosidl_cmake-extras.cmake
[9.706s] -- Up-to-date: /home/mazenbelal/Desktop/ROS2_Projects/ros2_ws/install/interface/share/interface/cmake/ament_cmake_export_dependencies-extras.cmake
[9.706s] -- Up-to-date: /home/mazenbelal/Desktop/ROS2_Projects/ros2_ws/install/interface/share/interface/cmake/ament_cmake_export_include_directories-extras.cmake
[9.707s] -- Up-to-date: /home/mazenbelal/Desktop/ROS2_Projects/ros2_ws/install/interface/share/interface/cmake/ament_cmake_export_libraries-extras.cmake
[9.707s] -- Up-to-date: /home/mazenbelal/Desktop/ROS2_Projects/ros2_ws/install/interface/share/interface/cmake/ament_cmake_export_targets-extras.cmake
[9.707s] -- Up-to-date: /home/mazenbelal/Desktop/ROS2_Projects/ros2_ws/install/interface/share/interface/cmake/rosidl_cmake_export_typesupport_targets-extras.cmake
[9.707s] -- Up-to-date: /home/mazenbelal/Desktop/ROS2_Projects/ros2_ws/install/interface/share/interface/cmake/rosidl_cmake_export_typesupport_libraries-extras.cmake
[9.707s] -- Up-to-date: /home/mazenbelal/Desktop/ROS2_Projects/ros2_ws/install/interface/share/interface/cmake/interfaceConfig.cmake
[9.707s] -- Up-to-date: /home/mazenbelal/Desktop/ROS2_Projects/ros2_ws/install/interface/share/interface/cmake/interfaceConfig-version.cmake
[9.707s] -- Installing: /home/mazenbelal/Desktop/ROS2_Projects/ros2_ws/install/interface/share/interface/package.xml
[9.720s] Invoked command in '/home/mazenbelal/Desktop/ROS2_Projects/ros2_ws/build/interface' returned '0': CMAKE_PREFIX_PATH=/home/mazenbelal/Desktop/ROS2_Projects/ros2_ws/install/custome_messge:/home/mazenbelal/Desktop/ROS2_Projects/ros2_ws/install/add_two_ints:/home/mazenbelal/Desktop/ROS2_Projects/ros2_ws/install/interface:/opt/ros/humble LD_LIBRARY_PATH=/home/mazenbelal/Desktop/ROS2_Projects/ros2_ws/install/custome_messge/lib:/home/mazenbelal/Desktop/ROS2_Projects/ros2_ws/install/interface/lib:/opt/ros/humble/opt/rviz_ogre_vendor/lib:/opt/ros/humble/lib/x86_64-linux-gnu:/opt/ros/humble/lib /usr/bin/cmake --install /home/mazenbelal/Desktop/ROS2_Projects/ros2_ws/build/interface
