[0.019s] Invoking command in '/home/mazenbelal/Desktop/ROS2_Projects/ros2_ws/build/CustomeMessage': CMAKE_PREFIX_PATH=${CMAKE_PREFIX_PATH}:/opt/ros/humble /usr/bin/cmake /home/mazenbelal/Desktop/ROS2_Projects/ros2_ws/src/CustomeMessage -DCMAKE_INSTALL_PREFIX=/home/mazenbelal/Desktop/ROS2_Projects/ros2_ws/install/CustomeMessage
[0.040s] -- Found ament_cmake: 1.3.12 (/opt/ros/humble/share/ament_cmake/cmake)
[0.398s] -- Found ament_lint_auto: 0.12.14 (/opt/ros/humble/share/ament_lint_auto/cmake)
[0.566s] WARNING: Package name "CustomeMessage" does not follow the naming conventions. It should start with a lower case letter and only contain lower case letters, digits, underscores, and dashes.
[0.647s] -- Found rclcpp: 16.0.15 (/opt/ros/humble/share/rclcpp/cmake)
[0.732s] -- Found rosidl_generator_c: 3.1.7 (/opt/ros/humble/share/rosidl_generator_c/cmake)
[0.750s] -- Found rosidl_adapter: 3.1.7 (/opt/ros/humble/share/rosidl_adapter/cmake)
[0.789s] -- Found rosidl_generator_cpp: 3.1.7 (/opt/ros/humble/share/rosidl_generator_cpp/cmake)
[0.837s] -- Using all available rosidl_typesupport_c: rosidl_typesupport_fastrtps_c;rosidl_typesupport_introspection_c
[0.880s] -- Using all available rosidl_typesupport_cpp: rosidl_typesupport_fastrtps_cpp;rosidl_typesupport_introspection_cpp
[0.984s] -- Found rmw_implementation_cmake: 6.1.2 (/opt/ros/humble/share/rmw_implementation_cmake/cmake)
[0.991s] -- Found rmw_fastrtps_cpp: 6.2.9 (/opt/ros/humble/share/rmw_fastrtps_cpp/cmake)
[1.217s] -- Using RMW implementation 'rmw_fastrtps_cpp' as default
[1.340s] -- Found rosidl_default_generators: 1.2.0 (/opt/ros/humble/share/rosidl_default_generators/cmake)
[1.356s] [31mCMake Error at /opt/ros/humble/share/rosidl_cmake/cmake/rosidl_generate_interfaces.cmake:93 (message):
[1.356s]   rosidl_generate_interfaces() the passed file 'msg/Num.msg' doesn't exist
[1.357s]   relative to the CMAKE_CURRENT_SOURCE_DIR
[1.357s]   '/home/mazenbelal/Desktop/ROS2_Projects/ros2_ws/src/CustomeMessage'
[1.357s] Call Stack (most recent call first):
[1.357s]   CMakeLists.txt:30 (rosidl_generate_interfaces)
[1.357s] 
[1.358s] [0m
[1.363s] -- Configuring incomplete, errors occurred!
[1.364s] See also "/home/mazenbelal/Desktop/ROS2_Projects/ros2_ws/build/CustomeMessage/CMakeFiles/CMakeOutput.log".
[1.376s] Invoked command in '/home/mazenbelal/Desktop/ROS2_Projects/ros2_ws/build/CustomeMessage' returned '1': CMAKE_PREFIX_PATH=${CMAKE_PREFIX_PATH}:/opt/ros/humble /usr/bin/cmake /home/mazenbelal/Desktop/ROS2_Projects/ros2_ws/src/CustomeMessage -DCMAKE_INSTALL_PREFIX=/home/mazenbelal/Desktop/ROS2_Projects/ros2_ws/install/CustomeMessage
