[0.024s] Invoking command in '/home/mazenbelal/Desktop/ROS2_Projects/ros2_ws/build/custome_messge': CMAKE_PREFIX_PATH=${CMAKE_PREFIX_PATH}:/opt/ros/humble /usr/bin/cmake --build /home/mazenbelal/Desktop/ROS2_Projects/ros2_ws/build/custome_messge -- -j4 -l4
[0.057s] -- Found ament_cmake: 1.3.12 (/opt/ros/humble/share/ament_cmake/cmake)
[0.294s] -- Found rclcpp: 16.0.15 (/opt/ros/humble/share/rclcpp/cmake)
[0.342s] -- Found rosidl_generator_c: 3.1.7 (/opt/ros/humble/share/rosidl_generator_c/cmake)
[0.345s] -- Found rosidl_adapter: 3.1.7 (/opt/ros/humble/share/rosidl_adapter/cmake)
[0.355s] -- Found rosidl_generator_cpp: 3.1.7 (/opt/ros/humble/share/rosidl_generator_cpp/cmake)
[0.368s] -- Using all available rosidl_typesupport_c: rosidl_typesupport_fastrtps_c;rosidl_typesupport_introspection_c
[0.388s] -- Using all available rosidl_typesupport_cpp: rosidl_typesupport_fastrtps_cpp;rosidl_typesupport_introspection_cpp
[0.434s] -- Found rmw_implementation_cmake: 6.1.2 (/opt/ros/humble/share/rmw_implementation_cmake/cmake)
[0.436s] -- Found rmw_fastrtps_cpp: 6.2.9 (/opt/ros/humble/share/rmw_fastrtps_cpp/cmake)
[0.576s] -- Using RMW implementation 'rmw_fastrtps_cpp' as default
[0.651s] -- Found rosidl_default_generators: 1.2.0 (/opt/ros/humble/share/rosidl_default_generators/cmake)
[1.093s] -- Found ament_cmake_ros: 0.10.0 (/opt/ros/humble/share/ament_cmake_ros/cmake)
[1.638s] -- Using all available rosidl_typesupport_c: rosidl_typesupport_fastrtps_c;rosidl_typesupport_introspection_c
[1.855s] -- Using all available rosidl_typesupport_cpp: rosidl_typesupport_fastrtps_cpp;rosidl_typesupport_introspection_cpp
[1.898s] -- Found python_cmake_module: 0.10.0 (/opt/ros/humble/share/python_cmake_module/cmake)
[1.937s] -- Using PYTHON_EXECUTABLE: /usr/bin/python3
[1.937s] -- Using PYTHON_INCLUDE_DIRS: /usr/include/python3.10
[1.937s] -- Using PYTHON_LIBRARIES: /usr/lib/x86_64-linux-gnu/libpython3.10.so
[2.070s] -- Configuring done
[2.153s] -- Generating done
[2.186s] -- Build files have been written to: /home/mazenbelal/Desktop/ROS2_Projects/ros2_ws/build/custome_messge
[2.259s] [35m[1mConsolidate compiler generated dependencies of target custome_messge__rosidl_generator_c[0m
[2.292s] [ 12%] Built target custome_messge__cpp
[2.292s] [ 12%] Built target custome_messge__rosidl_generator_c
[2.310s] [ 12%] Built target ament_cmake_python_copy_custome_messge
[2.316s] [35m[1mConsolidate compiler generated dependencies of target custome_messge__rosidl_typesupport_cpp[0m
[2.331s] [35m[1mConsolidate compiler generated dependencies of target custome_messge__rosidl_typesupport_fastrtps_c[0m
[2.334s] [ 15%] [32mBuilding CXX object CMakeFiles/talker.dir/src/pub.cpp.o[0m
[2.345s] [ 24%] Built target custome_messge__rosidl_typesupport_cpp
[2.362s] [ 33%] Built target custome_messge__rosidl_typesupport_fastrtps_c
[2.369s] [35m[1mConsolidate compiler generated dependencies of target custome_messge__rosidl_typesupport_fastrtps_cpp[0m
[2.387s] [35m[1mConsolidate compiler generated dependencies of target custome_messge__rosidl_typesupport_introspection_c[0m
[2.411s] [ 42%] Built target custome_messge__rosidl_typesupport_fastrtps_cpp
[2.423s] [ 51%] Built target custome_messge__rosidl_typesupport_introspection_c
[2.434s] [35m[1mConsolidate compiler generated dependencies of target custome_messge__rosidl_typesupport_c[0m
[2.468s] [35m[1mConsolidate compiler generated dependencies of target custome_messge__rosidl_typesupport_introspection_cpp[0m
[2.468s] [ 60%] Built target custome_messge__rosidl_typesupport_c
[2.499s] [ 69%] Built target custome_messge__rosidl_typesupport_introspection_cpp
[2.536s] [ 69%] Built target custome_messge
[2.592s] [ 72%] Built target custome_messge__py
[2.627s] [35m[1mConsolidate compiler generated dependencies of target custome_messge__rosidl_generator_py[0m
[2.659s] [ 78%] Built target custome_messge__rosidl_generator_py
[2.707s] [35m[1mConsolidate compiler generated dependencies of target custome_messge__rosidl_typesupport_fastrtps_c__pyext[0m
[2.708s] [35m[1mConsolidate compiler generated dependencies of target custome_messge__rosidl_typesupport_introspection_c__pyext[0m
[2.777s] [ 84%] Built target custome_messge__rosidl_typesupport_fastrtps_c__pyext
[2.819s] [35m[1mConsolidate compiler generated dependencies of target custome_messge__rosidl_typesupport_c__pyext[0m
[2.825s] [ 90%] Built target custome_messge__rosidl_typesupport_introspection_c__pyext
[2.881s] [ 96%] Built target custome_messge__rosidl_typesupport_c__pyext
[3.269s] running egg_info
[3.271s] writing custome_messge.egg-info/PKG-INFO
[3.272s] writing dependency_links to custome_messge.egg-info/dependency_links.txt
[3.273s] writing top-level names to custome_messge.egg-info/top_level.txt
[3.276s] reading manifest file 'custome_messge.egg-info/SOURCES.txt'
[3.277s] writing manifest file 'custome_messge.egg-info/SOURCES.txt'
[3.334s] [ 96%] Built target ament_cmake_python_build_custome_messge_egg
[11.640s] [100%] [32m[1mLinking CXX executable talker[0m
[12.421s] [100%] Built target talker
[12.437s] Invoked command in '/home/mazenbelal/Desktop/ROS2_Projects/ros2_ws/build/custome_messge' returned '0': CMAKE_PREFIX_PATH=${CMAKE_PREFIX_PATH}:/opt/ros/humble /usr/bin/cmake --build /home/mazenbelal/Desktop/ROS2_Projects/ros2_ws/build/custome_messge -- -j4 -l4
[12.450s] Invoking command in '/home/mazenbelal/Desktop/ROS2_Projects/ros2_ws/build/custome_messge': CMAKE_PREFIX_PATH=${CMAKE_PREFIX_PATH}:/opt/ros/humble /usr/bin/cmake --install /home/mazenbelal/Desktop/ROS2_Projects/ros2_ws/build/custome_messge
[12.459s] -- Install configuration: ""
[12.459s] -- Up-to-date: /home/mazenbelal/Desktop/ROS2_Projects/ros2_ws/install/custome_messge/share/ament_index/resource_index/rosidl_interfaces/custome_messge
[12.460s] -- Up-to-date: /home/mazenbelal/Desktop/ROS2_Projects/ros2_ws/install/custome_messge/include/custome_messge/custome_messge
[12.460s] -- Up-to-date: /home/mazenbelal/Desktop/ROS2_Projects/ros2_ws/install/custome_messge/include/custome_messge/custome_messge/msg
[12.460s] -- Up-to-date: /home/mazenbelal/Desktop/ROS2_Projects/ros2_ws/install/custome_messge/include/custome_messge/custome_messge/msg/detail
[12.460s] -- Up-to-date: /home/mazenbelal/Desktop/ROS2_Projects/ros2_ws/install/custome_messge/include/custome_messge/custome_messge/msg/detail/num__functions.c
[12.460s] -- Up-to-date: /home/mazenbelal/Desktop/ROS2_Projects/ros2_ws/install/custome_messge/include/custome_messge/custome_messge/msg/detail/num__type_support.h
[12.460s] -- Up-to-date: /home/mazenbelal/Desktop/ROS2_Projects/ros2_ws/install/custome_messge/include/custome_messge/custome_messge/msg/detail/num__functions.h
[12.460s] -- Up-to-date: /home/mazenbelal/Desktop/ROS2_Projects/ros2_ws/install/custome_messge/include/custome_messge/custome_messge/msg/detail/num__struct.h
[12.461s] -- Up-to-date: /home/mazenbelal/Desktop/ROS2_Projects/ros2_ws/install/custome_messge/include/custome_messge/custome_messge/msg/num.h
[12.461s] -- Up-to-date: /home/mazenbelal/Desktop/ROS2_Projects/ros2_ws/install/custome_messge/include/custome_messge/custome_messge/msg/rosidl_generator_c__visibility_control.h
[12.461s] -- Up-to-date: /home/mazenbelal/Desktop/ROS2_Projects/ros2_ws/install/custome_messge/share/custome_messge/environment/library_path.sh
[12.461s] -- Installing: /home/mazenbelal/Desktop/ROS2_Projects/ros2_ws/install/custome_messge/share/custome_messge/environment/library_path.dsv
[12.465s] -- Up-to-date: /home/mazenbelal/Desktop/ROS2_Projects/ros2_ws/install/custome_messge/lib/libcustome_messge__rosidl_generator_c.so
[12.465s] -- Up-to-date: /home/mazenbelal/Desktop/ROS2_Projects/ros2_ws/install/custome_messge/include/custome_messge/custome_messge
[12.465s] -- Up-to-date: /home/mazenbelal/Desktop/ROS2_Projects/ros2_ws/install/custome_messge/include/custome_messge/custome_messge/msg
[12.466s] -- Up-to-date: /home/mazenbelal/Desktop/ROS2_Projects/ros2_ws/install/custome_messge/include/custome_messge/custome_messge/msg/detail
[12.466s] -- Up-to-date: /home/mazenbelal/Desktop/ROS2_Projects/ros2_ws/install/custome_messge/include/custome_messge/custome_messge/msg/detail/num__rosidl_typesupport_fastrtps_c.h
[12.466s] -- Up-to-date: /home/mazenbelal/Desktop/ROS2_Projects/ros2_ws/install/custome_messge/include/custome_messge/custome_messge/msg/rosidl_typesupport_fastrtps_c__visibility_control.h
[12.466s] -- Up-to-date: /home/mazenbelal/Desktop/ROS2_Projects/ros2_ws/install/custome_messge/lib/libcustome_messge__rosidl_typesupport_fastrtps_c.so
[12.467s] -- Up-to-date: /home/mazenbelal/Desktop/ROS2_Projects/ros2_ws/install/custome_messge/include/custome_messge/custome_messge
[12.467s] -- Up-to-date: /home/mazenbelal/Desktop/ROS2_Projects/ros2_ws/install/custome_messge/include/custome_messge/custome_messge/msg
[12.467s] -- Up-to-date: /home/mazenbelal/Desktop/ROS2_Projects/ros2_ws/install/custome_messge/include/custome_messge/custome_messge/msg/detail
[12.469s] -- Up-to-date: /home/mazenbelal/Desktop/ROS2_Projects/ros2_ws/install/custome_messge/include/custome_messge/custome_messge/msg/detail/num__builder.hpp
[12.470s] -- Up-to-date: /home/mazenbelal/Desktop/ROS2_Projects/ros2_ws/install/custome_messge/include/custome_messge/custome_messge/msg/detail/num__type_support.hpp
[12.470s] -- Up-to-date: /home/mazenbelal/Desktop/ROS2_Projects/ros2_ws/install/custome_messge/include/custome_messge/custome_messge/msg/detail/num__traits.hpp
[12.470s] -- Up-to-date: /home/mazenbelal/Desktop/ROS2_Projects/ros2_ws/install/custome_messge/include/custome_messge/custome_messge/msg/detail/num__struct.hpp
[12.470s] -- Up-to-date: /home/mazenbelal/Desktop/ROS2_Projects/ros2_ws/install/custome_messge/include/custome_messge/custome_messge/msg/num.hpp
[12.470s] -- Up-to-date: /home/mazenbelal/Desktop/ROS2_Projects/ros2_ws/install/custome_messge/include/custome_messge/custome_messge/msg/rosidl_generator_cpp__visibility_control.hpp
[12.470s] -- Up-to-date: /home/mazenbelal/Desktop/ROS2_Projects/ros2_ws/install/custome_messge/include/custome_messge/custome_messge
[12.471s] -- Up-to-date: /home/mazenbelal/Desktop/ROS2_Projects/ros2_ws/install/custome_messge/include/custome_messge/custome_messge/msg
[12.471s] -- Up-to-date: /home/mazenbelal/Desktop/ROS2_Projects/ros2_ws/install/custome_messge/include/custome_messge/custome_messge/msg/detail
[12.471s] -- Up-to-date: /home/mazenbelal/Desktop/ROS2_Projects/ros2_ws/install/custome_messge/include/custome_messge/custome_messge/msg/detail/dds_fastrtps
[12.471s] -- Up-to-date: /home/mazenbelal/Desktop/ROS2_Projects/ros2_ws/install/custome_messge/include/custome_messge/custome_messge/msg/detail/num__rosidl_typesupport_fastrtps_cpp.hpp
[12.471s] -- Up-to-date: /home/mazenbelal/Desktop/ROS2_Projects/ros2_ws/install/custome_messge/include/custome_messge/custome_messge/msg/rosidl_typesupport_fastrtps_cpp__visibility_control.h
[12.471s] -- Up-to-date: /home/mazenbelal/Desktop/ROS2_Projects/ros2_ws/install/custome_messge/lib/libcustome_messge__rosidl_typesupport_fastrtps_cpp.so
[12.471s] -- Up-to-date: /home/mazenbelal/Desktop/ROS2_Projects/ros2_ws/install/custome_messge/include/custome_messge/custome_messge
[12.472s] -- Up-to-date: /home/mazenbelal/Desktop/ROS2_Projects/ros2_ws/install/custome_messge/include/custome_messge/custome_messge/msg
[12.472s] -- Up-to-date: /home/mazenbelal/Desktop/ROS2_Projects/ros2_ws/install/custome_messge/include/custome_messge/custome_messge/msg/rosidl_typesupport_introspection_c__visibility_control.h
[12.472s] -- Up-to-date: /home/mazenbelal/Desktop/ROS2_Projects/ros2_ws/install/custome_messge/include/custome_messge/custome_messge/msg/detail
[12.472s] -- Up-to-date: /home/mazenbelal/Desktop/ROS2_Projects/ros2_ws/install/custome_messge/include/custome_messge/custome_messge/msg/detail/num__type_support.c
[12.472s] -- Up-to-date: /home/mazenbelal/Desktop/ROS2_Projects/ros2_ws/install/custome_messge/include/custome_messge/custome_messge/msg/detail/num__rosidl_typesupport_introspection_c.h
[12.472s] -- Up-to-date: /home/mazenbelal/Desktop/ROS2_Projects/ros2_ws/install/custome_messge/lib/libcustome_messge__rosidl_typesupport_introspection_c.so
[12.472s] -- Up-to-date: /home/mazenbelal/Desktop/ROS2_Projects/ros2_ws/install/custome_messge/lib/libcustome_messge__rosidl_typesupport_c.so
[12.472s] -- Up-to-date: /home/mazenbelal/Desktop/ROS2_Projects/ros2_ws/install/custome_messge/include/custome_messge/custome_messge
[12.473s] -- Up-to-date: /home/mazenbelal/Desktop/ROS2_Projects/ros2_ws/install/custome_messge/include/custome_messge/custome_messge/msg
[12.473s] -- Up-to-date: /home/mazenbelal/Desktop/ROS2_Projects/ros2_ws/install/custome_messge/include/custome_messge/custome_messge/msg/detail
[12.473s] -- Up-to-date: /home/mazenbelal/Desktop/ROS2_Projects/ros2_ws/install/custome_messge/include/custome_messge/custome_messge/msg/detail/num__type_support.cpp
[12.473s] -- Up-to-date: /home/mazenbelal/Desktop/ROS2_Projects/ros2_ws/install/custome_messge/include/custome_messge/custome_messge/msg/detail/num__rosidl_typesupport_introspection_cpp.hpp
[12.473s] -- Up-to-date: /home/mazenbelal/Desktop/ROS2_Projects/ros2_ws/install/custome_messge/lib/libcustome_messge__rosidl_typesupport_introspection_cpp.so
[12.473s] -- Up-to-date: /home/mazenbelal/Desktop/ROS2_Projects/ros2_ws/install/custome_messge/lib/libcustome_messge__rosidl_typesupport_cpp.so
[12.474s] -- Up-to-date: /home/mazenbelal/Desktop/ROS2_Projects/ros2_ws/install/custome_messge/share/custome_messge/environment/pythonpath.sh
[12.474s] -- Installing: /home/mazenbelal/Desktop/ROS2_Projects/ros2_ws/install/custome_messge/share/custome_messge/environment/pythonpath.dsv
[12.479s] -- Up-to-date: /home/mazenbelal/Desktop/ROS2_Projects/ros2_ws/install/custome_messge/local/lib/python3.10/dist-packages/custome_messge-0.0.0-py3.10.egg-info
[12.479s] -- Installing: /home/mazenbelal/Desktop/ROS2_Projects/ros2_ws/install/custome_messge/local/lib/python3.10/dist-packages/custome_messge-0.0.0-py3.10.egg-info/SOURCES.txt
[12.486s] -- Installing: /home/mazenbelal/Desktop/ROS2_Projects/ros2_ws/install/custome_messge/local/lib/python3.10/dist-packages/custome_messge-0.0.0-py3.10.egg-info/top_level.txt
[12.487s] -- Installing: /home/mazenbelal/Desktop/ROS2_Projects/ros2_ws/install/custome_messge/local/lib/python3.10/dist-packages/custome_messge-0.0.0-py3.10.egg-info/dependency_links.txt
[12.488s] -- Installing: /home/mazenbelal/Desktop/ROS2_Projects/ros2_ws/install/custome_messge/local/lib/python3.10/dist-packages/custome_messge-0.0.0-py3.10.egg-info/PKG-INFO
[12.489s] -- Up-to-date: /home/mazenbelal/Desktop/ROS2_Projects/ros2_ws/install/custome_messge/local/lib/python3.10/dist-packages/custome_messge
[12.490s] -- Up-to-date: /home/mazenbelal/Desktop/ROS2_Projects/ros2_ws/install/custome_messge/local/lib/python3.10/dist-packages/custome_messge/msg
[12.490s] -- Up-to-date: /home/mazenbelal/Desktop/ROS2_Projects/ros2_ws/install/custome_messge/local/lib/python3.10/dist-packages/custome_messge/msg/__init__.py
[12.491s] -- Up-to-date: /home/mazenbelal/Desktop/ROS2_Projects/ros2_ws/install/custome_messge/local/lib/python3.10/dist-packages/custome_messge/msg/_num_s.c
[12.491s] -- Up-to-date: /home/mazenbelal/Desktop/ROS2_Projects/ros2_ws/install/custome_messge/local/lib/python3.10/dist-packages/custome_messge/msg/_num.py
[12.491s] -- Installing: /home/mazenbelal/Desktop/ROS2_Projects/ros2_ws/install/custome_messge/local/lib/python3.10/dist-packages/custome_messge/__init__.py
[12.491s] -- Up-to-date: /home/mazenbelal/Desktop/ROS2_Projects/ros2_ws/install/custome_messge/local/lib/python3.10/dist-packages/custome_messge/_custome_messge_s.ep.rosidl_typesupport_fastrtps_c.c
[12.491s] -- Up-to-date: /home/mazenbelal/Desktop/ROS2_Projects/ros2_ws/install/custome_messge/local/lib/python3.10/dist-packages/custome_messge/_custome_messge_s.ep.rosidl_typesupport_c.c
[12.491s] -- Up-to-date: /home/mazenbelal/Desktop/ROS2_Projects/ros2_ws/install/custome_messge/local/lib/python3.10/dist-packages/custome_messge/custome_messge_s__rosidl_typesupport_c.cpython-310-x86_64-linux-gnu.so
[12.491s] -- Up-to-date: /home/mazenbelal/Desktop/ROS2_Projects/ros2_ws/install/custome_messge/local/lib/python3.10/dist-packages/custome_messge/libcustome_messge__rosidl_generator_py.so
[12.492s] -- Up-to-date: /home/mazenbelal/Desktop/ROS2_Projects/ros2_ws/install/custome_messge/local/lib/python3.10/dist-packages/custome_messge/custome_messge_s__rosidl_typesupport_fastrtps_c.cpython-310-x86_64-linux-gnu.so
[12.492s] -- Up-to-date: /home/mazenbelal/Desktop/ROS2_Projects/ros2_ws/install/custome_messge/local/lib/python3.10/dist-packages/custome_messge/custome_messge_s__rosidl_typesupport_introspection_c.cpython-310-x86_64-linux-gnu.so
[12.492s] -- Up-to-date: /home/mazenbelal/Desktop/ROS2_Projects/ros2_ws/install/custome_messge/local/lib/python3.10/dist-packages/custome_messge/_custome_messge_s.ep.rosidl_typesupport_introspection_c.c
[12.555s] Listing '/home/mazenbelal/Desktop/ROS2_Projects/ros2_ws/install/custome_messge/local/lib/python3.10/dist-packages/custome_messge'...
[12.555s] Compiling '/home/mazenbelal/Desktop/ROS2_Projects/ros2_ws/install/custome_messge/local/lib/python3.10/dist-packages/custome_messge/__init__.py'...
[12.555s] Listing '/home/mazenbelal/Desktop/ROS2_Projects/ros2_ws/install/custome_messge/local/lib/python3.10/dist-packages/custome_messge/msg'...
[12.563s] -- Up-to-date: /home/mazenbelal/Desktop/ROS2_Projects/ros2_ws/install/custome_messge/local/lib/python3.10/dist-packages/custome_messge/custome_messge_s__rosidl_typesupport_fastrtps_c.cpython-310-x86_64-linux-gnu.so
[12.564s] -- Up-to-date: /home/mazenbelal/Desktop/ROS2_Projects/ros2_ws/install/custome_messge/local/lib/python3.10/dist-packages/custome_messge/custome_messge_s__rosidl_typesupport_introspection_c.cpython-310-x86_64-linux-gnu.so
[12.564s] -- Up-to-date: /home/mazenbelal/Desktop/ROS2_Projects/ros2_ws/install/custome_messge/local/lib/python3.10/dist-packages/custome_messge/custome_messge_s__rosidl_typesupport_c.cpython-310-x86_64-linux-gnu.so
[12.564s] -- Up-to-date: /home/mazenbelal/Desktop/ROS2_Projects/ros2_ws/install/custome_messge/lib/libcustome_messge__rosidl_generator_py.so
[12.566s] -- Up-to-date: /home/mazenbelal/Desktop/ROS2_Projects/ros2_ws/install/custome_messge/share/custome_messge/msg/Num.idl
[12.566s] -- Up-to-date: /home/mazenbelal/Desktop/ROS2_Projects/ros2_ws/install/custome_messge/share/custome_messge/msg/Num.msg
[12.566s] -- Installing: /home/mazenbelal/Desktop/ROS2_Projects/ros2_ws/install/custome_messge/lib/custome_messge/talker
[12.567s] -- Set runtime path of "/home/mazenbelal/Desktop/ROS2_Projects/ros2_ws/install/custome_messge/lib/custome_messge/talker" to ""
[12.567s] -- Installing: /home/mazenbelal/Desktop/ROS2_Projects/ros2_ws/install/custome_messge/share/ament_index/resource_index/package_run_dependencies/custome_messge
[12.568s] -- Installing: /home/mazenbelal/Desktop/ROS2_Projects/ros2_ws/install/custome_messge/share/ament_index/resource_index/parent_prefix_path/custome_messge
[12.568s] -- Installing: /home/mazenbelal/Desktop/ROS2_Projects/ros2_ws/install/custome_messge/share/custome_messge/environment/ament_prefix_path.sh
[12.568s] -- Installing: /home/mazenbelal/Desktop/ROS2_Projects/ros2_ws/install/custome_messge/share/custome_messge/environment/ament_prefix_path.dsv
[12.568s] -- Installing: /home/mazenbelal/Desktop/ROS2_Projects/ros2_ws/install/custome_messge/share/custome_messge/environment/path.sh
[12.569s] -- Installing: /home/mazenbelal/Desktop/ROS2_Projects/ros2_ws/install/custome_messge/share/custome_messge/environment/path.dsv
[12.569s] -- Installing: /home/mazenbelal/Desktop/ROS2_Projects/ros2_ws/install/custome_messge/share/custome_messge/local_setup.bash
[12.569s] -- Installing: /home/mazenbelal/Desktop/ROS2_Projects/ros2_ws/install/custome_messge/share/custome_messge/local_setup.sh
[12.569s] -- Installing: /home/mazenbelal/Desktop/ROS2_Projects/ros2_ws/install/custome_messge/share/custome_messge/local_setup.zsh
[12.570s] -- Installing: /home/mazenbelal/Desktop/ROS2_Projects/ros2_ws/install/custome_messge/share/custome_messge/local_setup.dsv
[12.570s] -- Installing: /home/mazenbelal/Desktop/ROS2_Projects/ros2_ws/install/custome_messge/share/custome_messge/package.dsv
[12.570s] -- Installing: /home/mazenbelal/Desktop/ROS2_Projects/ros2_ws/install/custome_messge/share/ament_index/resource_index/packages/custome_messge
[12.576s] -- Installing: /home/mazenbelal/Desktop/ROS2_Projects/ros2_ws/install/custome_messge/share/custome_messge/cmake/export_custome_messge__rosidl_generator_cExport.cmake
[12.576s] -- Installing: /home/mazenbelal/Desktop/ROS2_Projects/ros2_ws/install/custome_messge/share/custome_messge/cmake/export_custome_messge__rosidl_generator_cExport-noconfig.cmake
[12.576s] -- Installing: /home/mazenbelal/Desktop/ROS2_Projects/ros2_ws/install/custome_messge/share/custome_messge/cmake/export_custome_messge__rosidl_typesupport_fastrtps_cExport.cmake
[12.576s] -- Installing: /home/mazenbelal/Desktop/ROS2_Projects/ros2_ws/install/custome_messge/share/custome_messge/cmake/export_custome_messge__rosidl_typesupport_fastrtps_cExport-noconfig.cmake
[12.576s] -- Installing: /home/mazenbelal/Desktop/ROS2_Projects/ros2_ws/install/custome_messge/share/custome_messge/cmake/export_custome_messge__rosidl_generator_cppExport.cmake
[12.577s] -- Installing: /home/mazenbelal/Desktop/ROS2_Projects/ros2_ws/install/custome_messge/share/custome_messge/cmake/export_custome_messge__rosidl_typesupport_fastrtps_cppExport.cmake
[12.577s] -- Installing: /home/mazenbelal/Desktop/ROS2_Projects/ros2_ws/install/custome_messge/share/custome_messge/cmake/export_custome_messge__rosidl_typesupport_fastrtps_cppExport-noconfig.cmake
[12.577s] -- Installing: /home/mazenbelal/Desktop/ROS2_Projects/ros2_ws/install/custome_messge/share/custome_messge/cmake/custome_messge__rosidl_typesupport_introspection_cExport.cmake
[12.577s] -- Installing: /home/mazenbelal/Desktop/ROS2_Projects/ros2_ws/install/custome_messge/share/custome_messge/cmake/custome_messge__rosidl_typesupport_introspection_cExport-noconfig.cmake
[12.577s] -- Installing: /home/mazenbelal/Desktop/ROS2_Projects/ros2_ws/install/custome_messge/share/custome_messge/cmake/custome_messge__rosidl_typesupport_cExport.cmake
[12.577s] -- Installing: /home/mazenbelal/Desktop/ROS2_Projects/ros2_ws/install/custome_messge/share/custome_messge/cmake/custome_messge__rosidl_typesupport_cExport-noconfig.cmake
[12.580s] -- Installing: /home/mazenbelal/Desktop/ROS2_Projects/ros2_ws/install/custome_messge/share/custome_messge/cmake/custome_messge__rosidl_typesupport_introspection_cppExport.cmake
[12.581s] -- Installing: /home/mazenbelal/Desktop/ROS2_Projects/ros2_ws/install/custome_messge/share/custome_messge/cmake/custome_messge__rosidl_typesupport_introspection_cppExport-noconfig.cmake
[12.581s] -- Installing: /home/mazenbelal/Desktop/ROS2_Projects/ros2_ws/install/custome_messge/share/custome_messge/cmake/custome_messge__rosidl_typesupport_cppExport.cmake
[12.581s] -- Installing: /home/mazenbelal/Desktop/ROS2_Projects/ros2_ws/install/custome_messge/share/custome_messge/cmake/custome_messge__rosidl_typesupport_cppExport-noconfig.cmake
[12.581s] -- Installing: /home/mazenbelal/Desktop/ROS2_Projects/ros2_ws/install/custome_messge/share/custome_messge/cmake/export_custome_messge__rosidl_generator_pyExport.cmake
[12.581s] -- Installing: /home/mazenbelal/Desktop/ROS2_Projects/ros2_ws/install/custome_messge/share/custome_messge/cmake/export_custome_messge__rosidl_generator_pyExport-noconfig.cmake
[12.582s] -- Installing: /home/mazenbelal/Desktop/ROS2_Projects/ros2_ws/install/custome_messge/share/custome_messge/cmake/rosidl_cmake-extras.cmake
[12.582s] -- Installing: /home/mazenbelal/Desktop/ROS2_Projects/ros2_ws/install/custome_messge/share/custome_messge/cmake/ament_cmake_export_include_directories-extras.cmake
[12.582s] -- Installing: /home/mazenbelal/Desktop/ROS2_Projects/ros2_ws/install/custome_messge/share/custome_messge/cmake/ament_cmake_export_libraries-extras.cmake
[12.582s] -- Installing: /home/mazenbelal/Desktop/ROS2_Projects/ros2_ws/install/custome_messge/share/custome_messge/cmake/ament_cmake_export_targets-extras.cmake
[12.590s] -- Installing: /home/mazenbelal/Desktop/ROS2_Projects/ros2_ws/install/custome_messge/share/custome_messge/cmake/rosidl_cmake_export_typesupport_targets-extras.cmake
[12.590s] -- Installing: /home/mazenbelal/Desktop/ROS2_Projects/ros2_ws/install/custome_messge/share/custome_messge/cmake/ament_cmake_export_dependencies-extras.cmake
[12.590s] -- Installing: /home/mazenbelal/Desktop/ROS2_Projects/ros2_ws/install/custome_messge/share/custome_messge/cmake/rosidl_cmake_export_typesupport_libraries-extras.cmake
[12.590s] -- Installing: /home/mazenbelal/Desktop/ROS2_Projects/ros2_ws/install/custome_messge/share/custome_messge/cmake/custome_messgeConfig.cmake
[12.590s] -- Installing: /home/mazenbelal/Desktop/ROS2_Projects/ros2_ws/install/custome_messge/share/custome_messge/cmake/custome_messgeConfig-version.cmake
[12.590s] -- Installing: /home/mazenbelal/Desktop/ROS2_Projects/ros2_ws/install/custome_messge/share/custome_messge/package.xml
[12.603s] Invoked command in '/home/mazenbelal/Desktop/ROS2_Projects/ros2_ws/build/custome_messge' returned '0': CMAKE_PREFIX_PATH=${CMAKE_PREFIX_PATH}:/opt/ros/humble /usr/bin/cmake --install /home/mazenbelal/Desktop/ROS2_Projects/ros2_ws/build/custome_messge
