[0.174s] DEBUG:colcon:Command line arguments: ['/usr/bin/colcon', 'build', '--packages-select', 'add_two_ints']
[0.174s] DEBUG:colcon:Parsed command line arguments: Namespace(log_base=None, log_level=None, verb_name='build', build_base='build', install_base='install', merge_install=False, symlink_install=False, test_result_base=None, continue_on_error=False, executor='parallel', parallel_workers=4, event_handlers=None, ignore_user_meta=False, metas=['./colcon.meta'], base_paths=['.'], packages_ignore=None, packages_ignore_regex=None, paths=None, packages_up_to=None, packages_up_to_regex=None, packages_above=None, packages_above_and_dependencies=None, packages_above_depth=None, packages_select_by_dep=None, packages_skip_by_dep=None, packages_skip_up_to=None, packages_select_build_failed=False, packages_skip_build_finished=False, packages_select_test_failures=False, packages_skip_test_passed=False, packages_select=['add_two_ints'], packages_skip=None, packages_select_regex=None, packages_skip_regex=None, packages_start=None, packages_end=None, allow_overriding=[], cmake_args=None, cmake_target=None, cmake_target_skip_unavailable=False, cmake_clean_cache=False, cmake_clean_first=False, cmake_force_configure=False, ament_cmake_args=None, catkin_cmake_args=None, catkin_skip_building_tests=False, mixin_files=None, mixin=None, verb_parser=<colcon_mixin.mixin.mixin_argument.MixinArgumentDecorator object at 0x7b226105a470>, verb_extension=<colcon_core.verb.build.BuildVerb object at 0x7b2261059de0>, main=<bound method BuildVerb.main of <colcon_core.verb.build.BuildVerb object at 0x7b2261059de0>>, mixin_verb=('build',))
[0.601s] Level 1:colcon.colcon_core.package_discovery:discover_packages(colcon_meta) check parameters
[0.601s] Level 1:colcon.colcon_core.package_discovery:discover_packages(recursive) check parameters
[0.601s] Level 1:colcon.colcon_core.package_discovery:discover_packages(ignore) check parameters
[0.601s] Level 1:colcon.colcon_core.package_discovery:discover_packages(path) check parameters
[0.601s] Level 1:colcon.colcon_core.package_discovery:discover_packages(colcon_meta) discover
[0.601s] Level 1:colcon.colcon_core.package_discovery:discover_packages(recursive) discover
[0.601s] INFO:colcon.colcon_core.package_discovery:Crawling recursively for packages in '/home/mazenbelal/Desktop/ROS2_Projects/ros2_ws'
[0.601s] Level 1:colcon.colcon_core.package_identification:_identify(.) by extensions ['ignore', 'ignore_ament_install']
[0.602s] Level 1:colcon.colcon_core.package_identification:_identify(.) by extension 'ignore'
[0.602s] Level 1:colcon.colcon_core.package_identification:_identify(.) by extension 'ignore_ament_install'
[0.602s] Level 1:colcon.colcon_core.package_identification:_identify(.) by extensions ['colcon_pkg']
[0.602s] Level 1:colcon.colcon_core.package_identification:_identify(.) by extension 'colcon_pkg'
[0.602s] Level 1:colcon.colcon_core.package_identification:_identify(.) by extensions ['colcon_meta']
[0.602s] Level 1:colcon.colcon_core.package_identification:_identify(.) by extension 'colcon_meta'
[0.602s] Level 1:colcon.colcon_core.package_identification:_identify(.) by extensions ['ros']
[0.602s] Level 1:colcon.colcon_core.package_identification:_identify(.) by extension 'ros'
[0.622s] Level 1:colcon.colcon_core.package_identification:_identify(.) by extensions ['cmake', 'python']
[0.622s] Level 1:colcon.colcon_core.package_identification:_identify(.) by extension 'cmake'
[0.622s] Level 1:colcon.colcon_core.package_identification:_identify(.) by extension 'python'
[0.622s] Level 1:colcon.colcon_core.package_identification:_identify(.) by extensions ['python_setup_py']
[0.622s] Level 1:colcon.colcon_core.package_identification:_identify(.) by extension 'python_setup_py'
[0.622s] Level 1:colcon.colcon_core.package_identification:_identify(build) by extensions ['ignore', 'ignore_ament_install']
[0.623s] Level 1:colcon.colcon_core.package_identification:_identify(build) by extension 'ignore'
[0.623s] Level 1:colcon.colcon_core.package_identification:_identify(build) ignored
[0.623s] Level 1:colcon.colcon_core.package_identification:_identify(install) by extensions ['ignore', 'ignore_ament_install']
[0.623s] Level 1:colcon.colcon_core.package_identification:_identify(install) by extension 'ignore'
[0.623s] Level 1:colcon.colcon_core.package_identification:_identify(install) ignored
[0.623s] Level 1:colcon.colcon_core.package_identification:_identify(log) by extensions ['ignore', 'ignore_ament_install']
[0.623s] Level 1:colcon.colcon_core.package_identification:_identify(log) by extension 'ignore'
[0.624s] Level 1:colcon.colcon_core.package_identification:_identify(log) ignored
[0.624s] Level 1:colcon.colcon_core.package_identification:_identify(src) by extensions ['ignore', 'ignore_ament_install']
[0.624s] Level 1:colcon.colcon_core.package_identification:_identify(src) by extension 'ignore'
[0.624s] Level 1:colcon.colcon_core.package_identification:_identify(src) by extension 'ignore_ament_install'
[0.624s] Level 1:colcon.colcon_core.package_identification:_identify(src) by extensions ['colcon_pkg']
[0.624s] Level 1:colcon.colcon_core.package_identification:_identify(src) by extension 'colcon_pkg'
[0.624s] Level 1:colcon.colcon_core.package_identification:_identify(src) by extensions ['colcon_meta']
[0.624s] Level 1:colcon.colcon_core.package_identification:_identify(src) by extension 'colcon_meta'
[0.624s] Level 1:colcon.colcon_core.package_identification:_identify(src) by extensions ['ros']
[0.624s] Level 1:colcon.colcon_core.package_identification:_identify(src) by extension 'ros'
[0.625s] Level 1:colcon.colcon_core.package_identification:_identify(src) by extensions ['cmake', 'python']
[0.625s] Level 1:colcon.colcon_core.package_identification:_identify(src) by extension 'cmake'
[0.625s] Level 1:colcon.colcon_core.package_identification:_identify(src) by extension 'python'
[0.625s] Level 1:colcon.colcon_core.package_identification:_identify(src) by extensions ['python_setup_py']
[0.625s] Level 1:colcon.colcon_core.package_identification:_identify(src) by extension 'python_setup_py'
[0.625s] Level 1:colcon.colcon_core.package_identification:_identify(src/add_two_ints) by extensions ['ignore', 'ignore_ament_install']
[0.625s] Level 1:colcon.colcon_core.package_identification:_identify(src/add_two_ints) by extension 'ignore'
[0.626s] Level 1:colcon.colcon_core.package_identification:_identify(src/add_two_ints) by extension 'ignore_ament_install'
[0.626s] Level 1:colcon.colcon_core.package_identification:_identify(src/add_two_ints) by extensions ['colcon_pkg']
[0.626s] Level 1:colcon.colcon_core.package_identification:_identify(src/add_two_ints) by extension 'colcon_pkg'
[0.626s] Level 1:colcon.colcon_core.package_identification:_identify(src/add_two_ints) by extensions ['colcon_meta']
[0.626s] Level 1:colcon.colcon_core.package_identification:_identify(src/add_two_ints) by extension 'colcon_meta'
[0.626s] Level 1:colcon.colcon_core.package_identification:_identify(src/add_two_ints) by extensions ['ros']
[0.626s] Level 1:colcon.colcon_core.package_identification:_identify(src/add_two_ints) by extension 'ros'
[0.638s] DEBUG:colcon.colcon_core.package_identification:Package 'src/add_two_ints' with type 'ros.ament_cmake' and name 'add_two_ints'
[0.639s] Level 1:colcon.colcon_core.package_identification:_identify(src/custome_messge) by extensions ['ignore', 'ignore_ament_install']
[0.639s] Level 1:colcon.colcon_core.package_identification:_identify(src/custome_messge) by extension 'ignore'
[0.639s] Level 1:colcon.colcon_core.package_identification:_identify(src/custome_messge) by extension 'ignore_ament_install'
[0.639s] Level 1:colcon.colcon_core.package_identification:_identify(src/custome_messge) by extensions ['colcon_pkg']
[0.639s] Level 1:colcon.colcon_core.package_identification:_identify(src/custome_messge) by extension 'colcon_pkg'
[0.639s] Level 1:colcon.colcon_core.package_identification:_identify(src/custome_messge) by extensions ['colcon_meta']
[0.639s] Level 1:colcon.colcon_core.package_identification:_identify(src/custome_messge) by extension 'colcon_meta'
[0.639s] Level 1:colcon.colcon_core.package_identification:_identify(src/custome_messge) by extensions ['ros']
[0.639s] Level 1:colcon.colcon_core.package_identification:_identify(src/custome_messge) by extension 'ros'
[0.640s] DEBUG:colcon.colcon_core.package_identification:Package 'src/custome_messge' with type 'ros.ament_cmake' and name 'custome_messge'
[0.641s] Level 1:colcon.colcon_core.package_identification:_identify(src/interface) by extensions ['ignore', 'ignore_ament_install']
[0.641s] Level 1:colcon.colcon_core.package_identification:_identify(src/interface) by extension 'ignore'
[0.641s] Level 1:colcon.colcon_core.package_identification:_identify(src/interface) by extension 'ignore_ament_install'
[0.641s] Level 1:colcon.colcon_core.package_identification:_identify(src/interface) by extensions ['colcon_pkg']
[0.641s] Level 1:colcon.colcon_core.package_identification:_identify(src/interface) by extension 'colcon_pkg'
[0.641s] Level 1:colcon.colcon_core.package_identification:_identify(src/interface) by extensions ['colcon_meta']
[0.641s] Level 1:colcon.colcon_core.package_identification:_identify(src/interface) by extension 'colcon_meta'
[0.641s] Level 1:colcon.colcon_core.package_identification:_identify(src/interface) by extensions ['ros']
[0.641s] Level 1:colcon.colcon_core.package_identification:_identify(src/interface) by extension 'ros'
[0.642s] DEBUG:colcon.colcon_core.package_identification:Package 'src/interface' with type 'ros.ament_cmake' and name 'interface'
[0.642s] Level 1:colcon.colcon_core.package_discovery:discover_packages(recursive) using defaults
[0.642s] Level 1:colcon.colcon_core.package_discovery:discover_packages(ignore) discover
[0.642s] Level 1:colcon.colcon_core.package_discovery:discover_packages(ignore) using defaults
[0.642s] Level 1:colcon.colcon_core.package_discovery:discover_packages(path) discover
[0.642s] Level 1:colcon.colcon_core.package_discovery:discover_packages(path) using defaults
[0.708s] INFO:colcon.colcon_core.package_selection:Skipping not selected package 'custome_messge' in 'src/custome_messge'
[0.708s] INFO:colcon.colcon_core.package_selection:Skipping not selected package 'interface' in 'src/interface'
[0.709s] Level 1:colcon.colcon_core.package_discovery:discover_packages(prefix_path) check parameters
[0.709s] Level 1:colcon.colcon_core.package_discovery:discover_packages(prefix_path) discover
[0.712s] DEBUG:colcon.colcon_installed_package_information.package_discovery:Found 4 installed packages in /home/mazenbelal/Desktop/ROS2_Projects/ros2_ws/install
[0.713s] DEBUG:colcon.colcon_installed_package_information.package_discovery:Found 271 installed packages in /opt/ros/humble
[0.715s] Level 1:colcon.colcon_core.package_discovery:discover_packages(prefix_path) using defaults
[0.793s] Level 5:colcon.colcon_core.verb:set package 'add_two_ints' build argument 'cmake_args' from command line to 'None'
[0.793s] Level 5:colcon.colcon_core.verb:set package 'add_two_ints' build argument 'cmake_target' from command line to 'None'
[0.793s] Level 5:colcon.colcon_core.verb:set package 'add_two_ints' build argument 'cmake_target_skip_unavailable' from command line to 'False'
[0.794s] Level 5:colcon.colcon_core.verb:set package 'add_two_ints' build argument 'cmake_clean_cache' from command line to 'False'
[0.794s] Level 5:colcon.colcon_core.verb:set package 'add_two_ints' build argument 'cmake_clean_first' from command line to 'False'
[0.794s] Level 5:colcon.colcon_core.verb:set package 'add_two_ints' build argument 'cmake_force_configure' from command line to 'False'
[0.794s] Level 5:colcon.colcon_core.verb:set package 'add_two_ints' build argument 'ament_cmake_args' from command line to 'None'
[0.794s] Level 5:colcon.colcon_core.verb:set package 'add_two_ints' build argument 'catkin_cmake_args' from command line to 'None'
[0.794s] Level 5:colcon.colcon_core.verb:set package 'add_two_ints' build argument 'catkin_skip_building_tests' from command line to 'False'
[0.794s] DEBUG:colcon.colcon_core.verb:Building package 'add_two_ints' with the following arguments: {'ament_cmake_args': None, 'build_base': '/home/mazenbelal/Desktop/ROS2_Projects/ros2_ws/build/add_two_ints', 'catkin_cmake_args': None, 'catkin_skip_building_tests': False, 'cmake_args': None, 'cmake_clean_cache': False, 'cmake_clean_first': False, 'cmake_force_configure': False, 'cmake_target': None, 'cmake_target_skip_unavailable': False, 'install_base': '/home/mazenbelal/Desktop/ROS2_Projects/ros2_ws/install/add_two_ints', 'merge_install': False, 'path': '/home/mazenbelal/Desktop/ROS2_Projects/ros2_ws/src/add_two_ints', 'symlink_install': False, 'test_result_base': None}
[0.794s] INFO:colcon.colcon_core.executor:Executing jobs using 'parallel' executor
[0.796s] DEBUG:colcon.colcon_parallel_executor.executor.parallel:run_until_complete
[0.796s] INFO:colcon.colcon_ros.task.ament_cmake.build:Building ROS package in '/home/mazenbelal/Desktop/ROS2_Projects/ros2_ws/src/add_two_ints' with build type 'ament_cmake'
[0.797s] INFO:colcon.colcon_cmake.task.cmake.build:Building CMake package in '/home/mazenbelal/Desktop/ROS2_Projects/ros2_ws/src/add_two_ints'
[0.800s] INFO:colcon.colcon_core.plugin_system:Skipping extension 'colcon_core.shell.bat': Not used on non-Windows systems
[0.800s] INFO:colcon.colcon_core.shell:Skip shell extension 'powershell' for command environment: Not usable outside of PowerShell
[0.801s] DEBUG:colcon.colcon_core.shell:Skip shell extension 'dsv' for command environment
[0.921s] DEBUG:colcon.colcon_core.event_handler.log_command:Invoking command in '/home/mazenbelal/Desktop/ROS2_Projects/ros2_ws/build/add_two_ints': CMAKE_PREFIX_PATH=${CMAKE_PREFIX_PATH}:/opt/ros/humble /usr/bin/cmake --build /home/mazenbelal/Desktop/ROS2_Projects/ros2_ws/build/add_two_ints -- -j4 -l4
[8.026s] DEBUG:colcon.colcon_core.event_handler.log_command:Invoked command in '/home/mazenbelal/Desktop/ROS2_Projects/ros2_ws/build/add_two_ints' returned '0': CMAKE_PREFIX_PATH=${CMAKE_PREFIX_PATH}:/opt/ros/humble /usr/bin/cmake --build /home/mazenbelal/Desktop/ROS2_Projects/ros2_ws/build/add_two_ints -- -j4 -l4
[8.043s] DEBUG:colcon.colcon_core.event_handler.log_command:Invoking command in '/home/mazenbelal/Desktop/ROS2_Projects/ros2_ws/build/add_two_ints': CMAKE_PREFIX_PATH=${CMAKE_PREFIX_PATH}:/opt/ros/humble /usr/bin/cmake --install /home/mazenbelal/Desktop/ROS2_Projects/ros2_ws/build/add_two_ints
[8.067s] Level 1:colcon.colcon_core.environment:create_environment_scripts_only(add_two_ints)
[8.068s] DEBUG:colcon.colcon_core.event_handler.log_command:Invoked command in '/home/mazenbelal/Desktop/ROS2_Projects/ros2_ws/build/add_two_ints' returned '0': CMAKE_PREFIX_PATH=${CMAKE_PREFIX_PATH}:/opt/ros/humble /usr/bin/cmake --install /home/mazenbelal/Desktop/ROS2_Projects/ros2_ws/build/add_two_ints
[8.071s] Level 1:colcon.colcon_core.environment:checking '/home/mazenbelal/Desktop/ROS2_Projects/ros2_ws/install/add_two_ints' for CMake module files
[8.073s] Level 1:colcon.colcon_core.environment:checking '/home/mazenbelal/Desktop/ROS2_Projects/ros2_ws/install/add_two_ints' for CMake config files
[8.077s] Level 1:colcon.colcon_core.shell:create_environment_hook('add_two_ints', 'cmake_prefix_path')
[8.077s] INFO:colcon.colcon_core.shell:Creating environment hook '/home/mazenbelal/Desktop/ROS2_Projects/ros2_ws/install/add_two_ints/share/add_two_ints/hook/cmake_prefix_path.ps1'
[8.079s] INFO:colcon.colcon_core.shell:Creating environment descriptor '/home/mazenbelal/Desktop/ROS2_Projects/ros2_ws/install/add_two_ints/share/add_two_ints/hook/cmake_prefix_path.dsv'
[8.080s] INFO:colcon.colcon_core.shell:Creating environment hook '/home/mazenbelal/Desktop/ROS2_Projects/ros2_ws/install/add_two_ints/share/add_two_ints/hook/cmake_prefix_path.sh'
[8.082s] Level 1:colcon.colcon_core.environment:checking '/home/mazenbelal/Desktop/ROS2_Projects/ros2_ws/install/add_two_ints/lib'
[8.083s] Level 1:colcon.colcon_core.environment:checking '/home/mazenbelal/Desktop/ROS2_Projects/ros2_ws/install/add_two_ints/bin'
[8.083s] Level 1:colcon.colcon_core.environment:checking '/home/mazenbelal/Desktop/ROS2_Projects/ros2_ws/install/add_two_ints/lib/pkgconfig/add_two_ints.pc'
[8.084s] Level 1:colcon.colcon_core.environment:checking '/home/mazenbelal/Desktop/ROS2_Projects/ros2_ws/install/add_two_ints/lib/python3.10/site-packages'
[8.085s] Level 1:colcon.colcon_core.environment:checking '/home/mazenbelal/Desktop/ROS2_Projects/ros2_ws/install/add_two_ints/bin'
[8.086s] INFO:colcon.colcon_core.shell:Creating package script '/home/mazenbelal/Desktop/ROS2_Projects/ros2_ws/install/add_two_ints/share/add_two_ints/package.ps1'
[8.087s] INFO:colcon.colcon_core.shell:Creating package descriptor '/home/mazenbelal/Desktop/ROS2_Projects/ros2_ws/install/add_two_ints/share/add_two_ints/package.dsv'
[8.088s] INFO:colcon.colcon_core.shell:Creating package script '/home/mazenbelal/Desktop/ROS2_Projects/ros2_ws/install/add_two_ints/share/add_two_ints/package.sh'
[8.089s] INFO:colcon.colcon_core.shell:Creating package script '/home/mazenbelal/Desktop/ROS2_Projects/ros2_ws/install/add_two_ints/share/add_two_ints/package.bash'
[8.092s] INFO:colcon.colcon_core.shell:Creating package script '/home/mazenbelal/Desktop/ROS2_Projects/ros2_ws/install/add_two_ints/share/add_two_ints/package.zsh'
[8.093s] Level 1:colcon.colcon_core.environment:create_file_with_runtime_dependencies(/home/mazenbelal/Desktop/ROS2_Projects/ros2_ws/install/add_two_ints/share/colcon-core/packages/add_two_ints)
[8.095s] Level 1:colcon.colcon_core.environment:create_environment_scripts_only(add_two_ints)
[8.095s] Level 1:colcon.colcon_core.environment:checking '/home/mazenbelal/Desktop/ROS2_Projects/ros2_ws/install/add_two_ints' for CMake module files
[8.096s] Level 1:colcon.colcon_core.environment:checking '/home/mazenbelal/Desktop/ROS2_Projects/ros2_ws/install/add_two_ints' for CMake config files
[8.096s] Level 1:colcon.colcon_core.shell:create_environment_hook('add_two_ints', 'cmake_prefix_path')
[8.096s] INFO:colcon.colcon_core.shell:Creating environment hook '/home/mazenbelal/Desktop/ROS2_Projects/ros2_ws/install/add_two_ints/share/add_two_ints/hook/cmake_prefix_path.ps1'
[8.097s] INFO:colcon.colcon_core.shell:Creating environment descriptor '/home/mazenbelal/Desktop/ROS2_Projects/ros2_ws/install/add_two_ints/share/add_two_ints/hook/cmake_prefix_path.dsv'
[8.098s] INFO:colcon.colcon_core.shell:Creating environment hook '/home/mazenbelal/Desktop/ROS2_Projects/ros2_ws/install/add_two_ints/share/add_two_ints/hook/cmake_prefix_path.sh'
[8.099s] Level 1:colcon.colcon_core.environment:checking '/home/mazenbelal/Desktop/ROS2_Projects/ros2_ws/install/add_two_ints/lib'
[8.099s] Level 1:colcon.colcon_core.environment:checking '/home/mazenbelal/Desktop/ROS2_Projects/ros2_ws/install/add_two_ints/bin'
[8.099s] Level 1:colcon.colcon_core.environment:checking '/home/mazenbelal/Desktop/ROS2_Projects/ros2_ws/install/add_two_ints/lib/pkgconfig/add_two_ints.pc'
[8.099s] Level 1:colcon.colcon_core.environment:checking '/home/mazenbelal/Desktop/ROS2_Projects/ros2_ws/install/add_two_ints/lib/python3.10/site-packages'
[8.100s] Level 1:colcon.colcon_core.environment:checking '/home/mazenbelal/Desktop/ROS2_Projects/ros2_ws/install/add_two_ints/bin'
[8.100s] INFO:colcon.colcon_core.shell:Creating package script '/home/mazenbelal/Desktop/ROS2_Projects/ros2_ws/install/add_two_ints/share/add_two_ints/package.ps1'
[8.101s] INFO:colcon.colcon_core.shell:Creating package descriptor '/home/mazenbelal/Desktop/ROS2_Projects/ros2_ws/install/add_two_ints/share/add_two_ints/package.dsv'
[8.101s] INFO:colcon.colcon_core.shell:Creating package script '/home/mazenbelal/Desktop/ROS2_Projects/ros2_ws/install/add_two_ints/share/add_two_ints/package.sh'
[8.102s] INFO:colcon.colcon_core.shell:Creating package script '/home/mazenbelal/Desktop/ROS2_Projects/ros2_ws/install/add_two_ints/share/add_two_ints/package.bash'
[8.102s] INFO:colcon.colcon_core.shell:Creating package script '/home/mazenbelal/Desktop/ROS2_Projects/ros2_ws/install/add_two_ints/share/add_two_ints/package.zsh'
[8.104s] Level 1:colcon.colcon_core.environment:create_file_with_runtime_dependencies(/home/mazenbelal/Desktop/ROS2_Projects/ros2_ws/install/add_two_ints/share/colcon-core/packages/add_two_ints)
[8.104s] DEBUG:colcon.colcon_parallel_executor.executor.parallel:closing loop
[8.104s] DEBUG:colcon.colcon_parallel_executor.executor.parallel:loop closed
[8.104s] DEBUG:colcon.colcon_parallel_executor.executor.parallel:run_until_complete finished with '0'
[8.105s] DEBUG:colcon.colcon_core.event_reactor:joining thread
[8.114s] INFO:colcon.colcon_core.plugin_system:Skipping extension 'colcon_notification.desktop_notification.terminal_notifier': Not used on non-Darwin systems
[8.114s] INFO:colcon.colcon_core.plugin_system:Skipping extension 'colcon_notification.desktop_notification.win32': Not used on non-Windows systems
[8.115s] INFO:colcon.colcon_notification.desktop_notification:Sending desktop notification using 'notify2'
[8.127s] DEBUG:colcon.colcon_core.event_reactor:joined thread
[8.129s] INFO:colcon.colcon_core.shell:Creating prefix script '/home/mazenbelal/Desktop/ROS2_Projects/ros2_ws/install/local_setup.ps1'
[8.131s] INFO:colcon.colcon_core.shell:Creating prefix util module '/home/mazenbelal/Desktop/ROS2_Projects/ros2_ws/install/_local_setup_util_ps1.py'
[8.134s] INFO:colcon.colcon_core.shell:Creating prefix chain script '/home/mazenbelal/Desktop/ROS2_Projects/ros2_ws/install/setup.ps1'
[8.136s] INFO:colcon.colcon_core.shell:Creating prefix script '/home/mazenbelal/Desktop/ROS2_Projects/ros2_ws/install/local_setup.sh'
[8.137s] INFO:colcon.colcon_core.shell:Creating prefix util module '/home/mazenbelal/Desktop/ROS2_Projects/ros2_ws/install/_local_setup_util_sh.py'
[8.137s] INFO:colcon.colcon_core.shell:Creating prefix chain script '/home/mazenbelal/Desktop/ROS2_Projects/ros2_ws/install/setup.sh'
[8.141s] INFO:colcon.colcon_core.shell:Creating prefix script '/home/mazenbelal/Desktop/ROS2_Projects/ros2_ws/install/local_setup.bash'
[8.142s] INFO:colcon.colcon_core.shell:Creating prefix chain script '/home/mazenbelal/Desktop/ROS2_Projects/ros2_ws/install/setup.bash'
[8.144s] INFO:colcon.colcon_core.shell:Creating prefix script '/home/mazenbelal/Desktop/ROS2_Projects/ros2_ws/install/local_setup.zsh'
[8.145s] INFO:colcon.colcon_core.shell:Creating prefix chain script '/home/mazenbelal/Desktop/ROS2_Projects/ros2_ws/install/setup.zsh'
