[0.023s] Invoking command in '/home/mazenbelal/Desktop/ROS2_Projects/ros2_ws/build/add_two_ints': CMAKE_PREFIX_PATH=${CMAKE_PREFIX_PATH}:/opt/ros/humble /usr/bin/cmake /home/mazenbelal/Desktop/ROS2_Projects/ros2_ws/src/add_two_ints -DCMAKE_INSTALL_PREFIX=/home/mazenbelal/Desktop/ROS2_Projects/ros2_ws/install/add_two_ints
[0.116s] -- The C compiler identification is GNU 11.4.0
[0.222s] -- The CXX compiler identification is GNU 11.4.0
[0.234s] -- Detecting C compiler ABI info
[0.347s] -- Detecting C compiler ABI info - done
[0.362s] -- Check for working C compiler: /usr/bin/cc - skipped
[0.363s] -- Detecting C compile features
[0.364s] -- Detecting C compile features - done
[0.370s] -- Detecting CXX compiler ABI info
[0.514s] -- Detecting CXX compiler ABI info - done
[0.532s] -- Check for working CXX compiler: /usr/bin/c++ - skipped
[0.532s] -- Detecting CXX compile features
[0.533s] -- Detecting CXX compile features - done
[0.535s] -- Found ament_cmake: 1.3.12 (/opt/ros/humble/share/ament_cmake/cmake)
[0.829s] -- Found Python3: /usr/bin/python3 (found version "3.10.12") found components: Interpreter 
[0.980s] -- Found interface: 0.0.0 (/home/mazenbelal/Desktop/ROS2_Projects/ros2_ws/install/interface/share/interface/cmake)
[1.036s] -- Found rosidl_generator_c: 3.1.7 (/opt/ros/humble/share/rosidl_generator_c/cmake)
[1.044s] -- Found rosidl_adapter: 3.1.7 (/opt/ros/humble/share/rosidl_adapter/cmake)
[1.057s] -- Found rosidl_generator_cpp: 3.1.7 (/opt/ros/humble/share/rosidl_generator_cpp/cmake)
[1.075s] -- Using all available rosidl_typesupport_c: rosidl_typesupport_fastrtps_c;rosidl_typesupport_introspection_c
[1.112s] -- Using all available rosidl_typesupport_cpp: rosidl_typesupport_fastrtps_cpp;rosidl_typesupport_introspection_cpp
[1.181s] -- Found rclcpp: 16.0.15 (/opt/ros/humble/share/rclcpp/cmake)
[1.440s] -- Found rmw_implementation_cmake: 6.1.2 (/opt/ros/humble/share/rmw_implementation_cmake/cmake)
[1.455s] -- Found rmw_fastrtps_cpp: 6.2.9 (/opt/ros/humble/share/rmw_fastrtps_cpp/cmake)
[1.741s] -- Found OpenSSL: /usr/lib/x86_64-linux-gnu/libcrypto.so (found version "3.0.2")  
[1.820s] -- Found FastRTPS: /opt/ros/humble/include  
[1.891s] -- Using RMW implementation 'rmw_fastrtps_cpp' as default
[1.996s] -- Looking for pthread.h
[2.160s] -- Looking for pthread.h - found
[2.161s] -- Performing Test CMAKE_HAVE_LIBC_PTHREAD
[2.289s] -- Performing Test CMAKE_HAVE_LIBC_PTHREAD - Success
[2.290s] -- Found Threads: TRUE  
[3.070s] -- Configuring done
[3.087s] -- Generating done
[3.092s] -- Build files have been written to: /home/mazenbelal/Desktop/ROS2_Projects/ros2_ws/build/add_two_ints
[3.104s] Invoked command in '/home/mazenbelal/Desktop/ROS2_Projects/ros2_ws/build/add_two_ints' returned '0': CMAKE_PREFIX_PATH=${CMAKE_PREFIX_PATH}:/opt/ros/humble /usr/bin/cmake /home/mazenbelal/Desktop/ROS2_Projects/ros2_ws/src/add_two_ints -DCMAKE_INSTALL_PREFIX=/home/mazenbelal/Desktop/ROS2_Projects/ros2_ws/install/add_two_ints
[3.106s] Invoking command in '/home/mazenbelal/Desktop/ROS2_Projects/ros2_ws/build/add_two_ints': CMAKE_PREFIX_PATH=${CMAKE_PREFIX_PATH}:/opt/ros/humble /usr/bin/cmake --build /home/mazenbelal/Desktop/ROS2_Projects/ros2_ws/build/add_two_ints -- -j4 -l4
[3.191s] [ 50%] [32mBuilding CXX object CMakeFiles/add_two_ints_server.dir/src/add_two_ints_server.cpp.o[0m
[4.923s] [01m[K/home/mazenbelal/Desktop/ROS2_Projects/ros2_ws/src/add_two_ints/src/add_two_ints_server.cpp:2:10:[m[K [01;31m[Kfatal error: [m[Ksrv_act_ros2/srv/add_two_ints.hpp: No such file or directory
[4.923s]     2 | #include [01;31m[K"srv_act_ros2/srv/add_two_ints.hpp"[m[K
[4.923s]       |          [01;31m[K^~~~~~~~~~~~~~~~~~~~~~~~~~~~~~~~~~~[m[K
[4.923s] compilation terminated.
[4.926s] gmake[2]: *** [CMakeFiles/add_two_ints_server.dir/build.make:76: CMakeFiles/add_two_ints_server.dir/src/add_two_ints_server.cpp.o] Error 1
[4.926s] gmake[1]: *** [CMakeFiles/Makefile2:137: CMakeFiles/add_two_ints_server.dir/all] Error 2
[4.926s] gmake: *** [Makefile:146: all] Error 2
[4.929s] Invoked command in '/home/mazenbelal/Desktop/ROS2_Projects/ros2_ws/build/add_two_ints' returned '2': CMAKE_PREFIX_PATH=${CMAKE_PREFIX_PATH}:/opt/ros/humble /usr/bin/cmake --build /home/mazenbelal/Desktop/ROS2_Projects/ros2_ws/build/add_two_ints -- -j4 -l4
