[0.022s] Invoking command in '/home/mazenbelal/Desktop/ROS2_Projects/ros2_ws/build/CustomeMessage': CMAKE_PREFIX_PATH=${CMAKE_PREFIX_PATH}:/opt/ros/humble /usr/bin/cmake /home/mazenbelal/Desktop/ROS2_Projects/ros2_ws/src/CustomeMessage -DCMAKE_INSTALL_PREFIX=/home/mazenbelal/Desktop/ROS2_Projects/ros2_ws/install/CustomeMessage
[0.043s] -- Found ament_cmake: 1.3.12 (/opt/ros/humble/share/ament_cmake/cmake)
[0.608s] -- Found ament_lint_auto: 0.12.14 (/opt/ros/humble/share/ament_lint_auto/cmake)
[0.942s] WARNING: Package name "CustomeMessage" does not follow the naming conventions. It should start with a lower case letter and only contain lower case letters, digits, underscores, and dashes.
[1.005s] -- Found rclcpp: 16.0.15 (/opt/ros/humble/share/rclcpp/cmake)
[1.198s] -- Found rosidl_generator_c: 3.1.7 (/opt/ros/humble/share/rosidl_generator_c/cmake)
[1.220s] -- Found rosidl_adapter: 3.1.7 (/opt/ros/humble/share/rosidl_adapter/cmake)
[1.262s] -- Found rosidl_generator_cpp: 3.1.7 (/opt/ros/humble/share/rosidl_generator_cpp/cmake)
[1.299s] -- Using all available rosidl_typesupport_c: rosidl_typesupport_fastrtps_c;rosidl_typesupport_introspection_c
[1.366s] -- Using all available rosidl_typesupport_cpp: rosidl_typesupport_fastrtps_cpp;rosidl_typesupport_introspection_cpp
[1.518s] -- Found rmw_implementation_cmake: 6.1.2 (/opt/ros/humble/share/rmw_implementation_cmake/cmake)
[1.523s] -- Found rmw_fastrtps_cpp: 6.2.9 (/opt/ros/humble/share/rmw_fastrtps_cpp/cmake)
[1.784s] -- Using RMW implementation 'rmw_fastrtps_cpp' as default
[1.928s] -- Found rosidl_default_generators: 1.2.0 (/opt/ros/humble/share/rosidl_default_generators/cmake)
[2.542s] [31mCMake Error at /opt/ros/humble/share/rosidl_adapter/cmake/rosidl_adapt_interfaces.cmake:59 (message):
[2.542s]   execute_process(/usr/bin/python3 -m rosidl_adapter --package-name
[2.542s]   CustomeMessage --arguments-file
[2.542s]   /home/mazenbelal/Desktop/ROS2_Projects/ros2_ws/build/CustomeMessage/rosidl_adapter__arguments__CustomeMessage.json
[2.542s]   --output-dir
[2.542s]   /home/mazenbelal/Desktop/ROS2_Projects/ros2_ws/build/CustomeMessage/rosidl_adapter/CustomeMessage
[2.543s]   --output-file
[2.543s]   /home/mazenbelal/Desktop/ROS2_Projects/ros2_ws/build/CustomeMessage/rosidl_adapter/CustomeMessage.idls)
[2.543s]   returned error code 1:
[2.543s] 
[2.543s]   Traceback (most recent call last):
[2.543s] 
[2.544s]     File "/usr/lib/python3.10/runpy.py", line 196, in _run_module_as_main
[2.544s]       return _run_code(code, main_globals, None,
[2.544s]     File "/usr/lib/python3.10/runpy.py", line 86, in _run_code
[2.545s]       exec(code, run_globals)
[2.545s]     File "/opt/ros/humble/local/lib/python3.10/dist-packages/rosidl_adapter/__main__.py", line 19, in <module>
[2.546s]       sys.exit(main())
[2.546s]     File "/opt/ros/humble/local/lib/python3.10/dist-packages/rosidl_adapter/main.py", line 53, in main
[2.546s]       abs_idl_file = convert_to_idl(
[2.546s]     File "/opt/ros/humble/local/lib/python3.10/dist-packages/rosidl_adapter/__init__.py", line 19, in convert_to_idl
[2.546s]       return convert_msg_to_idl(
[2.546s]     File "/opt/ros/humble/local/lib/python3.10/dist-packages/rosidl_adapter/msg/__init__.py", line 28, in convert_msg_to_idl
[2.547s]       msg = parse_message_string(package_name, input_file.stem, content)
[2.547s]     File "/opt/ros/humble/local/lib/python3.10/dist-packages/rosidl_adapter/parser.py", line 544, in parse_message_string
[2.547s]       msg = MessageSpecification(pkg_name, msg_name, fields, constants)
[2.547s]     File "/opt/ros/humble/local/lib/python3.10/dist-packages/rosidl_adapter/parser.py", line 388, in __init__
[2.547s]       self.base_type = BaseType(
[2.548s]     File "/opt/ros/humble/local/lib/python3.10/dist-packages/rosidl_adapter/parser.py", line 201, in __init__
[2.548s]       raise InvalidResourceName(
[2.548s] 
[2.548s]   rosidl_adapter.parser.InvalidResourceName: 'CustomeMessage' is an invalid
[2.550s]   package name.  It should have the pattern
[2.550s]   '^(?!.*__)(?!.*_$)[a-z][a-z0-9_]*$'
[2.550s] 
[2.550s] Call Stack (most recent call first):
[2.550s]   /opt/ros/humble/share/rosidl_cmake/cmake/rosidl_generate_interfaces.cmake:130 (rosidl_adapt_interfaces)
[2.551s]   CMakeLists.txt:30 (rosidl_generate_interfaces)
[2.552s] 
[2.552s] [0m
[2.552s] -- Configuring incomplete, errors occurred!
[2.553s] See also "/home/mazenbelal/Desktop/ROS2_Projects/ros2_ws/build/CustomeMessage/CMakeFiles/CMakeOutput.log".
[2.585s] Invoked command in '/home/mazenbelal/Desktop/ROS2_Projects/ros2_ws/build/CustomeMessage' returned '1': CMAKE_PREFIX_PATH=${CMAKE_PREFIX_PATH}:/opt/ros/humble /usr/bin/cmake /home/mazenbelal/Desktop/ROS2_Projects/ros2_ws/src/CustomeMessage -DCMAKE_INSTALL_PREFIX=/home/mazenbelal/Desktop/ROS2_Projects/ros2_ws/install/CustomeMessage
