[0.027s] Invoking command in '/home/mazenbelal/Desktop/ROS2_Projects/ros2_ws/build/custome_messge': /usr/bin/cmake /home/mazenbelal/Desktop/ROS2_Projects/ros2_ws/src/custome_messge -DCMAKE_INSTALL_PREFIX=/home/mazenbelal/Desktop/ROS2_Projects/ros2_ws/install/custome_messge
[0.044s] -- Found ament_cmake: 1.3.12 (/opt/ros/humble/share/ament_cmake/cmake)
[0.269s] -- Found rclcpp: 16.0.15 (/opt/ros/humble/share/rclcpp/cmake)
[0.315s] -- Found rosidl_generator_c: 3.1.7 (/opt/ros/humble/share/rosidl_generator_c/cmake)
[0.319s] -- Found rosidl_adapter: 3.1.7 (/opt/ros/humble/share/rosidl_adapter/cmake)
[0.329s] -- Found rosidl_generator_cpp: 3.1.7 (/opt/ros/humble/share/rosidl_generator_cpp/cmake)
[0.346s] -- Using all available rosidl_typesupport_c: rosidl_typesupport_fastrtps_c;rosidl_typesupport_introspection_c
[0.365s] -- Using all available rosidl_typesupport_cpp: rosidl_typesupport_fastrtps_cpp;rosidl_typesupport_introspection_cpp
[0.415s] -- Found rmw_implementation_cmake: 6.1.2 (/opt/ros/humble/share/rmw_implementation_cmake/cmake)
[0.416s] -- Found rmw_fastrtps_cpp: 6.2.9 (/opt/ros/humble/share/rmw_fastrtps_cpp/cmake)
[0.550s] -- Using RMW implementation 'rmw_fastrtps_cpp' as default
[0.623s] -- Found rosidl_default_generators: 1.2.0 (/opt/ros/humble/share/rosidl_default_generators/cmake)
[0.633s] [31mCMake Error at /opt/ros/humble/share/rosidl_cmake/cmake/rosidl_generate_interfaces.cmake:93 (message):
[0.633s]   rosidl_generate_interfaces() the passed file 'Num.msg' doesn't exist
[0.633s]   relative to the CMAKE_CURRENT_SOURCE_DIR
[0.633s]   '/home/mazenbelal/Desktop/ROS2_Projects/ros2_ws/src/custome_messge'
[0.634s] Call Stack (most recent call first):
[0.634s]   CMakeLists.txt:18 (rosidl_generate_interfaces)
[0.634s] 
[0.634s] [0m
[0.634s] -- Configuring incomplete, errors occurred!
[0.634s] See also "/home/mazenbelal/Desktop/ROS2_Projects/ros2_ws/build/custome_messge/CMakeFiles/CMakeOutput.log".
[0.646s] Invoked command in '/home/mazenbelal/Desktop/ROS2_Projects/ros2_ws/build/custome_messge' returned '1': /usr/bin/cmake /home/mazenbelal/Desktop/ROS2_Projects/ros2_ws/src/custome_messge -DCMAKE_INSTALL_PREFIX=/home/mazenbelal/Desktop/ROS2_Projects/ros2_ws/install/custome_messge
